[0.933s] Invoking command in '/home/doanh/atlas_c1/src/atlas_base/atlas_app': PYTHONPATH=/home/doanh/atlas_c1/build/atlas_app/prefix_override:/usr/lib/python3/dist-packages/colcon_core/task/python/colcon_distutils_commands:/home/doanh/atlas_c1/install/atlas_app/lib/python3.10/site-packages:${PYTHONPATH} /usr/bin/python3 -W ignore:setup.py install is deprecated -W ignore:easy_install command is deprecated setup.py egg_info --egg-base ../../../build/atlas_app build --build-base /home/doanh/atlas_c1/build/atlas_app/build install --record /home/doanh/atlas_c1/build/atlas_app/install.log --single-version-externally-managed install_data
[1.171s] running egg_info
[1.172s] writing ../../../build/atlas_app/atlas_app.egg-info/PKG-INFO
[1.172s] writing dependency_links to ../../../build/atlas_app/atlas_app.egg-info/dependency_links.txt
[1.172s] writing entry points to ../../../build/atlas_app/atlas_app.egg-info/entry_points.txt
[1.172s] writing requirements to ../../../build/atlas_app/atlas_app.egg-info/requires.txt
[1.172s] writing top-level names to ../../../build/atlas_app/atlas_app.egg-info/top_level.txt
[1.174s] reading manifest file '../../../build/atlas_app/atlas_app.egg-info/SOURCES.txt'
[1.175s] writing manifest file '../../../build/atlas_app/atlas_app.egg-info/SOURCES.txt'
[1.175s] running build
[1.175s] running build_py
[1.175s] running install
[1.175s] running install_lib
[1.177s] running install_data
[1.177s] running install_egg_info
[1.179s] removing '/home/doanh/atlas_c1/install/atlas_app/lib/python3.10/site-packages/atlas_app-1.0.0-py3.10.egg-info' (and everything under it)
[1.179s] Copying ../../../build/atlas_app/atlas_app.egg-info to /home/doanh/atlas_c1/install/atlas_app/lib/python3.10/site-packages/atlas_app-1.0.0-py3.10.egg-info
[1.180s] running install_scripts
[1.201s] Installing atlas_app script to /home/doanh/atlas_c1/install/atlas_app/lib/atlas_app
[1.202s] writing list of installed files to '/home/doanh/atlas_c1/build/atlas_app/install.log'
[1.235s] Invoked command in '/home/doanh/atlas_c1/src/atlas_base/atlas_app' returned '0': PYTHONPATH=/home/doanh/atlas_c1/build/atlas_app/prefix_override:/usr/lib/python3/dist-packages/colcon_core/task/python/colcon_distutils_commands:/home/doanh/atlas_c1/install/atlas_app/lib/python3.10/site-packages:${PYTHONPATH} /usr/bin/python3 -W ignore:setup.py install is deprecated -W ignore:easy_install command is deprecated setup.py egg_info --egg-base ../../../build/atlas_app build --build-base /home/doanh/atlas_c1/build/atlas_app/build install --record /home/doanh/atlas_c1/build/atlas_app/install.log --single-version-externally-managed install_data
