[1.305s] Invoking command in '/home/doanh/atlas_c1/src/atlas_base/atlas_api': PYTHONPATH=/home/doanh/atlas_c1/build/atlas_api/prefix_override:/usr/lib/python3/dist-packages/colcon_core/task/python/colcon_distutils_commands:/home/doanh/atlas_c1/install/atlas_api/lib/python3.10/site-packages:${PYTHONPATH} /usr/bin/python3 -W ignore:setup.py install is deprecated -W ignore:easy_install command is deprecated setup.py egg_info --egg-base ../../../build/atlas_api build --build-base /home/doanh/atlas_c1/build/atlas_api/build install --record /home/doanh/atlas_c1/build/atlas_api/install.log --single-version-externally-managed install_data
[1.553s] running egg_info
[1.554s] writing ../../../build/atlas_api/atlas_api.egg-info/PKG-INFO
[1.554s] writing dependency_links to ../../../build/atlas_api/atlas_api.egg-info/dependency_links.txt
[1.554s] writing entry points to ../../../build/atlas_api/atlas_api.egg-info/entry_points.txt
[1.554s] writing requirements to ../../../build/atlas_api/atlas_api.egg-info/requires.txt
[1.554s] writing top-level names to ../../../build/atlas_api/atlas_api.egg-info/top_level.txt
[1.557s] reading manifest file '../../../build/atlas_api/atlas_api.egg-info/SOURCES.txt'
[1.557s] writing manifest file '../../../build/atlas_api/atlas_api.egg-info/SOURCES.txt'
[1.557s] running build
[1.558s] running build_py
[1.558s] running install
[1.559s] running install_lib
[1.560s] running install_data
[1.560s] running install_egg_info
[1.562s] removing '/home/doanh/atlas_c1/install/atlas_api/lib/python3.10/site-packages/atlas_api-0.1.0-py3.10.egg-info' (and everything under it)
[1.562s] Copying ../../../build/atlas_api/atlas_api.egg-info to /home/doanh/atlas_c1/install/atlas_api/lib/python3.10/site-packages/atlas_api-0.1.0-py3.10.egg-info
[1.563s] running install_scripts
[1.581s] Installing atlas_api_node script to /home/doanh/atlas_c1/install/atlas_api/lib/atlas_api
[1.582s] writing list of installed files to '/home/doanh/atlas_c1/build/atlas_api/install.log'
[1.611s] Invoked command in '/home/doanh/atlas_c1/src/atlas_base/atlas_api' returned '0': PYTHONPATH=/home/doanh/atlas_c1/build/atlas_api/prefix_override:/usr/lib/python3/dist-packages/colcon_core/task/python/colcon_distutils_commands:/home/doanh/atlas_c1/install/atlas_api/lib/python3.10/site-packages:${PYTHONPATH} /usr/bin/python3 -W ignore:setup.py install is deprecated -W ignore:easy_install command is deprecated setup.py egg_info --egg-base ../../../build/atlas_api build --build-base /home/doanh/atlas_c1/build/atlas_api/build install --record /home/doanh/atlas_c1/build/atlas_api/install.log --single-version-externally-managed install_data
