[1.289s] Invoking command in '/home/doanh/atlas_c1/src/atlas_base/atlas_web': PYTHONPATH=/home/doanh/atlas_c1/build/atlas_web/prefix_override:/usr/lib/python3/dist-packages/colcon_core/task/python/colcon_distutils_commands:/home/doanh/atlas_c1/install/atlas_web/lib/python3.10/site-packages:${PYTHONPATH} /usr/bin/python3 -W ignore:setup.py install is deprecated -W ignore:easy_install command is deprecated setup.py egg_info --egg-base ../../../build/atlas_web build --build-base /home/doanh/atlas_c1/build/atlas_web/build install --record /home/doanh/atlas_c1/build/atlas_web/install.log --single-version-externally-managed install_data
[1.519s] running egg_info
[1.520s] writing ../../../build/atlas_web/atlas_web.egg-info/PKG-INFO
[1.520s] writing dependency_links to ../../../build/atlas_web/atlas_web.egg-info/dependency_links.txt
[1.520s] writing entry points to ../../../build/atlas_web/atlas_web.egg-info/entry_points.txt
[1.520s] writing requirements to ../../../build/atlas_web/atlas_web.egg-info/requires.txt
[1.520s] writing top-level names to ../../../build/atlas_web/atlas_web.egg-info/top_level.txt
[1.523s] reading manifest file '../../../build/atlas_web/atlas_web.egg-info/SOURCES.txt'
[1.523s] writing manifest file '../../../build/atlas_web/atlas_web.egg-info/SOURCES.txt'
[1.523s] running build
[1.523s] running build_py
[1.524s] running install
[1.524s] running install_lib
[1.526s] running install_data
[1.526s] running install_egg_info
[1.527s] removing '/home/doanh/atlas_c1/install/atlas_web/lib/python3.10/site-packages/atlas_web-1.0.0-py3.10.egg-info' (and everything under it)
[1.527s] Copying ../../../build/atlas_web/atlas_web.egg-info to /home/doanh/atlas_c1/install/atlas_web/lib/python3.10/site-packages/atlas_web-1.0.0-py3.10.egg-info
[1.528s] running install_scripts
[1.549s] Installing atlas_web_node script to /home/doanh/atlas_c1/install/atlas_web/lib/atlas_web
[1.556s] writing list of installed files to '/home/doanh/atlas_c1/build/atlas_web/install.log'
[1.611s] Invoked command in '/home/doanh/atlas_c1/src/atlas_base/atlas_web' returned '0': PYTHONPATH=/home/doanh/atlas_c1/build/atlas_web/prefix_override:/usr/lib/python3/dist-packages/colcon_core/task/python/colcon_distutils_commands:/home/doanh/atlas_c1/install/atlas_web/lib/python3.10/site-packages:${PYTHONPATH} /usr/bin/python3 -W ignore:setup.py install is deprecated -W ignore:easy_install command is deprecated setup.py egg_info --egg-base ../../../build/atlas_web build --build-base /home/doanh/atlas_c1/build/atlas_web/build install --record /home/doanh/atlas_c1/build/atlas_web/install.log --single-version-externally-managed install_data
