[0.013s] Invoking command in '/home/doanh/atlas_c1/build/c1_platform': CMAKE_PREFIX_PATH=${CMAKE_PREFIX_PATH}:/opt/ros/humble /home/doanh/.local/bin/cmake /home/doanh/atlas_c1/src/c1_platform -DCMAKE_INSTALL_PREFIX=/home/doanh/atlas_c1/install/c1_platform
[0.070s] [0mCMake Deprecation Warning at CMakeLists.txt:1 (cmake_minimum_required):
[0.070s]   Compatibility with CMake < 3.10 will be removed from a future version of
[0.070s]   CMake.
[0.070s] 
[0.070s]   Update the VERSION argument <min> value.  Or, use the <min>...<max> syntax
[0.070s]   to tell CMake that the project requires at least <min> but has been updated
[0.070s]   to work with policies introduced by <max> or earlier.
[0.070s] 
[0.070s] [0m
[0.105s] -- The C compiler identification is GNU 12.3.0
[0.158s] -- The CXX compiler identification is GNU 11.4.0
[0.166s] -- Detecting C compiler ABI info
[0.217s] -- Detecting C compiler ABI info - done
[0.236s] -- Check for working C compiler: /usr/bin/cc - skipped
[0.236s] -- Detecting C compile features
[0.236s] -- Detecting C compile features - done
[0.245s] -- Detecting CXX compiler ABI info
[0.293s] -- Detecting CXX compiler ABI info - done
[0.314s] -- Check for working CXX compiler: /usr/bin/c++ - skipped
[0.315s] -- Detecting CXX compile features
[0.315s] -- Detecting CXX compile features - done
[0.322s] -- Found ament_cmake: 1.3.14 (/opt/ros/humble/share/ament_cmake/cmake)
[0.438s] -- Found Python3: /usr/bin/python3 (found version "3.10.12") found components: Interpreter
[0.530s] -- Found ament_lint_auto: 0.12.15 (/opt/ros/humble/share/ament_lint_auto/cmake)
[0.608s] -- Added test 'lint_cmake' to check CMake code style
[0.610s] -- Added test 'xmllint' to check XML markup files
[0.612s] -- Configuring done (0.5s)
[0.617s] -- Generating done (0.0s)
[0.619s] -- Build files have been written to: /home/doanh/atlas_c1/build/c1_platform
[0.625s] Invoked command in '/home/doanh/atlas_c1/build/c1_platform' returned '0': CMAKE_PREFIX_PATH=${CMAKE_PREFIX_PATH}:/opt/ros/humble /home/doanh/.local/bin/cmake /home/doanh/atlas_c1/src/c1_platform -DCMAKE_INSTALL_PREFIX=/home/doanh/atlas_c1/install/c1_platform
[0.626s] Invoking command in '/home/doanh/atlas_c1/build/c1_platform': CMAKE_PREFIX_PATH=${CMAKE_PREFIX_PATH}:/opt/ros/humble /home/doanh/.local/bin/cmake --build /home/doanh/atlas_c1/build/c1_platform -- -j12 -l12
[0.753s] Invoked command in '/home/doanh/atlas_c1/build/c1_platform' returned '0': CMAKE_PREFIX_PATH=${CMAKE_PREFIX_PATH}:/opt/ros/humble /home/doanh/.local/bin/cmake --build /home/doanh/atlas_c1/build/c1_platform -- -j12 -l12
[0.754s] Invoking command in '/home/doanh/atlas_c1/build/c1_platform': CMAKE_PREFIX_PATH=${CMAKE_PREFIX_PATH}:/opt/ros/humble /home/doanh/.local/bin/cmake --install /home/doanh/atlas_c1/build/c1_platform
[0.840s] -- Install configuration: ""
[0.840s] -- Installing: /home/doanh/atlas_c1/install/c1_platform/share/ament_index/resource_index/package_run_dependencies/c1_platform
[0.840s] -- Installing: /home/doanh/atlas_c1/install/c1_platform/share/ament_index/resource_index/parent_prefix_path/c1_platform
[0.840s] -- Installing: /home/doanh/atlas_c1/install/c1_platform/share/c1_platform/environment/ament_prefix_path.sh
[0.840s] -- Installing: /home/doanh/atlas_c1/install/c1_platform/share/c1_platform/environment/ament_prefix_path.dsv
[0.840s] -- Installing: /home/doanh/atlas_c1/install/c1_platform/share/c1_platform/environment/path.sh
[0.840s] -- Installing: /home/doanh/atlas_c1/install/c1_platform/share/c1_platform/environment/path.dsv
[0.840s] -- Installing: /home/doanh/atlas_c1/install/c1_platform/share/c1_platform/local_setup.bash
[0.840s] -- Installing: /home/doanh/atlas_c1/install/c1_platform/share/c1_platform/local_setup.sh
[0.841s] -- Installing: /home/doanh/atlas_c1/install/c1_platform/share/c1_platform/local_setup.zsh
[0.841s] -- Installing: /home/doanh/atlas_c1/install/c1_platform/share/c1_platform/local_setup.dsv
[0.841s] -- Installing: /home/doanh/atlas_c1/install/c1_platform/share/c1_platform/package.dsv
[0.841s] -- Installing: /home/doanh/atlas_c1/install/c1_platform/share/ament_index/resource_index/packages/c1_platform
[0.841s] -- Installing: /home/doanh/atlas_c1/install/c1_platform/share/c1_platform/cmake/c1_platformConfig.cmake
[0.841s] -- Installing: /home/doanh/atlas_c1/install/c1_platform/share/c1_platform/cmake/c1_platformConfig-version.cmake
[0.841s] -- Installing: /home/doanh/atlas_c1/install/c1_platform/share/c1_platform/package.xml
[0.842s] Invoked command in '/home/doanh/atlas_c1/build/c1_platform' returned '0': CMAKE_PREFIX_PATH=${CMAKE_PREFIX_PATH}:/opt/ros/humble /home/doanh/.local/bin/cmake --install /home/doanh/atlas_c1/build/c1_platform
