/home/doanh/atlas_c1/install/atlas_api/lib/python3.10/site-packages/atlas_api/__init__.py
/home/doanh/atlas_c1/install/atlas_api/lib/python3.10/site-packages/atlas_api/main.py
/home/doanh/atlas_c1/install/atlas_api/lib/python3.10/site-packages/atlas_api/ws_server.py
/home/doanh/atlas_c1/install/atlas_api/lib/python3.10/site-packages/atlas_api/app.py
/home/doanh/atlas_c1/install/atlas_api/lib/python3.10/site-packages/atlas_api/ros_node.py
/home/doanh/atlas_c1/install/atlas_api/lib/python3.10/site-packages/atlas_api/launch_manager.py
/home/doanh/atlas_c1/install/atlas_api/lib/python3.10/site-packages/atlas_api/routes/__init__.py
/home/doanh/atlas_c1/install/atlas_api/lib/python3.10/site-packages/atlas_api/routes/navigation.py
/home/doanh/atlas_c1/install/atlas_api/lib/python3.10/site-packages/atlas_api/routes/route_api.py
/home/doanh/atlas_c1/install/atlas_api/lib/python3.10/site-packages/atlas_api/routes/settings.py
/home/doanh/atlas_c1/install/atlas_api/lib/python3.10/site-packages/atlas_api/routes/upgrade.py
/home/doanh/atlas_c1/install/atlas_api/lib/python3.10/site-packages/atlas_api/routes/chassis.py
/home/doanh/atlas_c1/install/atlas_api/lib/python3.10/site-packages/atlas_api/routes/layers.py
/home/doanh/atlas_c1/install/atlas_api/lib/python3.10/site-packages/atlas_api/routes/map_api.py
/home/doanh/atlas_c1/install/atlas_api/lib/python3.10/site-packages/atlas_api/routes/system.py
/home/doanh/atlas_c1/install/atlas_api/lib/python3.10/site-packages/atlas_api/routes/waypoints.py
/home/doanh/atlas_c1/install/atlas_api/lib/python3.10/site-packages/atlas_api/static/index.html
/home/doanh/atlas_c1/install/atlas_api/lib/python3.10/site-packages/atlas_api/__pycache__/__init__.cpython-310.pyc
/home/doanh/atlas_c1/install/atlas_api/lib/python3.10/site-packages/atlas_api/__pycache__/main.cpython-310.pyc
/home/doanh/atlas_c1/install/atlas_api/lib/python3.10/site-packages/atlas_api/__pycache__/ws_server.cpython-310.pyc
/home/doanh/atlas_c1/install/atlas_api/lib/python3.10/site-packages/atlas_api/__pycache__/app.cpython-310.pyc
/home/doanh/atlas_c1/install/atlas_api/lib/python3.10/site-packages/atlas_api/__pycache__/ros_node.cpython-310.pyc
/home/doanh/atlas_c1/install/atlas_api/lib/python3.10/site-packages/atlas_api/__pycache__/launch_manager.cpython-310.pyc
/home/doanh/atlas_c1/install/atlas_api/lib/python3.10/site-packages/atlas_api/routes/__pycache__/__init__.cpython-310.pyc
/home/doanh/atlas_c1/install/atlas_api/lib/python3.10/site-packages/atlas_api/routes/__pycache__/navigation.cpython-310.pyc
/home/doanh/atlas_c1/install/atlas_api/lib/python3.10/site-packages/atlas_api/routes/__pycache__/route_api.cpython-310.pyc
/home/doanh/atlas_c1/install/atlas_api/lib/python3.10/site-packages/atlas_api/routes/__pycache__/settings.cpython-310.pyc
/home/doanh/atlas_c1/install/atlas_api/lib/python3.10/site-packages/atlas_api/routes/__pycache__/upgrade.cpython-310.pyc
/home/doanh/atlas_c1/install/atlas_api/lib/python3.10/site-packages/atlas_api/routes/__pycache__/chassis.cpython-310.pyc
/home/doanh/atlas_c1/install/atlas_api/lib/python3.10/site-packages/atlas_api/routes/__pycache__/layers.cpython-310.pyc
/home/doanh/atlas_c1/install/atlas_api/lib/python3.10/site-packages/atlas_api/routes/__pycache__/map_api.cpython-310.pyc
/home/doanh/atlas_c1/install/atlas_api/lib/python3.10/site-packages/atlas_api/routes/__pycache__/system.cpython-310.pyc
/home/doanh/atlas_c1/install/atlas_api/lib/python3.10/site-packages/atlas_api/routes/__pycache__/waypoints.cpython-310.pyc
/home/doanh/atlas_c1/install/atlas_api/share/ament_index/resource_index/packages/atlas_api
/home/doanh/atlas_c1/install/atlas_api/share/atlas_api/package.xml
/home/doanh/atlas_c1/install/atlas_api/share/atlas_api/launch/atlas_api_real.launch.py
/home/doanh/atlas_c1/install/atlas_api/share/atlas_api/launch/atlas_api_sim.launch.py
/home/doanh/atlas_c1/install/atlas_api/lib/python3.10/site-packages/atlas_api-0.1.0-py3.10.egg-info/top_level.txt
/home/doanh/atlas_c1/install/atlas_api/lib/python3.10/site-packages/atlas_api-0.1.0-py3.10.egg-info/zip-safe
/home/doanh/atlas_c1/install/atlas_api/lib/python3.10/site-packages/atlas_api-0.1.0-py3.10.egg-info/entry_points.txt
/home/doanh/atlas_c1/install/atlas_api/lib/python3.10/site-packages/atlas_api-0.1.0-py3.10.egg-info/requires.txt
/home/doanh/atlas_c1/install/atlas_api/lib/python3.10/site-packages/atlas_api-0.1.0-py3.10.egg-info/PKG-INFO
/home/doanh/atlas_c1/install/atlas_api/lib/python3.10/site-packages/atlas_api-0.1.0-py3.10.egg-info/dependency_links.txt
/home/doanh/atlas_c1/install/atlas_api/lib/python3.10/site-packages/atlas_api-0.1.0-py3.10.egg-info/SOURCES.txt
/home/doanh/atlas_c1/install/atlas_api/lib/atlas_api/atlas_api_node
