[0.017s] Invoking command in '/home/doanh/atlas_c1/build/ydlidar_ros2_driver': CMAKE_PREFIX_PATH=${CMAKE_PREFIX_PATH}:/opt/ros/humble /home/doanh/.local/bin/cmake --build /home/doanh/atlas_c1/build/ydlidar_ros2_driver -- -j12 -l12
[0.099s] [ 50%] [0mBuilt target ydlidar_ros2_driver_node[0m
[0.100s] [100%] [0mBuilt target ydlidar_ros2_driver_client[0m
[0.143s] Invoked command in '/home/doanh/atlas_c1/build/ydlidar_ros2_driver' returned '0': CMAKE_PREFIX_PATH=${CMAKE_PREFIX_PATH}:/opt/ros/humble /home/doanh/.local/bin/cmake --build /home/doanh/atlas_c1/build/ydlidar_ros2_driver -- -j12 -l12
[0.144s] Invoking command in '/home/doanh/atlas_c1/build/ydlidar_ros2_driver': CMAKE_PREFIX_PATH=${CMAKE_PREFIX_PATH}:/opt/ros/humble /home/doanh/.local/bin/cmake --install /home/doanh/atlas_c1/build/ydlidar_ros2_driver
[0.202s] -- Install configuration: ""
[0.203s] -- Up-to-date: /home/doanh/atlas_c1/install/ydlidar_ros2_driver/lib/ydlidar_ros2_driver/ydlidar_ros2_driver_node
[0.203s] -- Up-to-date: /home/doanh/atlas_c1/install/ydlidar_ros2_driver/lib/ydlidar_ros2_driver/ydlidar_ros2_driver_client
[0.203s] -- Up-to-date: /home/doanh/atlas_c1/install/ydlidar_ros2_driver/share/ydlidar_ros2_driver/launch
[0.204s] -- Up-to-date: /home/doanh/atlas_c1/install/ydlidar_ros2_driver/share/ydlidar_ros2_driver/launch/ydlidar.py
[0.204s] -- Up-to-date: /home/doanh/atlas_c1/install/ydlidar_ros2_driver/share/ydlidar_ros2_driver/launch/ydlidar_launch.py
[0.204s] -- Up-to-date: /home/doanh/atlas_c1/install/ydlidar_ros2_driver/share/ydlidar_ros2_driver/launch/ydlidar_launch_view.py
[0.204s] -- Up-to-date: /home/doanh/atlas_c1/install/ydlidar_ros2_driver/share/ydlidar_ros2_driver/params
[0.204s] -- Up-to-date: /home/doanh/atlas_c1/install/ydlidar_ros2_driver/share/ydlidar_ros2_driver/params/TG.yaml
[0.204s] -- Up-to-date: /home/doanh/atlas_c1/install/ydlidar_ros2_driver/share/ydlidar_ros2_driver/params/Tmini-Plus-SH.yaml
[0.204s] -- Up-to-date: /home/doanh/atlas_c1/install/ydlidar_ros2_driver/share/ydlidar_ros2_driver/params/G1.yaml
[0.204s] -- Up-to-date: /home/doanh/atlas_c1/install/ydlidar_ros2_driver/share/ydlidar_ros2_driver/params/TEA.yaml
[0.204s] -- Up-to-date: /home/doanh/atlas_c1/install/ydlidar_ros2_driver/share/ydlidar_ros2_driver/params/X4-Pro.yaml
[0.204s] -- Up-to-date: /home/doanh/atlas_c1/install/ydlidar_ros2_driver/share/ydlidar_ros2_driver/params/X3.yaml
[0.204s] -- Up-to-date: /home/doanh/atlas_c1/install/ydlidar_ros2_driver/share/ydlidar_ros2_driver/params/ydlidar.yaml
[0.204s] -- Up-to-date: /home/doanh/atlas_c1/install/ydlidar_ros2_driver/share/ydlidar_ros2_driver/params/Tmini.yaml
[0.205s] -- Up-to-date: /home/doanh/atlas_c1/install/ydlidar_ros2_driver/share/ydlidar_ros2_driver/params/GS2.yaml
[0.205s] -- Up-to-date: /home/doanh/atlas_c1/install/ydlidar_ros2_driver/share/ydlidar_ros2_driver/params/G2.yaml
[0.205s] -- Up-to-date: /home/doanh/atlas_c1/install/ydlidar_ros2_driver/share/ydlidar_ros2_driver/params/X4.yaml
[0.205s] -- Up-to-date: /home/doanh/atlas_c1/install/ydlidar_ros2_driver/share/ydlidar_ros2_driver/params/GS5.yaml
[0.205s] -- Up-to-date: /home/doanh/atlas_c1/install/ydlidar_ros2_driver/share/ydlidar_ros2_driver/params/X2.yaml
[0.205s] -- Up-to-date: /home/doanh/atlas_c1/install/ydlidar_ros2_driver/share/ydlidar_ros2_driver/params/sdm15.yaml
[0.205s] -- Up-to-date: /home/doanh/atlas_c1/install/ydlidar_ros2_driver/share/ydlidar_ros2_driver/params/G6.yaml
[0.205s] -- Up-to-date: /home/doanh/atlas_c1/install/ydlidar_ros2_driver/share/ydlidar_ros2_driver/params/G4.yaml
[0.205s] -- Up-to-date: /home/doanh/atlas_c1/install/ydlidar_ros2_driver/share/ydlidar_ros2_driver/startup
[0.205s] -- Up-to-date: /home/doanh/atlas_c1/install/ydlidar_ros2_driver/share/ydlidar_ros2_driver/startup/initenv.sh
[0.205s] -- Up-to-date: /home/doanh/atlas_c1/install/ydlidar_ros2_driver/share/ydlidar_ros2_driver/config
[0.205s] -- Up-to-date: /home/doanh/atlas_c1/install/ydlidar_ros2_driver/share/ydlidar_ros2_driver/config/ydlidar.rviz
[0.205s] -- Up-to-date: /home/doanh/atlas_c1/install/ydlidar_ros2_driver/share/ament_index/resource_index/package_run_dependencies/ydlidar_ros2_driver
[0.205s] -- Up-to-date: /home/doanh/atlas_c1/install/ydlidar_ros2_driver/share/ament_index/resource_index/parent_prefix_path/ydlidar_ros2_driver
[0.205s] -- Up-to-date: /home/doanh/atlas_c1/install/ydlidar_ros2_driver/share/ydlidar_ros2_driver/environment/ament_prefix_path.sh
[0.205s] -- Up-to-date: /home/doanh/atlas_c1/install/ydlidar_ros2_driver/share/ydlidar_ros2_driver/environment/ament_prefix_path.dsv
[0.205s] -- Up-to-date: /home/doanh/atlas_c1/install/ydlidar_ros2_driver/share/ydlidar_ros2_driver/environment/path.sh
[0.205s] -- Up-to-date: /home/doanh/atlas_c1/install/ydlidar_ros2_driver/share/ydlidar_ros2_driver/environment/path.dsv
[0.206s] -- Up-to-date: /home/doanh/atlas_c1/install/ydlidar_ros2_driver/share/ydlidar_ros2_driver/local_setup.bash
[0.206s] -- Up-to-date: /home/doanh/atlas_c1/install/ydlidar_ros2_driver/share/ydlidar_ros2_driver/local_setup.sh
[0.206s] -- Up-to-date: /home/doanh/atlas_c1/install/ydlidar_ros2_driver/share/ydlidar_ros2_driver/local_setup.zsh
[0.206s] -- Up-to-date: /home/doanh/atlas_c1/install/ydlidar_ros2_driver/share/ydlidar_ros2_driver/local_setup.dsv
[0.206s] -- Installing: /home/doanh/atlas_c1/install/ydlidar_ros2_driver/share/ydlidar_ros2_driver/package.dsv
[0.206s] -- Up-to-date: /home/doanh/atlas_c1/install/ydlidar_ros2_driver/share/ament_index/resource_index/packages/ydlidar_ros2_driver
[0.206s] -- Up-to-date: /home/doanh/atlas_c1/install/ydlidar_ros2_driver/share/ydlidar_ros2_driver/cmake/ydlidar_ros2_driverConfig.cmake
[0.206s] -- Up-to-date: /home/doanh/atlas_c1/install/ydlidar_ros2_driver/share/ydlidar_ros2_driver/cmake/ydlidar_ros2_driverConfig-version.cmake
[0.206s] -- Up-to-date: /home/doanh/atlas_c1/install/ydlidar_ros2_driver/share/ydlidar_ros2_driver/package.xml
[0.226s] Invoked command in '/home/doanh/atlas_c1/build/ydlidar_ros2_driver' returned '0': CMAKE_PREFIX_PATH=${CMAKE_PREFIX_PATH}:/opt/ros/humble /home/doanh/.local/bin/cmake --install /home/doanh/atlas_c1/build/ydlidar_ros2_driver
