[0.034s] Invoking command in '/home/doanh/atlas_c1/build/atlas_slam': CMAKE_PREFIX_PATH=${CMAKE_PREFIX_PATH}:/opt/ros/humble /home/doanh/.local/bin/cmake /home/doanh/atlas_c1/src/atlas_base/atlas_slam -DCMAKE_INSTALL_PREFIX=/home/doanh/atlas_c1/install/atlas_slam
[0.705s] -- The C compiler identification is GNU 12.3.0
[0.705s] -- The CXX compiler identification is GNU 11.4.0
[0.706s] -- Detecting C compiler ABI info
[0.706s] -- Detecting C compiler ABI info - done
[0.706s] -- Check for working C compiler: /usr/bin/cc - skipped
[0.706s] -- Detecting C compile features
[0.706s] -- Detecting C compile features - done
[0.707s] -- Detecting CXX compiler ABI info
[0.707s] -- Detecting CXX compiler ABI info - done
[0.707s] -- Check for working CXX compiler: /usr/bin/c++ - skipped
[0.707s] -- Detecting CXX compile features
[0.708s] -- Detecting CXX compile features - done
[0.708s] -- Found ament_cmake: 1.3.14 (/opt/ros/humble/share/ament_cmake/cmake)
[0.708s] -- Found Python3: /usr/bin/python3 (found version "3.10.12") found components: Interpreter
[0.709s] -- Found ament_lint_auto: 0.12.15 (/opt/ros/humble/share/ament_lint_auto/cmake)
[0.709s] -- Added test 'flake8' to check Python code syntax and style conventions
[0.709s] -- Added test 'lint_cmake' to check CMake code style
[0.709s] -- Added test 'pep257' to check Python code against some of the docstring style conventions in PEP 257
[0.709s] -- Added test 'xmllint' to check XML markup files
[0.709s] -- Configuring done (0.5s)
[0.709s] -- Generating done (0.0s)
[0.709s] -- Build files have been written to: /home/doanh/atlas_c1/build/atlas_slam
[0.710s] Invoked command in '/home/doanh/atlas_c1/build/atlas_slam' returned '0': CMAKE_PREFIX_PATH=${CMAKE_PREFIX_PATH}:/opt/ros/humble /home/doanh/.local/bin/cmake /home/doanh/atlas_c1/src/atlas_base/atlas_slam -DCMAKE_INSTALL_PREFIX=/home/doanh/atlas_c1/install/atlas_slam
[0.712s] Invoking command in '/home/doanh/atlas_c1/build/atlas_slam': CMAKE_PREFIX_PATH=${CMAKE_PREFIX_PATH}:/opt/ros/humble /home/doanh/.local/bin/cmake --build /home/doanh/atlas_c1/build/atlas_slam -- -j12 -l12
[0.901s] Invoked command in '/home/doanh/atlas_c1/build/atlas_slam' returned '0': CMAKE_PREFIX_PATH=${CMAKE_PREFIX_PATH}:/opt/ros/humble /home/doanh/.local/bin/cmake --build /home/doanh/atlas_c1/build/atlas_slam -- -j12 -l12
[0.902s] Invoking command in '/home/doanh/atlas_c1/build/atlas_slam': CMAKE_PREFIX_PATH=${CMAKE_PREFIX_PATH}:/opt/ros/humble /home/doanh/.local/bin/cmake --install /home/doanh/atlas_c1/build/atlas_slam
[1.022s] -- Install configuration: ""
[1.022s] -- Installing: /home/doanh/atlas_c1/install/atlas_slam/share/atlas_slam//launch
[1.027s] -- Installing: /home/doanh/atlas_c1/install/atlas_slam/share/atlas_slam//launch/atlas_map_server_real.launch.py
[1.027s] -- Installing: /home/doanh/atlas_c1/install/atlas_slam/share/atlas_slam//launch/atlas_navigation_sim.launch.py
[1.027s] -- Installing: /home/doanh/atlas_c1/install/atlas_slam/share/atlas_slam//launch/atlas_slam_toolbox_real.launch.py
[1.027s] -- Installing: /home/doanh/atlas_c1/install/atlas_slam/share/atlas_slam//launch/atlas_navigation_real.launch.py
[1.027s] -- Installing: /home/doanh/atlas_c1/install/atlas_slam/share/atlas_slam//launch/atlas_map_server_sim.launch.py
[1.027s] -- Installing: /home/doanh/atlas_c1/install/atlas_slam/share/atlas_slam//launch/atlas_slam_toolbox_sim.launch.py
[1.027s] -- Installing: /home/doanh/atlas_c1/install/atlas_slam/share/atlas_slam//launch/atlas_cartographer_sim.launch.py
[1.027s] -- Installing: /home/doanh/atlas_c1/install/atlas_slam/share/atlas_slam//launch/atlas_cartographer_real.launch.py
[1.027s] -- Installing: /home/doanh/atlas_c1/install/atlas_slam/share/atlas_slam//rviz
[1.027s] -- Installing: /home/doanh/atlas_c1/install/atlas_slam/share/atlas_slam//rviz/slam_toolbox_default.rviz
[1.027s] -- Installing: /home/doanh/atlas_c1/install/atlas_slam/share/atlas_slam//rviz/nav2_default_view.rviz
[1.027s] -- Installing: /home/doanh/atlas_c1/install/atlas_slam/share/atlas_slam//rviz/cartographer_mapping.rviz
[1.028s] -- Installing: /home/doanh/atlas_c1/install/atlas_slam/share/atlas_slam//config
[1.028s] -- Installing: /home/doanh/atlas_c1/install/atlas_slam/share/atlas_slam//config/atlas_slam_toolbox.yaml
[1.028s] -- Installing: /home/doanh/atlas_c1/install/atlas_slam/share/atlas_slam//config/atlas_localization.yaml
[1.028s] -- Installing: /home/doanh/atlas_c1/install/atlas_slam/share/atlas_slam//config/lds_2d.lua
[1.028s] -- Installing: /home/doanh/atlas_c1/install/atlas_slam/share/atlas_slam//config/atlas_nav2_dwb.yaml
[1.028s] -- Installing: /home/doanh/atlas_c1/install/atlas_slam/share/atlas_slam//config/atlas_collision_monitor.yaml
[1.028s] -- Installing: /home/doanh/atlas_c1/install/atlas_slam/share/atlas_slam//config/atlas_nav2_mppi.yaml
[1.028s] -- Installing: /home/doanh/atlas_c1/install/atlas_slam/lib/atlas_slam/route_manager.py
[1.028s] -- Installing: /home/doanh/atlas_c1/install/atlas_slam/lib/atlas_slam/route_tool.py
[1.028s] -- Installing: /home/doanh/atlas_c1/install/atlas_slam/share/ament_index/resource_index/package_run_dependencies/atlas_slam
[1.028s] -- Installing: /home/doanh/atlas_c1/install/atlas_slam/share/ament_index/resource_index/parent_prefix_path/atlas_slam
[1.028s] -- Installing: /home/doanh/atlas_c1/install/atlas_slam/share/atlas_slam/environment/ament_prefix_path.sh
[1.029s] -- Installing: /home/doanh/atlas_c1/install/atlas_slam/share/atlas_slam/environment/ament_prefix_path.dsv
[1.029s] -- Installing: /home/doanh/atlas_c1/install/atlas_slam/share/atlas_slam/environment/path.sh
[1.029s] -- Installing: /home/doanh/atlas_c1/install/atlas_slam/share/atlas_slam/environment/path.dsv
[1.029s] -- Installing: /home/doanh/atlas_c1/install/atlas_slam/share/atlas_slam/local_setup.bash
[1.029s] -- Installing: /home/doanh/atlas_c1/install/atlas_slam/share/atlas_slam/local_setup.sh
[1.029s] -- Installing: /home/doanh/atlas_c1/install/atlas_slam/share/atlas_slam/local_setup.zsh
[1.029s] -- Installing: /home/doanh/atlas_c1/install/atlas_slam/share/atlas_slam/local_setup.dsv
[1.030s] -- Installing: /home/doanh/atlas_c1/install/atlas_slam/share/atlas_slam/package.dsv
[1.030s] -- Installing: /home/doanh/atlas_c1/install/atlas_slam/share/ament_index/resource_index/packages/atlas_slam
[1.030s] -- Installing: /home/doanh/atlas_c1/install/atlas_slam/share/atlas_slam/cmake/atlas_slamConfig.cmake
[1.030s] -- Installing: /home/doanh/atlas_c1/install/atlas_slam/share/atlas_slam/cmake/atlas_slamConfig-version.cmake
[1.030s] -- Installing: /home/doanh/atlas_c1/install/atlas_slam/share/atlas_slam/package.xml
[1.102s] Invoked command in '/home/doanh/atlas_c1/build/atlas_slam' returned '0': CMAKE_PREFIX_PATH=${CMAKE_PREFIX_PATH}:/opt/ros/humble /home/doanh/.local/bin/cmake --install /home/doanh/atlas_c1/build/atlas_slam
