[1.366s] Invoking command in '/home/doanh/atlas_c1/src/atlas_base/atlas_api': PYTHONPATH=/home/doanh/atlas_c1/build/atlas_api/prefix_override:/usr/lib/python3/dist-packages/colcon_core/task/python/colcon_distutils_commands:/home/doanh/atlas_c1/install/atlas_api/lib/python3.10/site-packages:${PYTHONPATH} /usr/bin/python3 -W ignore:setup.py install is deprecated -W ignore:easy_install command is deprecated setup.py egg_info --egg-base ../../../build/atlas_api build --build-base /home/doanh/atlas_c1/build/atlas_api/build install --record /home/doanh/atlas_c1/build/atlas_api/install.log --single-version-externally-managed install_data
[1.599s] running egg_info
[1.600s] creating ../../../build/atlas_api/atlas_api.egg-info
[1.600s] writing ../../../build/atlas_api/atlas_api.egg-info/PKG-INFO
[1.600s] writing dependency_links to ../../../build/atlas_api/atlas_api.egg-info/dependency_links.txt
[1.600s] writing entry points to ../../../build/atlas_api/atlas_api.egg-info/entry_points.txt
[1.600s] writing requirements to ../../../build/atlas_api/atlas_api.egg-info/requires.txt
[1.601s] writing top-level names to ../../../build/atlas_api/atlas_api.egg-info/top_level.txt
[1.601s] writing manifest file '../../../build/atlas_api/atlas_api.egg-info/SOURCES.txt'
[1.602s] reading manifest file '../../../build/atlas_api/atlas_api.egg-info/SOURCES.txt'
[1.604s] writing manifest file '../../../build/atlas_api/atlas_api.egg-info/SOURCES.txt'
[1.604s] running build
[1.604s] running build_py
[1.604s] creating /home/doanh/atlas_c1/build/atlas_api/build
[1.604s] creating /home/doanh/atlas_c1/build/atlas_api/build/lib
[1.604s] creating /home/doanh/atlas_c1/build/atlas_api/build/lib/atlas_api
[1.606s] copying atlas_api/__init__.py -> /home/doanh/atlas_c1/build/atlas_api/build/lib/atlas_api
[1.606s] copying atlas_api/main.py -> /home/doanh/atlas_c1/build/atlas_api/build/lib/atlas_api
[1.606s] copying atlas_api/ws_server.py -> /home/doanh/atlas_c1/build/atlas_api/build/lib/atlas_api
[1.606s] copying atlas_api/app.py -> /home/doanh/atlas_c1/build/atlas_api/build/lib/atlas_api
[1.606s] copying atlas_api/ros_node.py -> /home/doanh/atlas_c1/build/atlas_api/build/lib/atlas_api
[1.606s] copying atlas_api/launch_manager.py -> /home/doanh/atlas_c1/build/atlas_api/build/lib/atlas_api
[1.607s] creating /home/doanh/atlas_c1/build/atlas_api/build/lib/atlas_api/routes
[1.607s] copying atlas_api/routes/__init__.py -> /home/doanh/atlas_c1/build/atlas_api/build/lib/atlas_api/routes
[1.607s] copying atlas_api/routes/navigation.py -> /home/doanh/atlas_c1/build/atlas_api/build/lib/atlas_api/routes
[1.607s] copying atlas_api/routes/route_api.py -> /home/doanh/atlas_c1/build/atlas_api/build/lib/atlas_api/routes
[1.607s] copying atlas_api/routes/settings.py -> /home/doanh/atlas_c1/build/atlas_api/build/lib/atlas_api/routes
[1.607s] copying atlas_api/routes/upgrade.py -> /home/doanh/atlas_c1/build/atlas_api/build/lib/atlas_api/routes
[1.607s] copying atlas_api/routes/chassis.py -> /home/doanh/atlas_c1/build/atlas_api/build/lib/atlas_api/routes
[1.607s] copying atlas_api/routes/layers.py -> /home/doanh/atlas_c1/build/atlas_api/build/lib/atlas_api/routes
[1.607s] copying atlas_api/routes/map_api.py -> /home/doanh/atlas_c1/build/atlas_api/build/lib/atlas_api/routes
[1.607s] copying atlas_api/routes/system.py -> /home/doanh/atlas_c1/build/atlas_api/build/lib/atlas_api/routes
[1.607s] copying atlas_api/routes/waypoints.py -> /home/doanh/atlas_c1/build/atlas_api/build/lib/atlas_api/routes
[1.608s] creating /home/doanh/atlas_c1/build/atlas_api/build/lib/atlas_api/static
[1.608s] copying atlas_api/static/index.html -> /home/doanh/atlas_c1/build/atlas_api/build/lib/atlas_api/static
[1.609s] running install
[1.609s] running install_lib
[1.610s] creating /home/doanh/atlas_c1/install/atlas_api/lib/python3.10/site-packages/atlas_api
[1.610s] copying /home/doanh/atlas_c1/build/atlas_api/build/lib/atlas_api/__init__.py -> /home/doanh/atlas_c1/install/atlas_api/lib/python3.10/site-packages/atlas_api
[1.610s] copying /home/doanh/atlas_c1/build/atlas_api/build/lib/atlas_api/main.py -> /home/doanh/atlas_c1/install/atlas_api/lib/python3.10/site-packages/atlas_api
[1.610s] copying /home/doanh/atlas_c1/build/atlas_api/build/lib/atlas_api/ws_server.py -> /home/doanh/atlas_c1/install/atlas_api/lib/python3.10/site-packages/atlas_api
[1.610s] creating /home/doanh/atlas_c1/install/atlas_api/lib/python3.10/site-packages/atlas_api/routes
[1.610s] copying /home/doanh/atlas_c1/build/atlas_api/build/lib/atlas_api/routes/__init__.py -> /home/doanh/atlas_c1/install/atlas_api/lib/python3.10/site-packages/atlas_api/routes
[1.610s] copying /home/doanh/atlas_c1/build/atlas_api/build/lib/atlas_api/routes/navigation.py -> /home/doanh/atlas_c1/install/atlas_api/lib/python3.10/site-packages/atlas_api/routes
[1.610s] copying /home/doanh/atlas_c1/build/atlas_api/build/lib/atlas_api/routes/route_api.py -> /home/doanh/atlas_c1/install/atlas_api/lib/python3.10/site-packages/atlas_api/routes
[1.611s] copying /home/doanh/atlas_c1/build/atlas_api/build/lib/atlas_api/routes/settings.py -> /home/doanh/atlas_c1/install/atlas_api/lib/python3.10/site-packages/atlas_api/routes
[1.611s] copying /home/doanh/atlas_c1/build/atlas_api/build/lib/atlas_api/routes/upgrade.py -> /home/doanh/atlas_c1/install/atlas_api/lib/python3.10/site-packages/atlas_api/routes
[1.611s] copying /home/doanh/atlas_c1/build/atlas_api/build/lib/atlas_api/routes/chassis.py -> /home/doanh/atlas_c1/install/atlas_api/lib/python3.10/site-packages/atlas_api/routes
[1.611s] copying /home/doanh/atlas_c1/build/atlas_api/build/lib/atlas_api/routes/layers.py -> /home/doanh/atlas_c1/install/atlas_api/lib/python3.10/site-packages/atlas_api/routes
[1.611s] copying /home/doanh/atlas_c1/build/atlas_api/build/lib/atlas_api/routes/map_api.py -> /home/doanh/atlas_c1/install/atlas_api/lib/python3.10/site-packages/atlas_api/routes
[1.611s] copying /home/doanh/atlas_c1/build/atlas_api/build/lib/atlas_api/routes/system.py -> /home/doanh/atlas_c1/install/atlas_api/lib/python3.10/site-packages/atlas_api/routes
[1.611s] copying /home/doanh/atlas_c1/build/atlas_api/build/lib/atlas_api/routes/waypoints.py -> /home/doanh/atlas_c1/install/atlas_api/lib/python3.10/site-packages/atlas_api/routes
[1.611s] copying /home/doanh/atlas_c1/build/atlas_api/build/lib/atlas_api/app.py -> /home/doanh/atlas_c1/install/atlas_api/lib/python3.10/site-packages/atlas_api
[1.611s] creating /home/doanh/atlas_c1/install/atlas_api/lib/python3.10/site-packages/atlas_api/static
[1.611s] copying /home/doanh/atlas_c1/build/atlas_api/build/lib/atlas_api/static/index.html -> /home/doanh/atlas_c1/install/atlas_api/lib/python3.10/site-packages/atlas_api/static
[1.611s] copying /home/doanh/atlas_c1/build/atlas_api/build/lib/atlas_api/ros_node.py -> /home/doanh/atlas_c1/install/atlas_api/lib/python3.10/site-packages/atlas_api
[1.611s] copying /home/doanh/atlas_c1/build/atlas_api/build/lib/atlas_api/launch_manager.py -> /home/doanh/atlas_c1/install/atlas_api/lib/python3.10/site-packages/atlas_api
[1.612s] byte-compiling /home/doanh/atlas_c1/install/atlas_api/lib/python3.10/site-packages/atlas_api/__init__.py to __init__.cpython-310.pyc
[1.612s] byte-compiling /home/doanh/atlas_c1/install/atlas_api/lib/python3.10/site-packages/atlas_api/main.py to main.cpython-310.pyc
[1.612s] byte-compiling /home/doanh/atlas_c1/install/atlas_api/lib/python3.10/site-packages/atlas_api/ws_server.py to ws_server.cpython-310.pyc
[1.613s] byte-compiling /home/doanh/atlas_c1/install/atlas_api/lib/python3.10/site-packages/atlas_api/routes/__init__.py to __init__.cpython-310.pyc
[1.613s] byte-compiling /home/doanh/atlas_c1/install/atlas_api/lib/python3.10/site-packages/atlas_api/routes/navigation.py to navigation.cpython-310.pyc
[1.615s] byte-compiling /home/doanh/atlas_c1/install/atlas_api/lib/python3.10/site-packages/atlas_api/routes/route_api.py to route_api.cpython-310.pyc
[1.615s] byte-compiling /home/doanh/atlas_c1/install/atlas_api/lib/python3.10/site-packages/atlas_api/routes/settings.py to settings.cpython-310.pyc
[1.615s] byte-compiling /home/doanh/atlas_c1/install/atlas_api/lib/python3.10/site-packages/atlas_api/routes/upgrade.py to upgrade.cpython-310.pyc
[1.616s] byte-compiling /home/doanh/atlas_c1/install/atlas_api/lib/python3.10/site-packages/atlas_api/routes/chassis.py to chassis.cpython-310.pyc
[1.616s] byte-compiling /home/doanh/atlas_c1/install/atlas_api/lib/python3.10/site-packages/atlas_api/routes/layers.py to layers.cpython-310.pyc
[1.617s] byte-compiling /home/doanh/atlas_c1/install/atlas_api/lib/python3.10/site-packages/atlas_api/routes/map_api.py to map_api.cpython-310.pyc
[1.620s] byte-compiling /home/doanh/atlas_c1/install/atlas_api/lib/python3.10/site-packages/atlas_api/routes/system.py to system.cpython-310.pyc
[1.620s] byte-compiling /home/doanh/atlas_c1/install/atlas_api/lib/python3.10/site-packages/atlas_api/routes/waypoints.py to waypoints.cpython-310.pyc
[1.621s] byte-compiling /home/doanh/atlas_c1/install/atlas_api/lib/python3.10/site-packages/atlas_api/app.py to app.cpython-310.pyc
[1.621s] byte-compiling /home/doanh/atlas_c1/install/atlas_api/lib/python3.10/site-packages/atlas_api/ros_node.py to ros_node.cpython-310.pyc
[1.629s] byte-compiling /home/doanh/atlas_c1/install/atlas_api/lib/python3.10/site-packages/atlas_api/launch_manager.py to launch_manager.cpython-310.pyc
[1.630s] running install_data
[1.630s] creating /home/doanh/atlas_c1/install/atlas_api/share/ament_index
[1.630s] creating /home/doanh/atlas_c1/install/atlas_api/share/ament_index/resource_index
[1.630s] creating /home/doanh/atlas_c1/install/atlas_api/share/ament_index/resource_index/packages
[1.630s] copying resource/atlas_api -> /home/doanh/atlas_c1/install/atlas_api/share/ament_index/resource_index/packages
[1.630s] copying package.xml -> /home/doanh/atlas_c1/install/atlas_api/share/atlas_api
[1.630s] creating /home/doanh/atlas_c1/install/atlas_api/share/atlas_api/launch
[1.631s] copying launch/atlas_api_real.launch.py -> /home/doanh/atlas_c1/install/atlas_api/share/atlas_api/launch
[1.631s] copying launch/atlas_api_sim.launch.py -> /home/doanh/atlas_c1/install/atlas_api/share/atlas_api/launch
[1.631s] running install_egg_info
[1.632s] Copying ../../../build/atlas_api/atlas_api.egg-info to /home/doanh/atlas_c1/install/atlas_api/lib/python3.10/site-packages/atlas_api-0.1.0-py3.10.egg-info
[1.632s] running install_scripts
[1.654s] Installing atlas_api_node script to /home/doanh/atlas_c1/install/atlas_api/lib/atlas_api
[1.654s] writing list of installed files to '/home/doanh/atlas_c1/build/atlas_api/install.log'
[1.688s] Invoked command in '/home/doanh/atlas_c1/src/atlas_base/atlas_api' returned '0': PYTHONPATH=/home/doanh/atlas_c1/build/atlas_api/prefix_override:/usr/lib/python3/dist-packages/colcon_core/task/python/colcon_distutils_commands:/home/doanh/atlas_c1/install/atlas_api/lib/python3.10/site-packages:${PYTHONPATH} /usr/bin/python3 -W ignore:setup.py install is deprecated -W ignore:easy_install command is deprecated setup.py egg_info --egg-base ../../../build/atlas_api build --build-base /home/doanh/atlas_c1/build/atlas_api/build install --record /home/doanh/atlas_c1/build/atlas_api/install.log --single-version-externally-managed install_data
