[1.269s] Invoking command in '/home/doanh/atlas_c1/src/atlas_base/atlas_app_robot': PYTHONPATH=/home/doanh/atlas_c1/build/atlas_app_robot/prefix_override:/usr/lib/python3/dist-packages/colcon_core/task/python/colcon_distutils_commands:/home/doanh/atlas_c1/install/atlas_app_robot/lib/python3.10/site-packages:${PYTHONPATH} /usr/bin/python3 -W ignore:setup.py install is deprecated -W ignore:easy_install command is deprecated setup.py egg_info --egg-base ../../../build/atlas_app_robot build --build-base /home/doanh/atlas_c1/build/atlas_app_robot/build install --record /home/doanh/atlas_c1/build/atlas_app_robot/install.log --single-version-externally-managed install_data
[1.524s] running egg_info
[1.525s] writing ../../../build/atlas_app_robot/atlas_app_robot.egg-info/PKG-INFO
[1.525s] writing dependency_links to ../../../build/atlas_app_robot/atlas_app_robot.egg-info/dependency_links.txt
[1.525s] writing entry points to ../../../build/atlas_app_robot/atlas_app_robot.egg-info/entry_points.txt
[1.525s] writing requirements to ../../../build/atlas_app_robot/atlas_app_robot.egg-info/requires.txt
[1.526s] writing top-level names to ../../../build/atlas_app_robot/atlas_app_robot.egg-info/top_level.txt
[1.527s] reading manifest file '../../../build/atlas_app_robot/atlas_app_robot.egg-info/SOURCES.txt'
[1.528s] writing manifest file '../../../build/atlas_app_robot/atlas_app_robot.egg-info/SOURCES.txt'
[1.528s] running build
[1.528s] running build_py
[1.528s] running install
[1.528s] running install_lib
[1.529s] running install_data
[1.529s] running install_egg_info
[1.531s] removing '/home/doanh/atlas_c1/install/atlas_app_robot/lib/python3.10/site-packages/atlas_app_robot-1.0.0-py3.10.egg-info' (and everything under it)
[1.531s] Copying ../../../build/atlas_app_robot/atlas_app_robot.egg-info to /home/doanh/atlas_c1/install/atlas_app_robot/lib/python3.10/site-packages/atlas_app_robot-1.0.0-py3.10.egg-info
[1.532s] running install_scripts
[1.550s] Installing atlas_app_robot script to /home/doanh/atlas_c1/install/atlas_app_robot/lib/atlas_app_robot
[1.550s] writing list of installed files to '/home/doanh/atlas_c1/build/atlas_app_robot/install.log'
[1.585s] Invoked command in '/home/doanh/atlas_c1/src/atlas_base/atlas_app_robot' returned '0': PYTHONPATH=/home/doanh/atlas_c1/build/atlas_app_robot/prefix_override:/usr/lib/python3/dist-packages/colcon_core/task/python/colcon_distutils_commands:/home/doanh/atlas_c1/install/atlas_app_robot/lib/python3.10/site-packages:${PYTHONPATH} /usr/bin/python3 -W ignore:setup.py install is deprecated -W ignore:easy_install command is deprecated setup.py egg_info --egg-base ../../../build/atlas_app_robot build --build-base /home/doanh/atlas_c1/build/atlas_app_robot/build install --record /home/doanh/atlas_c1/build/atlas_app_robot/install.log --single-version-externally-managed install_data
