[0.072s] DEBUG:colcon:Command line arguments: ['/usr/bin/colcon', 'build', '--packages-select', 'c1_bringup']
[0.072s] DEBUG:colcon:Parsed command line arguments: Namespace(log_base=None, log_level=None, verb_name='build', build_base='build', install_base='install', merge_install=False, symlink_install=False, test_result_base=None, continue_on_error=False, executor='parallel', parallel_workers=12, event_handlers=None, ignore_user_meta=False, metas=['./colcon.meta'], base_paths=['.'], packages_ignore=None, packages_ignore_regex=None, paths=None, packages_up_to=None, packages_up_to_regex=None, packages_above=None, packages_above_and_dependencies=None, packages_above_depth=None, packages_select_by_dep=None, packages_skip_by_dep=None, packages_skip_up_to=None, packages_select_build_failed=False, packages_skip_build_finished=False, packages_select_test_failures=False, packages_skip_test_passed=False, packages_select=['c1_bringup'], packages_skip=None, packages_select_regex=None, packages_skip_regex=None, packages_start=None, packages_end=None, allow_overriding=[], cmake_args=None, cmake_target=None, cmake_target_skip_unavailable=False, cmake_clean_cache=False, cmake_clean_first=False, cmake_force_configure=False, ament_cmake_args=None, catkin_cmake_args=None, catkin_skip_building_tests=False, verb_parser=<colcon_defaults.argument_parser.defaults.DefaultArgumentsDecorator object at 0x701efed7a8f0>, verb_extension=<colcon_core.verb.build.BuildVerb object at 0x701efee67df0>, main=<bound method BuildVerb.main of <colcon_core.verb.build.BuildVerb object at 0x701efee67df0>>)
[0.202s] Level 1:colcon.colcon_core.package_discovery:discover_packages(colcon_meta) check parameters
[0.202s] Level 1:colcon.colcon_core.package_discovery:discover_packages(recursive) check parameters
[0.202s] Level 1:colcon.colcon_core.package_discovery:discover_packages(ignore) check parameters
[0.202s] Level 1:colcon.colcon_core.package_discovery:discover_packages(path) check parameters
[0.202s] Level 1:colcon.colcon_core.package_discovery:discover_packages(colcon_meta) discover
[0.202s] Level 1:colcon.colcon_core.package_discovery:discover_packages(recursive) discover
[0.202s] INFO:colcon.colcon_core.package_discovery:Crawling recursively for packages in '/home/doanh/atlas_c1'
[0.202s] Level 1:colcon.colcon_core.package_identification:_identify(.) by extensions ['ignore', 'ignore_ament_install']
[0.202s] Level 1:colcon.colcon_core.package_identification:_identify(.) by extension 'ignore'
[0.203s] Level 1:colcon.colcon_core.package_identification:_identify(.) by extension 'ignore_ament_install'
[0.203s] Level 1:colcon.colcon_core.package_identification:_identify(.) by extensions ['colcon_pkg']
[0.203s] Level 1:colcon.colcon_core.package_identification:_identify(.) by extension 'colcon_pkg'
[0.203s] Level 1:colcon.colcon_core.package_identification:_identify(.) by extensions ['colcon_meta']
[0.203s] Level 1:colcon.colcon_core.package_identification:_identify(.) by extension 'colcon_meta'
[0.203s] Level 1:colcon.colcon_core.package_identification:_identify(.) by extensions ['ros']
[0.203s] Level 1:colcon.colcon_core.package_identification:_identify(.) by extension 'ros'
[0.217s] Level 1:colcon.colcon_core.package_identification:_identify(.) by extensions ['cmake', 'python']
[0.218s] Level 1:colcon.colcon_core.package_identification:_identify(.) by extension 'cmake'
[0.218s] Level 1:colcon.colcon_core.package_identification:_identify(.) by extension 'python'
[0.218s] Level 1:colcon.colcon_core.package_identification:_identify(.) by extensions ['python_setup_py']
[0.218s] Level 1:colcon.colcon_core.package_identification:_identify(.) by extension 'python_setup_py'
[0.218s] Level 1:colcon.colcon_core.package_identification:_identify(build) by extensions ['ignore', 'ignore_ament_install']
[0.218s] Level 1:colcon.colcon_core.package_identification:_identify(build) by extension 'ignore'
[0.218s] Level 1:colcon.colcon_core.package_identification:_identify(build) ignored
[0.218s] Level 1:colcon.colcon_core.package_identification:_identify(install) by extensions ['ignore', 'ignore_ament_install']
[0.218s] Level 1:colcon.colcon_core.package_identification:_identify(install) by extension 'ignore'
[0.218s] Level 1:colcon.colcon_core.package_identification:_identify(install) ignored
[0.218s] Level 1:colcon.colcon_core.package_identification:_identify(log) by extensions ['ignore', 'ignore_ament_install']
[0.218s] Level 1:colcon.colcon_core.package_identification:_identify(log) by extension 'ignore'
[0.218s] Level 1:colcon.colcon_core.package_identification:_identify(log) ignored
[0.218s] Level 1:colcon.colcon_core.package_identification:_identify(src) by extensions ['ignore', 'ignore_ament_install']
[0.218s] Level 1:colcon.colcon_core.package_identification:_identify(src) by extension 'ignore'
[0.218s] Level 1:colcon.colcon_core.package_identification:_identify(src) by extension 'ignore_ament_install'
[0.218s] Level 1:colcon.colcon_core.package_identification:_identify(src) by extensions ['colcon_pkg']
[0.218s] Level 1:colcon.colcon_core.package_identification:_identify(src) by extension 'colcon_pkg'
[0.218s] Level 1:colcon.colcon_core.package_identification:_identify(src) by extensions ['colcon_meta']
[0.218s] Level 1:colcon.colcon_core.package_identification:_identify(src) by extension 'colcon_meta'
[0.218s] Level 1:colcon.colcon_core.package_identification:_identify(src) by extensions ['ros']
[0.218s] Level 1:colcon.colcon_core.package_identification:_identify(src) by extension 'ros'
[0.218s] Level 1:colcon.colcon_core.package_identification:_identify(src) by extensions ['cmake', 'python']
[0.218s] Level 1:colcon.colcon_core.package_identification:_identify(src) by extension 'cmake'
[0.219s] Level 1:colcon.colcon_core.package_identification:_identify(src) by extension 'python'
[0.219s] Level 1:colcon.colcon_core.package_identification:_identify(src) by extensions ['python_setup_py']
[0.219s] Level 1:colcon.colcon_core.package_identification:_identify(src) by extension 'python_setup_py'
[0.219s] Level 1:colcon.colcon_core.package_identification:_identify(src/atlas_base) by extensions ['ignore', 'ignore_ament_install']
[0.219s] Level 1:colcon.colcon_core.package_identification:_identify(src/atlas_base) by extension 'ignore'
[0.219s] Level 1:colcon.colcon_core.package_identification:_identify(src/atlas_base) by extension 'ignore_ament_install'
[0.219s] Level 1:colcon.colcon_core.package_identification:_identify(src/atlas_base) by extensions ['colcon_pkg']
[0.219s] Level 1:colcon.colcon_core.package_identification:_identify(src/atlas_base) by extension 'colcon_pkg'
[0.219s] Level 1:colcon.colcon_core.package_identification:_identify(src/atlas_base) by extensions ['colcon_meta']
[0.219s] Level 1:colcon.colcon_core.package_identification:_identify(src/atlas_base) by extension 'colcon_meta'
[0.219s] Level 1:colcon.colcon_core.package_identification:_identify(src/atlas_base) by extensions ['ros']
[0.219s] Level 1:colcon.colcon_core.package_identification:_identify(src/atlas_base) by extension 'ros'
[0.219s] Level 1:colcon.colcon_core.package_identification:_identify(src/atlas_base) by extensions ['cmake', 'python']
[0.219s] Level 1:colcon.colcon_core.package_identification:_identify(src/atlas_base) by extension 'cmake'
[0.219s] Level 1:colcon.colcon_core.package_identification:_identify(src/atlas_base) by extension 'python'
[0.219s] Level 1:colcon.colcon_core.package_identification:_identify(src/atlas_base) by extensions ['python_setup_py']
[0.219s] Level 1:colcon.colcon_core.package_identification:_identify(src/atlas_base) by extension 'python_setup_py'
[0.219s] Level 1:colcon.colcon_core.package_identification:_identify(src/atlas_base/atlas_api) by extensions ['ignore', 'ignore_ament_install']
[0.219s] Level 1:colcon.colcon_core.package_identification:_identify(src/atlas_base/atlas_api) by extension 'ignore'
[0.219s] Level 1:colcon.colcon_core.package_identification:_identify(src/atlas_base/atlas_api) by extension 'ignore_ament_install'
[0.219s] Level 1:colcon.colcon_core.package_identification:_identify(src/atlas_base/atlas_api) by extensions ['colcon_pkg']
[0.219s] Level 1:colcon.colcon_core.package_identification:_identify(src/atlas_base/atlas_api) by extension 'colcon_pkg'
[0.219s] Level 1:colcon.colcon_core.package_identification:_identify(src/atlas_base/atlas_api) by extensions ['colcon_meta']
[0.219s] Level 1:colcon.colcon_core.package_identification:_identify(src/atlas_base/atlas_api) by extension 'colcon_meta'
[0.219s] Level 1:colcon.colcon_core.package_identification:_identify(src/atlas_base/atlas_api) by extensions ['ros']
[0.219s] Level 1:colcon.colcon_core.package_identification:_identify(src/atlas_base/atlas_api) by extension 'ros'
[0.221s] DEBUG:colcon.colcon_core.package_identification:Package 'src/atlas_base/atlas_api' with type 'ros.ament_python' and name 'atlas_api'
[0.221s] Level 1:colcon.colcon_core.package_identification:_identify(src/atlas_base/atlas_app) by extensions ['ignore', 'ignore_ament_install']
[0.221s] Level 1:colcon.colcon_core.package_identification:_identify(src/atlas_base/atlas_app) by extension 'ignore'
[0.221s] Level 1:colcon.colcon_core.package_identification:_identify(src/atlas_base/atlas_app) by extension 'ignore_ament_install'
[0.221s] Level 1:colcon.colcon_core.package_identification:_identify(src/atlas_base/atlas_app) by extensions ['colcon_pkg']
[0.221s] Level 1:colcon.colcon_core.package_identification:_identify(src/atlas_base/atlas_app) by extension 'colcon_pkg'
[0.221s] Level 1:colcon.colcon_core.package_identification:_identify(src/atlas_base/atlas_app) by extensions ['colcon_meta']
[0.221s] Level 1:colcon.colcon_core.package_identification:_identify(src/atlas_base/atlas_app) by extension 'colcon_meta'
[0.221s] Level 1:colcon.colcon_core.package_identification:_identify(src/atlas_base/atlas_app) by extensions ['ros']
[0.221s] Level 1:colcon.colcon_core.package_identification:_identify(src/atlas_base/atlas_app) by extension 'ros'
[0.222s] DEBUG:colcon.colcon_core.package_identification:Package 'src/atlas_base/atlas_app' with type 'ros.ament_python' and name 'atlas_app'
[0.222s] Level 1:colcon.colcon_core.package_identification:_identify(src/atlas_base/atlas_app_robot) by extensions ['ignore', 'ignore_ament_install']
[0.222s] Level 1:colcon.colcon_core.package_identification:_identify(src/atlas_base/atlas_app_robot) by extension 'ignore'
[0.222s] Level 1:colcon.colcon_core.package_identification:_identify(src/atlas_base/atlas_app_robot) by extension 'ignore_ament_install'
[0.222s] Level 1:colcon.colcon_core.package_identification:_identify(src/atlas_base/atlas_app_robot) by extensions ['colcon_pkg']
[0.222s] Level 1:colcon.colcon_core.package_identification:_identify(src/atlas_base/atlas_app_robot) by extension 'colcon_pkg'
[0.222s] Level 1:colcon.colcon_core.package_identification:_identify(src/atlas_base/atlas_app_robot) by extensions ['colcon_meta']
[0.222s] Level 1:colcon.colcon_core.package_identification:_identify(src/atlas_base/atlas_app_robot) by extension 'colcon_meta'
[0.222s] Level 1:colcon.colcon_core.package_identification:_identify(src/atlas_base/atlas_app_robot) by extensions ['ros']
[0.222s] Level 1:colcon.colcon_core.package_identification:_identify(src/atlas_base/atlas_app_robot) by extension 'ros'
[0.223s] DEBUG:colcon.colcon_core.package_identification:Package 'src/atlas_base/atlas_app_robot' with type 'ros.ament_python' and name 'atlas_app_robot'
[0.223s] Level 1:colcon.colcon_core.package_identification:_identify(src/atlas_base/atlas_maps) by extensions ['ignore', 'ignore_ament_install']
[0.223s] Level 1:colcon.colcon_core.package_identification:_identify(src/atlas_base/atlas_maps) by extension 'ignore'
[0.223s] Level 1:colcon.colcon_core.package_identification:_identify(src/atlas_base/atlas_maps) by extension 'ignore_ament_install'
[0.223s] Level 1:colcon.colcon_core.package_identification:_identify(src/atlas_base/atlas_maps) by extensions ['colcon_pkg']
[0.223s] Level 1:colcon.colcon_core.package_identification:_identify(src/atlas_base/atlas_maps) by extension 'colcon_pkg'
[0.223s] Level 1:colcon.colcon_core.package_identification:_identify(src/atlas_base/atlas_maps) by extensions ['colcon_meta']
[0.223s] Level 1:colcon.colcon_core.package_identification:_identify(src/atlas_base/atlas_maps) by extension 'colcon_meta'
[0.223s] Level 1:colcon.colcon_core.package_identification:_identify(src/atlas_base/atlas_maps) by extensions ['ros']
[0.223s] Level 1:colcon.colcon_core.package_identification:_identify(src/atlas_base/atlas_maps) by extension 'ros'
[0.223s] Level 1:colcon.colcon_core.package_identification:_identify(src/atlas_base/atlas_maps) by extensions ['cmake', 'python']
[0.223s] Level 1:colcon.colcon_core.package_identification:_identify(src/atlas_base/atlas_maps) by extension 'cmake'
[0.223s] Level 1:colcon.colcon_core.package_identification:_identify(src/atlas_base/atlas_maps) by extension 'python'
[0.223s] Level 1:colcon.colcon_core.package_identification:_identify(src/atlas_base/atlas_maps) by extensions ['python_setup_py']
[0.223s] Level 1:colcon.colcon_core.package_identification:_identify(src/atlas_base/atlas_maps) by extension 'python_setup_py'
[0.223s] Level 1:colcon.colcon_core.package_identification:_identify(src/atlas_base/atlas_maps/map1) by extensions ['ignore', 'ignore_ament_install']
[0.223s] Level 1:colcon.colcon_core.package_identification:_identify(src/atlas_base/atlas_maps/map1) by extension 'ignore'
[0.223s] Level 1:colcon.colcon_core.package_identification:_identify(src/atlas_base/atlas_maps/map1) by extension 'ignore_ament_install'
[0.223s] Level 1:colcon.colcon_core.package_identification:_identify(src/atlas_base/atlas_maps/map1) by extensions ['colcon_pkg']
[0.223s] Level 1:colcon.colcon_core.package_identification:_identify(src/atlas_base/atlas_maps/map1) by extension 'colcon_pkg'
[0.223s] Level 1:colcon.colcon_core.package_identification:_identify(src/atlas_base/atlas_maps/map1) by extensions ['colcon_meta']
[0.224s] Level 1:colcon.colcon_core.package_identification:_identify(src/atlas_base/atlas_maps/map1) by extension 'colcon_meta'
[0.224s] Level 1:colcon.colcon_core.package_identification:_identify(src/atlas_base/atlas_maps/map1) by extensions ['ros']
[0.224s] Level 1:colcon.colcon_core.package_identification:_identify(src/atlas_base/atlas_maps/map1) by extension 'ros'
[0.224s] Level 1:colcon.colcon_core.package_identification:_identify(src/atlas_base/atlas_maps/map1) by extensions ['cmake', 'python']
[0.224s] Level 1:colcon.colcon_core.package_identification:_identify(src/atlas_base/atlas_maps/map1) by extension 'cmake'
[0.224s] Level 1:colcon.colcon_core.package_identification:_identify(src/atlas_base/atlas_maps/map1) by extension 'python'
[0.224s] Level 1:colcon.colcon_core.package_identification:_identify(src/atlas_base/atlas_maps/map1) by extensions ['python_setup_py']
[0.224s] Level 1:colcon.colcon_core.package_identification:_identify(src/atlas_base/atlas_maps/map1) by extension 'python_setup_py'
[0.224s] Level 1:colcon.colcon_core.package_identification:_identify(src/atlas_base/atlas_maps/map5) by extensions ['ignore', 'ignore_ament_install']
[0.224s] Level 1:colcon.colcon_core.package_identification:_identify(src/atlas_base/atlas_maps/map5) by extension 'ignore'
[0.224s] Level 1:colcon.colcon_core.package_identification:_identify(src/atlas_base/atlas_maps/map5) by extension 'ignore_ament_install'
[0.224s] Level 1:colcon.colcon_core.package_identification:_identify(src/atlas_base/atlas_maps/map5) by extensions ['colcon_pkg']
[0.224s] Level 1:colcon.colcon_core.package_identification:_identify(src/atlas_base/atlas_maps/map5) by extension 'colcon_pkg'
[0.224s] Level 1:colcon.colcon_core.package_identification:_identify(src/atlas_base/atlas_maps/map5) by extensions ['colcon_meta']
[0.224s] Level 1:colcon.colcon_core.package_identification:_identify(src/atlas_base/atlas_maps/map5) by extension 'colcon_meta'
[0.224s] Level 1:colcon.colcon_core.package_identification:_identify(src/atlas_base/atlas_maps/map5) by extensions ['ros']
[0.224s] Level 1:colcon.colcon_core.package_identification:_identify(src/atlas_base/atlas_maps/map5) by extension 'ros'
[0.224s] Level 1:colcon.colcon_core.package_identification:_identify(src/atlas_base/atlas_maps/map5) by extensions ['cmake', 'python']
[0.224s] Level 1:colcon.colcon_core.package_identification:_identify(src/atlas_base/atlas_maps/map5) by extension 'cmake'
[0.224s] Level 1:colcon.colcon_core.package_identification:_identify(src/atlas_base/atlas_maps/map5) by extension 'python'
[0.224s] Level 1:colcon.colcon_core.package_identification:_identify(src/atlas_base/atlas_maps/map5) by extensions ['python_setup_py']
[0.224s] Level 1:colcon.colcon_core.package_identification:_identify(src/atlas_base/atlas_maps/map5) by extension 'python_setup_py'
[0.224s] Level 1:colcon.colcon_core.package_identification:_identify(src/atlas_base/atlas_maps/map6) by extensions ['ignore', 'ignore_ament_install']
[0.224s] Level 1:colcon.colcon_core.package_identification:_identify(src/atlas_base/atlas_maps/map6) by extension 'ignore'
[0.224s] Level 1:colcon.colcon_core.package_identification:_identify(src/atlas_base/atlas_maps/map6) by extension 'ignore_ament_install'
[0.224s] Level 1:colcon.colcon_core.package_identification:_identify(src/atlas_base/atlas_maps/map6) by extensions ['colcon_pkg']
[0.224s] Level 1:colcon.colcon_core.package_identification:_identify(src/atlas_base/atlas_maps/map6) by extension 'colcon_pkg'
[0.224s] Level 1:colcon.colcon_core.package_identification:_identify(src/atlas_base/atlas_maps/map6) by extensions ['colcon_meta']
[0.224s] Level 1:colcon.colcon_core.package_identification:_identify(src/atlas_base/atlas_maps/map6) by extension 'colcon_meta'
[0.224s] Level 1:colcon.colcon_core.package_identification:_identify(src/atlas_base/atlas_maps/map6) by extensions ['ros']
[0.224s] Level 1:colcon.colcon_core.package_identification:_identify(src/atlas_base/atlas_maps/map6) by extension 'ros'
[0.224s] Level 1:colcon.colcon_core.package_identification:_identify(src/atlas_base/atlas_maps/map6) by extensions ['cmake', 'python']
[0.224s] Level 1:colcon.colcon_core.package_identification:_identify(src/atlas_base/atlas_maps/map6) by extension 'cmake'
[0.224s] Level 1:colcon.colcon_core.package_identification:_identify(src/atlas_base/atlas_maps/map6) by extension 'python'
[0.225s] Level 1:colcon.colcon_core.package_identification:_identify(src/atlas_base/atlas_maps/map6) by extensions ['python_setup_py']
[0.225s] Level 1:colcon.colcon_core.package_identification:_identify(src/atlas_base/atlas_maps/map6) by extension 'python_setup_py'
[0.225s] Level 1:colcon.colcon_core.package_identification:_identify(src/atlas_base/atlas_slam) by extensions ['ignore', 'ignore_ament_install']
[0.225s] Level 1:colcon.colcon_core.package_identification:_identify(src/atlas_base/atlas_slam) by extension 'ignore'
[0.225s] Level 1:colcon.colcon_core.package_identification:_identify(src/atlas_base/atlas_slam) by extension 'ignore_ament_install'
[0.225s] Level 1:colcon.colcon_core.package_identification:_identify(src/atlas_base/atlas_slam) by extensions ['colcon_pkg']
[0.225s] Level 1:colcon.colcon_core.package_identification:_identify(src/atlas_base/atlas_slam) by extension 'colcon_pkg'
[0.225s] Level 1:colcon.colcon_core.package_identification:_identify(src/atlas_base/atlas_slam) by extensions ['colcon_meta']
[0.225s] Level 1:colcon.colcon_core.package_identification:_identify(src/atlas_base/atlas_slam) by extension 'colcon_meta'
[0.225s] Level 1:colcon.colcon_core.package_identification:_identify(src/atlas_base/atlas_slam) by extensions ['ros']
[0.225s] Level 1:colcon.colcon_core.package_identification:_identify(src/atlas_base/atlas_slam) by extension 'ros'
[0.225s] DEBUG:colcon.colcon_core.package_identification:Package 'src/atlas_base/atlas_slam' with type 'ros.ament_cmake' and name 'atlas_slam'
[0.225s] Level 1:colcon.colcon_core.package_identification:_identify(src/atlas_base/atlas_web) by extensions ['ignore', 'ignore_ament_install']
[0.225s] Level 1:colcon.colcon_core.package_identification:_identify(src/atlas_base/atlas_web) by extension 'ignore'
[0.225s] Level 1:colcon.colcon_core.package_identification:_identify(src/atlas_base/atlas_web) by extension 'ignore_ament_install'
[0.225s] Level 1:colcon.colcon_core.package_identification:_identify(src/atlas_base/atlas_web) by extensions ['colcon_pkg']
[0.225s] Level 1:colcon.colcon_core.package_identification:_identify(src/atlas_base/atlas_web) by extension 'colcon_pkg'
[0.225s] Level 1:colcon.colcon_core.package_identification:_identify(src/atlas_base/atlas_web) by extensions ['colcon_meta']
[0.225s] Level 1:colcon.colcon_core.package_identification:_identify(src/atlas_base/atlas_web) by extension 'colcon_meta'
[0.225s] Level 1:colcon.colcon_core.package_identification:_identify(src/atlas_base/atlas_web) by extensions ['ros']
[0.225s] Level 1:colcon.colcon_core.package_identification:_identify(src/atlas_base/atlas_web) by extension 'ros'
[0.226s] DEBUG:colcon.colcon_core.package_identification:Package 'src/atlas_base/atlas_web' with type 'ros.ament_python' and name 'atlas_web'
[0.226s] Level 1:colcon.colcon_core.package_identification:_identify(src/c1_bringup) by extensions ['ignore', 'ignore_ament_install']
[0.226s] Level 1:colcon.colcon_core.package_identification:_identify(src/c1_bringup) by extension 'ignore'
[0.226s] Level 1:colcon.colcon_core.package_identification:_identify(src/c1_bringup) by extension 'ignore_ament_install'
[0.226s] Level 1:colcon.colcon_core.package_identification:_identify(src/c1_bringup) by extensions ['colcon_pkg']
[0.226s] Level 1:colcon.colcon_core.package_identification:_identify(src/c1_bringup) by extension 'colcon_pkg'
[0.226s] Level 1:colcon.colcon_core.package_identification:_identify(src/c1_bringup) by extensions ['colcon_meta']
[0.226s] Level 1:colcon.colcon_core.package_identification:_identify(src/c1_bringup) by extension 'colcon_meta'
[0.226s] Level 1:colcon.colcon_core.package_identification:_identify(src/c1_bringup) by extensions ['ros']
[0.226s] Level 1:colcon.colcon_core.package_identification:_identify(src/c1_bringup) by extension 'ros'
[0.226s] DEBUG:colcon.colcon_core.package_identification:Package 'src/c1_bringup' with type 'ros.ament_cmake' and name 'c1_bringup'
[0.226s] Level 1:colcon.colcon_core.package_identification:_identify(src/c1_description) by extensions ['ignore', 'ignore_ament_install']
[0.226s] Level 1:colcon.colcon_core.package_identification:_identify(src/c1_description) by extension 'ignore'
[0.227s] Level 1:colcon.colcon_core.package_identification:_identify(src/c1_description) by extension 'ignore_ament_install'
[0.227s] Level 1:colcon.colcon_core.package_identification:_identify(src/c1_description) by extensions ['colcon_pkg']
[0.227s] Level 1:colcon.colcon_core.package_identification:_identify(src/c1_description) by extension 'colcon_pkg'
[0.227s] Level 1:colcon.colcon_core.package_identification:_identify(src/c1_description) by extensions ['colcon_meta']
[0.227s] Level 1:colcon.colcon_core.package_identification:_identify(src/c1_description) by extension 'colcon_meta'
[0.227s] Level 1:colcon.colcon_core.package_identification:_identify(src/c1_description) by extensions ['ros']
[0.227s] Level 1:colcon.colcon_core.package_identification:_identify(src/c1_description) by extension 'ros'
[0.227s] DEBUG:colcon.colcon_core.package_identification:Package 'src/c1_description' with type 'ros.ament_cmake' and name 'c1_description'
[0.227s] Level 1:colcon.colcon_core.package_identification:_identify(src/c1_driver) by extensions ['ignore', 'ignore_ament_install']
[0.227s] Level 1:colcon.colcon_core.package_identification:_identify(src/c1_driver) by extension 'ignore'
[0.227s] Level 1:colcon.colcon_core.package_identification:_identify(src/c1_driver) by extension 'ignore_ament_install'
[0.227s] Level 1:colcon.colcon_core.package_identification:_identify(src/c1_driver) by extensions ['colcon_pkg']
[0.227s] Level 1:colcon.colcon_core.package_identification:_identify(src/c1_driver) by extension 'colcon_pkg'
[0.227s] Level 1:colcon.colcon_core.package_identification:_identify(src/c1_driver) by extensions ['colcon_meta']
[0.227s] Level 1:colcon.colcon_core.package_identification:_identify(src/c1_driver) by extension 'colcon_meta'
[0.227s] Level 1:colcon.colcon_core.package_identification:_identify(src/c1_driver) by extensions ['ros']
[0.227s] Level 1:colcon.colcon_core.package_identification:_identify(src/c1_driver) by extension 'ros'
[0.228s] DEBUG:colcon.colcon_core.package_identification:Package 'src/c1_driver' with type 'ros.ament_cmake' and name 'c1_driver'
[0.228s] Level 1:colcon.colcon_core.package_identification:_identify(src/c1_platform) by extensions ['ignore', 'ignore_ament_install']
[0.228s] Level 1:colcon.colcon_core.package_identification:_identify(src/c1_platform) by extension 'ignore'
[0.228s] Level 1:colcon.colcon_core.package_identification:_identify(src/c1_platform) by extension 'ignore_ament_install'
[0.228s] Level 1:colcon.colcon_core.package_identification:_identify(src/c1_platform) by extensions ['colcon_pkg']
[0.228s] Level 1:colcon.colcon_core.package_identification:_identify(src/c1_platform) by extension 'colcon_pkg'
[0.228s] Level 1:colcon.colcon_core.package_identification:_identify(src/c1_platform) by extensions ['colcon_meta']
[0.228s] Level 1:colcon.colcon_core.package_identification:_identify(src/c1_platform) by extension 'colcon_meta'
[0.228s] Level 1:colcon.colcon_core.package_identification:_identify(src/c1_platform) by extensions ['ros']
[0.228s] Level 1:colcon.colcon_core.package_identification:_identify(src/c1_platform) by extension 'ros'
[0.228s] DEBUG:colcon.colcon_core.package_identification:Package 'src/c1_platform' with type 'ros.ament_cmake' and name 'c1_platform'
[0.228s] Level 1:colcon.colcon_core.package_identification:_identify(src/c1_sdk) by extensions ['ignore', 'ignore_ament_install']
[0.228s] Level 1:colcon.colcon_core.package_identification:_identify(src/c1_sdk) by extension 'ignore'
[0.229s] Level 1:colcon.colcon_core.package_identification:_identify(src/c1_sdk) by extension 'ignore_ament_install'
[0.229s] Level 1:colcon.colcon_core.package_identification:_identify(src/c1_sdk) by extensions ['colcon_pkg']
[0.229s] Level 1:colcon.colcon_core.package_identification:_identify(src/c1_sdk) by extension 'colcon_pkg'
[0.229s] Level 1:colcon.colcon_core.package_identification:_identify(src/c1_sdk) by extensions ['colcon_meta']
[0.229s] Level 1:colcon.colcon_core.package_identification:_identify(src/c1_sdk) by extension 'colcon_meta'
[0.229s] Level 1:colcon.colcon_core.package_identification:_identify(src/c1_sdk) by extensions ['ros']
[0.229s] Level 1:colcon.colcon_core.package_identification:_identify(src/c1_sdk) by extension 'ros'
[0.229s] Level 1:colcon.colcon_core.package_identification:_identify(src/c1_sdk) by extensions ['cmake', 'python']
[0.229s] Level 1:colcon.colcon_core.package_identification:_identify(src/c1_sdk) by extension 'cmake'
[0.229s] Level 1:colcon.colcon_core.package_identification:_identify(src/c1_sdk) by extension 'python'
[0.229s] Level 1:colcon.colcon_core.package_identification:_identify(src/c1_sdk) by extensions ['python_setup_py']
[0.229s] Level 1:colcon.colcon_core.package_identification:_identify(src/c1_sdk) by extension 'python_setup_py'
[0.229s] Level 1:colcon.colcon_core.package_identification:_identify(src/c1_sdk/rf2o_laser_odometry) by extensions ['ignore', 'ignore_ament_install']
[0.229s] Level 1:colcon.colcon_core.package_identification:_identify(src/c1_sdk/rf2o_laser_odometry) by extension 'ignore'
[0.229s] Level 1:colcon.colcon_core.package_identification:_identify(src/c1_sdk/rf2o_laser_odometry) by extension 'ignore_ament_install'
[0.229s] Level 1:colcon.colcon_core.package_identification:_identify(src/c1_sdk/rf2o_laser_odometry) by extensions ['colcon_pkg']
[0.229s] Level 1:colcon.colcon_core.package_identification:_identify(src/c1_sdk/rf2o_laser_odometry) by extension 'colcon_pkg'
[0.229s] Level 1:colcon.colcon_core.package_identification:_identify(src/c1_sdk/rf2o_laser_odometry) by extensions ['colcon_meta']
[0.229s] Level 1:colcon.colcon_core.package_identification:_identify(src/c1_sdk/rf2o_laser_odometry) by extension 'colcon_meta'
[0.229s] Level 1:colcon.colcon_core.package_identification:_identify(src/c1_sdk/rf2o_laser_odometry) by extensions ['ros']
[0.229s] Level 1:colcon.colcon_core.package_identification:_identify(src/c1_sdk/rf2o_laser_odometry) by extension 'ros'
[0.230s] DEBUG:colcon.colcon_core.package_identification:Package 'src/c1_sdk/rf2o_laser_odometry' with type 'ros.ament_cmake' and name 'rf2o_laser_odometry'
[0.230s] Level 1:colcon.colcon_core.package_identification:_identify(src/c1_sdk/ydlidar_ros2_driver) by extensions ['ignore', 'ignore_ament_install']
[0.230s] Level 1:colcon.colcon_core.package_identification:_identify(src/c1_sdk/ydlidar_ros2_driver) by extension 'ignore'
[0.230s] Level 1:colcon.colcon_core.package_identification:_identify(src/c1_sdk/ydlidar_ros2_driver) by extension 'ignore_ament_install'
[0.230s] Level 1:colcon.colcon_core.package_identification:_identify(src/c1_sdk/ydlidar_ros2_driver) by extensions ['colcon_pkg']
[0.230s] Level 1:colcon.colcon_core.package_identification:_identify(src/c1_sdk/ydlidar_ros2_driver) by extension 'colcon_pkg'
[0.230s] Level 1:colcon.colcon_core.package_identification:_identify(src/c1_sdk/ydlidar_ros2_driver) by extensions ['colcon_meta']
[0.230s] Level 1:colcon.colcon_core.package_identification:_identify(src/c1_sdk/ydlidar_ros2_driver) by extension 'colcon_meta'
[0.230s] Level 1:colcon.colcon_core.package_identification:_identify(src/c1_sdk/ydlidar_ros2_driver) by extensions ['ros']
[0.230s] Level 1:colcon.colcon_core.package_identification:_identify(src/c1_sdk/ydlidar_ros2_driver) by extension 'ros'
[0.231s] DEBUG:colcon.colcon_core.package_identification:Package 'src/c1_sdk/ydlidar_ros2_driver' with type 'ros.ament_cmake' and name 'ydlidar_ros2_driver'
[0.231s] Level 1:colcon.colcon_core.package_discovery:discover_packages(recursive) using defaults
[0.231s] Level 1:colcon.colcon_core.package_discovery:discover_packages(ignore) discover
[0.231s] Level 1:colcon.colcon_core.package_discovery:discover_packages(ignore) using defaults
[0.231s] Level 1:colcon.colcon_core.package_discovery:discover_packages(path) discover
[0.231s] Level 1:colcon.colcon_core.package_discovery:discover_packages(path) using defaults
[0.245s] INFO:colcon.colcon_core.package_selection:Skipping not selected package 'atlas_api' in 'src/atlas_base/atlas_api'
[0.245s] INFO:colcon.colcon_core.package_selection:Skipping not selected package 'atlas_app_robot' in 'src/atlas_base/atlas_app_robot'
[0.245s] INFO:colcon.colcon_core.package_selection:Skipping not selected package 'atlas_slam' in 'src/atlas_base/atlas_slam'
[0.245s] INFO:colcon.colcon_core.package_selection:Skipping not selected package 'atlas_web' in 'src/atlas_base/atlas_web'
[0.245s] INFO:colcon.colcon_core.package_selection:Skipping not selected package 'c1_description' in 'src/c1_description'
[0.245s] INFO:colcon.colcon_core.package_selection:Skipping not selected package 'c1_driver' in 'src/c1_driver'
[0.245s] INFO:colcon.colcon_core.package_selection:Skipping not selected package 'c1_platform' in 'src/c1_platform'
[0.245s] INFO:colcon.colcon_core.package_selection:Skipping not selected package 'rf2o_laser_odometry' in 'src/c1_sdk/rf2o_laser_odometry'
[0.245s] INFO:colcon.colcon_core.package_selection:Skipping not selected package 'ydlidar_ros2_driver' in 'src/c1_sdk/ydlidar_ros2_driver'
[0.245s] INFO:colcon.colcon_core.package_selection:Skipping not selected package 'atlas_app' in 'src/atlas_base/atlas_app'
[0.246s] Level 1:colcon.colcon_core.package_discovery:discover_packages(prefix_path) check parameters
[0.246s] Level 1:colcon.colcon_core.package_discovery:discover_packages(prefix_path) discover
[0.247s] DEBUG:colcon.colcon_installed_package_information.package_discovery:Found 429 installed packages in /opt/ros/humble
[0.249s] Level 1:colcon.colcon_core.package_discovery:discover_packages(prefix_path) using defaults
[0.281s] Level 5:colcon.colcon_core.verb:set package 'c1_bringup' build argument 'cmake_args' from command line to 'None'
[0.282s] Level 5:colcon.colcon_core.verb:set package 'c1_bringup' build argument 'cmake_target' from command line to 'None'
[0.282s] Level 5:colcon.colcon_core.verb:set package 'c1_bringup' build argument 'cmake_target_skip_unavailable' from command line to 'False'
[0.282s] Level 5:colcon.colcon_core.verb:set package 'c1_bringup' build argument 'cmake_clean_cache' from command line to 'False'
[0.282s] Level 5:colcon.colcon_core.verb:set package 'c1_bringup' build argument 'cmake_clean_first' from command line to 'False'
[0.282s] Level 5:colcon.colcon_core.verb:set package 'c1_bringup' build argument 'cmake_force_configure' from command line to 'False'
[0.282s] Level 5:colcon.colcon_core.verb:set package 'c1_bringup' build argument 'ament_cmake_args' from command line to 'None'
[0.282s] Level 5:colcon.colcon_core.verb:set package 'c1_bringup' build argument 'catkin_cmake_args' from command line to 'None'
[0.282s] Level 5:colcon.colcon_core.verb:set package 'c1_bringup' build argument 'catkin_skip_building_tests' from command line to 'False'
[0.282s] DEBUG:colcon.colcon_core.verb:Building package 'c1_bringup' with the following arguments: {'ament_cmake_args': None, 'build_base': '/home/doanh/atlas_c1/build/c1_bringup', 'catkin_cmake_args': None, 'catkin_skip_building_tests': False, 'cmake_args': None, 'cmake_clean_cache': False, 'cmake_clean_first': False, 'cmake_force_configure': False, 'cmake_target': None, 'cmake_target_skip_unavailable': False, 'install_base': '/home/doanh/atlas_c1/install/c1_bringup', 'merge_install': False, 'path': '/home/doanh/atlas_c1/src/c1_bringup', 'symlink_install': False, 'test_result_base': None}
[0.282s] INFO:colcon.colcon_core.executor:Executing jobs using 'parallel' executor
[0.283s] DEBUG:colcon.colcon_parallel_executor.executor.parallel:run_until_complete
[0.283s] INFO:colcon.colcon_ros.task.ament_cmake.build:Building ROS package in '/home/doanh/atlas_c1/src/c1_bringup' with build type 'ament_cmake'
[0.283s] INFO:colcon.colcon_cmake.task.cmake.build:Building CMake package in '/home/doanh/atlas_c1/src/c1_bringup'
[0.284s] INFO:colcon.colcon_core.plugin_system:Skipping extension 'colcon_core.shell.bat': Not used on non-Windows systems
[0.284s] INFO:colcon.colcon_core.shell:Skip shell extension 'powershell' for command environment: Not usable outside of PowerShell
[0.284s] DEBUG:colcon.colcon_core.shell:Skip shell extension 'dsv' for command environment
[0.289s] DEBUG:colcon.colcon_core.event_handler.log_command:Invoking command in '/home/doanh/atlas_c1/build/c1_bringup': CMAKE_PREFIX_PATH=/opt/ros/humble /home/doanh/.local/bin/cmake --build /home/doanh/atlas_c1/build/c1_bringup -- -j12 -l12
[0.350s] DEBUG:colcon.colcon_core.event_handler.log_command:Invoked command in '/home/doanh/atlas_c1/build/c1_bringup' returned '0': CMAKE_PREFIX_PATH=/opt/ros/humble /home/doanh/.local/bin/cmake --build /home/doanh/atlas_c1/build/c1_bringup -- -j12 -l12
[0.403s] DEBUG:colcon.colcon_core.event_handler.log_command:Invoking command in '/home/doanh/atlas_c1/build/c1_bringup': CMAKE_PREFIX_PATH=/opt/ros/humble /home/doanh/.local/bin/cmake --install /home/doanh/atlas_c1/build/c1_bringup
[0.456s] Level 1:colcon.colcon_core.environment:create_environment_scripts_only(c1_bringup)
[0.456s] DEBUG:colcon.colcon_core.event_handler.log_command:Invoked command in '/home/doanh/atlas_c1/build/c1_bringup' returned '0': CMAKE_PREFIX_PATH=/opt/ros/humble /home/doanh/.local/bin/cmake --install /home/doanh/atlas_c1/build/c1_bringup
[0.458s] Level 1:colcon.colcon_core.environment:checking '/home/doanh/atlas_c1/install/c1_bringup' for CMake module files
[0.458s] Level 1:colcon.colcon_core.environment:checking '/home/doanh/atlas_c1/install/c1_bringup' for CMake config files
[0.458s] Level 1:colcon.colcon_core.shell:create_environment_hook('c1_bringup', 'cmake_prefix_path')
[0.458s] INFO:colcon.colcon_core.shell:Creating environment hook '/home/doanh/atlas_c1/install/c1_bringup/share/c1_bringup/hook/cmake_prefix_path.ps1'
[0.459s] INFO:colcon.colcon_core.shell:Creating environment descriptor '/home/doanh/atlas_c1/install/c1_bringup/share/c1_bringup/hook/cmake_prefix_path.dsv'
[0.459s] INFO:colcon.colcon_core.shell:Creating environment hook '/home/doanh/atlas_c1/install/c1_bringup/share/c1_bringup/hook/cmake_prefix_path.sh'
[0.460s] Level 1:colcon.colcon_core.environment:checking '/home/doanh/atlas_c1/install/c1_bringup/bin'
[0.460s] Level 1:colcon.colcon_core.environment:checking '/home/doanh/atlas_c1/install/c1_bringup/lib/pkgconfig/c1_bringup.pc'
[0.460s] Level 1:colcon.colcon_core.environment:checking '/home/doanh/atlas_c1/install/c1_bringup/lib/python3.10/site-packages'
[0.460s] Level 1:colcon.colcon_core.environment:checking '/home/doanh/atlas_c1/install/c1_bringup/bin'
[0.460s] INFO:colcon.colcon_core.shell:Creating package script '/home/doanh/atlas_c1/install/c1_bringup/share/c1_bringup/package.ps1'
[0.461s] INFO:colcon.colcon_core.shell:Creating package descriptor '/home/doanh/atlas_c1/install/c1_bringup/share/c1_bringup/package.dsv'
[0.461s] INFO:colcon.colcon_core.shell:Creating package script '/home/doanh/atlas_c1/install/c1_bringup/share/c1_bringup/package.sh'
[0.462s] INFO:colcon.colcon_core.shell:Creating package script '/home/doanh/atlas_c1/install/c1_bringup/share/c1_bringup/package.bash'
[0.462s] INFO:colcon.colcon_core.shell:Creating package script '/home/doanh/atlas_c1/install/c1_bringup/share/c1_bringup/package.zsh'
[0.463s] Level 1:colcon.colcon_core.environment:create_file_with_runtime_dependencies(/home/doanh/atlas_c1/install/c1_bringup/share/colcon-core/packages/c1_bringup)
[0.463s] Level 1:colcon.colcon_core.environment:create_environment_scripts_only(c1_bringup)
[0.463s] Level 1:colcon.colcon_core.environment:checking '/home/doanh/atlas_c1/install/c1_bringup' for CMake module files
[0.463s] Level 1:colcon.colcon_core.environment:checking '/home/doanh/atlas_c1/install/c1_bringup' for CMake config files
[0.464s] Level 1:colcon.colcon_core.shell:create_environment_hook('c1_bringup', 'cmake_prefix_path')
[0.464s] INFO:colcon.colcon_core.shell:Creating environment hook '/home/doanh/atlas_c1/install/c1_bringup/share/c1_bringup/hook/cmake_prefix_path.ps1'
[0.464s] INFO:colcon.colcon_core.shell:Creating environment descriptor '/home/doanh/atlas_c1/install/c1_bringup/share/c1_bringup/hook/cmake_prefix_path.dsv'
[0.464s] INFO:colcon.colcon_core.shell:Creating environment hook '/home/doanh/atlas_c1/install/c1_bringup/share/c1_bringup/hook/cmake_prefix_path.sh'
[0.464s] Level 1:colcon.colcon_core.environment:checking '/home/doanh/atlas_c1/install/c1_bringup/bin'
[0.464s] Level 1:colcon.colcon_core.environment:checking '/home/doanh/atlas_c1/install/c1_bringup/lib/pkgconfig/c1_bringup.pc'
[0.465s] Level 1:colcon.colcon_core.environment:checking '/home/doanh/atlas_c1/install/c1_bringup/lib/python3.10/site-packages'
[0.465s] Level 1:colcon.colcon_core.environment:checking '/home/doanh/atlas_c1/install/c1_bringup/bin'
[0.465s] INFO:colcon.colcon_core.shell:Creating package script '/home/doanh/atlas_c1/install/c1_bringup/share/c1_bringup/package.ps1'
[0.465s] INFO:colcon.colcon_core.shell:Creating package descriptor '/home/doanh/atlas_c1/install/c1_bringup/share/c1_bringup/package.dsv'
[0.466s] INFO:colcon.colcon_core.shell:Creating package script '/home/doanh/atlas_c1/install/c1_bringup/share/c1_bringup/package.sh'
[0.466s] INFO:colcon.colcon_core.shell:Creating package script '/home/doanh/atlas_c1/install/c1_bringup/share/c1_bringup/package.bash'
[0.466s] INFO:colcon.colcon_core.shell:Creating package script '/home/doanh/atlas_c1/install/c1_bringup/share/c1_bringup/package.zsh'
[0.466s] Level 1:colcon.colcon_core.environment:create_file_with_runtime_dependencies(/home/doanh/atlas_c1/install/c1_bringup/share/colcon-core/packages/c1_bringup)
[0.466s] DEBUG:colcon.colcon_parallel_executor.executor.parallel:closing loop
[0.467s] DEBUG:colcon.colcon_parallel_executor.executor.parallel:loop closed
[0.467s] DEBUG:colcon.colcon_parallel_executor.executor.parallel:run_until_complete finished with '0'
[0.467s] DEBUG:colcon.colcon_core.event_reactor:joining thread
[0.470s] INFO:colcon.colcon_core.plugin_system:Skipping extension 'colcon_notification.desktop_notification.terminal_notifier': Not used on non-Darwin systems
[0.470s] INFO:colcon.colcon_core.plugin_system:Skipping extension 'colcon_notification.desktop_notification.win32': Not used on non-Windows systems
[0.470s] INFO:colcon.colcon_notification.desktop_notification:Sending desktop notification using 'notify2'
[0.478s] DEBUG:colcon.colcon_core.event_reactor:joined thread
[0.478s] INFO:colcon.colcon_core.shell:Creating prefix script '/home/doanh/atlas_c1/install/local_setup.ps1'
[0.479s] INFO:colcon.colcon_core.shell:Creating prefix util module '/home/doanh/atlas_c1/install/_local_setup_util_ps1.py'
[0.480s] INFO:colcon.colcon_core.shell:Creating prefix chain script '/home/doanh/atlas_c1/install/setup.ps1'
[0.480s] INFO:colcon.colcon_core.shell:Creating prefix script '/home/doanh/atlas_c1/install/local_setup.sh'
[0.481s] INFO:colcon.colcon_core.shell:Creating prefix util module '/home/doanh/atlas_c1/install/_local_setup_util_sh.py'
[0.481s] INFO:colcon.colcon_core.shell:Creating prefix chain script '/home/doanh/atlas_c1/install/setup.sh'
[0.482s] INFO:colcon.colcon_core.shell:Creating prefix script '/home/doanh/atlas_c1/install/local_setup.bash'
[0.482s] INFO:colcon.colcon_core.shell:Creating prefix chain script '/home/doanh/atlas_c1/install/setup.bash'
[0.482s] INFO:colcon.colcon_core.shell:Creating prefix script '/home/doanh/atlas_c1/install/local_setup.zsh'
[0.483s] INFO:colcon.colcon_core.shell:Creating prefix chain script '/home/doanh/atlas_c1/install/setup.zsh'
