[  2%] [0mBuilt target c1_driver__cpp[0m
[ 12%] [0mBuilt target c1_driver__rosidl_generator_c[0m
[ 15%] [0mBuilt target c1_driver__rs[0m
[ 15%] [0mBuilt target ament_cmake_python_copy_c1_driver[0m
[ 55%] [0mBuilt target c1_driver__rosidl_typesupport_c[0m
[ 55%] [0mBuilt target c1_driver__rosidl_typesupport_fastrtps_cpp[0m
[ 55%] [0mBuilt target c1_driver__rosidl_typesupport_introspection_cpp[0m
[ 55%] [0mBuilt target c1_driver__rosidl_typesupport_cpp[0m
[ 65%] [0mBuilt target c1_driver__rosidl_typesupport_introspection_c[0m
[ 75%] [0mBuilt target c1_driver__rosidl_typesupport_fastrtps_c[0m
[ 75%] [0mBuilt target c1_driver[0m
[ 77%] [0mBuilt target c1_driver__py[0m
[ 85%] [0mBuilt target c1_driver__rosidl_generator_py[0m
[ 90%] [0mBuilt target c1_driver__rosidl_typesupport_fastrtps_c__pyext[0m
[100%] [0mBuilt target c1_driver__rosidl_typesupport_c__pyext[0m
[100%] [0mBuilt target c1_driver__rosidl_typesupport_introspection_c__pyext[0m
running egg_info
writing c1_driver.egg-info/PKG-INFO
writing dependency_links to c1_driver.egg-info/dependency_links.txt
writing top-level names to c1_driver.egg-info/top_level.txt
reading manifest file 'c1_driver.egg-info/SOURCES.txt'
writing manifest file 'c1_driver.egg-info/SOURCES.txt'
[100%] [0mBuilt target ament_cmake_python_build_c1_driver_egg[0m
