[0.637s] Invoking command in '/home/doanh/atlas_c1/build/c1_driver': CMAKE_PREFIX_PATH=${CMAKE_PREFIX_PATH}:/home/doanh/atlas_c1/install/atlas_web:/home/doanh/atlas_c1/install/atlas_app:/home/doanh/atlas_c1/install/atlas_app_robot:/home/doanh/atlas_c1/install/atlas_api:/opt/ros/humble /home/doanh/.local/bin/cmake --build /home/doanh/atlas_c1/build/c1_driver -- -j12 -l12
[0.757s] [  2%] [0mBuilt target c1_driver__cpp[0m
[0.757s] [ 12%] [0mBuilt target c1_driver__rosidl_generator_c[0m
[0.757s] [ 15%] [0mBuilt target c1_driver__rs[0m
[0.765s] [ 15%] [0mBuilt target ament_cmake_python_copy_c1_driver[0m
[0.772s] [ 55%] [0mBuilt target c1_driver__rosidl_typesupport_c[0m
[0.772s] [ 55%] [0mBuilt target c1_driver__rosidl_typesupport_fastrtps_cpp[0m
[0.772s] [ 55%] [0mBuilt target c1_driver__rosidl_typesupport_introspection_cpp[0m
[0.772s] [ 55%] [0mBuilt target c1_driver__rosidl_typesupport_cpp[0m
[0.772s] [ 65%] [0mBuilt target c1_driver__rosidl_typesupport_introspection_c[0m
[0.774s] [ 75%] [0mBuilt target c1_driver__rosidl_typesupport_fastrtps_c[0m
[0.793s] [ 75%] [0mBuilt target c1_driver[0m
[0.802s] [ 77%] [0mBuilt target c1_driver__py[0m
[0.818s] [ 85%] [0mBuilt target c1_driver__rosidl_generator_py[0m
[0.835s] [ 90%] [0mBuilt target c1_driver__rosidl_typesupport_fastrtps_c__pyext[0m
[0.844s] [100%] [0mBuilt target c1_driver__rosidl_typesupport_c__pyext[0m
[0.844s] [100%] [0mBuilt target c1_driver__rosidl_typesupport_introspection_c__pyext[0m
[1.063s] running egg_info
[1.063s] writing c1_driver.egg-info/PKG-INFO
[1.063s] writing dependency_links to c1_driver.egg-info/dependency_links.txt
[1.064s] writing top-level names to c1_driver.egg-info/top_level.txt
[1.066s] reading manifest file 'c1_driver.egg-info/SOURCES.txt'
[1.066s] writing manifest file 'c1_driver.egg-info/SOURCES.txt'
[1.087s] [100%] [0mBuilt target ament_cmake_python_build_c1_driver_egg[0m
