/home/doanh/atlas_c1/install/atlas_app/lib/python3.10/site-packages/atlas_app/__init__.py
/home/doanh/atlas_c1/install/atlas_app/lib/python3.10/site-packages/atlas_app/node.py
/home/doanh/atlas_c1/install/atlas_app/lib/python3.10/site-packages/atlas_app/server.py
/home/doanh/atlas_c1/install/atlas_app/lib/python3.10/site-packages/atlas_app/panels.py
/home/doanh/atlas_c1/install/atlas_app/lib/python3.10/site-packages/atlas_app/main_window.py
/home/doanh/atlas_c1/install/atlas_app/lib/python3.10/site-packages/atlas_app/main.py
/home/doanh/atlas_c1/install/atlas_app/lib/python3.10/site-packages/atlas_app/map_widget.py
/home/doanh/atlas_c1/install/atlas_app/lib/python3.10/site-packages/atlas_app/api_client.py
/home/doanh/atlas_c1/install/atlas_app/lib/python3.10/site-packages/atlas_app/__pycache__/__init__.cpython-310.pyc
/home/doanh/atlas_c1/install/atlas_app/lib/python3.10/site-packages/atlas_app/__pycache__/node.cpython-310.pyc
/home/doanh/atlas_c1/install/atlas_app/lib/python3.10/site-packages/atlas_app/__pycache__/server.cpython-310.pyc
/home/doanh/atlas_c1/install/atlas_app/lib/python3.10/site-packages/atlas_app/__pycache__/panels.cpython-310.pyc
/home/doanh/atlas_c1/install/atlas_app/lib/python3.10/site-packages/atlas_app/__pycache__/main_window.cpython-310.pyc
/home/doanh/atlas_c1/install/atlas_app/lib/python3.10/site-packages/atlas_app/__pycache__/main.cpython-310.pyc
/home/doanh/atlas_c1/install/atlas_app/lib/python3.10/site-packages/atlas_app/__pycache__/map_widget.cpython-310.pyc
/home/doanh/atlas_c1/install/atlas_app/lib/python3.10/site-packages/atlas_app/__pycache__/api_client.cpython-310.pyc
/home/doanh/atlas_c1/install/atlas_app/share/ament_index/resource_index/packages/atlas_app
/home/doanh/atlas_c1/install/atlas_app/share/atlas_app/package.xml
/home/doanh/atlas_c1/install/atlas_app/share/atlas_app/launch/atlas_app.launch.py
/home/doanh/atlas_c1/install/atlas_app/lib/python3.10/site-packages/atlas_app-1.0.0-py3.10.egg-info/top_level.txt
/home/doanh/atlas_c1/install/atlas_app/lib/python3.10/site-packages/atlas_app-1.0.0-py3.10.egg-info/zip-safe
/home/doanh/atlas_c1/install/atlas_app/lib/python3.10/site-packages/atlas_app-1.0.0-py3.10.egg-info/entry_points.txt
/home/doanh/atlas_c1/install/atlas_app/lib/python3.10/site-packages/atlas_app-1.0.0-py3.10.egg-info/requires.txt
/home/doanh/atlas_c1/install/atlas_app/lib/python3.10/site-packages/atlas_app-1.0.0-py3.10.egg-info/PKG-INFO
/home/doanh/atlas_c1/install/atlas_app/lib/python3.10/site-packages/atlas_app-1.0.0-py3.10.egg-info/dependency_links.txt
/home/doanh/atlas_c1/install/atlas_app/lib/python3.10/site-packages/atlas_app-1.0.0-py3.10.egg-info/SOURCES.txt
/home/doanh/atlas_c1/install/atlas_app/lib/atlas_app/atlas_app
