-- Install configuration: ""
-- Up-to-date: /home/doanh/atlas_c1/install/atlas_slam/share/atlas_slam//launch
-- Up-to-date: /home/doanh/atlas_c1/install/atlas_slam/share/atlas_slam//launch/atlas_map_server_real.launch.py
-- Up-to-date: /home/doanh/atlas_c1/install/atlas_slam/share/atlas_slam//launch/atlas_navigation_sim.launch.py
-- Up-to-date: /home/doanh/atlas_c1/install/atlas_slam/share/atlas_slam//launch/atlas_slam_toolbox_real.launch.py
-- Up-to-date: /home/doanh/atlas_c1/install/atlas_slam/share/atlas_slam//launch/atlas_navigation_real.launch.py
-- Up-to-date: /home/doanh/atlas_c1/install/atlas_slam/share/atlas_slam//launch/atlas_map_server_sim.launch.py
-- Up-to-date: /home/doanh/atlas_c1/install/atlas_slam/share/atlas_slam//launch/atlas_slam_toolbox_sim.launch.py
-- Up-to-date: /home/doanh/atlas_c1/install/atlas_slam/share/atlas_slam//launch/atlas_cartographer_sim.launch.py
-- Up-to-date: /home/doanh/atlas_c1/install/atlas_slam/share/atlas_slam//launch/atlas_cartographer_real.launch.py
-- Up-to-date: /home/doanh/atlas_c1/install/atlas_slam/share/atlas_slam//rviz
-- Up-to-date: /home/doanh/atlas_c1/install/atlas_slam/share/atlas_slam//rviz/slam_toolbox_default.rviz
-- Up-to-date: /home/doanh/atlas_c1/install/atlas_slam/share/atlas_slam//rviz/nav2_default_view.rviz
-- Up-to-date: /home/doanh/atlas_c1/install/atlas_slam/share/atlas_slam//rviz/cartographer_mapping.rviz
-- Up-to-date: /home/doanh/atlas_c1/install/atlas_slam/share/atlas_slam//config
-- Up-to-date: /home/doanh/atlas_c1/install/atlas_slam/share/atlas_slam//config/atlas_slam_toolbox.yaml
-- Up-to-date: /home/doanh/atlas_c1/install/atlas_slam/share/atlas_slam//config/atlas_localization.yaml
-- Up-to-date: /home/doanh/atlas_c1/install/atlas_slam/share/atlas_slam//config/lds_2d.lua
-- Up-to-date: /home/doanh/atlas_c1/install/atlas_slam/share/atlas_slam//config/atlas_nav2_dwb.yaml
-- Up-to-date: /home/doanh/atlas_c1/install/atlas_slam/share/atlas_slam//config/atlas_collision_monitor.yaml
-- Up-to-date: /home/doanh/atlas_c1/install/atlas_slam/share/atlas_slam//config/atlas_nav2_mppi.yaml
-- Up-to-date: /home/doanh/atlas_c1/install/atlas_slam/lib/atlas_slam/route_manager.py
-- Up-to-date: /home/doanh/atlas_c1/install/atlas_slam/lib/atlas_slam/route_tool.py
-- Up-to-date: /home/doanh/atlas_c1/install/atlas_slam/share/ament_index/resource_index/package_run_dependencies/atlas_slam
-- Up-to-date: /home/doanh/atlas_c1/install/atlas_slam/share/ament_index/resource_index/parent_prefix_path/atlas_slam
-- Up-to-date: /home/doanh/atlas_c1/install/atlas_slam/share/atlas_slam/environment/ament_prefix_path.sh
-- Up-to-date: /home/doanh/atlas_c1/install/atlas_slam/share/atlas_slam/environment/ament_prefix_path.dsv
-- Up-to-date: /home/doanh/atlas_c1/install/atlas_slam/share/atlas_slam/environment/path.sh
-- Up-to-date: /home/doanh/atlas_c1/install/atlas_slam/share/atlas_slam/environment/path.dsv
-- Up-to-date: /home/doanh/atlas_c1/install/atlas_slam/share/atlas_slam/local_setup.bash
-- Up-to-date: /home/doanh/atlas_c1/install/atlas_slam/share/atlas_slam/local_setup.sh
-- Up-to-date: /home/doanh/atlas_c1/install/atlas_slam/share/atlas_slam/local_setup.zsh
-- Up-to-date: /home/doanh/atlas_c1/install/atlas_slam/share/atlas_slam/local_setup.dsv
-- Up-to-date: /home/doanh/atlas_c1/install/atlas_slam/share/atlas_slam/package.dsv
-- Up-to-date: /home/doanh/atlas_c1/install/atlas_slam/share/ament_index/resource_index/packages/atlas_slam
-- Up-to-date: /home/doanh/atlas_c1/install/atlas_slam/share/atlas_slam/cmake/atlas_slamConfig.cmake
-- Up-to-date: /home/doanh/atlas_c1/install/atlas_slam/share/atlas_slam/cmake/atlas_slamConfig-version.cmake
-- Up-to-date: /home/doanh/atlas_c1/install/atlas_slam/share/atlas_slam/package.xml
