[0.629s] Invoking command in '/home/doanh/atlas_c1/build/rf2o_laser_odometry': CMAKE_PREFIX_PATH=${CMAKE_PREFIX_PATH}:/home/doanh/atlas_c1/install/atlas_web:/home/doanh/atlas_c1/install/atlas_app:/home/doanh/atlas_c1/install/atlas_app_robot:/home/doanh/atlas_c1/install/atlas_api:/opt/ros/humble /home/doanh/.local/bin/cmake --build /home/doanh/atlas_c1/build/rf2o_laser_odometry -- -j12 -l12
[0.714s] [ 40%] [0mBuilt target rf2o_laser_odometry[0m
[0.717s] [100%] [0mBuilt target rf2o_laser_odometry_node[0m
[0.753s] Invoked command in '/home/doanh/atlas_c1/build/rf2o_laser_odometry' returned '0': CMAKE_PREFIX_PATH=${CMAKE_PREFIX_PATH}:/home/doanh/atlas_c1/install/atlas_web:/home/doanh/atlas_c1/install/atlas_app:/home/doanh/atlas_c1/install/atlas_app_robot:/home/doanh/atlas_c1/install/atlas_api:/opt/ros/humble /home/doanh/.local/bin/cmake --build /home/doanh/atlas_c1/build/rf2o_laser_odometry -- -j12 -l12
[0.754s] Invoking command in '/home/doanh/atlas_c1/build/rf2o_laser_odometry': CMAKE_PREFIX_PATH=${CMAKE_PREFIX_PATH}:/home/doanh/atlas_c1/install/atlas_web:/home/doanh/atlas_c1/install/atlas_app:/home/doanh/atlas_c1/install/atlas_app_robot:/home/doanh/atlas_c1/install/atlas_api:/opt/ros/humble /home/doanh/.local/bin/cmake --install /home/doanh/atlas_c1/build/rf2o_laser_odometry
[0.860s] -- Install configuration: ""
[0.860s] -- Up-to-date: /home/doanh/atlas_c1/install/rf2o_laser_odometry/lib/rf2o_laser_odometry/rf2o_laser_odometry_node
[0.860s] -- Up-to-date: /home/doanh/atlas_c1/install/rf2o_laser_odometry/share/rf2o_laser_odometry/launch
[0.860s] -- Up-to-date: /home/doanh/atlas_c1/install/rf2o_laser_odometry/share/rf2o_laser_odometry/launch/rf2o_laser_odometry.launch.py
[0.861s] -- Up-to-date: /home/doanh/atlas_c1/install/rf2o_laser_odometry/share/ament_index/resource_index/package_run_dependencies/rf2o_laser_odometry
[0.861s] -- Up-to-date: /home/doanh/atlas_c1/install/rf2o_laser_odometry/share/ament_index/resource_index/parent_prefix_path/rf2o_laser_odometry
[0.861s] -- Up-to-date: /home/doanh/atlas_c1/install/rf2o_laser_odometry/share/rf2o_laser_odometry/environment/ament_prefix_path.sh
[0.861s] -- Up-to-date: /home/doanh/atlas_c1/install/rf2o_laser_odometry/share/rf2o_laser_odometry/environment/ament_prefix_path.dsv
[0.861s] -- Up-to-date: /home/doanh/atlas_c1/install/rf2o_laser_odometry/share/rf2o_laser_odometry/environment/path.sh
[0.861s] -- Up-to-date: /home/doanh/atlas_c1/install/rf2o_laser_odometry/share/rf2o_laser_odometry/environment/path.dsv
[0.861s] -- Up-to-date: /home/doanh/atlas_c1/install/rf2o_laser_odometry/share/rf2o_laser_odometry/local_setup.bash
[0.861s] -- Up-to-date: /home/doanh/atlas_c1/install/rf2o_laser_odometry/share/rf2o_laser_odometry/local_setup.sh
[0.861s] -- Up-to-date: /home/doanh/atlas_c1/install/rf2o_laser_odometry/share/rf2o_laser_odometry/local_setup.zsh
[0.861s] -- Up-to-date: /home/doanh/atlas_c1/install/rf2o_laser_odometry/share/rf2o_laser_odometry/local_setup.dsv
[0.862s] -- Installing: /home/doanh/atlas_c1/install/rf2o_laser_odometry/share/rf2o_laser_odometry/package.dsv
[0.862s] -- Up-to-date: /home/doanh/atlas_c1/install/rf2o_laser_odometry/share/ament_index/resource_index/packages/rf2o_laser_odometry
[0.862s] -- Up-to-date: /home/doanh/atlas_c1/install/rf2o_laser_odometry/share/rf2o_laser_odometry/cmake/rf2o_laser_odometryConfig.cmake
[0.862s] -- Up-to-date: /home/doanh/atlas_c1/install/rf2o_laser_odometry/share/rf2o_laser_odometry/cmake/rf2o_laser_odometryConfig-version.cmake
[0.862s] -- Up-to-date: /home/doanh/atlas_c1/install/rf2o_laser_odometry/share/rf2o_laser_odometry/package.xml
[1.106s] Invoked command in '/home/doanh/atlas_c1/build/rf2o_laser_odometry' returned '0': CMAKE_PREFIX_PATH=${CMAKE_PREFIX_PATH}:/home/doanh/atlas_c1/install/atlas_web:/home/doanh/atlas_c1/install/atlas_app:/home/doanh/atlas_c1/install/atlas_app_robot:/home/doanh/atlas_c1/install/atlas_api:/opt/ros/humble /home/doanh/.local/bin/cmake --install /home/doanh/atlas_c1/build/rf2o_laser_odometry
