[1.361s] Invoking command in '/home/doanh/atlas_c1/src/atlas_base/atlas_web': PYTHONPATH=/home/doanh/atlas_c1/build/atlas_web/prefix_override:/usr/lib/python3/dist-packages/colcon_core/task/python/colcon_distutils_commands:/home/doanh/atlas_c1/install/atlas_web/lib/python3.10/site-packages:${PYTHONPATH} /usr/bin/python3 -W ignore:setup.py install is deprecated -W ignore:easy_install command is deprecated setup.py egg_info --egg-base ../../../build/atlas_web build --build-base /home/doanh/atlas_c1/build/atlas_web/build install --record /home/doanh/atlas_c1/build/atlas_web/install.log --single-version-externally-managed install_data
[1.592s] running egg_info
[1.592s] creating ../../../build/atlas_web/atlas_web.egg-info
[1.592s] writing ../../../build/atlas_web/atlas_web.egg-info/PKG-INFO
[1.593s] writing dependency_links to ../../../build/atlas_web/atlas_web.egg-info/dependency_links.txt
[1.593s] writing entry points to ../../../build/atlas_web/atlas_web.egg-info/entry_points.txt
[1.593s] writing requirements to ../../../build/atlas_web/atlas_web.egg-info/requires.txt
[1.593s] writing top-level names to ../../../build/atlas_web/atlas_web.egg-info/top_level.txt
[1.593s] writing manifest file '../../../build/atlas_web/atlas_web.egg-info/SOURCES.txt'
[1.595s] reading manifest file '../../../build/atlas_web/atlas_web.egg-info/SOURCES.txt'
[1.596s] writing manifest file '../../../build/atlas_web/atlas_web.egg-info/SOURCES.txt'
[1.596s] running build
[1.596s] running build_py
[1.596s] creating /home/doanh/atlas_c1/build/atlas_web/build
[1.596s] creating /home/doanh/atlas_c1/build/atlas_web/build/lib
[1.596s] creating /home/doanh/atlas_c1/build/atlas_web/build/lib/atlas_web
[1.596s] copying atlas_web/__init__.py -> /home/doanh/atlas_c1/build/atlas_web/build/lib/atlas_web
[1.596s] copying atlas_web/server.py -> /home/doanh/atlas_c1/build/atlas_web/build/lib/atlas_web
[1.597s] creating /home/doanh/atlas_c1/build/atlas_web/build/lib/atlas_web/static
[1.597s] copying atlas_web/static/index.html -> /home/doanh/atlas_c1/build/atlas_web/build/lib/atlas_web/static
[1.597s] creating /home/doanh/atlas_c1/build/atlas_web/build/lib/atlas_web/static/css
[1.598s] copying atlas_web/static/css/style.css -> /home/doanh/atlas_c1/build/atlas_web/build/lib/atlas_web/static/css
[1.599s] creating /home/doanh/atlas_c1/build/atlas_web/build/lib/atlas_web/static/js
[1.599s] copying atlas_web/static/js/api.js -> /home/doanh/atlas_c1/build/atlas_web/build/lib/atlas_web/static/js
[1.599s] copying atlas_web/static/js/map.js -> /home/doanh/atlas_c1/build/atlas_web/build/lib/atlas_web/static/js
[1.599s] copying atlas_web/static/js/panels.js -> /home/doanh/atlas_c1/build/atlas_web/build/lib/atlas_web/static/js
[1.599s] copying atlas_web/static/js/main.js -> /home/doanh/atlas_c1/build/atlas_web/build/lib/atlas_web/static/js
[1.599s] copying atlas_web/static/js/joystick.js -> /home/doanh/atlas_c1/build/atlas_web/build/lib/atlas_web/static/js
[1.599s] running install
[1.599s] running install_lib
[1.600s] creating /home/doanh/atlas_c1/install/atlas_web/lib/python3.10/site-packages/atlas_web
[1.600s] copying /home/doanh/atlas_c1/build/atlas_web/build/lib/atlas_web/__init__.py -> /home/doanh/atlas_c1/install/atlas_web/lib/python3.10/site-packages/atlas_web
[1.600s] copying /home/doanh/atlas_c1/build/atlas_web/build/lib/atlas_web/server.py -> /home/doanh/atlas_c1/install/atlas_web/lib/python3.10/site-packages/atlas_web
[1.600s] creating /home/doanh/atlas_c1/install/atlas_web/lib/python3.10/site-packages/atlas_web/static
[1.601s] creating /home/doanh/atlas_c1/install/atlas_web/lib/python3.10/site-packages/atlas_web/static/css
[1.601s] copying /home/doanh/atlas_c1/build/atlas_web/build/lib/atlas_web/static/css/style.css -> /home/doanh/atlas_c1/install/atlas_web/lib/python3.10/site-packages/atlas_web/static/css
[1.601s] copying /home/doanh/atlas_c1/build/atlas_web/build/lib/atlas_web/static/index.html -> /home/doanh/atlas_c1/install/atlas_web/lib/python3.10/site-packages/atlas_web/static
[1.601s] creating /home/doanh/atlas_c1/install/atlas_web/lib/python3.10/site-packages/atlas_web/static/js
[1.601s] copying /home/doanh/atlas_c1/build/atlas_web/build/lib/atlas_web/static/js/api.js -> /home/doanh/atlas_c1/install/atlas_web/lib/python3.10/site-packages/atlas_web/static/js
[1.601s] copying /home/doanh/atlas_c1/build/atlas_web/build/lib/atlas_web/static/js/map.js -> /home/doanh/atlas_c1/install/atlas_web/lib/python3.10/site-packages/atlas_web/static/js
[1.602s] copying /home/doanh/atlas_c1/build/atlas_web/build/lib/atlas_web/static/js/panels.js -> /home/doanh/atlas_c1/install/atlas_web/lib/python3.10/site-packages/atlas_web/static/js
[1.602s] copying /home/doanh/atlas_c1/build/atlas_web/build/lib/atlas_web/static/js/main.js -> /home/doanh/atlas_c1/install/atlas_web/lib/python3.10/site-packages/atlas_web/static/js
[1.602s] copying /home/doanh/atlas_c1/build/atlas_web/build/lib/atlas_web/static/js/joystick.js -> /home/doanh/atlas_c1/install/atlas_web/lib/python3.10/site-packages/atlas_web/static/js
[1.602s] byte-compiling /home/doanh/atlas_c1/install/atlas_web/lib/python3.10/site-packages/atlas_web/__init__.py to __init__.cpython-310.pyc
[1.602s] byte-compiling /home/doanh/atlas_c1/install/atlas_web/lib/python3.10/site-packages/atlas_web/server.py to server.cpython-310.pyc
[1.603s] running install_data
[1.603s] creating /home/doanh/atlas_c1/install/atlas_web/share/ament_index
[1.603s] creating /home/doanh/atlas_c1/install/atlas_web/share/ament_index/resource_index
[1.603s] creating /home/doanh/atlas_c1/install/atlas_web/share/ament_index/resource_index/packages
[1.603s] copying resource/atlas_web -> /home/doanh/atlas_c1/install/atlas_web/share/ament_index/resource_index/packages
[1.603s] copying package.xml -> /home/doanh/atlas_c1/install/atlas_web/share/atlas_web
[1.603s] creating /home/doanh/atlas_c1/install/atlas_web/share/atlas_web/launch
[1.604s] copying launch/atlas_web.launch.py -> /home/doanh/atlas_c1/install/atlas_web/share/atlas_web/launch
[1.604s] running install_egg_info
[1.605s] Copying ../../../build/atlas_web/atlas_web.egg-info to /home/doanh/atlas_c1/install/atlas_web/lib/python3.10/site-packages/atlas_web-1.0.0-py3.10.egg-info
[1.606s] running install_scripts
[1.626s] Installing atlas_web_node script to /home/doanh/atlas_c1/install/atlas_web/lib/atlas_web
[1.627s] writing list of installed files to '/home/doanh/atlas_c1/build/atlas_web/install.log'
[1.663s] Invoked command in '/home/doanh/atlas_c1/src/atlas_base/atlas_web' returned '0': PYTHONPATH=/home/doanh/atlas_c1/build/atlas_web/prefix_override:/usr/lib/python3/dist-packages/colcon_core/task/python/colcon_distutils_commands:/home/doanh/atlas_c1/install/atlas_web/lib/python3.10/site-packages:${PYTHONPATH} /usr/bin/python3 -W ignore:setup.py install is deprecated -W ignore:easy_install command is deprecated setup.py egg_info --egg-base ../../../build/atlas_web build --build-base /home/doanh/atlas_c1/build/atlas_web/build install --record /home/doanh/atlas_c1/build/atlas_web/install.log --single-version-externally-managed install_data
