[0.741s] Invoking command in '/home/doanh/atlas_c1/build/rf2o_laser_odometry': CMAKE_PREFIX_PATH=${CMAKE_PREFIX_PATH}:/home/doanh/atlas_c1/install/atlas_web:/home/doanh/atlas_c1/install/atlas_app:/home/doanh/atlas_c1/install/atlas_app_robot:/home/doanh/atlas_c1/install/atlas_api:/opt/ros/humble /home/doanh/.local/bin/cmake --build /home/doanh/atlas_c1/build/rf2o_laser_odometry -- -j12 -l12
[0.909s] [ 40%] [0mBuilt target rf2o_laser_odometry[0m
[0.917s] [100%] [0mBuilt target rf2o_laser_odometry_node[0m
[0.937s] Invoked command in '/home/doanh/atlas_c1/build/rf2o_laser_odometry' returned '0': CMAKE_PREFIX_PATH=${CMAKE_PREFIX_PATH}:/home/doanh/atlas_c1/install/atlas_web:/home/doanh/atlas_c1/install/atlas_app:/home/doanh/atlas_c1/install/atlas_app_robot:/home/doanh/atlas_c1/install/atlas_api:/opt/ros/humble /home/doanh/.local/bin/cmake --build /home/doanh/atlas_c1/build/rf2o_laser_odometry -- -j12 -l12
[0.938s] Invoking command in '/home/doanh/atlas_c1/build/rf2o_laser_odometry': CMAKE_PREFIX_PATH=${CMAKE_PREFIX_PATH}:/home/doanh/atlas_c1/install/atlas_web:/home/doanh/atlas_c1/install/atlas_app:/home/doanh/atlas_c1/install/atlas_app_robot:/home/doanh/atlas_c1/install/atlas_api:/opt/ros/humble /home/doanh/.local/bin/cmake --install /home/doanh/atlas_c1/build/rf2o_laser_odometry
[1.058s] -- Install configuration: ""
[1.060s] -- Up-to-date: /home/doanh/atlas_c1/install/rf2o_laser_odometry/lib/rf2o_laser_odometry/rf2o_laser_odometry_node
[1.060s] -- Up-to-date: /home/doanh/atlas_c1/install/rf2o_laser_odometry/share/rf2o_laser_odometry/launch
[1.060s] -- Up-to-date: /home/doanh/atlas_c1/install/rf2o_laser_odometry/share/rf2o_laser_odometry/launch/rf2o_laser_odometry.launch.py
[1.061s] -- Up-to-date: /home/doanh/atlas_c1/install/rf2o_laser_odometry/share/ament_index/resource_index/package_run_dependencies/rf2o_laser_odometry
[1.061s] -- Up-to-date: /home/doanh/atlas_c1/install/rf2o_laser_odometry/share/ament_index/resource_index/parent_prefix_path/rf2o_laser_odometry
[1.061s] -- Up-to-date: /home/doanh/atlas_c1/install/rf2o_laser_odometry/share/rf2o_laser_odometry/environment/ament_prefix_path.sh
[1.061s] -- Up-to-date: /home/doanh/atlas_c1/install/rf2o_laser_odometry/share/rf2o_laser_odometry/environment/ament_prefix_path.dsv
[1.061s] -- Up-to-date: /home/doanh/atlas_c1/install/rf2o_laser_odometry/share/rf2o_laser_odometry/environment/path.sh
[1.061s] -- Up-to-date: /home/doanh/atlas_c1/install/rf2o_laser_odometry/share/rf2o_laser_odometry/environment/path.dsv
[1.062s] -- Up-to-date: /home/doanh/atlas_c1/install/rf2o_laser_odometry/share/rf2o_laser_odometry/local_setup.bash
[1.062s] -- Up-to-date: /home/doanh/atlas_c1/install/rf2o_laser_odometry/share/rf2o_laser_odometry/local_setup.sh
[1.062s] -- Up-to-date: /home/doanh/atlas_c1/install/rf2o_laser_odometry/share/rf2o_laser_odometry/local_setup.zsh
[1.062s] -- Up-to-date: /home/doanh/atlas_c1/install/rf2o_laser_odometry/share/rf2o_laser_odometry/local_setup.dsv
[1.062s] -- Installing: /home/doanh/atlas_c1/install/rf2o_laser_odometry/share/rf2o_laser_odometry/package.dsv
[1.062s] -- Up-to-date: /home/doanh/atlas_c1/install/rf2o_laser_odometry/share/ament_index/resource_index/packages/rf2o_laser_odometry
[1.062s] -- Up-to-date: /home/doanh/atlas_c1/install/rf2o_laser_odometry/share/rf2o_laser_odometry/cmake/rf2o_laser_odometryConfig.cmake
[1.063s] -- Up-to-date: /home/doanh/atlas_c1/install/rf2o_laser_odometry/share/rf2o_laser_odometry/cmake/rf2o_laser_odometryConfig-version.cmake
[1.063s] -- Up-to-date: /home/doanh/atlas_c1/install/rf2o_laser_odometry/share/rf2o_laser_odometry/package.xml
[1.382s] Invoked command in '/home/doanh/atlas_c1/build/rf2o_laser_odometry' returned '0': CMAKE_PREFIX_PATH=${CMAKE_PREFIX_PATH}:/home/doanh/atlas_c1/install/atlas_web:/home/doanh/atlas_c1/install/atlas_app:/home/doanh/atlas_c1/install/atlas_app_robot:/home/doanh/atlas_c1/install/atlas_api:/opt/ros/humble /home/doanh/.local/bin/cmake --install /home/doanh/atlas_c1/build/rf2o_laser_odometry
