[0.631s] Invoking command in '/home/doanh/atlas_c1/build/c1_bringup': CMAKE_PREFIX_PATH=${CMAKE_PREFIX_PATH}:/home/doanh/atlas_c1/install/atlas_web:/home/doanh/atlas_c1/install/atlas_app:/home/doanh/atlas_c1/install/atlas_app_robot:/home/doanh/atlas_c1/install/atlas_api:/opt/ros/humble /home/doanh/.local/bin/cmake --build /home/doanh/atlas_c1/build/c1_bringup -- -j12 -l12
[0.704s] -- Found ament_cmake: 1.3.14 (/opt/ros/humble/share/ament_cmake/cmake)
[0.948s] -- Found ament_lint_auto: 0.12.15 (/opt/ros/humble/share/ament_lint_auto/cmake)
[1.041s] -- Added test 'flake8' to check Python code syntax and style conventions
[1.041s] -- Added test 'lint_cmake' to check CMake code style
[1.042s] -- Added test 'pep257' to check Python code against some of the docstring style conventions in PEP 257
[1.043s] -- Added test 'xmllint' to check XML markup files
[1.045s] -- Configuring done (0.3s)
[1.052s] -- Generating done (0.0s)
[1.053s] -- Build files have been written to: /home/doanh/atlas_c1/build/c1_bringup
[1.277s] Invoked command in '/home/doanh/atlas_c1/build/c1_bringup' returned '0': CMAKE_PREFIX_PATH=${CMAKE_PREFIX_PATH}:/home/doanh/atlas_c1/install/atlas_web:/home/doanh/atlas_c1/install/atlas_app:/home/doanh/atlas_c1/install/atlas_app_robot:/home/doanh/atlas_c1/install/atlas_api:/opt/ros/humble /home/doanh/.local/bin/cmake --build /home/doanh/atlas_c1/build/c1_bringup -- -j12 -l12
[1.278s] Invoking command in '/home/doanh/atlas_c1/build/c1_bringup': CMAKE_PREFIX_PATH=${CMAKE_PREFIX_PATH}:/home/doanh/atlas_c1/install/atlas_web:/home/doanh/atlas_c1/install/atlas_app:/home/doanh/atlas_c1/install/atlas_app_robot:/home/doanh/atlas_c1/install/atlas_api:/opt/ros/humble /home/doanh/.local/bin/cmake --install /home/doanh/atlas_c1/build/c1_bringup
[1.381s] -- Install configuration: ""
[1.385s] -- Up-to-date: /home/doanh/atlas_c1/install/c1_bringup/share/c1_bringup//launch
[1.385s] -- Up-to-date: /home/doanh/atlas_c1/install/c1_bringup/share/c1_bringup//launch/joystick.launch.py
[1.386s] -- Up-to-date: /home/doanh/atlas_c1/install/c1_bringup/share/c1_bringup//launch/c1_bringup_pc.launch.py
[1.386s] -- Up-to-date: /home/doanh/atlas_c1/install/c1_bringup/share/c1_bringup//config
[1.386s] -- Up-to-date: /home/doanh/atlas_c1/install/c1_bringup/share/c1_bringup//config/joystick.yaml
[1.386s] -- Up-to-date: /home/doanh/atlas_c1/install/c1_bringup/share/ament_index/resource_index/package_run_dependencies/c1_bringup
[1.386s] -- Installing: /home/doanh/atlas_c1/install/c1_bringup/share/ament_index/resource_index/parent_prefix_path/c1_bringup
[1.386s] -- Up-to-date: /home/doanh/atlas_c1/install/c1_bringup/share/c1_bringup/environment/ament_prefix_path.sh
[1.386s] -- Installing: /home/doanh/atlas_c1/install/c1_bringup/share/c1_bringup/environment/ament_prefix_path.dsv
[1.386s] -- Up-to-date: /home/doanh/atlas_c1/install/c1_bringup/share/c1_bringup/environment/path.sh
[1.386s] -- Installing: /home/doanh/atlas_c1/install/c1_bringup/share/c1_bringup/environment/path.dsv
[1.387s] -- Up-to-date: /home/doanh/atlas_c1/install/c1_bringup/share/c1_bringup/local_setup.bash
[1.387s] -- Up-to-date: /home/doanh/atlas_c1/install/c1_bringup/share/c1_bringup/local_setup.sh
[1.387s] -- Up-to-date: /home/doanh/atlas_c1/install/c1_bringup/share/c1_bringup/local_setup.zsh
[1.387s] -- Installing: /home/doanh/atlas_c1/install/c1_bringup/share/c1_bringup/local_setup.dsv
[1.387s] -- Installing: /home/doanh/atlas_c1/install/c1_bringup/share/c1_bringup/package.dsv
[1.387s] -- Up-to-date: /home/doanh/atlas_c1/install/c1_bringup/share/ament_index/resource_index/packages/c1_bringup
[1.388s] -- Up-to-date: /home/doanh/atlas_c1/install/c1_bringup/share/c1_bringup/cmake/c1_bringupConfig.cmake
[1.388s] -- Up-to-date: /home/doanh/atlas_c1/install/c1_bringup/share/c1_bringup/cmake/c1_bringupConfig-version.cmake
[1.388s] -- Up-to-date: /home/doanh/atlas_c1/install/c1_bringup/share/c1_bringup/package.xml
[1.396s] Invoked command in '/home/doanh/atlas_c1/build/c1_bringup' returned '0': CMAKE_PREFIX_PATH=${CMAKE_PREFIX_PATH}:/home/doanh/atlas_c1/install/atlas_web:/home/doanh/atlas_c1/install/atlas_app:/home/doanh/atlas_c1/install/atlas_app_robot:/home/doanh/atlas_c1/install/atlas_api:/opt/ros/humble /home/doanh/.local/bin/cmake --install /home/doanh/atlas_c1/build/c1_bringup
