[0.639s] Invoking command in '/home/doanh/atlas_c1/build/c1_description': CMAKE_PREFIX_PATH=${CMAKE_PREFIX_PATH}:/home/doanh/atlas_c1/install/atlas_web:/home/doanh/atlas_c1/install/atlas_app:/home/doanh/atlas_c1/install/atlas_app_robot:/home/doanh/atlas_c1/install/atlas_api:/opt/ros/humble /home/doanh/.local/bin/cmake --build /home/doanh/atlas_c1/build/c1_description -- -j12 -l12
[0.765s] Invoked command in '/home/doanh/atlas_c1/build/c1_description' returned '0': CMAKE_PREFIX_PATH=${CMAKE_PREFIX_PATH}:/home/doanh/atlas_c1/install/atlas_web:/home/doanh/atlas_c1/install/atlas_app:/home/doanh/atlas_c1/install/atlas_app_robot:/home/doanh/atlas_c1/install/atlas_api:/opt/ros/humble /home/doanh/.local/bin/cmake --build /home/doanh/atlas_c1/build/c1_description -- -j12 -l12
[0.767s] Invoking command in '/home/doanh/atlas_c1/build/c1_description': CMAKE_PREFIX_PATH=${CMAKE_PREFIX_PATH}:/home/doanh/atlas_c1/install/atlas_web:/home/doanh/atlas_c1/install/atlas_app:/home/doanh/atlas_c1/install/atlas_app_robot:/home/doanh/atlas_c1/install/atlas_api:/opt/ros/humble /home/doanh/.local/bin/cmake --install /home/doanh/atlas_c1/build/c1_description
[0.888s] -- Install configuration: ""
[0.889s] -- Up-to-date: /home/doanh/atlas_c1/install/c1_description/share/c1_description//urdf
[0.890s] -- Up-to-date: /home/doanh/atlas_c1/install/c1_description/share/c1_description//urdf/c1_robot.urdf
[0.890s] -- Up-to-date: /home/doanh/atlas_c1/install/c1_description/share/c1_description//launch
[0.891s] -- Up-to-date: /home/doanh/atlas_c1/install/c1_description/share/c1_description//launch/display.launch.py
[0.891s] -- Up-to-date: /home/doanh/atlas_c1/install/c1_description/share/c1_description//rviz
[0.891s] -- Up-to-date: /home/doanh/atlas_c1/install/c1_description/share/c1_description//rviz/display.rviz
[0.891s] -- Up-to-date: /home/doanh/atlas_c1/install/c1_description/lib/c1_description/mecanum_joint_publisher.py
[0.891s] -- Up-to-date: /home/doanh/atlas_c1/install/c1_description/share/ament_index/resource_index/package_run_dependencies/c1_description
[0.891s] -- Up-to-date: /home/doanh/atlas_c1/install/c1_description/share/ament_index/resource_index/parent_prefix_path/c1_description
[0.892s] -- Up-to-date: /home/doanh/atlas_c1/install/c1_description/share/c1_description/environment/ament_prefix_path.sh
[0.892s] -- Up-to-date: /home/doanh/atlas_c1/install/c1_description/share/c1_description/environment/ament_prefix_path.dsv
[0.892s] -- Up-to-date: /home/doanh/atlas_c1/install/c1_description/share/c1_description/environment/path.sh
[0.892s] -- Up-to-date: /home/doanh/atlas_c1/install/c1_description/share/c1_description/environment/path.dsv
[0.893s] -- Up-to-date: /home/doanh/atlas_c1/install/c1_description/share/c1_description/local_setup.bash
[0.893s] -- Up-to-date: /home/doanh/atlas_c1/install/c1_description/share/c1_description/local_setup.sh
[0.893s] -- Up-to-date: /home/doanh/atlas_c1/install/c1_description/share/c1_description/local_setup.zsh
[0.893s] -- Up-to-date: /home/doanh/atlas_c1/install/c1_description/share/c1_description/local_setup.dsv
[0.893s] -- Installing: /home/doanh/atlas_c1/install/c1_description/share/c1_description/package.dsv
[0.893s] -- Up-to-date: /home/doanh/atlas_c1/install/c1_description/share/ament_index/resource_index/packages/c1_description
[0.893s] -- Up-to-date: /home/doanh/atlas_c1/install/c1_description/share/c1_description/cmake/c1_descriptionConfig.cmake
[0.893s] -- Up-to-date: /home/doanh/atlas_c1/install/c1_description/share/c1_description/cmake/c1_descriptionConfig-version.cmake
[0.893s] -- Up-to-date: /home/doanh/atlas_c1/install/c1_description/share/c1_description/package.xml
[0.926s] Invoked command in '/home/doanh/atlas_c1/build/c1_description' returned '0': CMAKE_PREFIX_PATH=${CMAKE_PREFIX_PATH}:/home/doanh/atlas_c1/install/atlas_web:/home/doanh/atlas_c1/install/atlas_app:/home/doanh/atlas_c1/install/atlas_app_robot:/home/doanh/atlas_c1/install/atlas_api:/opt/ros/humble /home/doanh/.local/bin/cmake --install /home/doanh/atlas_c1/build/c1_description
