[0.017s] Invoking command in '/home/doanh/atlas_c1/build/c1_driver': CMAKE_PREFIX_PATH=${CMAKE_PREFIX_PATH}:/opt/ros/humble /home/doanh/.local/bin/cmake --build /home/doanh/atlas_c1/build/c1_driver -- -j12 -l12
[0.087s] [  2%] [0mBuilt target c1_driver__cpp[0m
[0.088s] [  5%] [0mBuilt target c1_driver__rs[0m
[0.088s] [ 15%] [0mBuilt target c1_driver__rosidl_generator_c[0m
[0.092s] [ 15%] [0mBuilt target ament_cmake_python_copy_c1_driver[0m
[0.099s] [ 25%] [0mBuilt target c1_driver__rosidl_typesupport_c[0m
[0.099s] [ 35%] [0mBuilt target c1_driver__rosidl_typesupport_cpp[0m
[0.101s] [ 47%] [0mBuilt target c1_driver__rosidl_typesupport_fastrtps_cpp[0m
[0.101s] [ 55%] [0mBuilt target c1_driver__rosidl_typesupport_introspection_cpp[0m
[0.103s] [ 65%] [0mBuilt target c1_driver__rosidl_typesupport_introspection_c[0m
[0.106s] [ 75%] [0mBuilt target c1_driver__rosidl_typesupport_fastrtps_c[0m
[0.112s] [ 75%] [0mBuilt target c1_driver[0m
[0.119s] [ 77%] [0mBuilt target c1_driver__py[0m
[0.129s] [ 85%] [0mBuilt target c1_driver__rosidl_generator_py[0m
[0.137s] [100%] [0mBuilt target c1_driver__rosidl_typesupport_fastrtps_c__pyext[0m
[0.138s] [100%] [0mBuilt target c1_driver__rosidl_typesupport_c__pyext[0m
[0.138s] [100%] [0mBuilt target c1_driver__rosidl_typesupport_introspection_c__pyext[0m
[0.331s] running egg_info
[0.331s] writing c1_driver.egg-info/PKG-INFO
[0.331s] writing dependency_links to c1_driver.egg-info/dependency_links.txt
[0.331s] writing top-level names to c1_driver.egg-info/top_level.txt
[0.333s] reading manifest file 'c1_driver.egg-info/SOURCES.txt'
[0.334s] writing manifest file 'c1_driver.egg-info/SOURCES.txt'
[0.349s] [100%] [0mBuilt target ament_cmake_python_build_c1_driver_egg[0m
[0.353s] Invoked command in '/home/doanh/atlas_c1/build/c1_driver' returned '0': CMAKE_PREFIX_PATH=${CMAKE_PREFIX_PATH}:/opt/ros/humble /home/doanh/.local/bin/cmake --build /home/doanh/atlas_c1/build/c1_driver -- -j12 -l12
[0.354s] Invoking command in '/home/doanh/atlas_c1/build/c1_driver': CMAKE_PREFIX_PATH=${CMAKE_PREFIX_PATH}:/opt/ros/humble /home/doanh/.local/bin/cmake --install /home/doanh/atlas_c1/build/c1_driver
[0.412s] -- Install configuration: ""
[0.414s] -- Up-to-date: /home/doanh/atlas_c1/install/c1_driver/share/ament_index/resource_index/rosidl_interfaces/c1_driver
[0.414s] -- Up-to-date: /home/doanh/atlas_c1/install/c1_driver/include/c1_driver/c1_driver
[0.414s] -- Up-to-date: /home/doanh/atlas_c1/install/c1_driver/include/c1_driver/c1_driver/msg
[0.414s] -- Up-to-date: /home/doanh/atlas_c1/install/c1_driver/include/c1_driver/c1_driver/msg/velquery.h
[0.414s] -- Up-to-date: /home/doanh/atlas_c1/install/c1_driver/include/c1_driver/c1_driver/msg/rosidl_generator_c__visibility_control.h
[0.414s] -- Up-to-date: /home/doanh/atlas_c1/install/c1_driver/include/c1_driver/c1_driver/msg/velinfo.h
[0.414s] -- Up-to-date: /home/doanh/atlas_c1/install/c1_driver/include/c1_driver/c1_driver/msg/detail
[0.414s] -- Up-to-date: /home/doanh/atlas_c1/install/c1_driver/include/c1_driver/c1_driver/msg/detail/velinfo__functions.h
[0.414s] -- Up-to-date: /home/doanh/atlas_c1/install/c1_driver/include/c1_driver/c1_driver/msg/detail/velquery__struct.h
[0.415s] -- Up-to-date: /home/doanh/atlas_c1/install/c1_driver/include/c1_driver/c1_driver/msg/detail/velinfo__functions.c
[0.415s] -- Up-to-date: /home/doanh/atlas_c1/install/c1_driver/include/c1_driver/c1_driver/msg/detail/velinfo__struct.h
[0.415s] -- Up-to-date: /home/doanh/atlas_c1/install/c1_driver/include/c1_driver/c1_driver/msg/detail/velinfo__type_support.h
[0.415s] -- Up-to-date: /home/doanh/atlas_c1/install/c1_driver/include/c1_driver/c1_driver/msg/detail/velquery__type_support.h
[0.415s] -- Up-to-date: /home/doanh/atlas_c1/install/c1_driver/include/c1_driver/c1_driver/msg/detail/velquery__functions.c
[0.415s] -- Up-to-date: /home/doanh/atlas_c1/install/c1_driver/include/c1_driver/c1_driver/msg/detail/velquery__functions.h
[0.415s] -- Up-to-date: /home/doanh/atlas_c1/install/c1_driver/share/c1_driver/environment/library_path.sh
[0.415s] -- Up-to-date: /home/doanh/atlas_c1/install/c1_driver/share/c1_driver/environment/library_path.dsv
[0.415s] -- Up-to-date: /home/doanh/atlas_c1/install/c1_driver/lib/libc1_driver__rosidl_generator_c.so
[0.415s] -- Up-to-date: /home/doanh/atlas_c1/install/c1_driver/include/c1_driver/c1_driver
[0.415s] -- Up-to-date: /home/doanh/atlas_c1/install/c1_driver/include/c1_driver/c1_driver/msg
[0.415s] -- Up-to-date: /home/doanh/atlas_c1/install/c1_driver/include/c1_driver/c1_driver/msg/detail
[0.415s] -- Up-to-date: /home/doanh/atlas_c1/install/c1_driver/include/c1_driver/c1_driver/msg/detail/velquery__rosidl_typesupport_fastrtps_c.h
[0.415s] -- Up-to-date: /home/doanh/atlas_c1/install/c1_driver/include/c1_driver/c1_driver/msg/detail/velinfo__rosidl_typesupport_fastrtps_c.h
[0.415s] -- Up-to-date: /home/doanh/atlas_c1/install/c1_driver/include/c1_driver/c1_driver/msg/rosidl_typesupport_fastrtps_c__visibility_control.h
[0.415s] -- Up-to-date: /home/doanh/atlas_c1/install/c1_driver/lib/libc1_driver__rosidl_typesupport_fastrtps_c.so
[0.415s] -- Up-to-date: /home/doanh/atlas_c1/install/c1_driver/include/c1_driver/c1_driver
[0.415s] -- Up-to-date: /home/doanh/atlas_c1/install/c1_driver/include/c1_driver/c1_driver/msg
[0.416s] -- Up-to-date: /home/doanh/atlas_c1/install/c1_driver/include/c1_driver/c1_driver/msg/detail
[0.416s] -- Up-to-date: /home/doanh/atlas_c1/install/c1_driver/include/c1_driver/c1_driver/msg/detail/velinfo__rosidl_typesupport_introspection_c.h
[0.416s] -- Up-to-date: /home/doanh/atlas_c1/install/c1_driver/include/c1_driver/c1_driver/msg/detail/velquery__type_support.c
[0.416s] -- Up-to-date: /home/doanh/atlas_c1/install/c1_driver/include/c1_driver/c1_driver/msg/detail/velinfo__type_support.c
[0.416s] -- Up-to-date: /home/doanh/atlas_c1/install/c1_driver/include/c1_driver/c1_driver/msg/detail/velquery__rosidl_typesupport_introspection_c.h
[0.416s] -- Up-to-date: /home/doanh/atlas_c1/install/c1_driver/include/c1_driver/c1_driver/msg/rosidl_typesupport_introspection_c__visibility_control.h
[0.416s] -- Up-to-date: /home/doanh/atlas_c1/install/c1_driver/lib/libc1_driver__rosidl_typesupport_introspection_c.so
[0.416s] -- Up-to-date: /home/doanh/atlas_c1/install/c1_driver/lib/libc1_driver__rosidl_typesupport_c.so
[0.416s] -- Up-to-date: /home/doanh/atlas_c1/install/c1_driver/include/c1_driver/c1_driver
[0.416s] -- Up-to-date: /home/doanh/atlas_c1/install/c1_driver/include/c1_driver/c1_driver/msg
[0.416s] -- Up-to-date: /home/doanh/atlas_c1/install/c1_driver/include/c1_driver/c1_driver/msg/velquery.hpp
[0.416s] -- Up-to-date: /home/doanh/atlas_c1/install/c1_driver/include/c1_driver/c1_driver/msg/detail
[0.416s] -- Up-to-date: /home/doanh/atlas_c1/install/c1_driver/include/c1_driver/c1_driver/msg/detail/velinfo__traits.hpp
[0.416s] -- Up-to-date: /home/doanh/atlas_c1/install/c1_driver/include/c1_driver/c1_driver/msg/detail/velquery__struct.hpp
[0.416s] -- Up-to-date: /home/doanh/atlas_c1/install/c1_driver/include/c1_driver/c1_driver/msg/detail/velinfo__builder.hpp
[0.416s] -- Up-to-date: /home/doanh/atlas_c1/install/c1_driver/include/c1_driver/c1_driver/msg/detail/velinfo__type_support.hpp
[0.416s] -- Up-to-date: /home/doanh/atlas_c1/install/c1_driver/include/c1_driver/c1_driver/msg/detail/velinfo__struct.hpp
[0.416s] -- Up-to-date: /home/doanh/atlas_c1/install/c1_driver/include/c1_driver/c1_driver/msg/detail/velquery__builder.hpp
[0.417s] -- Up-to-date: /home/doanh/atlas_c1/install/c1_driver/include/c1_driver/c1_driver/msg/detail/velquery__traits.hpp
[0.417s] -- Up-to-date: /home/doanh/atlas_c1/install/c1_driver/include/c1_driver/c1_driver/msg/detail/velquery__type_support.hpp
[0.417s] -- Up-to-date: /home/doanh/atlas_c1/install/c1_driver/include/c1_driver/c1_driver/msg/rosidl_generator_cpp__visibility_control.hpp
[0.417s] -- Up-to-date: /home/doanh/atlas_c1/install/c1_driver/include/c1_driver/c1_driver/msg/velinfo.hpp
[0.417s] -- Up-to-date: /home/doanh/atlas_c1/install/c1_driver/include/c1_driver/c1_driver
[0.417s] -- Up-to-date: /home/doanh/atlas_c1/install/c1_driver/include/c1_driver/c1_driver/msg
[0.417s] -- Up-to-date: /home/doanh/atlas_c1/install/c1_driver/include/c1_driver/c1_driver/msg/detail
[0.417s] -- Up-to-date: /home/doanh/atlas_c1/install/c1_driver/include/c1_driver/c1_driver/msg/detail/velinfo__rosidl_typesupport_fastrtps_cpp.hpp
[0.417s] -- Up-to-date: /home/doanh/atlas_c1/install/c1_driver/include/c1_driver/c1_driver/msg/detail/velquery__rosidl_typesupport_fastrtps_cpp.hpp
[0.417s] -- Up-to-date: /home/doanh/atlas_c1/install/c1_driver/include/c1_driver/c1_driver/msg/detail/dds_fastrtps
[0.417s] -- Up-to-date: /home/doanh/atlas_c1/install/c1_driver/include/c1_driver/c1_driver/msg/rosidl_typesupport_fastrtps_cpp__visibility_control.h
[0.417s] -- Up-to-date: /home/doanh/atlas_c1/install/c1_driver/lib/libc1_driver__rosidl_typesupport_fastrtps_cpp.so
[0.417s] -- Up-to-date: /home/doanh/atlas_c1/install/c1_driver/include/c1_driver/c1_driver
[0.417s] -- Up-to-date: /home/doanh/atlas_c1/install/c1_driver/include/c1_driver/c1_driver/msg
[0.417s] -- Up-to-date: /home/doanh/atlas_c1/install/c1_driver/include/c1_driver/c1_driver/msg/detail
[0.417s] -- Up-to-date: /home/doanh/atlas_c1/install/c1_driver/include/c1_driver/c1_driver/msg/detail/velquery__type_support.cpp
[0.417s] -- Up-to-date: /home/doanh/atlas_c1/install/c1_driver/include/c1_driver/c1_driver/msg/detail/velquery__rosidl_typesupport_introspection_cpp.hpp
[0.417s] -- Up-to-date: /home/doanh/atlas_c1/install/c1_driver/include/c1_driver/c1_driver/msg/detail/velinfo__type_support.cpp
[0.417s] -- Up-to-date: /home/doanh/atlas_c1/install/c1_driver/include/c1_driver/c1_driver/msg/detail/velinfo__rosidl_typesupport_introspection_cpp.hpp
[0.417s] -- Up-to-date: /home/doanh/atlas_c1/install/c1_driver/lib/libc1_driver__rosidl_typesupport_introspection_cpp.so
[0.418s] -- Up-to-date: /home/doanh/atlas_c1/install/c1_driver/lib/libc1_driver__rosidl_typesupport_cpp.so
[0.418s] -- Up-to-date: /home/doanh/atlas_c1/install/c1_driver/share/c1_driver/environment/pythonpath.sh
[0.418s] -- Up-to-date: /home/doanh/atlas_c1/install/c1_driver/share/c1_driver/environment/pythonpath.dsv
[0.418s] -- Up-to-date: /home/doanh/atlas_c1/install/c1_driver/local/lib/python3.10/dist-packages/c1_driver-0.0.0-py3.10.egg-info
[0.418s] -- Installing: /home/doanh/atlas_c1/install/c1_driver/local/lib/python3.10/dist-packages/c1_driver-0.0.0-py3.10.egg-info/top_level.txt
[0.418s] -- Installing: /home/doanh/atlas_c1/install/c1_driver/local/lib/python3.10/dist-packages/c1_driver-0.0.0-py3.10.egg-info/PKG-INFO
[0.418s] -- Installing: /home/doanh/atlas_c1/install/c1_driver/local/lib/python3.10/dist-packages/c1_driver-0.0.0-py3.10.egg-info/dependency_links.txt
[0.418s] -- Installing: /home/doanh/atlas_c1/install/c1_driver/local/lib/python3.10/dist-packages/c1_driver-0.0.0-py3.10.egg-info/SOURCES.txt
[0.418s] -- Up-to-date: /home/doanh/atlas_c1/install/c1_driver/local/lib/python3.10/dist-packages/c1_driver
[0.418s] -- Up-to-date: /home/doanh/atlas_c1/install/c1_driver/local/lib/python3.10/dist-packages/c1_driver/__init__.py
[0.418s] -- Up-to-date: /home/doanh/atlas_c1/install/c1_driver/local/lib/python3.10/dist-packages/c1_driver/_c1_driver_s.ep.rosidl_typesupport_fastrtps_c.c
[0.418s] -- Up-to-date: /home/doanh/atlas_c1/install/c1_driver/local/lib/python3.10/dist-packages/c1_driver/c1_driver_s__rosidl_typesupport_c.cpython-310-x86_64-linux-gnu.so
[0.418s] -- Up-to-date: /home/doanh/atlas_c1/install/c1_driver/local/lib/python3.10/dist-packages/c1_driver/_c1_driver_s.ep.rosidl_typesupport_introspection_c.c
[0.418s] -- Up-to-date: /home/doanh/atlas_c1/install/c1_driver/local/lib/python3.10/dist-packages/c1_driver/msg
[0.418s] -- Up-to-date: /home/doanh/atlas_c1/install/c1_driver/local/lib/python3.10/dist-packages/c1_driver/msg/__init__.py
[0.418s] -- Up-to-date: /home/doanh/atlas_c1/install/c1_driver/local/lib/python3.10/dist-packages/c1_driver/msg/_velquery_s.c
[0.418s] -- Up-to-date: /home/doanh/atlas_c1/install/c1_driver/local/lib/python3.10/dist-packages/c1_driver/msg/_velinfo_s.c
[0.418s] -- Up-to-date: /home/doanh/atlas_c1/install/c1_driver/local/lib/python3.10/dist-packages/c1_driver/msg/_velquery.py
[0.418s] -- Up-to-date: /home/doanh/atlas_c1/install/c1_driver/local/lib/python3.10/dist-packages/c1_driver/msg/_velinfo.py
[0.418s] -- Up-to-date: /home/doanh/atlas_c1/install/c1_driver/local/lib/python3.10/dist-packages/c1_driver/_c1_driver_s.ep.rosidl_typesupport_c.c
[0.418s] -- Up-to-date: /home/doanh/atlas_c1/install/c1_driver/local/lib/python3.10/dist-packages/c1_driver/c1_driver_s__rosidl_typesupport_introspection_c.cpython-310-x86_64-linux-gnu.so
[0.418s] -- Up-to-date: /home/doanh/atlas_c1/install/c1_driver/local/lib/python3.10/dist-packages/c1_driver/libc1_driver__rosidl_generator_py.so
[0.418s] -- Up-to-date: /home/doanh/atlas_c1/install/c1_driver/local/lib/python3.10/dist-packages/c1_driver/c1_driver_s__rosidl_typesupport_fastrtps_c.cpython-310-x86_64-linux-gnu.so
[0.449s] Listing '/home/doanh/atlas_c1/install/c1_driver/local/lib/python3.10/dist-packages/c1_driver'...
[0.449s] Listing '/home/doanh/atlas_c1/install/c1_driver/local/lib/python3.10/dist-packages/c1_driver/msg'...
[0.454s] -- Up-to-date: /home/doanh/atlas_c1/install/c1_driver/local/lib/python3.10/dist-packages/c1_driver/c1_driver_s__rosidl_typesupport_fastrtps_c.cpython-310-x86_64-linux-gnu.so
[0.454s] -- Up-to-date: /home/doanh/atlas_c1/install/c1_driver/local/lib/python3.10/dist-packages/c1_driver/c1_driver_s__rosidl_typesupport_introspection_c.cpython-310-x86_64-linux-gnu.so
[0.454s] -- Up-to-date: /home/doanh/atlas_c1/install/c1_driver/local/lib/python3.10/dist-packages/c1_driver/c1_driver_s__rosidl_typesupport_c.cpython-310-x86_64-linux-gnu.so
[0.454s] -- Up-to-date: /home/doanh/atlas_c1/install/c1_driver/lib/libc1_driver__rosidl_generator_py.so
[0.455s] -- Up-to-date: /home/doanh/atlas_c1/install/c1_driver/share/ament_index/resource_index/rust_packages/c1_driver
[0.455s] -- Up-to-date: /home/doanh/atlas_c1/install/c1_driver/share/c1_driver/rust
[0.455s] -- Up-to-date: /home/doanh/atlas_c1/install/c1_driver/share/c1_driver/rust/src
[0.455s] -- Up-to-date: /home/doanh/atlas_c1/install/c1_driver/share/c1_driver/rust/src/lib.rs
[0.455s] -- Up-to-date: /home/doanh/atlas_c1/install/c1_driver/share/c1_driver/rust/src/msg
[0.455s] -- Up-to-date: /home/doanh/atlas_c1/install/c1_driver/share/c1_driver/rust/src/msg/rmw.rs
[0.455s] -- Up-to-date: /home/doanh/atlas_c1/install/c1_driver/share/c1_driver/rust/src/msg.rs
[0.455s] -- Up-to-date: /home/doanh/atlas_c1/install/c1_driver/share/c1_driver/rust/build.rs
[0.455s] -- Up-to-date: /home/doanh/atlas_c1/install/c1_driver/share/c1_driver/rust/Cargo.toml
[0.456s] -- Up-to-date: /home/doanh/atlas_c1/install/c1_driver/share/c1_driver/msg/Velinfo.idl
[0.456s] -- Up-to-date: /home/doanh/atlas_c1/install/c1_driver/share/c1_driver/msg/Velquery.idl
[0.456s] -- Up-to-date: /home/doanh/atlas_c1/install/c1_driver/share/c1_driver/msg/Velinfo.msg
[0.456s] -- Up-to-date: /home/doanh/atlas_c1/install/c1_driver/share/c1_driver/msg/Velquery.msg
[0.456s] -- Up-to-date: /home/doanh/atlas_c1/install/c1_driver/share/c1_driver//launch
[0.456s] -- Up-to-date: /home/doanh/atlas_c1/install/c1_driver/share/c1_driver//scripts
[0.456s] -- Up-to-date: /home/doanh/atlas_c1/install/c1_driver/share/c1_driver//scripts/kinematic.py
[0.456s] -- Up-to-date: /home/doanh/atlas_c1/install/c1_driver/share/c1_driver//scripts/ros_serial_bridge.py
[0.456s] -- Up-to-date: /home/doanh/atlas_c1/install/c1_driver/lib/c1_driver/ros_serial_bridge.py
[0.456s] -- Up-to-date: /home/doanh/atlas_c1/install/c1_driver/lib/c1_driver/kinematic.py
[0.456s] -- Up-to-date: /home/doanh/atlas_c1/install/c1_driver/share/ament_index/resource_index/package_run_dependencies/c1_driver
[0.456s] -- Up-to-date: /home/doanh/atlas_c1/install/c1_driver/share/ament_index/resource_index/parent_prefix_path/c1_driver
[0.457s] -- Up-to-date: /home/doanh/atlas_c1/install/c1_driver/share/c1_driver/environment/ament_prefix_path.sh
[0.457s] -- Up-to-date: /home/doanh/atlas_c1/install/c1_driver/share/c1_driver/environment/ament_prefix_path.dsv
[0.457s] -- Up-to-date: /home/doanh/atlas_c1/install/c1_driver/share/c1_driver/environment/path.sh
[0.457s] -- Up-to-date: /home/doanh/atlas_c1/install/c1_driver/share/c1_driver/environment/path.dsv
[0.457s] -- Up-to-date: /home/doanh/atlas_c1/install/c1_driver/share/c1_driver/local_setup.bash
[0.457s] -- Up-to-date: /home/doanh/atlas_c1/install/c1_driver/share/c1_driver/local_setup.sh
[0.457s] -- Up-to-date: /home/doanh/atlas_c1/install/c1_driver/share/c1_driver/local_setup.zsh
[0.457s] -- Up-to-date: /home/doanh/atlas_c1/install/c1_driver/share/c1_driver/local_setup.dsv
[0.457s] -- Installing: /home/doanh/atlas_c1/install/c1_driver/share/c1_driver/package.dsv
[0.457s] -- Up-to-date: /home/doanh/atlas_c1/install/c1_driver/share/ament_index/resource_index/packages/c1_driver
[0.457s] -- Up-to-date: /home/doanh/atlas_c1/install/c1_driver/share/c1_driver/cmake/export_c1_driver__rosidl_generator_cExport.cmake
[0.457s] -- Up-to-date: /home/doanh/atlas_c1/install/c1_driver/share/c1_driver/cmake/export_c1_driver__rosidl_generator_cExport-noconfig.cmake
[0.457s] -- Up-to-date: /home/doanh/atlas_c1/install/c1_driver/share/c1_driver/cmake/export_c1_driver__rosidl_typesupport_fastrtps_cExport.cmake
[0.458s] -- Up-to-date: /home/doanh/atlas_c1/install/c1_driver/share/c1_driver/cmake/export_c1_driver__rosidl_typesupport_fastrtps_cExport-noconfig.cmake
[0.458s] -- Up-to-date: /home/doanh/atlas_c1/install/c1_driver/share/c1_driver/cmake/c1_driver__rosidl_typesupport_introspection_cExport.cmake
[0.458s] -- Up-to-date: /home/doanh/atlas_c1/install/c1_driver/share/c1_driver/cmake/c1_driver__rosidl_typesupport_introspection_cExport-noconfig.cmake
[0.458s] -- Up-to-date: /home/doanh/atlas_c1/install/c1_driver/share/c1_driver/cmake/c1_driver__rosidl_typesupport_cExport.cmake
[0.458s] -- Up-to-date: /home/doanh/atlas_c1/install/c1_driver/share/c1_driver/cmake/c1_driver__rosidl_typesupport_cExport-noconfig.cmake
[0.458s] -- Up-to-date: /home/doanh/atlas_c1/install/c1_driver/share/c1_driver/cmake/export_c1_driver__rosidl_generator_cppExport.cmake
[0.458s] -- Up-to-date: /home/doanh/atlas_c1/install/c1_driver/share/c1_driver/cmake/export_c1_driver__rosidl_typesupport_fastrtps_cppExport.cmake
[0.458s] -- Up-to-date: /home/doanh/atlas_c1/install/c1_driver/share/c1_driver/cmake/export_c1_driver__rosidl_typesupport_fastrtps_cppExport-noconfig.cmake
[0.458s] -- Up-to-date: /home/doanh/atlas_c1/install/c1_driver/share/c1_driver/cmake/c1_driver__rosidl_typesupport_introspection_cppExport.cmake
[0.458s] -- Up-to-date: /home/doanh/atlas_c1/install/c1_driver/share/c1_driver/cmake/c1_driver__rosidl_typesupport_introspection_cppExport-noconfig.cmake
[0.458s] -- Up-to-date: /home/doanh/atlas_c1/install/c1_driver/share/c1_driver/cmake/c1_driver__rosidl_typesupport_cppExport.cmake
[0.458s] -- Up-to-date: /home/doanh/atlas_c1/install/c1_driver/share/c1_driver/cmake/c1_driver__rosidl_typesupport_cppExport-noconfig.cmake
[0.458s] -- Up-to-date: /home/doanh/atlas_c1/install/c1_driver/share/c1_driver/cmake/export_c1_driver__rosidl_generator_pyExport.cmake
[0.458s] -- Up-to-date: /home/doanh/atlas_c1/install/c1_driver/share/c1_driver/cmake/export_c1_driver__rosidl_generator_pyExport-noconfig.cmake
[0.458s] -- Up-to-date: /home/doanh/atlas_c1/install/c1_driver/share/c1_driver/cmake/rosidl_cmake-extras.cmake
[0.458s] -- Up-to-date: /home/doanh/atlas_c1/install/c1_driver/share/c1_driver/cmake/ament_cmake_export_include_directories-extras.cmake
[0.458s] -- Up-to-date: /home/doanh/atlas_c1/install/c1_driver/share/c1_driver/cmake/ament_cmake_export_libraries-extras.cmake
[0.458s] -- Up-to-date: /home/doanh/atlas_c1/install/c1_driver/share/c1_driver/cmake/ament_cmake_export_targets-extras.cmake
[0.459s] -- Up-to-date: /home/doanh/atlas_c1/install/c1_driver/share/c1_driver/cmake/rosidl_cmake_export_typesupport_targets-extras.cmake
[0.459s] -- Up-to-date: /home/doanh/atlas_c1/install/c1_driver/share/c1_driver/cmake/ament_cmake_export_dependencies-extras.cmake
[0.459s] -- Up-to-date: /home/doanh/atlas_c1/install/c1_driver/share/c1_driver/cmake/rosidl_cmake_export_typesupport_libraries-extras.cmake
[0.459s] -- Up-to-date: /home/doanh/atlas_c1/install/c1_driver/share/c1_driver/cmake/c1_driverConfig.cmake
[0.459s] -- Up-to-date: /home/doanh/atlas_c1/install/c1_driver/share/c1_driver/cmake/c1_driverConfig-version.cmake
[0.459s] -- Up-to-date: /home/doanh/atlas_c1/install/c1_driver/share/c1_driver/package.xml
[0.460s] Invoked command in '/home/doanh/atlas_c1/build/c1_driver' returned '0': CMAKE_PREFIX_PATH=${CMAKE_PREFIX_PATH}:/opt/ros/humble /home/doanh/.local/bin/cmake --install /home/doanh/atlas_c1/build/c1_driver
