[0.627s] Invoking command in '/home/doanh/atlas_c1/build/c1_platform': CMAKE_PREFIX_PATH=${CMAKE_PREFIX_PATH}:/home/doanh/atlas_c1/install/atlas_web:/home/doanh/atlas_c1/install/atlas_app:/home/doanh/atlas_c1/install/atlas_app_robot:/home/doanh/atlas_c1/install/atlas_api:/opt/ros/humble /home/doanh/.local/bin/cmake --build /home/doanh/atlas_c1/build/c1_platform -- -j12 -l12
[0.753s] Invoked command in '/home/doanh/atlas_c1/build/c1_platform' returned '0': CMAKE_PREFIX_PATH=${CMAKE_PREFIX_PATH}:/home/doanh/atlas_c1/install/atlas_web:/home/doanh/atlas_c1/install/atlas_app:/home/doanh/atlas_c1/install/atlas_app_robot:/home/doanh/atlas_c1/install/atlas_api:/opt/ros/humble /home/doanh/.local/bin/cmake --build /home/doanh/atlas_c1/build/c1_platform -- -j12 -l12
[0.753s] Invoking command in '/home/doanh/atlas_c1/build/c1_platform': CMAKE_PREFIX_PATH=${CMAKE_PREFIX_PATH}:/home/doanh/atlas_c1/install/atlas_web:/home/doanh/atlas_c1/install/atlas_app:/home/doanh/atlas_c1/install/atlas_app_robot:/home/doanh/atlas_c1/install/atlas_api:/opt/ros/humble /home/doanh/.local/bin/cmake --install /home/doanh/atlas_c1/build/c1_platform
[0.874s] -- Install configuration: ""
[0.874s] -- Up-to-date: /home/doanh/atlas_c1/install/c1_platform/share/ament_index/resource_index/package_run_dependencies/c1_platform
[0.874s] -- Up-to-date: /home/doanh/atlas_c1/install/c1_platform/share/ament_index/resource_index/parent_prefix_path/c1_platform
[0.875s] -- Up-to-date: /home/doanh/atlas_c1/install/c1_platform/share/c1_platform/environment/ament_prefix_path.sh
[0.876s] -- Up-to-date: /home/doanh/atlas_c1/install/c1_platform/share/c1_platform/environment/ament_prefix_path.dsv
[0.876s] -- Up-to-date: /home/doanh/atlas_c1/install/c1_platform/share/c1_platform/environment/path.sh
[0.876s] -- Up-to-date: /home/doanh/atlas_c1/install/c1_platform/share/c1_platform/environment/path.dsv
[0.876s] -- Up-to-date: /home/doanh/atlas_c1/install/c1_platform/share/c1_platform/local_setup.bash
[0.876s] -- Up-to-date: /home/doanh/atlas_c1/install/c1_platform/share/c1_platform/local_setup.sh
[0.876s] -- Up-to-date: /home/doanh/atlas_c1/install/c1_platform/share/c1_platform/local_setup.zsh
[0.876s] -- Up-to-date: /home/doanh/atlas_c1/install/c1_platform/share/c1_platform/local_setup.dsv
[0.876s] -- Installing: /home/doanh/atlas_c1/install/c1_platform/share/c1_platform/package.dsv
[0.877s] -- Up-to-date: /home/doanh/atlas_c1/install/c1_platform/share/ament_index/resource_index/packages/c1_platform
[0.877s] -- Up-to-date: /home/doanh/atlas_c1/install/c1_platform/share/c1_platform/cmake/c1_platformConfig.cmake
[0.877s] -- Up-to-date: /home/doanh/atlas_c1/install/c1_platform/share/c1_platform/cmake/c1_platformConfig-version.cmake
[0.877s] -- Up-to-date: /home/doanh/atlas_c1/install/c1_platform/share/c1_platform/package.xml
[0.944s] Invoked command in '/home/doanh/atlas_c1/build/c1_platform' returned '0': CMAKE_PREFIX_PATH=${CMAKE_PREFIX_PATH}:/home/doanh/atlas_c1/install/atlas_web:/home/doanh/atlas_c1/install/atlas_app:/home/doanh/atlas_c1/install/atlas_app_robot:/home/doanh/atlas_c1/install/atlas_api:/opt/ros/humble /home/doanh/.local/bin/cmake --install /home/doanh/atlas_c1/build/c1_platform
