[0.066s] DEBUG:colcon:Command line arguments: ['/usr/bin/colcon', 'build']
[0.066s] DEBUG:colcon:Parsed command line arguments: Namespace(log_base=None, log_level=None, verb_name='build', build_base='build', install_base='install', merge_install=False, symlink_install=False, test_result_base=None, continue_on_error=False, executor='parallel', parallel_workers=12, event_handlers=None, ignore_user_meta=False, metas=['./colcon.meta'], base_paths=['.'], packages_ignore=None, packages_ignore_regex=None, paths=None, packages_up_to=None, packages_up_to_regex=None, packages_above=None, packages_above_and_dependencies=None, packages_above_depth=None, packages_select_by_dep=None, packages_skip_by_dep=None, packages_skip_up_to=None, packages_select_build_failed=False, packages_skip_build_finished=False, packages_select_test_failures=False, packages_skip_test_passed=False, packages_select=None, packages_skip=None, packages_select_regex=None, packages_skip_regex=None, packages_start=None, packages_end=None, allow_overriding=[], cmake_args=None, cmake_target=None, cmake_target_skip_unavailable=False, cmake_clean_cache=False, cmake_clean_first=False, cmake_force_configure=False, ament_cmake_args=None, catkin_cmake_args=None, catkin_skip_building_tests=False, verb_parser=<colcon_defaults.argument_parser.defaults.DefaultArgumentsDecorator object at 0x77f13a176a70>, verb_extension=<colcon_core.verb.build.BuildVerb object at 0x77f13a263f70>, main=<bound method BuildVerb.main of <colcon_core.verb.build.BuildVerb object at 0x77f13a263f70>>)
[0.193s] Level 1:colcon.colcon_core.package_discovery:discover_packages(colcon_meta) check parameters
[0.193s] Level 1:colcon.colcon_core.package_discovery:discover_packages(recursive) check parameters
[0.193s] Level 1:colcon.colcon_core.package_discovery:discover_packages(ignore) check parameters
[0.193s] Level 1:colcon.colcon_core.package_discovery:discover_packages(path) check parameters
[0.193s] Level 1:colcon.colcon_core.package_discovery:discover_packages(colcon_meta) discover
[0.193s] Level 1:colcon.colcon_core.package_discovery:discover_packages(recursive) discover
[0.193s] INFO:colcon.colcon_core.package_discovery:Crawling recursively for packages in '/home/doanh/atlas_c1'
[0.193s] Level 1:colcon.colcon_core.package_identification:_identify(.) by extensions ['ignore', 'ignore_ament_install']
[0.193s] Level 1:colcon.colcon_core.package_identification:_identify(.) by extension 'ignore'
[0.193s] Level 1:colcon.colcon_core.package_identification:_identify(.) by extension 'ignore_ament_install'
[0.193s] Level 1:colcon.colcon_core.package_identification:_identify(.) by extensions ['colcon_pkg']
[0.193s] Level 1:colcon.colcon_core.package_identification:_identify(.) by extension 'colcon_pkg'
[0.193s] Level 1:colcon.colcon_core.package_identification:_identify(.) by extensions ['colcon_meta']
[0.193s] Level 1:colcon.colcon_core.package_identification:_identify(.) by extension 'colcon_meta'
[0.193s] Level 1:colcon.colcon_core.package_identification:_identify(.) by extensions ['ros']
[0.193s] Level 1:colcon.colcon_core.package_identification:_identify(.) by extension 'ros'
[0.207s] Level 1:colcon.colcon_core.package_identification:_identify(.) by extensions ['cmake', 'python']
[0.207s] Level 1:colcon.colcon_core.package_identification:_identify(.) by extension 'cmake'
[0.207s] Level 1:colcon.colcon_core.package_identification:_identify(.) by extension 'python'
[0.207s] Level 1:colcon.colcon_core.package_identification:_identify(.) by extensions ['python_setup_py']
[0.207s] Level 1:colcon.colcon_core.package_identification:_identify(.) by extension 'python_setup_py'
[0.207s] Level 1:colcon.colcon_core.package_identification:_identify(build) by extensions ['ignore', 'ignore_ament_install']
[0.207s] Level 1:colcon.colcon_core.package_identification:_identify(build) by extension 'ignore'
[0.207s] Level 1:colcon.colcon_core.package_identification:_identify(build) ignored
[0.207s] Level 1:colcon.colcon_core.package_identification:_identify(install) by extensions ['ignore', 'ignore_ament_install']
[0.207s] Level 1:colcon.colcon_core.package_identification:_identify(install) by extension 'ignore'
[0.207s] Level 1:colcon.colcon_core.package_identification:_identify(install) ignored
[0.207s] Level 1:colcon.colcon_core.package_identification:_identify(log) by extensions ['ignore', 'ignore_ament_install']
[0.208s] Level 1:colcon.colcon_core.package_identification:_identify(log) by extension 'ignore'
[0.208s] Level 1:colcon.colcon_core.package_identification:_identify(log) ignored
[0.208s] Level 1:colcon.colcon_core.package_identification:_identify(src) by extensions ['ignore', 'ignore_ament_install']
[0.208s] Level 1:colcon.colcon_core.package_identification:_identify(src) by extension 'ignore'
[0.208s] Level 1:colcon.colcon_core.package_identification:_identify(src) by extension 'ignore_ament_install'
[0.208s] Level 1:colcon.colcon_core.package_identification:_identify(src) by extensions ['colcon_pkg']
[0.208s] Level 1:colcon.colcon_core.package_identification:_identify(src) by extension 'colcon_pkg'
[0.208s] Level 1:colcon.colcon_core.package_identification:_identify(src) by extensions ['colcon_meta']
[0.208s] Level 1:colcon.colcon_core.package_identification:_identify(src) by extension 'colcon_meta'
[0.208s] Level 1:colcon.colcon_core.package_identification:_identify(src) by extensions ['ros']
[0.208s] Level 1:colcon.colcon_core.package_identification:_identify(src) by extension 'ros'
[0.208s] Level 1:colcon.colcon_core.package_identification:_identify(src) by extensions ['cmake', 'python']
[0.208s] Level 1:colcon.colcon_core.package_identification:_identify(src) by extension 'cmake'
[0.208s] Level 1:colcon.colcon_core.package_identification:_identify(src) by extension 'python'
[0.208s] Level 1:colcon.colcon_core.package_identification:_identify(src) by extensions ['python_setup_py']
[0.208s] Level 1:colcon.colcon_core.package_identification:_identify(src) by extension 'python_setup_py'
[0.208s] Level 1:colcon.colcon_core.package_identification:_identify(src/c1_bringup) by extensions ['ignore', 'ignore_ament_install']
[0.208s] Level 1:colcon.colcon_core.package_identification:_identify(src/c1_bringup) by extension 'ignore'
[0.208s] Level 1:colcon.colcon_core.package_identification:_identify(src/c1_bringup) by extension 'ignore_ament_install'
[0.208s] Level 1:colcon.colcon_core.package_identification:_identify(src/c1_bringup) by extensions ['colcon_pkg']
[0.208s] Level 1:colcon.colcon_core.package_identification:_identify(src/c1_bringup) by extension 'colcon_pkg'
[0.208s] Level 1:colcon.colcon_core.package_identification:_identify(src/c1_bringup) by extensions ['colcon_meta']
[0.208s] Level 1:colcon.colcon_core.package_identification:_identify(src/c1_bringup) by extension 'colcon_meta'
[0.208s] Level 1:colcon.colcon_core.package_identification:_identify(src/c1_bringup) by extensions ['ros']
[0.208s] Level 1:colcon.colcon_core.package_identification:_identify(src/c1_bringup) by extension 'ros'
[0.210s] DEBUG:colcon.colcon_core.package_identification:Package 'src/c1_bringup' with type 'ros.ament_cmake' and name 'c1_bringup'
[0.210s] Level 1:colcon.colcon_core.package_identification:_identify(src/c1_description) by extensions ['ignore', 'ignore_ament_install']
[0.210s] Level 1:colcon.colcon_core.package_identification:_identify(src/c1_description) by extension 'ignore'
[0.210s] Level 1:colcon.colcon_core.package_identification:_identify(src/c1_description) by extension 'ignore_ament_install'
[0.210s] Level 1:colcon.colcon_core.package_identification:_identify(src/c1_description) by extensions ['colcon_pkg']
[0.210s] Level 1:colcon.colcon_core.package_identification:_identify(src/c1_description) by extension 'colcon_pkg'
[0.210s] Level 1:colcon.colcon_core.package_identification:_identify(src/c1_description) by extensions ['colcon_meta']
[0.210s] Level 1:colcon.colcon_core.package_identification:_identify(src/c1_description) by extension 'colcon_meta'
[0.210s] Level 1:colcon.colcon_core.package_identification:_identify(src/c1_description) by extensions ['ros']
[0.210s] Level 1:colcon.colcon_core.package_identification:_identify(src/c1_description) by extension 'ros'
[0.210s] DEBUG:colcon.colcon_core.package_identification:Package 'src/c1_description' with type 'ros.ament_cmake' and name 'c1_description'
[0.210s] Level 1:colcon.colcon_core.package_identification:_identify(src/c1_driver) by extensions ['ignore', 'ignore_ament_install']
[0.210s] Level 1:colcon.colcon_core.package_identification:_identify(src/c1_driver) by extension 'ignore'
[0.210s] Level 1:colcon.colcon_core.package_identification:_identify(src/c1_driver) by extension 'ignore_ament_install'
[0.211s] Level 1:colcon.colcon_core.package_identification:_identify(src/c1_driver) by extensions ['colcon_pkg']
[0.211s] Level 1:colcon.colcon_core.package_identification:_identify(src/c1_driver) by extension 'colcon_pkg'
[0.211s] Level 1:colcon.colcon_core.package_identification:_identify(src/c1_driver) by extensions ['colcon_meta']
[0.211s] Level 1:colcon.colcon_core.package_identification:_identify(src/c1_driver) by extension 'colcon_meta'
[0.211s] Level 1:colcon.colcon_core.package_identification:_identify(src/c1_driver) by extensions ['ros']
[0.211s] Level 1:colcon.colcon_core.package_identification:_identify(src/c1_driver) by extension 'ros'
[0.211s] DEBUG:colcon.colcon_core.package_identification:Package 'src/c1_driver' with type 'ros.ament_cmake' and name 'c1_driver'
[0.211s] Level 1:colcon.colcon_core.package_identification:_identify(src/c1_platform) by extensions ['ignore', 'ignore_ament_install']
[0.211s] Level 1:colcon.colcon_core.package_identification:_identify(src/c1_platform) by extension 'ignore'
[0.211s] Level 1:colcon.colcon_core.package_identification:_identify(src/c1_platform) by extension 'ignore_ament_install'
[0.211s] Level 1:colcon.colcon_core.package_identification:_identify(src/c1_platform) by extensions ['colcon_pkg']
[0.211s] Level 1:colcon.colcon_core.package_identification:_identify(src/c1_platform) by extension 'colcon_pkg'
[0.211s] Level 1:colcon.colcon_core.package_identification:_identify(src/c1_platform) by extensions ['colcon_meta']
[0.211s] Level 1:colcon.colcon_core.package_identification:_identify(src/c1_platform) by extension 'colcon_meta'
[0.211s] Level 1:colcon.colcon_core.package_identification:_identify(src/c1_platform) by extensions ['ros']
[0.211s] Level 1:colcon.colcon_core.package_identification:_identify(src/c1_platform) by extension 'ros'
[0.212s] DEBUG:colcon.colcon_core.package_identification:Package 'src/c1_platform' with type 'ros.ament_cmake' and name 'c1_platform'
[0.212s] Level 1:colcon.colcon_core.package_identification:_identify(src/c1_sdk) by extensions ['ignore', 'ignore_ament_install']
[0.212s] Level 1:colcon.colcon_core.package_identification:_identify(src/c1_sdk) by extension 'ignore'
[0.212s] Level 1:colcon.colcon_core.package_identification:_identify(src/c1_sdk) by extension 'ignore_ament_install'
[0.212s] Level 1:colcon.colcon_core.package_identification:_identify(src/c1_sdk) by extensions ['colcon_pkg']
[0.212s] Level 1:colcon.colcon_core.package_identification:_identify(src/c1_sdk) by extension 'colcon_pkg'
[0.212s] Level 1:colcon.colcon_core.package_identification:_identify(src/c1_sdk) by extensions ['colcon_meta']
[0.212s] Level 1:colcon.colcon_core.package_identification:_identify(src/c1_sdk) by extension 'colcon_meta'
[0.212s] Level 1:colcon.colcon_core.package_identification:_identify(src/c1_sdk) by extensions ['ros']
[0.212s] Level 1:colcon.colcon_core.package_identification:_identify(src/c1_sdk) by extension 'ros'
[0.212s] Level 1:colcon.colcon_core.package_identification:_identify(src/c1_sdk) by extensions ['cmake', 'python']
[0.212s] Level 1:colcon.colcon_core.package_identification:_identify(src/c1_sdk) by extension 'cmake'
[0.212s] Level 1:colcon.colcon_core.package_identification:_identify(src/c1_sdk) by extension 'python'
[0.212s] Level 1:colcon.colcon_core.package_identification:_identify(src/c1_sdk) by extensions ['python_setup_py']
[0.212s] Level 1:colcon.colcon_core.package_identification:_identify(src/c1_sdk) by extension 'python_setup_py'
[0.212s] Level 1:colcon.colcon_core.package_identification:_identify(src/c1_sdk/rf2o_laser_odometry) by extensions ['ignore', 'ignore_ament_install']
[0.212s] Level 1:colcon.colcon_core.package_identification:_identify(src/c1_sdk/rf2o_laser_odometry) by extension 'ignore'
[0.212s] Level 1:colcon.colcon_core.package_identification:_identify(src/c1_sdk/rf2o_laser_odometry) by extension 'ignore_ament_install'
[0.212s] Level 1:colcon.colcon_core.package_identification:_identify(src/c1_sdk/rf2o_laser_odometry) by extensions ['colcon_pkg']
[0.212s] Level 1:colcon.colcon_core.package_identification:_identify(src/c1_sdk/rf2o_laser_odometry) by extension 'colcon_pkg'
[0.212s] Level 1:colcon.colcon_core.package_identification:_identify(src/c1_sdk/rf2o_laser_odometry) by extensions ['colcon_meta']
[0.212s] Level 1:colcon.colcon_core.package_identification:_identify(src/c1_sdk/rf2o_laser_odometry) by extension 'colcon_meta'
[0.212s] Level 1:colcon.colcon_core.package_identification:_identify(src/c1_sdk/rf2o_laser_odometry) by extensions ['ros']
[0.212s] Level 1:colcon.colcon_core.package_identification:_identify(src/c1_sdk/rf2o_laser_odometry) by extension 'ros'
[0.213s] DEBUG:colcon.colcon_core.package_identification:Package 'src/c1_sdk/rf2o_laser_odometry' with type 'ros.ament_cmake' and name 'rf2o_laser_odometry'
[0.213s] Level 1:colcon.colcon_core.package_identification:_identify(src/c1_sdk/ydlidar_ros2_driver) by extensions ['ignore', 'ignore_ament_install']
[0.213s] Level 1:colcon.colcon_core.package_identification:_identify(src/c1_sdk/ydlidar_ros2_driver) by extension 'ignore'
[0.213s] Level 1:colcon.colcon_core.package_identification:_identify(src/c1_sdk/ydlidar_ros2_driver) by extension 'ignore_ament_install'
[0.213s] Level 1:colcon.colcon_core.package_identification:_identify(src/c1_sdk/ydlidar_ros2_driver) by extensions ['colcon_pkg']
[0.213s] Level 1:colcon.colcon_core.package_identification:_identify(src/c1_sdk/ydlidar_ros2_driver) by extension 'colcon_pkg'
[0.213s] Level 1:colcon.colcon_core.package_identification:_identify(src/c1_sdk/ydlidar_ros2_driver) by extensions ['colcon_meta']
[0.213s] Level 1:colcon.colcon_core.package_identification:_identify(src/c1_sdk/ydlidar_ros2_driver) by extension 'colcon_meta'
[0.213s] Level 1:colcon.colcon_core.package_identification:_identify(src/c1_sdk/ydlidar_ros2_driver) by extensions ['ros']
[0.213s] Level 1:colcon.colcon_core.package_identification:_identify(src/c1_sdk/ydlidar_ros2_driver) by extension 'ros'
[0.214s] DEBUG:colcon.colcon_core.package_identification:Package 'src/c1_sdk/ydlidar_ros2_driver' with type 'ros.ament_cmake' and name 'ydlidar_ros2_driver'
[0.214s] Level 1:colcon.colcon_core.package_discovery:discover_packages(recursive) using defaults
[0.214s] Level 1:colcon.colcon_core.package_discovery:discover_packages(ignore) discover
[0.214s] Level 1:colcon.colcon_core.package_discovery:discover_packages(ignore) using defaults
[0.214s] Level 1:colcon.colcon_core.package_discovery:discover_packages(path) discover
[0.214s] Level 1:colcon.colcon_core.package_discovery:discover_packages(path) using defaults
[0.227s] Level 1:colcon.colcon_core.package_discovery:discover_packages(prefix_path) check parameters
[0.227s] Level 1:colcon.colcon_core.package_discovery:discover_packages(prefix_path) discover
[0.228s] WARNING:colcon.colcon_ros.prefix_path.ament:The path '/home/doanh/atlas_c1/install/c1_message' in the environment variable AMENT_PREFIX_PATH doesn't exist
[0.228s] WARNING:colcon.colcon_ros.prefix_path.catkin:The path '/home/doanh/atlas_c1/install/c1_message' in the environment variable CMAKE_PREFIX_PATH doesn't exist
[0.229s] DEBUG:colcon.colcon_installed_package_information.package_discovery:Found 6 installed packages in /home/doanh/atlas_c1/install
[0.230s] DEBUG:colcon.colcon_installed_package_information.package_discovery:Found 429 installed packages in /opt/ros/humble
[0.231s] Level 1:colcon.colcon_core.package_discovery:discover_packages(prefix_path) using defaults
[0.262s] Level 5:colcon.colcon_core.verb:set package 'c1_bringup' build argument 'cmake_args' from command line to 'None'
[0.262s] Level 5:colcon.colcon_core.verb:set package 'c1_bringup' build argument 'cmake_target' from command line to 'None'
[0.262s] Level 5:colcon.colcon_core.verb:set package 'c1_bringup' build argument 'cmake_target_skip_unavailable' from command line to 'False'
[0.262s] Level 5:colcon.colcon_core.verb:set package 'c1_bringup' build argument 'cmake_clean_cache' from command line to 'False'
[0.262s] Level 5:colcon.colcon_core.verb:set package 'c1_bringup' build argument 'cmake_clean_first' from command line to 'False'
[0.262s] Level 5:colcon.colcon_core.verb:set package 'c1_bringup' build argument 'cmake_force_configure' from command line to 'False'
[0.262s] Level 5:colcon.colcon_core.verb:set package 'c1_bringup' build argument 'ament_cmake_args' from command line to 'None'
[0.262s] Level 5:colcon.colcon_core.verb:set package 'c1_bringup' build argument 'catkin_cmake_args' from command line to 'None'
[0.262s] Level 5:colcon.colcon_core.verb:set package 'c1_bringup' build argument 'catkin_skip_building_tests' from command line to 'False'
[0.262s] DEBUG:colcon.colcon_core.verb:Building package 'c1_bringup' with the following arguments: {'ament_cmake_args': None, 'build_base': '/home/doanh/atlas_c1/build/c1_bringup', 'catkin_cmake_args': None, 'catkin_skip_building_tests': False, 'cmake_args': None, 'cmake_clean_cache': False, 'cmake_clean_first': False, 'cmake_force_configure': False, 'cmake_target': None, 'cmake_target_skip_unavailable': False, 'install_base': '/home/doanh/atlas_c1/install/c1_bringup', 'merge_install': False, 'path': '/home/doanh/atlas_c1/src/c1_bringup', 'symlink_install': False, 'test_result_base': None}
[0.263s] Level 5:colcon.colcon_core.verb:set package 'c1_description' build argument 'cmake_args' from command line to 'None'
[0.263s] Level 5:colcon.colcon_core.verb:set package 'c1_description' build argument 'cmake_target' from command line to 'None'
[0.263s] Level 5:colcon.colcon_core.verb:set package 'c1_description' build argument 'cmake_target_skip_unavailable' from command line to 'False'
[0.263s] Level 5:colcon.colcon_core.verb:set package 'c1_description' build argument 'cmake_clean_cache' from command line to 'False'
[0.263s] Level 5:colcon.colcon_core.verb:set package 'c1_description' build argument 'cmake_clean_first' from command line to 'False'
[0.263s] Level 5:colcon.colcon_core.verb:set package 'c1_description' build argument 'cmake_force_configure' from command line to 'False'
[0.263s] Level 5:colcon.colcon_core.verb:set package 'c1_description' build argument 'ament_cmake_args' from command line to 'None'
[0.263s] Level 5:colcon.colcon_core.verb:set package 'c1_description' build argument 'catkin_cmake_args' from command line to 'None'
[0.263s] Level 5:colcon.colcon_core.verb:set package 'c1_description' build argument 'catkin_skip_building_tests' from command line to 'False'
[0.263s] DEBUG:colcon.colcon_core.verb:Building package 'c1_description' with the following arguments: {'ament_cmake_args': None, 'build_base': '/home/doanh/atlas_c1/build/c1_description', 'catkin_cmake_args': None, 'catkin_skip_building_tests': False, 'cmake_args': None, 'cmake_clean_cache': False, 'cmake_clean_first': False, 'cmake_force_configure': False, 'cmake_target': None, 'cmake_target_skip_unavailable': False, 'install_base': '/home/doanh/atlas_c1/install/c1_description', 'merge_install': False, 'path': '/home/doanh/atlas_c1/src/c1_description', 'symlink_install': False, 'test_result_base': None}
[0.263s] Level 5:colcon.colcon_core.verb:set package 'c1_driver' build argument 'cmake_args' from command line to 'None'
[0.263s] Level 5:colcon.colcon_core.verb:set package 'c1_driver' build argument 'cmake_target' from command line to 'None'
[0.263s] Level 5:colcon.colcon_core.verb:set package 'c1_driver' build argument 'cmake_target_skip_unavailable' from command line to 'False'
[0.263s] Level 5:colcon.colcon_core.verb:set package 'c1_driver' build argument 'cmake_clean_cache' from command line to 'False'
[0.263s] Level 5:colcon.colcon_core.verb:set package 'c1_driver' build argument 'cmake_clean_first' from command line to 'False'
[0.263s] Level 5:colcon.colcon_core.verb:set package 'c1_driver' build argument 'cmake_force_configure' from command line to 'False'
[0.263s] Level 5:colcon.colcon_core.verb:set package 'c1_driver' build argument 'ament_cmake_args' from command line to 'None'
[0.263s] Level 5:colcon.colcon_core.verb:set package 'c1_driver' build argument 'catkin_cmake_args' from command line to 'None'
[0.263s] Level 5:colcon.colcon_core.verb:set package 'c1_driver' build argument 'catkin_skip_building_tests' from command line to 'False'
[0.263s] DEBUG:colcon.colcon_core.verb:Building package 'c1_driver' with the following arguments: {'ament_cmake_args': None, 'build_base': '/home/doanh/atlas_c1/build/c1_driver', 'catkin_cmake_args': None, 'catkin_skip_building_tests': False, 'cmake_args': None, 'cmake_clean_cache': False, 'cmake_clean_first': False, 'cmake_force_configure': False, 'cmake_target': None, 'cmake_target_skip_unavailable': False, 'install_base': '/home/doanh/atlas_c1/install/c1_driver', 'merge_install': False, 'path': '/home/doanh/atlas_c1/src/c1_driver', 'symlink_install': False, 'test_result_base': None}
[0.263s] Level 5:colcon.colcon_core.verb:set package 'c1_platform' build argument 'cmake_args' from command line to 'None'
[0.263s] Level 5:colcon.colcon_core.verb:set package 'c1_platform' build argument 'cmake_target' from command line to 'None'
[0.263s] Level 5:colcon.colcon_core.verb:set package 'c1_platform' build argument 'cmake_target_skip_unavailable' from command line to 'False'
[0.263s] Level 5:colcon.colcon_core.verb:set package 'c1_platform' build argument 'cmake_clean_cache' from command line to 'False'
[0.263s] Level 5:colcon.colcon_core.verb:set package 'c1_platform' build argument 'cmake_clean_first' from command line to 'False'
[0.263s] Level 5:colcon.colcon_core.verb:set package 'c1_platform' build argument 'cmake_force_configure' from command line to 'False'
[0.263s] Level 5:colcon.colcon_core.verb:set package 'c1_platform' build argument 'ament_cmake_args' from command line to 'None'
[0.264s] Level 5:colcon.colcon_core.verb:set package 'c1_platform' build argument 'catkin_cmake_args' from command line to 'None'
[0.264s] Level 5:colcon.colcon_core.verb:set package 'c1_platform' build argument 'catkin_skip_building_tests' from command line to 'False'
[0.264s] DEBUG:colcon.colcon_core.verb:Building package 'c1_platform' with the following arguments: {'ament_cmake_args': None, 'build_base': '/home/doanh/atlas_c1/build/c1_platform', 'catkin_cmake_args': None, 'catkin_skip_building_tests': False, 'cmake_args': None, 'cmake_clean_cache': False, 'cmake_clean_first': False, 'cmake_force_configure': False, 'cmake_target': None, 'cmake_target_skip_unavailable': False, 'install_base': '/home/doanh/atlas_c1/install/c1_platform', 'merge_install': False, 'path': '/home/doanh/atlas_c1/src/c1_platform', 'symlink_install': False, 'test_result_base': None}
[0.264s] Level 5:colcon.colcon_core.verb:set package 'rf2o_laser_odometry' build argument 'cmake_args' from command line to 'None'
[0.264s] Level 5:colcon.colcon_core.verb:set package 'rf2o_laser_odometry' build argument 'cmake_target' from command line to 'None'
[0.264s] Level 5:colcon.colcon_core.verb:set package 'rf2o_laser_odometry' build argument 'cmake_target_skip_unavailable' from command line to 'False'
[0.264s] Level 5:colcon.colcon_core.verb:set package 'rf2o_laser_odometry' build argument 'cmake_clean_cache' from command line to 'False'
[0.264s] Level 5:colcon.colcon_core.verb:set package 'rf2o_laser_odometry' build argument 'cmake_clean_first' from command line to 'False'
[0.264s] Level 5:colcon.colcon_core.verb:set package 'rf2o_laser_odometry' build argument 'cmake_force_configure' from command line to 'False'
[0.264s] Level 5:colcon.colcon_core.verb:set package 'rf2o_laser_odometry' build argument 'ament_cmake_args' from command line to 'None'
[0.264s] Level 5:colcon.colcon_core.verb:set package 'rf2o_laser_odometry' build argument 'catkin_cmake_args' from command line to 'None'
[0.264s] Level 5:colcon.colcon_core.verb:set package 'rf2o_laser_odometry' build argument 'catkin_skip_building_tests' from command line to 'False'
[0.264s] DEBUG:colcon.colcon_core.verb:Building package 'rf2o_laser_odometry' with the following arguments: {'ament_cmake_args': None, 'build_base': '/home/doanh/atlas_c1/build/rf2o_laser_odometry', 'catkin_cmake_args': None, 'catkin_skip_building_tests': False, 'cmake_args': None, 'cmake_clean_cache': False, 'cmake_clean_first': False, 'cmake_force_configure': False, 'cmake_target': None, 'cmake_target_skip_unavailable': False, 'install_base': '/home/doanh/atlas_c1/install/rf2o_laser_odometry', 'merge_install': False, 'path': '/home/doanh/atlas_c1/src/c1_sdk/rf2o_laser_odometry', 'symlink_install': False, 'test_result_base': None}
[0.264s] Level 5:colcon.colcon_core.verb:set package 'ydlidar_ros2_driver' build argument 'cmake_args' from command line to 'None'
[0.264s] Level 5:colcon.colcon_core.verb:set package 'ydlidar_ros2_driver' build argument 'cmake_target' from command line to 'None'
[0.264s] Level 5:colcon.colcon_core.verb:set package 'ydlidar_ros2_driver' build argument 'cmake_target_skip_unavailable' from command line to 'False'
[0.264s] Level 5:colcon.colcon_core.verb:set package 'ydlidar_ros2_driver' build argument 'cmake_clean_cache' from command line to 'False'
[0.264s] Level 5:colcon.colcon_core.verb:set package 'ydlidar_ros2_driver' build argument 'cmake_clean_first' from command line to 'False'
[0.264s] Level 5:colcon.colcon_core.verb:set package 'ydlidar_ros2_driver' build argument 'cmake_force_configure' from command line to 'False'
[0.264s] Level 5:colcon.colcon_core.verb:set package 'ydlidar_ros2_driver' build argument 'ament_cmake_args' from command line to 'None'
[0.264s] Level 5:colcon.colcon_core.verb:set package 'ydlidar_ros2_driver' build argument 'catkin_cmake_args' from command line to 'None'
[0.264s] Level 5:colcon.colcon_core.verb:set package 'ydlidar_ros2_driver' build argument 'catkin_skip_building_tests' from command line to 'False'
[0.264s] DEBUG:colcon.colcon_core.verb:Building package 'ydlidar_ros2_driver' with the following arguments: {'ament_cmake_args': None, 'build_base': '/home/doanh/atlas_c1/build/ydlidar_ros2_driver', 'catkin_cmake_args': None, 'catkin_skip_building_tests': False, 'cmake_args': None, 'cmake_clean_cache': False, 'cmake_clean_first': False, 'cmake_force_configure': False, 'cmake_target': None, 'cmake_target_skip_unavailable': False, 'install_base': '/home/doanh/atlas_c1/install/ydlidar_ros2_driver', 'merge_install': False, 'path': '/home/doanh/atlas_c1/src/c1_sdk/ydlidar_ros2_driver', 'symlink_install': False, 'test_result_base': None}
[0.264s] INFO:colcon.colcon_core.executor:Executing jobs using 'parallel' executor
[0.265s] DEBUG:colcon.colcon_parallel_executor.executor.parallel:run_until_complete
[0.265s] INFO:colcon.colcon_ros.task.ament_cmake.build:Building ROS package in '/home/doanh/atlas_c1/src/c1_bringup' with build type 'ament_cmake'
[0.265s] INFO:colcon.colcon_cmake.task.cmake.build:Building CMake package in '/home/doanh/atlas_c1/src/c1_bringup'
[0.266s] INFO:colcon.colcon_core.plugin_system:Skipping extension 'colcon_core.shell.bat': Not used on non-Windows systems
[0.267s] INFO:colcon.colcon_core.shell:Skip shell extension 'powershell' for command environment: Not usable outside of PowerShell
[0.267s] DEBUG:colcon.colcon_core.shell:Skip shell extension 'dsv' for command environment
[0.269s] INFO:colcon.colcon_ros.task.ament_cmake.build:Building ROS package in '/home/doanh/atlas_c1/src/c1_description' with build type 'ament_cmake'
[0.269s] INFO:colcon.colcon_cmake.task.cmake.build:Building CMake package in '/home/doanh/atlas_c1/src/c1_description'
[0.270s] INFO:colcon.colcon_core.shell:Skip shell extension 'powershell' for command environment: Not usable outside of PowerShell
[0.270s] DEBUG:colcon.colcon_core.shell:Skip shell extension 'dsv' for command environment
[0.272s] INFO:colcon.colcon_ros.task.ament_cmake.build:Building ROS package in '/home/doanh/atlas_c1/src/c1_driver' with build type 'ament_cmake'
[0.272s] INFO:colcon.colcon_cmake.task.cmake.build:Building CMake package in '/home/doanh/atlas_c1/src/c1_driver'
[0.272s] INFO:colcon.colcon_core.shell:Skip shell extension 'powershell' for command environment: Not usable outside of PowerShell
[0.272s] DEBUG:colcon.colcon_core.shell:Skip shell extension 'dsv' for command environment
[0.274s] INFO:colcon.colcon_ros.task.ament_cmake.build:Building ROS package in '/home/doanh/atlas_c1/src/c1_platform' with build type 'ament_cmake'
[0.274s] INFO:colcon.colcon_cmake.task.cmake.build:Building CMake package in '/home/doanh/atlas_c1/src/c1_platform'
[0.275s] INFO:colcon.colcon_core.shell:Skip shell extension 'powershell' for command environment: Not usable outside of PowerShell
[0.275s] DEBUG:colcon.colcon_core.shell:Skip shell extension 'dsv' for command environment
[0.277s] INFO:colcon.colcon_ros.task.ament_cmake.build:Building ROS package in '/home/doanh/atlas_c1/src/c1_sdk/rf2o_laser_odometry' with build type 'ament_cmake'
[0.277s] INFO:colcon.colcon_cmake.task.cmake.build:Building CMake package in '/home/doanh/atlas_c1/src/c1_sdk/rf2o_laser_odometry'
[0.277s] INFO:colcon.colcon_core.shell:Skip shell extension 'powershell' for command environment: Not usable outside of PowerShell
[0.277s] DEBUG:colcon.colcon_core.shell:Skip shell extension 'dsv' for command environment
[0.279s] INFO:colcon.colcon_ros.task.ament_cmake.build:Building ROS package in '/home/doanh/atlas_c1/src/c1_sdk/ydlidar_ros2_driver' with build type 'ament_cmake'
[0.279s] INFO:colcon.colcon_cmake.task.cmake.build:Building CMake package in '/home/doanh/atlas_c1/src/c1_sdk/ydlidar_ros2_driver'
[0.280s] INFO:colcon.colcon_core.shell:Skip shell extension 'powershell' for command environment: Not usable outside of PowerShell
[0.280s] DEBUG:colcon.colcon_core.shell:Skip shell extension 'dsv' for command environment
[0.285s] DEBUG:colcon.colcon_core.event_handler.log_command:Invoking command in '/home/doanh/atlas_c1/build/c1_bringup': CMAKE_PREFIX_PATH=${CMAKE_PREFIX_PATH}:/opt/ros/humble /home/doanh/.local/bin/cmake --build /home/doanh/atlas_c1/build/c1_bringup -- -j12 -l12
[0.287s] DEBUG:colcon.colcon_core.event_handler.log_command:Invoking command in '/home/doanh/atlas_c1/build/c1_description': CMAKE_PREFIX_PATH=${CMAKE_PREFIX_PATH}:/opt/ros/humble /home/doanh/.local/bin/cmake --build /home/doanh/atlas_c1/build/c1_description -- -j12 -l12
[0.289s] DEBUG:colcon.colcon_core.event_handler.log_command:Invoking command in '/home/doanh/atlas_c1/build/c1_driver': CMAKE_PREFIX_PATH=${CMAKE_PREFIX_PATH}:/opt/ros/humble /home/doanh/.local/bin/cmake --build /home/doanh/atlas_c1/build/c1_driver -- -j12 -l12
[0.290s] DEBUG:colcon.colcon_core.event_handler.log_command:Invoking command in '/home/doanh/atlas_c1/build/c1_platform': CMAKE_PREFIX_PATH=${CMAKE_PREFIX_PATH}:/opt/ros/humble /home/doanh/.local/bin/cmake --build /home/doanh/atlas_c1/build/c1_platform -- -j12 -l12
[0.293s] DEBUG:colcon.colcon_core.event_handler.log_command:Invoking command in '/home/doanh/atlas_c1/build/rf2o_laser_odometry': CMAKE_PREFIX_PATH=${CMAKE_PREFIX_PATH}:/opt/ros/humble /home/doanh/.local/bin/cmake --build /home/doanh/atlas_c1/build/rf2o_laser_odometry -- -j12 -l12
[0.297s] DEBUG:colcon.colcon_core.event_handler.log_command:Invoking command in '/home/doanh/atlas_c1/build/ydlidar_ros2_driver': CMAKE_PREFIX_PATH=${CMAKE_PREFIX_PATH}:/opt/ros/humble /home/doanh/.local/bin/cmake --build /home/doanh/atlas_c1/build/ydlidar_ros2_driver -- -j12 -l12
[0.352s] DEBUG:colcon.colcon_core.event_handler.log_command:Invoked command in '/home/doanh/atlas_c1/build/c1_bringup' returned '0': CMAKE_PREFIX_PATH=${CMAKE_PREFIX_PATH}:/opt/ros/humble /home/doanh/.local/bin/cmake --build /home/doanh/atlas_c1/build/c1_bringup -- -j12 -l12
[0.419s] DEBUG:colcon.colcon_core.event_handler.log_command:Invoking command in '/home/doanh/atlas_c1/build/c1_bringup': CMAKE_PREFIX_PATH=${CMAKE_PREFIX_PATH}:/opt/ros/humble /home/doanh/.local/bin/cmake --install /home/doanh/atlas_c1/build/c1_bringup
[0.420s] DEBUG:colcon.colcon_core.event_handler.log_command:Invoked command in '/home/doanh/atlas_c1/build/c1_description' returned '0': CMAKE_PREFIX_PATH=${CMAKE_PREFIX_PATH}:/opt/ros/humble /home/doanh/.local/bin/cmake --build /home/doanh/atlas_c1/build/c1_description -- -j12 -l12
[0.421s] DEBUG:colcon.colcon_core.event_handler.log_command:Invoking command in '/home/doanh/atlas_c1/build/c1_description': CMAKE_PREFIX_PATH=${CMAKE_PREFIX_PATH}:/opt/ros/humble /home/doanh/.local/bin/cmake --install /home/doanh/atlas_c1/build/c1_description
[0.422s] DEBUG:colcon.colcon_core.event_handler.log_command:Invoked command in '/home/doanh/atlas_c1/build/c1_platform' returned '0': CMAKE_PREFIX_PATH=${CMAKE_PREFIX_PATH}:/opt/ros/humble /home/doanh/.local/bin/cmake --build /home/doanh/atlas_c1/build/c1_platform -- -j12 -l12
[0.423s] DEBUG:colcon.colcon_core.event_handler.log_command:Invoking command in '/home/doanh/atlas_c1/build/c1_platform': CMAKE_PREFIX_PATH=${CMAKE_PREFIX_PATH}:/opt/ros/humble /home/doanh/.local/bin/cmake --install /home/doanh/atlas_c1/build/c1_platform
[0.423s] DEBUG:colcon.colcon_core.event_handler.log_command:Invoked command in '/home/doanh/atlas_c1/build/ydlidar_ros2_driver' returned '0': CMAKE_PREFIX_PATH=${CMAKE_PREFIX_PATH}:/opt/ros/humble /home/doanh/.local/bin/cmake --build /home/doanh/atlas_c1/build/ydlidar_ros2_driver -- -j12 -l12
[0.424s] DEBUG:colcon.colcon_core.event_handler.log_command:Invoking command in '/home/doanh/atlas_c1/build/ydlidar_ros2_driver': CMAKE_PREFIX_PATH=${CMAKE_PREFIX_PATH}:/opt/ros/humble /home/doanh/.local/bin/cmake --install /home/doanh/atlas_c1/build/ydlidar_ros2_driver
[0.424s] DEBUG:colcon.colcon_core.event_handler.log_command:Invoked command in '/home/doanh/atlas_c1/build/rf2o_laser_odometry' returned '0': CMAKE_PREFIX_PATH=${CMAKE_PREFIX_PATH}:/opt/ros/humble /home/doanh/.local/bin/cmake --build /home/doanh/atlas_c1/build/rf2o_laser_odometry -- -j12 -l12
[0.426s] DEBUG:colcon.colcon_core.event_handler.log_command:Invoking command in '/home/doanh/atlas_c1/build/rf2o_laser_odometry': CMAKE_PREFIX_PATH=${CMAKE_PREFIX_PATH}:/opt/ros/humble /home/doanh/.local/bin/cmake --install /home/doanh/atlas_c1/build/rf2o_laser_odometry
[0.487s] Level 1:colcon.colcon_core.environment:create_environment_scripts_only(c1_description)
[0.487s] DEBUG:colcon.colcon_core.event_handler.log_command:Invoked command in '/home/doanh/atlas_c1/build/c1_description' returned '0': CMAKE_PREFIX_PATH=${CMAKE_PREFIX_PATH}:/opt/ros/humble /home/doanh/.local/bin/cmake --install /home/doanh/atlas_c1/build/c1_description
[0.489s] Level 1:colcon.colcon_core.environment:checking '/home/doanh/atlas_c1/install/c1_description' for CMake module files
[0.490s] Level 1:colcon.colcon_core.environment:checking '/home/doanh/atlas_c1/install/c1_description' for CMake config files
[0.490s] Level 1:colcon.colcon_core.shell:create_environment_hook('c1_description', 'cmake_prefix_path')
[0.490s] INFO:colcon.colcon_core.shell:Creating environment hook '/home/doanh/atlas_c1/install/c1_description/share/c1_description/hook/cmake_prefix_path.ps1'
[0.491s] INFO:colcon.colcon_core.shell:Creating environment descriptor '/home/doanh/atlas_c1/install/c1_description/share/c1_description/hook/cmake_prefix_path.dsv'
[0.491s] INFO:colcon.colcon_core.shell:Creating environment hook '/home/doanh/atlas_c1/install/c1_description/share/c1_description/hook/cmake_prefix_path.sh'
[0.492s] Level 1:colcon.colcon_core.environment:checking '/home/doanh/atlas_c1/install/c1_description/bin'
[0.492s] Level 1:colcon.colcon_core.environment:checking '/home/doanh/atlas_c1/install/c1_description/lib/pkgconfig/c1_description.pc'
[0.492s] Level 1:colcon.colcon_core.environment:checking '/home/doanh/atlas_c1/install/c1_description/lib/python3.10/site-packages'
[0.492s] Level 1:colcon.colcon_core.environment:checking '/home/doanh/atlas_c1/install/c1_description/bin'
[0.493s] INFO:colcon.colcon_core.shell:Creating package script '/home/doanh/atlas_c1/install/c1_description/share/c1_description/package.ps1'
[0.494s] INFO:colcon.colcon_core.shell:Creating package descriptor '/home/doanh/atlas_c1/install/c1_description/share/c1_description/package.dsv'
[0.496s] INFO:colcon.colcon_core.shell:Creating package script '/home/doanh/atlas_c1/install/c1_description/share/c1_description/package.sh'
[0.496s] INFO:colcon.colcon_core.shell:Creating package script '/home/doanh/atlas_c1/install/c1_description/share/c1_description/package.bash'
[0.497s] INFO:colcon.colcon_core.shell:Creating package script '/home/doanh/atlas_c1/install/c1_description/share/c1_description/package.zsh'
[0.498s] Level 1:colcon.colcon_core.environment:create_file_with_runtime_dependencies(/home/doanh/atlas_c1/install/c1_description/share/colcon-core/packages/c1_description)
[0.498s] Level 1:colcon.colcon_core.environment:create_environment_scripts_only(c1_description)
[0.499s] Level 1:colcon.colcon_core.environment:checking '/home/doanh/atlas_c1/install/c1_description' for CMake module files
[0.499s] Level 1:colcon.colcon_core.environment:checking '/home/doanh/atlas_c1/install/c1_description' for CMake config files
[0.499s] Level 1:colcon.colcon_core.shell:create_environment_hook('c1_description', 'cmake_prefix_path')
[0.499s] INFO:colcon.colcon_core.shell:Creating environment hook '/home/doanh/atlas_c1/install/c1_description/share/c1_description/hook/cmake_prefix_path.ps1'
[0.501s] INFO:colcon.colcon_core.shell:Creating environment descriptor '/home/doanh/atlas_c1/install/c1_description/share/c1_description/hook/cmake_prefix_path.dsv'
[0.501s] INFO:colcon.colcon_core.shell:Creating environment hook '/home/doanh/atlas_c1/install/c1_description/share/c1_description/hook/cmake_prefix_path.sh'
[0.502s] Level 1:colcon.colcon_core.environment:checking '/home/doanh/atlas_c1/install/c1_description/bin'
[0.502s] Level 1:colcon.colcon_core.environment:checking '/home/doanh/atlas_c1/install/c1_description/lib/pkgconfig/c1_description.pc'
[0.502s] Level 1:colcon.colcon_core.environment:checking '/home/doanh/atlas_c1/install/c1_description/lib/python3.10/site-packages'
[0.502s] Level 1:colcon.colcon_core.environment:checking '/home/doanh/atlas_c1/install/c1_description/bin'
[0.502s] INFO:colcon.colcon_core.shell:Creating package script '/home/doanh/atlas_c1/install/c1_description/share/c1_description/package.ps1'
[0.503s] INFO:colcon.colcon_core.shell:Creating package descriptor '/home/doanh/atlas_c1/install/c1_description/share/c1_description/package.dsv'
[0.503s] INFO:colcon.colcon_core.shell:Creating package script '/home/doanh/atlas_c1/install/c1_description/share/c1_description/package.sh'
[0.503s] INFO:colcon.colcon_core.shell:Creating package script '/home/doanh/atlas_c1/install/c1_description/share/c1_description/package.bash'
[0.504s] INFO:colcon.colcon_core.shell:Creating package script '/home/doanh/atlas_c1/install/c1_description/share/c1_description/package.zsh'
[0.504s] Level 1:colcon.colcon_core.environment:create_file_with_runtime_dependencies(/home/doanh/atlas_c1/install/c1_description/share/colcon-core/packages/c1_description)
[0.504s] Level 1:colcon.colcon_core.environment:create_environment_scripts_only(ydlidar_ros2_driver)
[0.504s] Level 1:colcon.colcon_core.environment:checking '/home/doanh/atlas_c1/install/ydlidar_ros2_driver' for CMake module files
[0.505s] DEBUG:colcon.colcon_core.event_handler.log_command:Invoked command in '/home/doanh/atlas_c1/build/ydlidar_ros2_driver' returned '0': CMAKE_PREFIX_PATH=${CMAKE_PREFIX_PATH}:/opt/ros/humble /home/doanh/.local/bin/cmake --install /home/doanh/atlas_c1/build/ydlidar_ros2_driver
[0.505s] Level 1:colcon.colcon_core.environment:checking '/home/doanh/atlas_c1/install/ydlidar_ros2_driver' for CMake config files
[0.506s] Level 1:colcon.colcon_core.shell:create_environment_hook('ydlidar_ros2_driver', 'cmake_prefix_path')
[0.506s] INFO:colcon.colcon_core.shell:Creating environment hook '/home/doanh/atlas_c1/install/ydlidar_ros2_driver/share/ydlidar_ros2_driver/hook/cmake_prefix_path.ps1'
[0.506s] INFO:colcon.colcon_core.shell:Creating environment descriptor '/home/doanh/atlas_c1/install/ydlidar_ros2_driver/share/ydlidar_ros2_driver/hook/cmake_prefix_path.dsv'
[0.506s] INFO:colcon.colcon_core.shell:Creating environment hook '/home/doanh/atlas_c1/install/ydlidar_ros2_driver/share/ydlidar_ros2_driver/hook/cmake_prefix_path.sh'
[0.507s] Level 1:colcon.colcon_core.environment:checking '/home/doanh/atlas_c1/install/ydlidar_ros2_driver/lib'
[0.507s] Level 1:colcon.colcon_core.environment:checking '/home/doanh/atlas_c1/install/ydlidar_ros2_driver/bin'
[0.507s] Level 1:colcon.colcon_core.environment:checking '/home/doanh/atlas_c1/install/ydlidar_ros2_driver/lib/pkgconfig/ydlidar_ros2_driver.pc'
[0.507s] Level 1:colcon.colcon_core.environment:checking '/home/doanh/atlas_c1/install/ydlidar_ros2_driver/lib/python3.10/site-packages'
[0.507s] Level 1:colcon.colcon_core.environment:checking '/home/doanh/atlas_c1/install/ydlidar_ros2_driver/bin'
[0.507s] INFO:colcon.colcon_core.shell:Creating package script '/home/doanh/atlas_c1/install/ydlidar_ros2_driver/share/ydlidar_ros2_driver/package.ps1'
[0.508s] INFO:colcon.colcon_core.shell:Creating package descriptor '/home/doanh/atlas_c1/install/ydlidar_ros2_driver/share/ydlidar_ros2_driver/package.dsv'
[0.508s] INFO:colcon.colcon_core.shell:Creating package script '/home/doanh/atlas_c1/install/ydlidar_ros2_driver/share/ydlidar_ros2_driver/package.sh'
[0.508s] INFO:colcon.colcon_core.shell:Creating package script '/home/doanh/atlas_c1/install/ydlidar_ros2_driver/share/ydlidar_ros2_driver/package.bash'
[0.509s] INFO:colcon.colcon_core.shell:Creating package script '/home/doanh/atlas_c1/install/ydlidar_ros2_driver/share/ydlidar_ros2_driver/package.zsh'
[0.509s] Level 1:colcon.colcon_core.environment:create_file_with_runtime_dependencies(/home/doanh/atlas_c1/install/ydlidar_ros2_driver/share/colcon-core/packages/ydlidar_ros2_driver)
[0.509s] Level 1:colcon.colcon_core.environment:create_environment_scripts_only(ydlidar_ros2_driver)
[0.509s] Level 1:colcon.colcon_core.environment:checking '/home/doanh/atlas_c1/install/ydlidar_ros2_driver' for CMake module files
[0.510s] Level 1:colcon.colcon_core.environment:checking '/home/doanh/atlas_c1/install/ydlidar_ros2_driver' for CMake config files
[0.510s] Level 1:colcon.colcon_core.shell:create_environment_hook('ydlidar_ros2_driver', 'cmake_prefix_path')
[0.510s] INFO:colcon.colcon_core.shell:Creating environment hook '/home/doanh/atlas_c1/install/ydlidar_ros2_driver/share/ydlidar_ros2_driver/hook/cmake_prefix_path.ps1'
[0.510s] INFO:colcon.colcon_core.shell:Creating environment descriptor '/home/doanh/atlas_c1/install/ydlidar_ros2_driver/share/ydlidar_ros2_driver/hook/cmake_prefix_path.dsv'
[0.510s] INFO:colcon.colcon_core.shell:Creating environment hook '/home/doanh/atlas_c1/install/ydlidar_ros2_driver/share/ydlidar_ros2_driver/hook/cmake_prefix_path.sh'
[0.511s] Level 1:colcon.colcon_core.environment:checking '/home/doanh/atlas_c1/install/ydlidar_ros2_driver/lib'
[0.511s] Level 1:colcon.colcon_core.environment:checking '/home/doanh/atlas_c1/install/ydlidar_ros2_driver/bin'
[0.511s] Level 1:colcon.colcon_core.environment:checking '/home/doanh/atlas_c1/install/ydlidar_ros2_driver/lib/pkgconfig/ydlidar_ros2_driver.pc'
[0.511s] Level 1:colcon.colcon_core.environment:checking '/home/doanh/atlas_c1/install/ydlidar_ros2_driver/lib/python3.10/site-packages'
[0.511s] Level 1:colcon.colcon_core.environment:checking '/home/doanh/atlas_c1/install/ydlidar_ros2_driver/bin'
[0.511s] INFO:colcon.colcon_core.shell:Creating package script '/home/doanh/atlas_c1/install/ydlidar_ros2_driver/share/ydlidar_ros2_driver/package.ps1'
[0.512s] INFO:colcon.colcon_core.shell:Creating package descriptor '/home/doanh/atlas_c1/install/ydlidar_ros2_driver/share/ydlidar_ros2_driver/package.dsv'
[0.512s] INFO:colcon.colcon_core.shell:Creating package script '/home/doanh/atlas_c1/install/ydlidar_ros2_driver/share/ydlidar_ros2_driver/package.sh'
[0.512s] INFO:colcon.colcon_core.shell:Creating package script '/home/doanh/atlas_c1/install/ydlidar_ros2_driver/share/ydlidar_ros2_driver/package.bash'
[0.512s] INFO:colcon.colcon_core.shell:Creating package script '/home/doanh/atlas_c1/install/ydlidar_ros2_driver/share/ydlidar_ros2_driver/package.zsh'
[0.513s] Level 1:colcon.colcon_core.environment:create_file_with_runtime_dependencies(/home/doanh/atlas_c1/install/ydlidar_ros2_driver/share/colcon-core/packages/ydlidar_ros2_driver)
[0.513s] Level 1:colcon.colcon_core.environment:create_environment_scripts_only(c1_platform)
[0.513s] Level 1:colcon.colcon_core.environment:checking '/home/doanh/atlas_c1/install/c1_platform' for CMake module files
[0.514s] DEBUG:colcon.colcon_core.event_handler.log_command:Invoked command in '/home/doanh/atlas_c1/build/c1_platform' returned '0': CMAKE_PREFIX_PATH=${CMAKE_PREFIX_PATH}:/opt/ros/humble /home/doanh/.local/bin/cmake --install /home/doanh/atlas_c1/build/c1_platform
[0.514s] Level 1:colcon.colcon_core.environment:checking '/home/doanh/atlas_c1/install/c1_platform' for CMake config files
[0.514s] Level 1:colcon.colcon_core.shell:create_environment_hook('c1_platform', 'cmake_prefix_path')
[0.514s] INFO:colcon.colcon_core.shell:Creating environment hook '/home/doanh/atlas_c1/install/c1_platform/share/c1_platform/hook/cmake_prefix_path.ps1'
[0.514s] INFO:colcon.colcon_core.shell:Creating environment descriptor '/home/doanh/atlas_c1/install/c1_platform/share/c1_platform/hook/cmake_prefix_path.dsv'
[0.515s] INFO:colcon.colcon_core.shell:Creating environment hook '/home/doanh/atlas_c1/install/c1_platform/share/c1_platform/hook/cmake_prefix_path.sh'
[0.515s] Level 1:colcon.colcon_core.environment:checking '/home/doanh/atlas_c1/install/c1_platform/bin'
[0.515s] Level 1:colcon.colcon_core.environment:checking '/home/doanh/atlas_c1/install/c1_platform/lib/pkgconfig/c1_platform.pc'
[0.515s] Level 1:colcon.colcon_core.environment:checking '/home/doanh/atlas_c1/install/c1_platform/lib/python3.10/site-packages'
[0.515s] Level 1:colcon.colcon_core.environment:checking '/home/doanh/atlas_c1/install/c1_platform/bin'
[0.515s] INFO:colcon.colcon_core.shell:Creating package script '/home/doanh/atlas_c1/install/c1_platform/share/c1_platform/package.ps1'
[0.516s] INFO:colcon.colcon_core.shell:Creating package descriptor '/home/doanh/atlas_c1/install/c1_platform/share/c1_platform/package.dsv'
[0.516s] INFO:colcon.colcon_core.shell:Creating package script '/home/doanh/atlas_c1/install/c1_platform/share/c1_platform/package.sh'
[0.516s] INFO:colcon.colcon_core.shell:Creating package script '/home/doanh/atlas_c1/install/c1_platform/share/c1_platform/package.bash'
[0.516s] INFO:colcon.colcon_core.shell:Creating package script '/home/doanh/atlas_c1/install/c1_platform/share/c1_platform/package.zsh'
[0.517s] Level 1:colcon.colcon_core.environment:create_file_with_runtime_dependencies(/home/doanh/atlas_c1/install/c1_platform/share/colcon-core/packages/c1_platform)
[0.517s] Level 1:colcon.colcon_core.environment:create_environment_scripts_only(c1_platform)
[0.517s] Level 1:colcon.colcon_core.environment:checking '/home/doanh/atlas_c1/install/c1_platform' for CMake module files
[0.517s] Level 1:colcon.colcon_core.environment:checking '/home/doanh/atlas_c1/install/c1_platform' for CMake config files
[0.517s] Level 1:colcon.colcon_core.shell:create_environment_hook('c1_platform', 'cmake_prefix_path')
[0.518s] INFO:colcon.colcon_core.shell:Creating environment hook '/home/doanh/atlas_c1/install/c1_platform/share/c1_platform/hook/cmake_prefix_path.ps1'
[0.518s] INFO:colcon.colcon_core.shell:Creating environment descriptor '/home/doanh/atlas_c1/install/c1_platform/share/c1_platform/hook/cmake_prefix_path.dsv'
[0.518s] INFO:colcon.colcon_core.shell:Creating environment hook '/home/doanh/atlas_c1/install/c1_platform/share/c1_platform/hook/cmake_prefix_path.sh'
[0.518s] Level 1:colcon.colcon_core.environment:checking '/home/doanh/atlas_c1/install/c1_platform/bin'
[0.518s] Level 1:colcon.colcon_core.environment:checking '/home/doanh/atlas_c1/install/c1_platform/lib/pkgconfig/c1_platform.pc'
[0.518s] Level 1:colcon.colcon_core.environment:checking '/home/doanh/atlas_c1/install/c1_platform/lib/python3.10/site-packages'
[0.519s] Level 1:colcon.colcon_core.environment:checking '/home/doanh/atlas_c1/install/c1_platform/bin'
[0.519s] INFO:colcon.colcon_core.shell:Creating package script '/home/doanh/atlas_c1/install/c1_platform/share/c1_platform/package.ps1'
[0.519s] INFO:colcon.colcon_core.shell:Creating package descriptor '/home/doanh/atlas_c1/install/c1_platform/share/c1_platform/package.dsv'
[0.519s] INFO:colcon.colcon_core.shell:Creating package script '/home/doanh/atlas_c1/install/c1_platform/share/c1_platform/package.sh'
[0.520s] INFO:colcon.colcon_core.shell:Creating package script '/home/doanh/atlas_c1/install/c1_platform/share/c1_platform/package.bash'
[0.520s] INFO:colcon.colcon_core.shell:Creating package script '/home/doanh/atlas_c1/install/c1_platform/share/c1_platform/package.zsh'
[0.520s] Level 1:colcon.colcon_core.environment:create_file_with_runtime_dependencies(/home/doanh/atlas_c1/install/c1_platform/share/colcon-core/packages/c1_platform)
[0.521s] Level 1:colcon.colcon_core.environment:create_environment_scripts_only(c1_bringup)
[0.521s] Level 1:colcon.colcon_core.environment:checking '/home/doanh/atlas_c1/install/c1_bringup' for CMake module files
[0.522s] DEBUG:colcon.colcon_core.event_handler.log_command:Invoked command in '/home/doanh/atlas_c1/build/c1_bringup' returned '0': CMAKE_PREFIX_PATH=${CMAKE_PREFIX_PATH}:/opt/ros/humble /home/doanh/.local/bin/cmake --install /home/doanh/atlas_c1/build/c1_bringup
[0.522s] Level 1:colcon.colcon_core.environment:checking '/home/doanh/atlas_c1/install/c1_bringup' for CMake config files
[0.522s] Level 1:colcon.colcon_core.shell:create_environment_hook('c1_bringup', 'cmake_prefix_path')
[0.522s] INFO:colcon.colcon_core.shell:Creating environment hook '/home/doanh/atlas_c1/install/c1_bringup/share/c1_bringup/hook/cmake_prefix_path.ps1'
[0.523s] INFO:colcon.colcon_core.shell:Creating environment descriptor '/home/doanh/atlas_c1/install/c1_bringup/share/c1_bringup/hook/cmake_prefix_path.dsv'
[0.523s] INFO:colcon.colcon_core.shell:Creating environment hook '/home/doanh/atlas_c1/install/c1_bringup/share/c1_bringup/hook/cmake_prefix_path.sh'
[0.523s] Level 1:colcon.colcon_core.environment:checking '/home/doanh/atlas_c1/install/c1_bringup/bin'
[0.523s] Level 1:colcon.colcon_core.environment:checking '/home/doanh/atlas_c1/install/c1_bringup/lib/pkgconfig/c1_bringup.pc'
[0.523s] Level 1:colcon.colcon_core.environment:checking '/home/doanh/atlas_c1/install/c1_bringup/lib/python3.10/site-packages'
[0.524s] Level 1:colcon.colcon_core.environment:checking '/home/doanh/atlas_c1/install/c1_bringup/bin'
[0.524s] INFO:colcon.colcon_core.shell:Creating package script '/home/doanh/atlas_c1/install/c1_bringup/share/c1_bringup/package.ps1'
[0.524s] INFO:colcon.colcon_core.shell:Creating package descriptor '/home/doanh/atlas_c1/install/c1_bringup/share/c1_bringup/package.dsv'
[0.524s] INFO:colcon.colcon_core.shell:Creating package script '/home/doanh/atlas_c1/install/c1_bringup/share/c1_bringup/package.sh'
[0.525s] INFO:colcon.colcon_core.shell:Creating package script '/home/doanh/atlas_c1/install/c1_bringup/share/c1_bringup/package.bash'
[0.525s] INFO:colcon.colcon_core.shell:Creating package script '/home/doanh/atlas_c1/install/c1_bringup/share/c1_bringup/package.zsh'
[0.525s] Level 1:colcon.colcon_core.environment:create_file_with_runtime_dependencies(/home/doanh/atlas_c1/install/c1_bringup/share/colcon-core/packages/c1_bringup)
[0.525s] Level 1:colcon.colcon_core.environment:create_environment_scripts_only(c1_bringup)
[0.526s] Level 1:colcon.colcon_core.environment:checking '/home/doanh/atlas_c1/install/c1_bringup' for CMake module files
[0.526s] Level 1:colcon.colcon_core.environment:checking '/home/doanh/atlas_c1/install/c1_bringup' for CMake config files
[0.526s] Level 1:colcon.colcon_core.shell:create_environment_hook('c1_bringup', 'cmake_prefix_path')
[0.526s] INFO:colcon.colcon_core.shell:Creating environment hook '/home/doanh/atlas_c1/install/c1_bringup/share/c1_bringup/hook/cmake_prefix_path.ps1'
[0.526s] INFO:colcon.colcon_core.shell:Creating environment descriptor '/home/doanh/atlas_c1/install/c1_bringup/share/c1_bringup/hook/cmake_prefix_path.dsv'
[0.527s] INFO:colcon.colcon_core.shell:Creating environment hook '/home/doanh/atlas_c1/install/c1_bringup/share/c1_bringup/hook/cmake_prefix_path.sh'
[0.527s] Level 1:colcon.colcon_core.environment:checking '/home/doanh/atlas_c1/install/c1_bringup/bin'
[0.527s] Level 1:colcon.colcon_core.environment:checking '/home/doanh/atlas_c1/install/c1_bringup/lib/pkgconfig/c1_bringup.pc'
[0.527s] Level 1:colcon.colcon_core.environment:checking '/home/doanh/atlas_c1/install/c1_bringup/lib/python3.10/site-packages'
[0.527s] Level 1:colcon.colcon_core.environment:checking '/home/doanh/atlas_c1/install/c1_bringup/bin'
[0.527s] INFO:colcon.colcon_core.shell:Creating package script '/home/doanh/atlas_c1/install/c1_bringup/share/c1_bringup/package.ps1'
[0.528s] INFO:colcon.colcon_core.shell:Creating package descriptor '/home/doanh/atlas_c1/install/c1_bringup/share/c1_bringup/package.dsv'
[0.528s] INFO:colcon.colcon_core.shell:Creating package script '/home/doanh/atlas_c1/install/c1_bringup/share/c1_bringup/package.sh'
[0.528s] INFO:colcon.colcon_core.shell:Creating package script '/home/doanh/atlas_c1/install/c1_bringup/share/c1_bringup/package.bash'
[0.529s] INFO:colcon.colcon_core.shell:Creating package script '/home/doanh/atlas_c1/install/c1_bringup/share/c1_bringup/package.zsh'
[0.529s] Level 1:colcon.colcon_core.environment:create_file_with_runtime_dependencies(/home/doanh/atlas_c1/install/c1_bringup/share/colcon-core/packages/c1_bringup)
[0.529s] Level 1:colcon.colcon_core.environment:create_environment_scripts_only(rf2o_laser_odometry)
[0.529s] Level 1:colcon.colcon_core.environment:checking '/home/doanh/atlas_c1/install/rf2o_laser_odometry' for CMake module files
[0.530s] DEBUG:colcon.colcon_core.event_handler.log_command:Invoked command in '/home/doanh/atlas_c1/build/rf2o_laser_odometry' returned '0': CMAKE_PREFIX_PATH=${CMAKE_PREFIX_PATH}:/opt/ros/humble /home/doanh/.local/bin/cmake --install /home/doanh/atlas_c1/build/rf2o_laser_odometry
[0.530s] Level 1:colcon.colcon_core.environment:checking '/home/doanh/atlas_c1/install/rf2o_laser_odometry' for CMake config files
[0.530s] Level 1:colcon.colcon_core.shell:create_environment_hook('rf2o_laser_odometry', 'cmake_prefix_path')
[0.530s] INFO:colcon.colcon_core.shell:Creating environment hook '/home/doanh/atlas_c1/install/rf2o_laser_odometry/share/rf2o_laser_odometry/hook/cmake_prefix_path.ps1'
[0.531s] INFO:colcon.colcon_core.shell:Creating environment descriptor '/home/doanh/atlas_c1/install/rf2o_laser_odometry/share/rf2o_laser_odometry/hook/cmake_prefix_path.dsv'
[0.531s] INFO:colcon.colcon_core.shell:Creating environment hook '/home/doanh/atlas_c1/install/rf2o_laser_odometry/share/rf2o_laser_odometry/hook/cmake_prefix_path.sh'
[0.531s] Level 1:colcon.colcon_core.environment:checking '/home/doanh/atlas_c1/install/rf2o_laser_odometry/lib'
[0.531s] Level 1:colcon.colcon_core.environment:checking '/home/doanh/atlas_c1/install/rf2o_laser_odometry/bin'
[0.531s] Level 1:colcon.colcon_core.environment:checking '/home/doanh/atlas_c1/install/rf2o_laser_odometry/lib/pkgconfig/rf2o_laser_odometry.pc'
[0.531s] Level 1:colcon.colcon_core.environment:checking '/home/doanh/atlas_c1/install/rf2o_laser_odometry/lib/python3.10/site-packages'
[0.532s] Level 1:colcon.colcon_core.environment:checking '/home/doanh/atlas_c1/install/rf2o_laser_odometry/bin'
[0.532s] INFO:colcon.colcon_core.shell:Creating package script '/home/doanh/atlas_c1/install/rf2o_laser_odometry/share/rf2o_laser_odometry/package.ps1'
[0.532s] INFO:colcon.colcon_core.shell:Creating package descriptor '/home/doanh/atlas_c1/install/rf2o_laser_odometry/share/rf2o_laser_odometry/package.dsv'
[0.532s] INFO:colcon.colcon_core.shell:Creating package script '/home/doanh/atlas_c1/install/rf2o_laser_odometry/share/rf2o_laser_odometry/package.sh'
[0.532s] INFO:colcon.colcon_core.shell:Creating package script '/home/doanh/atlas_c1/install/rf2o_laser_odometry/share/rf2o_laser_odometry/package.bash'
[0.533s] INFO:colcon.colcon_core.shell:Creating package script '/home/doanh/atlas_c1/install/rf2o_laser_odometry/share/rf2o_laser_odometry/package.zsh'
[0.533s] Level 1:colcon.colcon_core.environment:create_file_with_runtime_dependencies(/home/doanh/atlas_c1/install/rf2o_laser_odometry/share/colcon-core/packages/rf2o_laser_odometry)
[0.533s] Level 1:colcon.colcon_core.environment:create_environment_scripts_only(rf2o_laser_odometry)
[0.533s] Level 1:colcon.colcon_core.environment:checking '/home/doanh/atlas_c1/install/rf2o_laser_odometry' for CMake module files
[0.534s] Level 1:colcon.colcon_core.environment:checking '/home/doanh/atlas_c1/install/rf2o_laser_odometry' for CMake config files
[0.534s] Level 1:colcon.colcon_core.shell:create_environment_hook('rf2o_laser_odometry', 'cmake_prefix_path')
[0.534s] INFO:colcon.colcon_core.shell:Creating environment hook '/home/doanh/atlas_c1/install/rf2o_laser_odometry/share/rf2o_laser_odometry/hook/cmake_prefix_path.ps1'
[0.534s] INFO:colcon.colcon_core.shell:Creating environment descriptor '/home/doanh/atlas_c1/install/rf2o_laser_odometry/share/rf2o_laser_odometry/hook/cmake_prefix_path.dsv'
[0.534s] INFO:colcon.colcon_core.shell:Creating environment hook '/home/doanh/atlas_c1/install/rf2o_laser_odometry/share/rf2o_laser_odometry/hook/cmake_prefix_path.sh'
[0.535s] Level 1:colcon.colcon_core.environment:checking '/home/doanh/atlas_c1/install/rf2o_laser_odometry/lib'
[0.535s] Level 1:colcon.colcon_core.environment:checking '/home/doanh/atlas_c1/install/rf2o_laser_odometry/bin'
[0.535s] Level 1:colcon.colcon_core.environment:checking '/home/doanh/atlas_c1/install/rf2o_laser_odometry/lib/pkgconfig/rf2o_laser_odometry.pc'
[0.535s] Level 1:colcon.colcon_core.environment:checking '/home/doanh/atlas_c1/install/rf2o_laser_odometry/lib/python3.10/site-packages'
[0.535s] Level 1:colcon.colcon_core.environment:checking '/home/doanh/atlas_c1/install/rf2o_laser_odometry/bin'
[0.535s] INFO:colcon.colcon_core.shell:Creating package script '/home/doanh/atlas_c1/install/rf2o_laser_odometry/share/rf2o_laser_odometry/package.ps1'
[0.536s] INFO:colcon.colcon_core.shell:Creating package descriptor '/home/doanh/atlas_c1/install/rf2o_laser_odometry/share/rf2o_laser_odometry/package.dsv'
[0.536s] INFO:colcon.colcon_core.shell:Creating package script '/home/doanh/atlas_c1/install/rf2o_laser_odometry/share/rf2o_laser_odometry/package.sh'
[0.536s] INFO:colcon.colcon_core.shell:Creating package script '/home/doanh/atlas_c1/install/rf2o_laser_odometry/share/rf2o_laser_odometry/package.bash'
[0.536s] INFO:colcon.colcon_core.shell:Creating package script '/home/doanh/atlas_c1/install/rf2o_laser_odometry/share/rf2o_laser_odometry/package.zsh'
[0.537s] Level 1:colcon.colcon_core.environment:create_file_with_runtime_dependencies(/home/doanh/atlas_c1/install/rf2o_laser_odometry/share/colcon-core/packages/rf2o_laser_odometry)
[0.625s] DEBUG:colcon.colcon_core.event_handler.log_command:Invoked command in '/home/doanh/atlas_c1/build/c1_driver' returned '0': CMAKE_PREFIX_PATH=${CMAKE_PREFIX_PATH}:/opt/ros/humble /home/doanh/.local/bin/cmake --build /home/doanh/atlas_c1/build/c1_driver -- -j12 -l12
[0.626s] DEBUG:colcon.colcon_core.event_handler.log_command:Invoking command in '/home/doanh/atlas_c1/build/c1_driver': CMAKE_PREFIX_PATH=${CMAKE_PREFIX_PATH}:/opt/ros/humble /home/doanh/.local/bin/cmake --install /home/doanh/atlas_c1/build/c1_driver
[0.731s] Level 1:colcon.colcon_core.environment:create_environment_scripts_only(c1_driver)
[0.731s] Level 1:colcon.colcon_core.environment:checking '/home/doanh/atlas_c1/install/c1_driver' for CMake module files
[0.732s] DEBUG:colcon.colcon_core.event_handler.log_command:Invoked command in '/home/doanh/atlas_c1/build/c1_driver' returned '0': CMAKE_PREFIX_PATH=${CMAKE_PREFIX_PATH}:/opt/ros/humble /home/doanh/.local/bin/cmake --install /home/doanh/atlas_c1/build/c1_driver
[0.732s] Level 1:colcon.colcon_core.environment:checking '/home/doanh/atlas_c1/install/c1_driver' for CMake config files
[0.733s] Level 1:colcon.colcon_core.shell:create_environment_hook('c1_driver', 'cmake_prefix_path')
[0.733s] INFO:colcon.colcon_core.shell:Creating environment hook '/home/doanh/atlas_c1/install/c1_driver/share/c1_driver/hook/cmake_prefix_path.ps1'
[0.733s] INFO:colcon.colcon_core.shell:Creating environment descriptor '/home/doanh/atlas_c1/install/c1_driver/share/c1_driver/hook/cmake_prefix_path.dsv'
[0.734s] INFO:colcon.colcon_core.shell:Creating environment hook '/home/doanh/atlas_c1/install/c1_driver/share/c1_driver/hook/cmake_prefix_path.sh'
[0.734s] Level 1:colcon.colcon_core.environment:checking '/home/doanh/atlas_c1/install/c1_driver/lib'
[0.734s] Level 1:colcon.colcon_core.shell:create_environment_hook('c1_driver', 'ld_library_path_lib')
[0.734s] INFO:colcon.colcon_core.shell:Creating environment hook '/home/doanh/atlas_c1/install/c1_driver/share/c1_driver/hook/ld_library_path_lib.ps1'
[0.735s] INFO:colcon.colcon_core.shell:Creating environment descriptor '/home/doanh/atlas_c1/install/c1_driver/share/c1_driver/hook/ld_library_path_lib.dsv'
[0.735s] INFO:colcon.colcon_core.shell:Creating environment hook '/home/doanh/atlas_c1/install/c1_driver/share/c1_driver/hook/ld_library_path_lib.sh'
[0.735s] Level 1:colcon.colcon_core.environment:checking '/home/doanh/atlas_c1/install/c1_driver/bin'
[0.735s] Level 1:colcon.colcon_core.environment:checking '/home/doanh/atlas_c1/install/c1_driver/lib/pkgconfig/c1_driver.pc'
[0.735s] Level 1:colcon.colcon_core.environment:checking '/home/doanh/atlas_c1/install/c1_driver/lib/python3.10/site-packages'
[0.736s] Level 1:colcon.colcon_core.environment:checking '/home/doanh/atlas_c1/install/c1_driver/bin'
[0.736s] INFO:colcon.colcon_core.shell:Creating package script '/home/doanh/atlas_c1/install/c1_driver/share/c1_driver/package.ps1'
[0.736s] INFO:colcon.colcon_core.shell:Creating package descriptor '/home/doanh/atlas_c1/install/c1_driver/share/c1_driver/package.dsv'
[0.737s] INFO:colcon.colcon_core.shell:Creating package script '/home/doanh/atlas_c1/install/c1_driver/share/c1_driver/package.sh'
[0.737s] INFO:colcon.colcon_core.shell:Creating package script '/home/doanh/atlas_c1/install/c1_driver/share/c1_driver/package.bash'
[0.737s] INFO:colcon.colcon_core.shell:Creating package script '/home/doanh/atlas_c1/install/c1_driver/share/c1_driver/package.zsh'
[0.738s] Level 1:colcon.colcon_core.environment:create_file_with_runtime_dependencies(/home/doanh/atlas_c1/install/c1_driver/share/colcon-core/packages/c1_driver)
[0.738s] Level 1:colcon.colcon_core.environment:create_environment_scripts_only(c1_driver)
[0.738s] Level 1:colcon.colcon_core.environment:checking '/home/doanh/atlas_c1/install/c1_driver' for CMake module files
[0.739s] Level 1:colcon.colcon_core.environment:checking '/home/doanh/atlas_c1/install/c1_driver' for CMake config files
[0.739s] Level 1:colcon.colcon_core.shell:create_environment_hook('c1_driver', 'cmake_prefix_path')
[0.739s] INFO:colcon.colcon_core.shell:Creating environment hook '/home/doanh/atlas_c1/install/c1_driver/share/c1_driver/hook/cmake_prefix_path.ps1'
[0.740s] INFO:colcon.colcon_core.shell:Creating environment descriptor '/home/doanh/atlas_c1/install/c1_driver/share/c1_driver/hook/cmake_prefix_path.dsv'
[0.740s] INFO:colcon.colcon_core.shell:Creating environment hook '/home/doanh/atlas_c1/install/c1_driver/share/c1_driver/hook/cmake_prefix_path.sh'
[0.740s] Level 1:colcon.colcon_core.environment:checking '/home/doanh/atlas_c1/install/c1_driver/lib'
[0.740s] Level 1:colcon.colcon_core.shell:create_environment_hook('c1_driver', 'ld_library_path_lib')
[0.741s] INFO:colcon.colcon_core.shell:Creating environment hook '/home/doanh/atlas_c1/install/c1_driver/share/c1_driver/hook/ld_library_path_lib.ps1'
[0.741s] INFO:colcon.colcon_core.shell:Creating environment descriptor '/home/doanh/atlas_c1/install/c1_driver/share/c1_driver/hook/ld_library_path_lib.dsv'
[0.741s] INFO:colcon.colcon_core.shell:Creating environment hook '/home/doanh/atlas_c1/install/c1_driver/share/c1_driver/hook/ld_library_path_lib.sh'
[0.741s] Level 1:colcon.colcon_core.environment:checking '/home/doanh/atlas_c1/install/c1_driver/bin'
[0.741s] Level 1:colcon.colcon_core.environment:checking '/home/doanh/atlas_c1/install/c1_driver/lib/pkgconfig/c1_driver.pc'
[0.741s] Level 1:colcon.colcon_core.environment:checking '/home/doanh/atlas_c1/install/c1_driver/lib/python3.10/site-packages'
[0.742s] Level 1:colcon.colcon_core.environment:checking '/home/doanh/atlas_c1/install/c1_driver/bin'
[0.742s] INFO:colcon.colcon_core.shell:Creating package script '/home/doanh/atlas_c1/install/c1_driver/share/c1_driver/package.ps1'
[0.742s] INFO:colcon.colcon_core.shell:Creating package descriptor '/home/doanh/atlas_c1/install/c1_driver/share/c1_driver/package.dsv'
[0.743s] INFO:colcon.colcon_core.shell:Creating package script '/home/doanh/atlas_c1/install/c1_driver/share/c1_driver/package.sh'
[0.743s] INFO:colcon.colcon_core.shell:Creating package script '/home/doanh/atlas_c1/install/c1_driver/share/c1_driver/package.bash'
[0.743s] INFO:colcon.colcon_core.shell:Creating package script '/home/doanh/atlas_c1/install/c1_driver/share/c1_driver/package.zsh'
[0.744s] Level 1:colcon.colcon_core.environment:create_file_with_runtime_dependencies(/home/doanh/atlas_c1/install/c1_driver/share/colcon-core/packages/c1_driver)
[0.744s] DEBUG:colcon.colcon_parallel_executor.executor.parallel:closing loop
[0.744s] DEBUG:colcon.colcon_parallel_executor.executor.parallel:loop closed
[0.744s] DEBUG:colcon.colcon_parallel_executor.executor.parallel:run_until_complete finished with '0'
[0.744s] DEBUG:colcon.colcon_core.event_reactor:joining thread
[0.748s] INFO:colcon.colcon_core.plugin_system:Skipping extension 'colcon_notification.desktop_notification.terminal_notifier': Not used on non-Darwin systems
[0.748s] INFO:colcon.colcon_core.plugin_system:Skipping extension 'colcon_notification.desktop_notification.win32': Not used on non-Windows systems
[0.748s] INFO:colcon.colcon_notification.desktop_notification:Sending desktop notification using 'notify2'
[0.771s] DEBUG:colcon.colcon_core.event_reactor:joined thread
[0.771s] INFO:colcon.colcon_core.shell:Creating prefix script '/home/doanh/atlas_c1/install/local_setup.ps1'
[0.772s] INFO:colcon.colcon_core.shell:Creating prefix util module '/home/doanh/atlas_c1/install/_local_setup_util_ps1.py'
[0.774s] INFO:colcon.colcon_core.shell:Creating prefix chain script '/home/doanh/atlas_c1/install/setup.ps1'
[0.775s] INFO:colcon.colcon_core.shell:Creating prefix script '/home/doanh/atlas_c1/install/local_setup.sh'
[0.776s] INFO:colcon.colcon_core.shell:Creating prefix util module '/home/doanh/atlas_c1/install/_local_setup_util_sh.py'
[0.776s] INFO:colcon.colcon_core.shell:Creating prefix chain script '/home/doanh/atlas_c1/install/setup.sh'
[0.777s] INFO:colcon.colcon_core.shell:Creating prefix script '/home/doanh/atlas_c1/install/local_setup.bash'
[0.777s] INFO:colcon.colcon_core.shell:Creating prefix chain script '/home/doanh/atlas_c1/install/setup.bash'
[0.778s] INFO:colcon.colcon_core.shell:Creating prefix script '/home/doanh/atlas_c1/install/local_setup.zsh'
[0.778s] INFO:colcon.colcon_core.shell:Creating prefix chain script '/home/doanh/atlas_c1/install/setup.zsh'
