[0.066s] DEBUG:colcon:Command line arguments: ['/usr/bin/colcon', 'build']
[0.066s] DEBUG:colcon:Parsed command line arguments: Namespace(log_base=None, log_level=None, verb_name='build', build_base='build', install_base='install', merge_install=False, symlink_install=False, test_result_base=None, continue_on_error=False, executor='parallel', parallel_workers=12, event_handlers=None, ignore_user_meta=False, metas=['./colcon.meta'], base_paths=['.'], packages_ignore=None, packages_ignore_regex=None, paths=None, packages_up_to=None, packages_up_to_regex=None, packages_above=None, packages_above_and_dependencies=None, packages_above_depth=None, packages_select_by_dep=None, packages_skip_by_dep=None, packages_skip_up_to=None, packages_select_build_failed=False, packages_skip_build_finished=False, packages_select_test_failures=False, packages_skip_test_passed=False, packages_select=None, packages_skip=None, packages_select_regex=None, packages_skip_regex=None, packages_start=None, packages_end=None, allow_overriding=[], cmake_args=None, cmake_target=None, cmake_target_skip_unavailable=False, cmake_clean_cache=False, cmake_clean_first=False, cmake_force_configure=False, ament_cmake_args=None, catkin_cmake_args=None, catkin_skip_building_tests=False, verb_parser=<colcon_defaults.argument_parser.defaults.DefaultArgumentsDecorator object at 0x7a9946a52b30>, verb_extension=<colcon_core.verb.build.BuildVerb object at 0x7a9946bbc070>, main=<bound method BuildVerb.main of <colcon_core.verb.build.BuildVerb object at 0x7a9946bbc070>>)
[0.189s] Level 1:colcon.colcon_core.package_discovery:discover_packages(colcon_meta) check parameters
[0.189s] Level 1:colcon.colcon_core.package_discovery:discover_packages(recursive) check parameters
[0.189s] Level 1:colcon.colcon_core.package_discovery:discover_packages(ignore) check parameters
[0.189s] Level 1:colcon.colcon_core.package_discovery:discover_packages(path) check parameters
[0.189s] Level 1:colcon.colcon_core.package_discovery:discover_packages(colcon_meta) discover
[0.189s] Level 1:colcon.colcon_core.package_discovery:discover_packages(recursive) discover
[0.189s] INFO:colcon.colcon_core.package_discovery:Crawling recursively for packages in '/home/doanh/atlas_c1'
[0.190s] Level 1:colcon.colcon_core.package_identification:_identify(.) by extensions ['ignore', 'ignore_ament_install']
[0.190s] Level 1:colcon.colcon_core.package_identification:_identify(.) by extension 'ignore'
[0.190s] Level 1:colcon.colcon_core.package_identification:_identify(.) by extension 'ignore_ament_install'
[0.190s] Level 1:colcon.colcon_core.package_identification:_identify(.) by extensions ['colcon_pkg']
[0.190s] Level 1:colcon.colcon_core.package_identification:_identify(.) by extension 'colcon_pkg'
[0.190s] Level 1:colcon.colcon_core.package_identification:_identify(.) by extensions ['colcon_meta']
[0.190s] Level 1:colcon.colcon_core.package_identification:_identify(.) by extension 'colcon_meta'
[0.190s] Level 1:colcon.colcon_core.package_identification:_identify(.) by extensions ['ros']
[0.190s] Level 1:colcon.colcon_core.package_identification:_identify(.) by extension 'ros'
[0.203s] Level 1:colcon.colcon_core.package_identification:_identify(.) by extensions ['cmake', 'python']
[0.204s] Level 1:colcon.colcon_core.package_identification:_identify(.) by extension 'cmake'
[0.204s] Level 1:colcon.colcon_core.package_identification:_identify(.) by extension 'python'
[0.204s] Level 1:colcon.colcon_core.package_identification:_identify(.) by extensions ['python_setup_py']
[0.204s] Level 1:colcon.colcon_core.package_identification:_identify(.) by extension 'python_setup_py'
[0.204s] Level 1:colcon.colcon_core.package_identification:_identify(build) by extensions ['ignore', 'ignore_ament_install']
[0.204s] Level 1:colcon.colcon_core.package_identification:_identify(build) by extension 'ignore'
[0.204s] Level 1:colcon.colcon_core.package_identification:_identify(build) ignored
[0.204s] Level 1:colcon.colcon_core.package_identification:_identify(install) by extensions ['ignore', 'ignore_ament_install']
[0.204s] Level 1:colcon.colcon_core.package_identification:_identify(install) by extension 'ignore'
[0.204s] Level 1:colcon.colcon_core.package_identification:_identify(install) ignored
[0.204s] Level 1:colcon.colcon_core.package_identification:_identify(log) by extensions ['ignore', 'ignore_ament_install']
[0.204s] Level 1:colcon.colcon_core.package_identification:_identify(log) by extension 'ignore'
[0.204s] Level 1:colcon.colcon_core.package_identification:_identify(log) ignored
[0.204s] Level 1:colcon.colcon_core.package_identification:_identify(src) by extensions ['ignore', 'ignore_ament_install']
[0.204s] Level 1:colcon.colcon_core.package_identification:_identify(src) by extension 'ignore'
[0.204s] Level 1:colcon.colcon_core.package_identification:_identify(src) by extension 'ignore_ament_install'
[0.204s] Level 1:colcon.colcon_core.package_identification:_identify(src) by extensions ['colcon_pkg']
[0.204s] Level 1:colcon.colcon_core.package_identification:_identify(src) by extension 'colcon_pkg'
[0.204s] Level 1:colcon.colcon_core.package_identification:_identify(src) by extensions ['colcon_meta']
[0.204s] Level 1:colcon.colcon_core.package_identification:_identify(src) by extension 'colcon_meta'
[0.204s] Level 1:colcon.colcon_core.package_identification:_identify(src) by extensions ['ros']
[0.204s] Level 1:colcon.colcon_core.package_identification:_identify(src) by extension 'ros'
[0.204s] Level 1:colcon.colcon_core.package_identification:_identify(src) by extensions ['cmake', 'python']
[0.204s] Level 1:colcon.colcon_core.package_identification:_identify(src) by extension 'cmake'
[0.204s] Level 1:colcon.colcon_core.package_identification:_identify(src) by extension 'python'
[0.204s] Level 1:colcon.colcon_core.package_identification:_identify(src) by extensions ['python_setup_py']
[0.204s] Level 1:colcon.colcon_core.package_identification:_identify(src) by extension 'python_setup_py'
[0.204s] Level 1:colcon.colcon_core.package_identification:_identify(src/c1_bringup) by extensions ['ignore', 'ignore_ament_install']
[0.205s] Level 1:colcon.colcon_core.package_identification:_identify(src/c1_bringup) by extension 'ignore'
[0.205s] Level 1:colcon.colcon_core.package_identification:_identify(src/c1_bringup) by extension 'ignore_ament_install'
[0.205s] Level 1:colcon.colcon_core.package_identification:_identify(src/c1_bringup) by extensions ['colcon_pkg']
[0.205s] Level 1:colcon.colcon_core.package_identification:_identify(src/c1_bringup) by extension 'colcon_pkg'
[0.205s] Level 1:colcon.colcon_core.package_identification:_identify(src/c1_bringup) by extensions ['colcon_meta']
[0.205s] Level 1:colcon.colcon_core.package_identification:_identify(src/c1_bringup) by extension 'colcon_meta'
[0.205s] Level 1:colcon.colcon_core.package_identification:_identify(src/c1_bringup) by extensions ['ros']
[0.205s] Level 1:colcon.colcon_core.package_identification:_identify(src/c1_bringup) by extension 'ros'
[0.206s] DEBUG:colcon.colcon_core.package_identification:Package 'src/c1_bringup' with type 'ros.ament_cmake' and name 'c1_bringup'
[0.206s] Level 1:colcon.colcon_core.package_identification:_identify(src/c1_description) by extensions ['ignore', 'ignore_ament_install']
[0.206s] Level 1:colcon.colcon_core.package_identification:_identify(src/c1_description) by extension 'ignore'
[0.206s] Level 1:colcon.colcon_core.package_identification:_identify(src/c1_description) by extension 'ignore_ament_install'
[0.206s] Level 1:colcon.colcon_core.package_identification:_identify(src/c1_description) by extensions ['colcon_pkg']
[0.206s] Level 1:colcon.colcon_core.package_identification:_identify(src/c1_description) by extension 'colcon_pkg'
[0.206s] Level 1:colcon.colcon_core.package_identification:_identify(src/c1_description) by extensions ['colcon_meta']
[0.206s] Level 1:colcon.colcon_core.package_identification:_identify(src/c1_description) by extension 'colcon_meta'
[0.206s] Level 1:colcon.colcon_core.package_identification:_identify(src/c1_description) by extensions ['ros']
[0.206s] Level 1:colcon.colcon_core.package_identification:_identify(src/c1_description) by extension 'ros'
[0.207s] DEBUG:colcon.colcon_core.package_identification:Package 'src/c1_description' with type 'ros.ament_cmake' and name 'c1_description'
[0.207s] Level 1:colcon.colcon_core.package_identification:_identify(src/c1_driver) by extensions ['ignore', 'ignore_ament_install']
[0.207s] Level 1:colcon.colcon_core.package_identification:_identify(src/c1_driver) by extension 'ignore'
[0.207s] Level 1:colcon.colcon_core.package_identification:_identify(src/c1_driver) by extension 'ignore_ament_install'
[0.207s] Level 1:colcon.colcon_core.package_identification:_identify(src/c1_driver) by extensions ['colcon_pkg']
[0.207s] Level 1:colcon.colcon_core.package_identification:_identify(src/c1_driver) by extension 'colcon_pkg'
[0.207s] Level 1:colcon.colcon_core.package_identification:_identify(src/c1_driver) by extensions ['colcon_meta']
[0.207s] Level 1:colcon.colcon_core.package_identification:_identify(src/c1_driver) by extension 'colcon_meta'
[0.207s] Level 1:colcon.colcon_core.package_identification:_identify(src/c1_driver) by extensions ['ros']
[0.207s] Level 1:colcon.colcon_core.package_identification:_identify(src/c1_driver) by extension 'ros'
[0.207s] DEBUG:colcon.colcon_core.package_identification:Package 'src/c1_driver' with type 'ros.ament_cmake' and name 'c1_driver'
[0.207s] Level 1:colcon.colcon_core.package_identification:_identify(src/c1_platform) by extensions ['ignore', 'ignore_ament_install']
[0.208s] Level 1:colcon.colcon_core.package_identification:_identify(src/c1_platform) by extension 'ignore'
[0.208s] Level 1:colcon.colcon_core.package_identification:_identify(src/c1_platform) by extension 'ignore_ament_install'
[0.208s] Level 1:colcon.colcon_core.package_identification:_identify(src/c1_platform) by extensions ['colcon_pkg']
[0.208s] Level 1:colcon.colcon_core.package_identification:_identify(src/c1_platform) by extension 'colcon_pkg'
[0.208s] Level 1:colcon.colcon_core.package_identification:_identify(src/c1_platform) by extensions ['colcon_meta']
[0.208s] Level 1:colcon.colcon_core.package_identification:_identify(src/c1_platform) by extension 'colcon_meta'
[0.208s] Level 1:colcon.colcon_core.package_identification:_identify(src/c1_platform) by extensions ['ros']
[0.208s] Level 1:colcon.colcon_core.package_identification:_identify(src/c1_platform) by extension 'ros'
[0.208s] DEBUG:colcon.colcon_core.package_identification:Package 'src/c1_platform' with type 'ros.ament_cmake' and name 'c1_platform'
[0.208s] Level 1:colcon.colcon_core.package_identification:_identify(src/c1_sdk) by extensions ['ignore', 'ignore_ament_install']
[0.208s] Level 1:colcon.colcon_core.package_identification:_identify(src/c1_sdk) by extension 'ignore'
[0.208s] Level 1:colcon.colcon_core.package_identification:_identify(src/c1_sdk) by extension 'ignore_ament_install'
[0.208s] Level 1:colcon.colcon_core.package_identification:_identify(src/c1_sdk) by extensions ['colcon_pkg']
[0.208s] Level 1:colcon.colcon_core.package_identification:_identify(src/c1_sdk) by extension 'colcon_pkg'
[0.208s] Level 1:colcon.colcon_core.package_identification:_identify(src/c1_sdk) by extensions ['colcon_meta']
[0.208s] Level 1:colcon.colcon_core.package_identification:_identify(src/c1_sdk) by extension 'colcon_meta'
[0.208s] Level 1:colcon.colcon_core.package_identification:_identify(src/c1_sdk) by extensions ['ros']
[0.208s] Level 1:colcon.colcon_core.package_identification:_identify(src/c1_sdk) by extension 'ros'
[0.208s] Level 1:colcon.colcon_core.package_identification:_identify(src/c1_sdk) by extensions ['cmake', 'python']
[0.208s] Level 1:colcon.colcon_core.package_identification:_identify(src/c1_sdk) by extension 'cmake'
[0.208s] Level 1:colcon.colcon_core.package_identification:_identify(src/c1_sdk) by extension 'python'
[0.208s] Level 1:colcon.colcon_core.package_identification:_identify(src/c1_sdk) by extensions ['python_setup_py']
[0.208s] Level 1:colcon.colcon_core.package_identification:_identify(src/c1_sdk) by extension 'python_setup_py'
[0.208s] Level 1:colcon.colcon_core.package_identification:_identify(src/c1_sdk/rf2o_laser_odometry) by extensions ['ignore', 'ignore_ament_install']
[0.209s] Level 1:colcon.colcon_core.package_identification:_identify(src/c1_sdk/rf2o_laser_odometry) by extension 'ignore'
[0.209s] Level 1:colcon.colcon_core.package_identification:_identify(src/c1_sdk/rf2o_laser_odometry) by extension 'ignore_ament_install'
[0.209s] Level 1:colcon.colcon_core.package_identification:_identify(src/c1_sdk/rf2o_laser_odometry) by extensions ['colcon_pkg']
[0.209s] Level 1:colcon.colcon_core.package_identification:_identify(src/c1_sdk/rf2o_laser_odometry) by extension 'colcon_pkg'
[0.209s] Level 1:colcon.colcon_core.package_identification:_identify(src/c1_sdk/rf2o_laser_odometry) by extensions ['colcon_meta']
[0.209s] Level 1:colcon.colcon_core.package_identification:_identify(src/c1_sdk/rf2o_laser_odometry) by extension 'colcon_meta'
[0.209s] Level 1:colcon.colcon_core.package_identification:_identify(src/c1_sdk/rf2o_laser_odometry) by extensions ['ros']
[0.209s] Level 1:colcon.colcon_core.package_identification:_identify(src/c1_sdk/rf2o_laser_odometry) by extension 'ros'
[0.209s] DEBUG:colcon.colcon_core.package_identification:Package 'src/c1_sdk/rf2o_laser_odometry' with type 'ros.ament_cmake' and name 'rf2o_laser_odometry'
[0.209s] Level 1:colcon.colcon_core.package_identification:_identify(src/c1_sdk/ydlidar_ros2_driver) by extensions ['ignore', 'ignore_ament_install']
[0.209s] Level 1:colcon.colcon_core.package_identification:_identify(src/c1_sdk/ydlidar_ros2_driver) by extension 'ignore'
[0.209s] Level 1:colcon.colcon_core.package_identification:_identify(src/c1_sdk/ydlidar_ros2_driver) by extension 'ignore_ament_install'
[0.209s] Level 1:colcon.colcon_core.package_identification:_identify(src/c1_sdk/ydlidar_ros2_driver) by extensions ['colcon_pkg']
[0.209s] Level 1:colcon.colcon_core.package_identification:_identify(src/c1_sdk/ydlidar_ros2_driver) by extension 'colcon_pkg'
[0.210s] Level 1:colcon.colcon_core.package_identification:_identify(src/c1_sdk/ydlidar_ros2_driver) by extensions ['colcon_meta']
[0.210s] Level 1:colcon.colcon_core.package_identification:_identify(src/c1_sdk/ydlidar_ros2_driver) by extension 'colcon_meta'
[0.210s] Level 1:colcon.colcon_core.package_identification:_identify(src/c1_sdk/ydlidar_ros2_driver) by extensions ['ros']
[0.210s] Level 1:colcon.colcon_core.package_identification:_identify(src/c1_sdk/ydlidar_ros2_driver) by extension 'ros'
[0.210s] DEBUG:colcon.colcon_core.package_identification:Package 'src/c1_sdk/ydlidar_ros2_driver' with type 'ros.ament_cmake' and name 'ydlidar_ros2_driver'
[0.210s] Level 1:colcon.colcon_core.package_discovery:discover_packages(recursive) using defaults
[0.210s] Level 1:colcon.colcon_core.package_discovery:discover_packages(ignore) discover
[0.210s] Level 1:colcon.colcon_core.package_discovery:discover_packages(ignore) using defaults
[0.210s] Level 1:colcon.colcon_core.package_discovery:discover_packages(path) discover
[0.210s] Level 1:colcon.colcon_core.package_discovery:discover_packages(path) using defaults
[0.223s] Level 1:colcon.colcon_core.package_discovery:discover_packages(prefix_path) check parameters
[0.223s] Level 1:colcon.colcon_core.package_discovery:discover_packages(prefix_path) discover
[0.224s] WARNING:colcon.colcon_ros.prefix_path.ament:The path '/home/doanh/atlas_c1/install/c1_description' in the environment variable AMENT_PREFIX_PATH doesn't exist
[0.224s] WARNING:colcon.colcon_ros.prefix_path.ament:The path '/home/doanh/atlas_c1/install/rf2o_laser_odometry' in the environment variable AMENT_PREFIX_PATH doesn't exist
[0.224s] WARNING:colcon.colcon_ros.prefix_path.ament:The path '/home/doanh/atlas_c1/install/c1_bringup' in the environment variable AMENT_PREFIX_PATH doesn't exist
[0.224s] WARNING:colcon.colcon_ros.prefix_path.ament:The path '/home/doanh/atlas_c1/install/ydlidar_ros2_driver' in the environment variable AMENT_PREFIX_PATH doesn't exist
[0.224s] WARNING:colcon.colcon_ros.prefix_path.ament:The path '/home/doanh/atlas_c1/install/c1_message' in the environment variable AMENT_PREFIX_PATH doesn't exist
[0.224s] WARNING:colcon.colcon_ros.prefix_path.ament:The path '/home/doanh/atlas_c1/install/c1_platform' in the environment variable AMENT_PREFIX_PATH doesn't exist
[0.224s] WARNING:colcon.colcon_ros.prefix_path.ament:The path '/home/doanh/atlas_c1/install/c1_driver' in the environment variable AMENT_PREFIX_PATH doesn't exist
[0.224s] WARNING:colcon.colcon_ros.prefix_path.catkin:The path '/home/doanh/atlas_c1/install/c1_description' in the environment variable CMAKE_PREFIX_PATH doesn't exist
[0.224s] WARNING:colcon.colcon_ros.prefix_path.catkin:The path '/home/doanh/atlas_c1/install/rf2o_laser_odometry' in the environment variable CMAKE_PREFIX_PATH doesn't exist
[0.224s] WARNING:colcon.colcon_ros.prefix_path.catkin:The path '/home/doanh/atlas_c1/install/c1_bringup' in the environment variable CMAKE_PREFIX_PATH doesn't exist
[0.224s] WARNING:colcon.colcon_ros.prefix_path.catkin:The path '/home/doanh/atlas_c1/install/ydlidar_ros2_driver' in the environment variable CMAKE_PREFIX_PATH doesn't exist
[0.224s] WARNING:colcon.colcon_ros.prefix_path.catkin:The path '/home/doanh/atlas_c1/install/c1_message' in the environment variable CMAKE_PREFIX_PATH doesn't exist
[0.224s] WARNING:colcon.colcon_ros.prefix_path.catkin:The path '/home/doanh/atlas_c1/install/c1_platform' in the environment variable CMAKE_PREFIX_PATH doesn't exist
[0.224s] WARNING:colcon.colcon_ros.prefix_path.catkin:The path '/home/doanh/atlas_c1/install/c1_driver' in the environment variable CMAKE_PREFIX_PATH doesn't exist
[0.224s] DEBUG:colcon.colcon_installed_package_information.package_discovery:Found 0 installed packages in /home/doanh/atlas_c1/install
[0.225s] DEBUG:colcon.colcon_installed_package_information.package_discovery:Found 429 installed packages in /opt/ros/humble
[0.227s] Level 1:colcon.colcon_core.package_discovery:discover_packages(prefix_path) using defaults
[0.256s] Level 5:colcon.colcon_core.verb:set package 'c1_bringup' build argument 'cmake_args' from command line to 'None'
[0.256s] Level 5:colcon.colcon_core.verb:set package 'c1_bringup' build argument 'cmake_target' from command line to 'None'
[0.256s] Level 5:colcon.colcon_core.verb:set package 'c1_bringup' build argument 'cmake_target_skip_unavailable' from command line to 'False'
[0.256s] Level 5:colcon.colcon_core.verb:set package 'c1_bringup' build argument 'cmake_clean_cache' from command line to 'False'
[0.256s] Level 5:colcon.colcon_core.verb:set package 'c1_bringup' build argument 'cmake_clean_first' from command line to 'False'
[0.256s] Level 5:colcon.colcon_core.verb:set package 'c1_bringup' build argument 'cmake_force_configure' from command line to 'False'
[0.256s] Level 5:colcon.colcon_core.verb:set package 'c1_bringup' build argument 'ament_cmake_args' from command line to 'None'
[0.256s] Level 5:colcon.colcon_core.verb:set package 'c1_bringup' build argument 'catkin_cmake_args' from command line to 'None'
[0.256s] Level 5:colcon.colcon_core.verb:set package 'c1_bringup' build argument 'catkin_skip_building_tests' from command line to 'False'
[0.256s] DEBUG:colcon.colcon_core.verb:Building package 'c1_bringup' with the following arguments: {'ament_cmake_args': None, 'build_base': '/home/doanh/atlas_c1/build/c1_bringup', 'catkin_cmake_args': None, 'catkin_skip_building_tests': False, 'cmake_args': None, 'cmake_clean_cache': False, 'cmake_clean_first': False, 'cmake_force_configure': False, 'cmake_target': None, 'cmake_target_skip_unavailable': False, 'install_base': '/home/doanh/atlas_c1/install/c1_bringup', 'merge_install': False, 'path': '/home/doanh/atlas_c1/src/c1_bringup', 'symlink_install': False, 'test_result_base': None}
[0.257s] Level 5:colcon.colcon_core.verb:set package 'c1_description' build argument 'cmake_args' from command line to 'None'
[0.257s] Level 5:colcon.colcon_core.verb:set package 'c1_description' build argument 'cmake_target' from command line to 'None'
[0.257s] Level 5:colcon.colcon_core.verb:set package 'c1_description' build argument 'cmake_target_skip_unavailable' from command line to 'False'
[0.257s] Level 5:colcon.colcon_core.verb:set package 'c1_description' build argument 'cmake_clean_cache' from command line to 'False'
[0.257s] Level 5:colcon.colcon_core.verb:set package 'c1_description' build argument 'cmake_clean_first' from command line to 'False'
[0.257s] Level 5:colcon.colcon_core.verb:set package 'c1_description' build argument 'cmake_force_configure' from command line to 'False'
[0.257s] Level 5:colcon.colcon_core.verb:set package 'c1_description' build argument 'ament_cmake_args' from command line to 'None'
[0.257s] Level 5:colcon.colcon_core.verb:set package 'c1_description' build argument 'catkin_cmake_args' from command line to 'None'
[0.257s] Level 5:colcon.colcon_core.verb:set package 'c1_description' build argument 'catkin_skip_building_tests' from command line to 'False'
[0.257s] DEBUG:colcon.colcon_core.verb:Building package 'c1_description' with the following arguments: {'ament_cmake_args': None, 'build_base': '/home/doanh/atlas_c1/build/c1_description', 'catkin_cmake_args': None, 'catkin_skip_building_tests': False, 'cmake_args': None, 'cmake_clean_cache': False, 'cmake_clean_first': False, 'cmake_force_configure': False, 'cmake_target': None, 'cmake_target_skip_unavailable': False, 'install_base': '/home/doanh/atlas_c1/install/c1_description', 'merge_install': False, 'path': '/home/doanh/atlas_c1/src/c1_description', 'symlink_install': False, 'test_result_base': None}
[0.265s] Level 5:colcon.colcon_core.verb:set package 'c1_driver' build argument 'cmake_args' from command line to 'None'
[0.265s] Level 5:colcon.colcon_core.verb:set package 'c1_driver' build argument 'cmake_target' from command line to 'None'
[0.265s] Level 5:colcon.colcon_core.verb:set package 'c1_driver' build argument 'cmake_target_skip_unavailable' from command line to 'False'
[0.265s] Level 5:colcon.colcon_core.verb:set package 'c1_driver' build argument 'cmake_clean_cache' from command line to 'False'
[0.265s] Level 5:colcon.colcon_core.verb:set package 'c1_driver' build argument 'cmake_clean_first' from command line to 'False'
[0.265s] Level 5:colcon.colcon_core.verb:set package 'c1_driver' build argument 'cmake_force_configure' from command line to 'False'
[0.265s] Level 5:colcon.colcon_core.verb:set package 'c1_driver' build argument 'ament_cmake_args' from command line to 'None'
[0.265s] Level 5:colcon.colcon_core.verb:set package 'c1_driver' build argument 'catkin_cmake_args' from command line to 'None'
[0.265s] Level 5:colcon.colcon_core.verb:set package 'c1_driver' build argument 'catkin_skip_building_tests' from command line to 'False'
[0.265s] DEBUG:colcon.colcon_core.verb:Building package 'c1_driver' with the following arguments: {'ament_cmake_args': None, 'build_base': '/home/doanh/atlas_c1/build/c1_driver', 'catkin_cmake_args': None, 'catkin_skip_building_tests': False, 'cmake_args': None, 'cmake_clean_cache': False, 'cmake_clean_first': False, 'cmake_force_configure': False, 'cmake_target': None, 'cmake_target_skip_unavailable': False, 'install_base': '/home/doanh/atlas_c1/install/c1_driver', 'merge_install': False, 'path': '/home/doanh/atlas_c1/src/c1_driver', 'symlink_install': False, 'test_result_base': None}
[0.265s] Level 5:colcon.colcon_core.verb:set package 'c1_platform' build argument 'cmake_args' from command line to 'None'
[0.265s] Level 5:colcon.colcon_core.verb:set package 'c1_platform' build argument 'cmake_target' from command line to 'None'
[0.265s] Level 5:colcon.colcon_core.verb:set package 'c1_platform' build argument 'cmake_target_skip_unavailable' from command line to 'False'
[0.265s] Level 5:colcon.colcon_core.verb:set package 'c1_platform' build argument 'cmake_clean_cache' from command line to 'False'
[0.265s] Level 5:colcon.colcon_core.verb:set package 'c1_platform' build argument 'cmake_clean_first' from command line to 'False'
[0.265s] Level 5:colcon.colcon_core.verb:set package 'c1_platform' build argument 'cmake_force_configure' from command line to 'False'
[0.265s] Level 5:colcon.colcon_core.verb:set package 'c1_platform' build argument 'ament_cmake_args' from command line to 'None'
[0.265s] Level 5:colcon.colcon_core.verb:set package 'c1_platform' build argument 'catkin_cmake_args' from command line to 'None'
[0.265s] Level 5:colcon.colcon_core.verb:set package 'c1_platform' build argument 'catkin_skip_building_tests' from command line to 'False'
[0.265s] DEBUG:colcon.colcon_core.verb:Building package 'c1_platform' with the following arguments: {'ament_cmake_args': None, 'build_base': '/home/doanh/atlas_c1/build/c1_platform', 'catkin_cmake_args': None, 'catkin_skip_building_tests': False, 'cmake_args': None, 'cmake_clean_cache': False, 'cmake_clean_first': False, 'cmake_force_configure': False, 'cmake_target': None, 'cmake_target_skip_unavailable': False, 'install_base': '/home/doanh/atlas_c1/install/c1_platform', 'merge_install': False, 'path': '/home/doanh/atlas_c1/src/c1_platform', 'symlink_install': False, 'test_result_base': None}
[0.265s] Level 5:colcon.colcon_core.verb:set package 'rf2o_laser_odometry' build argument 'cmake_args' from command line to 'None'
[0.265s] Level 5:colcon.colcon_core.verb:set package 'rf2o_laser_odometry' build argument 'cmake_target' from command line to 'None'
[0.265s] Level 5:colcon.colcon_core.verb:set package 'rf2o_laser_odometry' build argument 'cmake_target_skip_unavailable' from command line to 'False'
[0.265s] Level 5:colcon.colcon_core.verb:set package 'rf2o_laser_odometry' build argument 'cmake_clean_cache' from command line to 'False'
[0.265s] Level 5:colcon.colcon_core.verb:set package 'rf2o_laser_odometry' build argument 'cmake_clean_first' from command line to 'False'
[0.265s] Level 5:colcon.colcon_core.verb:set package 'rf2o_laser_odometry' build argument 'cmake_force_configure' from command line to 'False'
[0.265s] Level 5:colcon.colcon_core.verb:set package 'rf2o_laser_odometry' build argument 'ament_cmake_args' from command line to 'None'
[0.265s] Level 5:colcon.colcon_core.verb:set package 'rf2o_laser_odometry' build argument 'catkin_cmake_args' from command line to 'None'
[0.265s] Level 5:colcon.colcon_core.verb:set package 'rf2o_laser_odometry' build argument 'catkin_skip_building_tests' from command line to 'False'
[0.266s] DEBUG:colcon.colcon_core.verb:Building package 'rf2o_laser_odometry' with the following arguments: {'ament_cmake_args': None, 'build_base': '/home/doanh/atlas_c1/build/rf2o_laser_odometry', 'catkin_cmake_args': None, 'catkin_skip_building_tests': False, 'cmake_args': None, 'cmake_clean_cache': False, 'cmake_clean_first': False, 'cmake_force_configure': False, 'cmake_target': None, 'cmake_target_skip_unavailable': False, 'install_base': '/home/doanh/atlas_c1/install/rf2o_laser_odometry', 'merge_install': False, 'path': '/home/doanh/atlas_c1/src/c1_sdk/rf2o_laser_odometry', 'symlink_install': False, 'test_result_base': None}
[0.266s] Level 5:colcon.colcon_core.verb:set package 'ydlidar_ros2_driver' build argument 'cmake_args' from command line to 'None'
[0.266s] Level 5:colcon.colcon_core.verb:set package 'ydlidar_ros2_driver' build argument 'cmake_target' from command line to 'None'
[0.266s] Level 5:colcon.colcon_core.verb:set package 'ydlidar_ros2_driver' build argument 'cmake_target_skip_unavailable' from command line to 'False'
[0.266s] Level 5:colcon.colcon_core.verb:set package 'ydlidar_ros2_driver' build argument 'cmake_clean_cache' from command line to 'False'
[0.266s] Level 5:colcon.colcon_core.verb:set package 'ydlidar_ros2_driver' build argument 'cmake_clean_first' from command line to 'False'
[0.266s] Level 5:colcon.colcon_core.verb:set package 'ydlidar_ros2_driver' build argument 'cmake_force_configure' from command line to 'False'
[0.266s] Level 5:colcon.colcon_core.verb:set package 'ydlidar_ros2_driver' build argument 'ament_cmake_args' from command line to 'None'
[0.266s] Level 5:colcon.colcon_core.verb:set package 'ydlidar_ros2_driver' build argument 'catkin_cmake_args' from command line to 'None'
[0.266s] Level 5:colcon.colcon_core.verb:set package 'ydlidar_ros2_driver' build argument 'catkin_skip_building_tests' from command line to 'False'
[0.266s] DEBUG:colcon.colcon_core.verb:Building package 'ydlidar_ros2_driver' with the following arguments: {'ament_cmake_args': None, 'build_base': '/home/doanh/atlas_c1/build/ydlidar_ros2_driver', 'catkin_cmake_args': None, 'catkin_skip_building_tests': False, 'cmake_args': None, 'cmake_clean_cache': False, 'cmake_clean_first': False, 'cmake_force_configure': False, 'cmake_target': None, 'cmake_target_skip_unavailable': False, 'install_base': '/home/doanh/atlas_c1/install/ydlidar_ros2_driver', 'merge_install': False, 'path': '/home/doanh/atlas_c1/src/c1_sdk/ydlidar_ros2_driver', 'symlink_install': False, 'test_result_base': None}
[0.266s] INFO:colcon.colcon_core.executor:Executing jobs using 'parallel' executor
[0.267s] DEBUG:colcon.colcon_parallel_executor.executor.parallel:run_until_complete
[0.267s] INFO:colcon.colcon_ros.task.ament_cmake.build:Building ROS package in '/home/doanh/atlas_c1/src/c1_bringup' with build type 'ament_cmake'
[0.267s] INFO:colcon.colcon_cmake.task.cmake.build:Building CMake package in '/home/doanh/atlas_c1/src/c1_bringup'
[0.268s] INFO:colcon.colcon_core.plugin_system:Skipping extension 'colcon_core.shell.bat': Not used on non-Windows systems
[0.268s] INFO:colcon.colcon_core.shell:Skip shell extension 'powershell' for command environment: Not usable outside of PowerShell
[0.268s] DEBUG:colcon.colcon_core.shell:Skip shell extension 'dsv' for command environment
[0.271s] INFO:colcon.colcon_ros.task.ament_cmake.build:Building ROS package in '/home/doanh/atlas_c1/src/c1_description' with build type 'ament_cmake'
[0.271s] INFO:colcon.colcon_cmake.task.cmake.build:Building CMake package in '/home/doanh/atlas_c1/src/c1_description'
[0.271s] INFO:colcon.colcon_core.shell:Skip shell extension 'powershell' for command environment: Not usable outside of PowerShell
[0.271s] DEBUG:colcon.colcon_core.shell:Skip shell extension 'dsv' for command environment
[0.273s] INFO:colcon.colcon_ros.task.ament_cmake.build:Building ROS package in '/home/doanh/atlas_c1/src/c1_driver' with build type 'ament_cmake'
[0.273s] INFO:colcon.colcon_cmake.task.cmake.build:Building CMake package in '/home/doanh/atlas_c1/src/c1_driver'
[0.273s] INFO:colcon.colcon_core.shell:Skip shell extension 'powershell' for command environment: Not usable outside of PowerShell
[0.273s] DEBUG:colcon.colcon_core.shell:Skip shell extension 'dsv' for command environment
[0.275s] INFO:colcon.colcon_ros.task.ament_cmake.build:Building ROS package in '/home/doanh/atlas_c1/src/c1_platform' with build type 'ament_cmake'
[0.275s] INFO:colcon.colcon_cmake.task.cmake.build:Building CMake package in '/home/doanh/atlas_c1/src/c1_platform'
[0.275s] INFO:colcon.colcon_core.shell:Skip shell extension 'powershell' for command environment: Not usable outside of PowerShell
[0.275s] DEBUG:colcon.colcon_core.shell:Skip shell extension 'dsv' for command environment
[0.277s] INFO:colcon.colcon_ros.task.ament_cmake.build:Building ROS package in '/home/doanh/atlas_c1/src/c1_sdk/rf2o_laser_odometry' with build type 'ament_cmake'
[0.277s] INFO:colcon.colcon_cmake.task.cmake.build:Building CMake package in '/home/doanh/atlas_c1/src/c1_sdk/rf2o_laser_odometry'
[0.277s] INFO:colcon.colcon_core.shell:Skip shell extension 'powershell' for command environment: Not usable outside of PowerShell
[0.277s] DEBUG:colcon.colcon_core.shell:Skip shell extension 'dsv' for command environment
[0.279s] INFO:colcon.colcon_ros.task.ament_cmake.build:Building ROS package in '/home/doanh/atlas_c1/src/c1_sdk/ydlidar_ros2_driver' with build type 'ament_cmake'
[0.279s] INFO:colcon.colcon_cmake.task.cmake.build:Building CMake package in '/home/doanh/atlas_c1/src/c1_sdk/ydlidar_ros2_driver'
[0.279s] INFO:colcon.colcon_core.shell:Skip shell extension 'powershell' for command environment: Not usable outside of PowerShell
[0.279s] DEBUG:colcon.colcon_core.shell:Skip shell extension 'dsv' for command environment
[0.285s] DEBUG:colcon.colcon_core.event_handler.log_command:Invoking command in '/home/doanh/atlas_c1/build/c1_bringup': CMAKE_PREFIX_PATH=${CMAKE_PREFIX_PATH}:/opt/ros/humble /home/doanh/.local/bin/cmake /home/doanh/atlas_c1/src/c1_bringup -DCMAKE_INSTALL_PREFIX=/home/doanh/atlas_c1/install/c1_bringup
[0.286s] DEBUG:colcon.colcon_core.event_handler.log_command:Invoking command in '/home/doanh/atlas_c1/build/c1_description': CMAKE_PREFIX_PATH=${CMAKE_PREFIX_PATH}:/opt/ros/humble /home/doanh/.local/bin/cmake /home/doanh/atlas_c1/src/c1_description -DCMAKE_INSTALL_PREFIX=/home/doanh/atlas_c1/install/c1_description
[0.287s] DEBUG:colcon.colcon_core.event_handler.log_command:Invoking command in '/home/doanh/atlas_c1/build/c1_driver': CMAKE_PREFIX_PATH=${CMAKE_PREFIX_PATH}:/opt/ros/humble /home/doanh/.local/bin/cmake /home/doanh/atlas_c1/src/c1_driver -DCMAKE_INSTALL_PREFIX=/home/doanh/atlas_c1/install/c1_driver
[0.288s] DEBUG:colcon.colcon_core.event_handler.log_command:Invoking command in '/home/doanh/atlas_c1/build/c1_platform': CMAKE_PREFIX_PATH=${CMAKE_PREFIX_PATH}:/opt/ros/humble /home/doanh/.local/bin/cmake /home/doanh/atlas_c1/src/c1_platform -DCMAKE_INSTALL_PREFIX=/home/doanh/atlas_c1/install/c1_platform
[0.291s] DEBUG:colcon.colcon_core.event_handler.log_command:Invoking command in '/home/doanh/atlas_c1/build/rf2o_laser_odometry': CMAKE_PREFIX_PATH=${CMAKE_PREFIX_PATH}:/opt/ros/humble /home/doanh/.local/bin/cmake /home/doanh/atlas_c1/src/c1_sdk/rf2o_laser_odometry -DCMAKE_INSTALL_PREFIX=/home/doanh/atlas_c1/install/rf2o_laser_odometry
[0.294s] DEBUG:colcon.colcon_core.event_handler.log_command:Invoking command in '/home/doanh/atlas_c1/build/ydlidar_ros2_driver': CMAKE_PREFIX_PATH=${CMAKE_PREFIX_PATH}:/opt/ros/humble /home/doanh/.local/bin/cmake /home/doanh/atlas_c1/src/c1_sdk/ydlidar_ros2_driver -DCMAKE_INSTALL_PREFIX=/home/doanh/atlas_c1/install/ydlidar_ros2_driver
[0.889s] DEBUG:colcon.colcon_core.event_handler.log_command:Invoked command in '/home/doanh/atlas_c1/build/c1_bringup' returned '0': CMAKE_PREFIX_PATH=${CMAKE_PREFIX_PATH}:/opt/ros/humble /home/doanh/.local/bin/cmake /home/doanh/atlas_c1/src/c1_bringup -DCMAKE_INSTALL_PREFIX=/home/doanh/atlas_c1/install/c1_bringup
[0.891s] DEBUG:colcon.colcon_core.event_handler.log_command:Invoking command in '/home/doanh/atlas_c1/build/c1_bringup': CMAKE_PREFIX_PATH=${CMAKE_PREFIX_PATH}:/opt/ros/humble /home/doanh/.local/bin/cmake --build /home/doanh/atlas_c1/build/c1_bringup -- -j12 -l12
[0.892s] DEBUG:colcon.colcon_core.event_handler.log_command:Invoked command in '/home/doanh/atlas_c1/build/c1_description' returned '0': CMAKE_PREFIX_PATH=${CMAKE_PREFIX_PATH}:/opt/ros/humble /home/doanh/.local/bin/cmake /home/doanh/atlas_c1/src/c1_description -DCMAKE_INSTALL_PREFIX=/home/doanh/atlas_c1/install/c1_description
[0.893s] DEBUG:colcon.colcon_core.event_handler.log_command:Invoking command in '/home/doanh/atlas_c1/build/c1_description': CMAKE_PREFIX_PATH=${CMAKE_PREFIX_PATH}:/opt/ros/humble /home/doanh/.local/bin/cmake --build /home/doanh/atlas_c1/build/c1_description -- -j12 -l12
[0.900s] DEBUG:colcon.colcon_core.event_handler.log_command:Invoked command in '/home/doanh/atlas_c1/build/c1_platform' returned '0': CMAKE_PREFIX_PATH=${CMAKE_PREFIX_PATH}:/opt/ros/humble /home/doanh/.local/bin/cmake /home/doanh/atlas_c1/src/c1_platform -DCMAKE_INSTALL_PREFIX=/home/doanh/atlas_c1/install/c1_platform
[0.902s] DEBUG:colcon.colcon_core.event_handler.log_command:Invoking command in '/home/doanh/atlas_c1/build/c1_platform': CMAKE_PREFIX_PATH=${CMAKE_PREFIX_PATH}:/opt/ros/humble /home/doanh/.local/bin/cmake --build /home/doanh/atlas_c1/build/c1_platform -- -j12 -l12
[0.961s] DEBUG:colcon.colcon_core.event_handler.log_command:Invoked command in '/home/doanh/atlas_c1/build/c1_bringup' returned '0': CMAKE_PREFIX_PATH=${CMAKE_PREFIX_PATH}:/opt/ros/humble /home/doanh/.local/bin/cmake --build /home/doanh/atlas_c1/build/c1_bringup -- -j12 -l12
[1.025s] DEBUG:colcon.colcon_core.event_handler.log_command:Invoking command in '/home/doanh/atlas_c1/build/c1_bringup': CMAKE_PREFIX_PATH=${CMAKE_PREFIX_PATH}:/opt/ros/humble /home/doanh/.local/bin/cmake --install /home/doanh/atlas_c1/build/c1_bringup
[1.026s] DEBUG:colcon.colcon_core.event_handler.log_command:Invoked command in '/home/doanh/atlas_c1/build/c1_description' returned '0': CMAKE_PREFIX_PATH=${CMAKE_PREFIX_PATH}:/opt/ros/humble /home/doanh/.local/bin/cmake --build /home/doanh/atlas_c1/build/c1_description -- -j12 -l12
[1.027s] DEBUG:colcon.colcon_core.event_handler.log_command:Invoking command in '/home/doanh/atlas_c1/build/c1_description': CMAKE_PREFIX_PATH=${CMAKE_PREFIX_PATH}:/opt/ros/humble /home/doanh/.local/bin/cmake --install /home/doanh/atlas_c1/build/c1_description
[1.028s] DEBUG:colcon.colcon_core.event_handler.log_command:Invoked command in '/home/doanh/atlas_c1/build/c1_platform' returned '0': CMAKE_PREFIX_PATH=${CMAKE_PREFIX_PATH}:/opt/ros/humble /home/doanh/.local/bin/cmake --build /home/doanh/atlas_c1/build/c1_platform -- -j12 -l12
[1.030s] DEBUG:colcon.colcon_core.event_handler.log_command:Invoking command in '/home/doanh/atlas_c1/build/c1_platform': CMAKE_PREFIX_PATH=${CMAKE_PREFIX_PATH}:/opt/ros/humble /home/doanh/.local/bin/cmake --install /home/doanh/atlas_c1/build/c1_platform
[1.090s] Level 1:colcon.colcon_core.environment:create_environment_scripts_only(c1_bringup)
[1.091s] DEBUG:colcon.colcon_core.event_handler.log_command:Invoked command in '/home/doanh/atlas_c1/build/c1_bringup' returned '0': CMAKE_PREFIX_PATH=${CMAKE_PREFIX_PATH}:/opt/ros/humble /home/doanh/.local/bin/cmake --install /home/doanh/atlas_c1/build/c1_bringup
[1.094s] Level 1:colcon.colcon_core.environment:checking '/home/doanh/atlas_c1/install/c1_bringup' for CMake module files
[1.094s] Level 1:colcon.colcon_core.environment:checking '/home/doanh/atlas_c1/install/c1_bringup' for CMake config files
[1.094s] Level 1:colcon.colcon_core.shell:create_environment_hook('c1_bringup', 'cmake_prefix_path')
[1.094s] INFO:colcon.colcon_core.shell:Creating environment hook '/home/doanh/atlas_c1/install/c1_bringup/share/c1_bringup/hook/cmake_prefix_path.ps1'
[1.095s] INFO:colcon.colcon_core.shell:Creating environment descriptor '/home/doanh/atlas_c1/install/c1_bringup/share/c1_bringup/hook/cmake_prefix_path.dsv'
[1.095s] INFO:colcon.colcon_core.shell:Creating environment hook '/home/doanh/atlas_c1/install/c1_bringup/share/c1_bringup/hook/cmake_prefix_path.sh'
[1.096s] Level 1:colcon.colcon_core.environment:checking '/home/doanh/atlas_c1/install/c1_bringup/bin'
[1.096s] Level 1:colcon.colcon_core.environment:checking '/home/doanh/atlas_c1/install/c1_bringup/lib/pkgconfig/c1_bringup.pc'
[1.096s] Level 1:colcon.colcon_core.environment:checking '/home/doanh/atlas_c1/install/c1_bringup/lib/python3.10/site-packages'
[1.096s] Level 1:colcon.colcon_core.environment:checking '/home/doanh/atlas_c1/install/c1_bringup/bin'
[1.097s] INFO:colcon.colcon_core.shell:Creating package script '/home/doanh/atlas_c1/install/c1_bringup/share/c1_bringup/package.ps1'
[1.097s] INFO:colcon.colcon_core.shell:Creating package descriptor '/home/doanh/atlas_c1/install/c1_bringup/share/c1_bringup/package.dsv'
[1.098s] INFO:colcon.colcon_core.shell:Creating package script '/home/doanh/atlas_c1/install/c1_bringup/share/c1_bringup/package.sh'
[1.098s] INFO:colcon.colcon_core.shell:Creating package script '/home/doanh/atlas_c1/install/c1_bringup/share/c1_bringup/package.bash'
[1.099s] INFO:colcon.colcon_core.shell:Creating package script '/home/doanh/atlas_c1/install/c1_bringup/share/c1_bringup/package.zsh'
[1.100s] Level 1:colcon.colcon_core.environment:create_file_with_runtime_dependencies(/home/doanh/atlas_c1/install/c1_bringup/share/colcon-core/packages/c1_bringup)
[1.100s] Level 1:colcon.colcon_core.environment:create_environment_scripts_only(c1_bringup)
[1.100s] Level 1:colcon.colcon_core.environment:checking '/home/doanh/atlas_c1/install/c1_bringup' for CMake module files
[1.101s] Level 1:colcon.colcon_core.environment:checking '/home/doanh/atlas_c1/install/c1_bringup' for CMake config files
[1.101s] Level 1:colcon.colcon_core.shell:create_environment_hook('c1_bringup', 'cmake_prefix_path')
[1.101s] INFO:colcon.colcon_core.shell:Creating environment hook '/home/doanh/atlas_c1/install/c1_bringup/share/c1_bringup/hook/cmake_prefix_path.ps1'
[1.101s] INFO:colcon.colcon_core.shell:Creating environment descriptor '/home/doanh/atlas_c1/install/c1_bringup/share/c1_bringup/hook/cmake_prefix_path.dsv'
[1.102s] INFO:colcon.colcon_core.shell:Creating environment hook '/home/doanh/atlas_c1/install/c1_bringup/share/c1_bringup/hook/cmake_prefix_path.sh'
[1.102s] Level 1:colcon.colcon_core.environment:checking '/home/doanh/atlas_c1/install/c1_bringup/bin'
[1.102s] Level 1:colcon.colcon_core.environment:checking '/home/doanh/atlas_c1/install/c1_bringup/lib/pkgconfig/c1_bringup.pc'
[1.102s] Level 1:colcon.colcon_core.environment:checking '/home/doanh/atlas_c1/install/c1_bringup/lib/python3.10/site-packages'
[1.102s] Level 1:colcon.colcon_core.environment:checking '/home/doanh/atlas_c1/install/c1_bringup/bin'
[1.103s] INFO:colcon.colcon_core.shell:Creating package script '/home/doanh/atlas_c1/install/c1_bringup/share/c1_bringup/package.ps1'
[1.103s] INFO:colcon.colcon_core.shell:Creating package descriptor '/home/doanh/atlas_c1/install/c1_bringup/share/c1_bringup/package.dsv'
[1.103s] INFO:colcon.colcon_core.shell:Creating package script '/home/doanh/atlas_c1/install/c1_bringup/share/c1_bringup/package.sh'
[1.104s] INFO:colcon.colcon_core.shell:Creating package script '/home/doanh/atlas_c1/install/c1_bringup/share/c1_bringup/package.bash'
[1.104s] INFO:colcon.colcon_core.shell:Creating package script '/home/doanh/atlas_c1/install/c1_bringup/share/c1_bringup/package.zsh'
[1.104s] Level 1:colcon.colcon_core.environment:create_file_with_runtime_dependencies(/home/doanh/atlas_c1/install/c1_bringup/share/colcon-core/packages/c1_bringup)
[1.105s] Level 1:colcon.colcon_core.environment:create_environment_scripts_only(c1_description)
[1.105s] Level 1:colcon.colcon_core.environment:checking '/home/doanh/atlas_c1/install/c1_description' for CMake module files
[1.106s] DEBUG:colcon.colcon_core.event_handler.log_command:Invoked command in '/home/doanh/atlas_c1/build/c1_description' returned '0': CMAKE_PREFIX_PATH=${CMAKE_PREFIX_PATH}:/opt/ros/humble /home/doanh/.local/bin/cmake --install /home/doanh/atlas_c1/build/c1_description
[1.106s] Level 1:colcon.colcon_core.environment:checking '/home/doanh/atlas_c1/install/c1_description' for CMake config files
[1.106s] Level 1:colcon.colcon_core.shell:create_environment_hook('c1_description', 'cmake_prefix_path')
[1.106s] INFO:colcon.colcon_core.shell:Creating environment hook '/home/doanh/atlas_c1/install/c1_description/share/c1_description/hook/cmake_prefix_path.ps1'
[1.107s] INFO:colcon.colcon_core.shell:Creating environment descriptor '/home/doanh/atlas_c1/install/c1_description/share/c1_description/hook/cmake_prefix_path.dsv'
[1.107s] INFO:colcon.colcon_core.shell:Creating environment hook '/home/doanh/atlas_c1/install/c1_description/share/c1_description/hook/cmake_prefix_path.sh'
[1.107s] Level 1:colcon.colcon_core.environment:checking '/home/doanh/atlas_c1/install/c1_description/bin'
[1.107s] Level 1:colcon.colcon_core.environment:checking '/home/doanh/atlas_c1/install/c1_description/lib/pkgconfig/c1_description.pc'
[1.107s] Level 1:colcon.colcon_core.environment:checking '/home/doanh/atlas_c1/install/c1_description/lib/python3.10/site-packages'
[1.108s] Level 1:colcon.colcon_core.environment:checking '/home/doanh/atlas_c1/install/c1_description/bin'
[1.108s] INFO:colcon.colcon_core.shell:Creating package script '/home/doanh/atlas_c1/install/c1_description/share/c1_description/package.ps1'
[1.108s] INFO:colcon.colcon_core.shell:Creating package descriptor '/home/doanh/atlas_c1/install/c1_description/share/c1_description/package.dsv'
[1.109s] INFO:colcon.colcon_core.shell:Creating package script '/home/doanh/atlas_c1/install/c1_description/share/c1_description/package.sh'
[1.109s] INFO:colcon.colcon_core.shell:Creating package script '/home/doanh/atlas_c1/install/c1_description/share/c1_description/package.bash'
[1.109s] INFO:colcon.colcon_core.shell:Creating package script '/home/doanh/atlas_c1/install/c1_description/share/c1_description/package.zsh'
[1.109s] Level 1:colcon.colcon_core.environment:create_file_with_runtime_dependencies(/home/doanh/atlas_c1/install/c1_description/share/colcon-core/packages/c1_description)
[1.110s] Level 1:colcon.colcon_core.environment:create_environment_scripts_only(c1_description)
[1.110s] Level 1:colcon.colcon_core.environment:checking '/home/doanh/atlas_c1/install/c1_description' for CMake module files
[1.110s] Level 1:colcon.colcon_core.environment:checking '/home/doanh/atlas_c1/install/c1_description' for CMake config files
[1.111s] Level 1:colcon.colcon_core.shell:create_environment_hook('c1_description', 'cmake_prefix_path')
[1.111s] INFO:colcon.colcon_core.shell:Creating environment hook '/home/doanh/atlas_c1/install/c1_description/share/c1_description/hook/cmake_prefix_path.ps1'
[1.111s] INFO:colcon.colcon_core.shell:Creating environment descriptor '/home/doanh/atlas_c1/install/c1_description/share/c1_description/hook/cmake_prefix_path.dsv'
[1.111s] INFO:colcon.colcon_core.shell:Creating environment hook '/home/doanh/atlas_c1/install/c1_description/share/c1_description/hook/cmake_prefix_path.sh'
[1.112s] Level 1:colcon.colcon_core.environment:checking '/home/doanh/atlas_c1/install/c1_description/bin'
[1.112s] Level 1:colcon.colcon_core.environment:checking '/home/doanh/atlas_c1/install/c1_description/lib/pkgconfig/c1_description.pc'
[1.112s] Level 1:colcon.colcon_core.environment:checking '/home/doanh/atlas_c1/install/c1_description/lib/python3.10/site-packages'
[1.112s] Level 1:colcon.colcon_core.environment:checking '/home/doanh/atlas_c1/install/c1_description/bin'
[1.112s] INFO:colcon.colcon_core.shell:Creating package script '/home/doanh/atlas_c1/install/c1_description/share/c1_description/package.ps1'
[1.113s] INFO:colcon.colcon_core.shell:Creating package descriptor '/home/doanh/atlas_c1/install/c1_description/share/c1_description/package.dsv'
[1.113s] INFO:colcon.colcon_core.shell:Creating package script '/home/doanh/atlas_c1/install/c1_description/share/c1_description/package.sh'
[1.114s] INFO:colcon.colcon_core.shell:Creating package script '/home/doanh/atlas_c1/install/c1_description/share/c1_description/package.bash'
[1.114s] INFO:colcon.colcon_core.shell:Creating package script '/home/doanh/atlas_c1/install/c1_description/share/c1_description/package.zsh'
[1.114s] Level 1:colcon.colcon_core.environment:create_file_with_runtime_dependencies(/home/doanh/atlas_c1/install/c1_description/share/colcon-core/packages/c1_description)
[1.117s] Level 1:colcon.colcon_core.environment:create_environment_scripts_only(c1_platform)
[1.117s] Level 1:colcon.colcon_core.environment:checking '/home/doanh/atlas_c1/install/c1_platform' for CMake module files
[1.117s] DEBUG:colcon.colcon_core.event_handler.log_command:Invoked command in '/home/doanh/atlas_c1/build/c1_platform' returned '0': CMAKE_PREFIX_PATH=${CMAKE_PREFIX_PATH}:/opt/ros/humble /home/doanh/.local/bin/cmake --install /home/doanh/atlas_c1/build/c1_platform
[1.118s] Level 1:colcon.colcon_core.environment:checking '/home/doanh/atlas_c1/install/c1_platform' for CMake config files
[1.118s] Level 1:colcon.colcon_core.shell:create_environment_hook('c1_platform', 'cmake_prefix_path')
[1.118s] INFO:colcon.colcon_core.shell:Creating environment hook '/home/doanh/atlas_c1/install/c1_platform/share/c1_platform/hook/cmake_prefix_path.ps1'
[1.118s] INFO:colcon.colcon_core.shell:Creating environment descriptor '/home/doanh/atlas_c1/install/c1_platform/share/c1_platform/hook/cmake_prefix_path.dsv'
[1.118s] INFO:colcon.colcon_core.shell:Creating environment hook '/home/doanh/atlas_c1/install/c1_platform/share/c1_platform/hook/cmake_prefix_path.sh'
[1.119s] Level 1:colcon.colcon_core.environment:checking '/home/doanh/atlas_c1/install/c1_platform/bin'
[1.119s] Level 1:colcon.colcon_core.environment:checking '/home/doanh/atlas_c1/install/c1_platform/lib/pkgconfig/c1_platform.pc'
[1.119s] Level 1:colcon.colcon_core.environment:checking '/home/doanh/atlas_c1/install/c1_platform/lib/python3.10/site-packages'
[1.119s] Level 1:colcon.colcon_core.environment:checking '/home/doanh/atlas_c1/install/c1_platform/bin'
[1.119s] INFO:colcon.colcon_core.shell:Creating package script '/home/doanh/atlas_c1/install/c1_platform/share/c1_platform/package.ps1'
[1.120s] INFO:colcon.colcon_core.shell:Creating package descriptor '/home/doanh/atlas_c1/install/c1_platform/share/c1_platform/package.dsv'
[1.120s] INFO:colcon.colcon_core.shell:Creating package script '/home/doanh/atlas_c1/install/c1_platform/share/c1_platform/package.sh'
[1.120s] INFO:colcon.colcon_core.shell:Creating package script '/home/doanh/atlas_c1/install/c1_platform/share/c1_platform/package.bash'
[1.121s] INFO:colcon.colcon_core.shell:Creating package script '/home/doanh/atlas_c1/install/c1_platform/share/c1_platform/package.zsh'
[1.121s] Level 1:colcon.colcon_core.environment:create_file_with_runtime_dependencies(/home/doanh/atlas_c1/install/c1_platform/share/colcon-core/packages/c1_platform)
[1.121s] Level 1:colcon.colcon_core.environment:create_environment_scripts_only(c1_platform)
[1.121s] Level 1:colcon.colcon_core.environment:checking '/home/doanh/atlas_c1/install/c1_platform' for CMake module files
[1.122s] Level 1:colcon.colcon_core.environment:checking '/home/doanh/atlas_c1/install/c1_platform' for CMake config files
[1.122s] Level 1:colcon.colcon_core.shell:create_environment_hook('c1_platform', 'cmake_prefix_path')
[1.122s] INFO:colcon.colcon_core.shell:Creating environment hook '/home/doanh/atlas_c1/install/c1_platform/share/c1_platform/hook/cmake_prefix_path.ps1'
[1.122s] INFO:colcon.colcon_core.shell:Creating environment descriptor '/home/doanh/atlas_c1/install/c1_platform/share/c1_platform/hook/cmake_prefix_path.dsv'
[1.122s] INFO:colcon.colcon_core.shell:Creating environment hook '/home/doanh/atlas_c1/install/c1_platform/share/c1_platform/hook/cmake_prefix_path.sh'
[1.123s] Level 1:colcon.colcon_core.environment:checking '/home/doanh/atlas_c1/install/c1_platform/bin'
[1.123s] Level 1:colcon.colcon_core.environment:checking '/home/doanh/atlas_c1/install/c1_platform/lib/pkgconfig/c1_platform.pc'
[1.123s] Level 1:colcon.colcon_core.environment:checking '/home/doanh/atlas_c1/install/c1_platform/lib/python3.10/site-packages'
[1.123s] Level 1:colcon.colcon_core.environment:checking '/home/doanh/atlas_c1/install/c1_platform/bin'
[1.123s] INFO:colcon.colcon_core.shell:Creating package script '/home/doanh/atlas_c1/install/c1_platform/share/c1_platform/package.ps1'
[1.124s] INFO:colcon.colcon_core.shell:Creating package descriptor '/home/doanh/atlas_c1/install/c1_platform/share/c1_platform/package.dsv'
[1.124s] INFO:colcon.colcon_core.shell:Creating package script '/home/doanh/atlas_c1/install/c1_platform/share/c1_platform/package.sh'
[1.125s] INFO:colcon.colcon_core.shell:Creating package script '/home/doanh/atlas_c1/install/c1_platform/share/c1_platform/package.bash'
[1.125s] INFO:colcon.colcon_core.shell:Creating package script '/home/doanh/atlas_c1/install/c1_platform/share/c1_platform/package.zsh'
[1.125s] Level 1:colcon.colcon_core.environment:create_file_with_runtime_dependencies(/home/doanh/atlas_c1/install/c1_platform/share/colcon-core/packages/c1_platform)
[1.352s] DEBUG:colcon.colcon_core.event_handler.log_command:Invoked command in '/home/doanh/atlas_c1/build/ydlidar_ros2_driver' returned '0': CMAKE_PREFIX_PATH=${CMAKE_PREFIX_PATH}:/opt/ros/humble /home/doanh/.local/bin/cmake /home/doanh/atlas_c1/src/c1_sdk/ydlidar_ros2_driver -DCMAKE_INSTALL_PREFIX=/home/doanh/atlas_c1/install/ydlidar_ros2_driver
[1.353s] DEBUG:colcon.colcon_core.event_handler.log_command:Invoking command in '/home/doanh/atlas_c1/build/ydlidar_ros2_driver': CMAKE_PREFIX_PATH=${CMAKE_PREFIX_PATH}:/opt/ros/humble /home/doanh/.local/bin/cmake --build /home/doanh/atlas_c1/build/ydlidar_ros2_driver -- -j12 -l12
[1.391s] DEBUG:colcon.colcon_core.event_handler.log_command:Invoked command in '/home/doanh/atlas_c1/build/rf2o_laser_odometry' returned '0': CMAKE_PREFIX_PATH=${CMAKE_PREFIX_PATH}:/opt/ros/humble /home/doanh/.local/bin/cmake /home/doanh/atlas_c1/src/c1_sdk/rf2o_laser_odometry -DCMAKE_INSTALL_PREFIX=/home/doanh/atlas_c1/install/rf2o_laser_odometry
[1.392s] DEBUG:colcon.colcon_core.event_handler.log_command:Invoking command in '/home/doanh/atlas_c1/build/rf2o_laser_odometry': CMAKE_PREFIX_PATH=${CMAKE_PREFIX_PATH}:/opt/ros/humble /home/doanh/.local/bin/cmake --build /home/doanh/atlas_c1/build/rf2o_laser_odometry -- -j12 -l12
[2.356s] DEBUG:colcon.colcon_core.event_handler.log_command:Invoked command in '/home/doanh/atlas_c1/build/c1_driver' returned '0': CMAKE_PREFIX_PATH=${CMAKE_PREFIX_PATH}:/opt/ros/humble /home/doanh/.local/bin/cmake /home/doanh/atlas_c1/src/c1_driver -DCMAKE_INSTALL_PREFIX=/home/doanh/atlas_c1/install/c1_driver
[2.358s] DEBUG:colcon.colcon_core.event_handler.log_command:Invoking command in '/home/doanh/atlas_c1/build/c1_driver': CMAKE_PREFIX_PATH=${CMAKE_PREFIX_PATH}:/opt/ros/humble /home/doanh/.local/bin/cmake --build /home/doanh/atlas_c1/build/c1_driver -- -j12 -l12
[4.683s] DEBUG:colcon.colcon_core.event_handler.log_command:Invoked command in '/home/doanh/atlas_c1/build/c1_driver' returned '0': CMAKE_PREFIX_PATH=${CMAKE_PREFIX_PATH}:/opt/ros/humble /home/doanh/.local/bin/cmake --build /home/doanh/atlas_c1/build/c1_driver -- -j12 -l12
[4.684s] DEBUG:colcon.colcon_core.event_handler.log_command:Invoking command in '/home/doanh/atlas_c1/build/c1_driver': CMAKE_PREFIX_PATH=${CMAKE_PREFIX_PATH}:/opt/ros/humble /home/doanh/.local/bin/cmake --install /home/doanh/atlas_c1/build/c1_driver
[4.800s] Level 1:colcon.colcon_core.environment:create_environment_scripts_only(c1_driver)
[4.801s] Level 1:colcon.colcon_core.environment:checking '/home/doanh/atlas_c1/install/c1_driver' for CMake module files
[4.801s] DEBUG:colcon.colcon_core.event_handler.log_command:Invoked command in '/home/doanh/atlas_c1/build/c1_driver' returned '0': CMAKE_PREFIX_PATH=${CMAKE_PREFIX_PATH}:/opt/ros/humble /home/doanh/.local/bin/cmake --install /home/doanh/atlas_c1/build/c1_driver
[4.802s] Level 1:colcon.colcon_core.environment:checking '/home/doanh/atlas_c1/install/c1_driver' for CMake config files
[4.802s] Level 1:colcon.colcon_core.shell:create_environment_hook('c1_driver', 'cmake_prefix_path')
[4.802s] INFO:colcon.colcon_core.shell:Creating environment hook '/home/doanh/atlas_c1/install/c1_driver/share/c1_driver/hook/cmake_prefix_path.ps1'
[4.803s] INFO:colcon.colcon_core.shell:Creating environment descriptor '/home/doanh/atlas_c1/install/c1_driver/share/c1_driver/hook/cmake_prefix_path.dsv'
[4.803s] INFO:colcon.colcon_core.shell:Creating environment hook '/home/doanh/atlas_c1/install/c1_driver/share/c1_driver/hook/cmake_prefix_path.sh'
[4.804s] Level 1:colcon.colcon_core.environment:checking '/home/doanh/atlas_c1/install/c1_driver/lib'
[4.804s] Level 1:colcon.colcon_core.shell:create_environment_hook('c1_driver', 'ld_library_path_lib')
[4.804s] INFO:colcon.colcon_core.shell:Creating environment hook '/home/doanh/atlas_c1/install/c1_driver/share/c1_driver/hook/ld_library_path_lib.ps1'
[4.804s] INFO:colcon.colcon_core.shell:Creating environment descriptor '/home/doanh/atlas_c1/install/c1_driver/share/c1_driver/hook/ld_library_path_lib.dsv'
[4.804s] INFO:colcon.colcon_core.shell:Creating environment hook '/home/doanh/atlas_c1/install/c1_driver/share/c1_driver/hook/ld_library_path_lib.sh'
[4.805s] Level 1:colcon.colcon_core.environment:checking '/home/doanh/atlas_c1/install/c1_driver/bin'
[4.805s] Level 1:colcon.colcon_core.environment:checking '/home/doanh/atlas_c1/install/c1_driver/lib/pkgconfig/c1_driver.pc'
[4.805s] Level 1:colcon.colcon_core.environment:checking '/home/doanh/atlas_c1/install/c1_driver/lib/python3.10/site-packages'
[4.805s] Level 1:colcon.colcon_core.environment:checking '/home/doanh/atlas_c1/install/c1_driver/bin'
[4.805s] INFO:colcon.colcon_core.shell:Creating package script '/home/doanh/atlas_c1/install/c1_driver/share/c1_driver/package.ps1'
[4.806s] INFO:colcon.colcon_core.shell:Creating package descriptor '/home/doanh/atlas_c1/install/c1_driver/share/c1_driver/package.dsv'
[4.806s] INFO:colcon.colcon_core.shell:Creating package script '/home/doanh/atlas_c1/install/c1_driver/share/c1_driver/package.sh'
[4.807s] INFO:colcon.colcon_core.shell:Creating package script '/home/doanh/atlas_c1/install/c1_driver/share/c1_driver/package.bash'
[4.807s] INFO:colcon.colcon_core.shell:Creating package script '/home/doanh/atlas_c1/install/c1_driver/share/c1_driver/package.zsh'
[4.807s] Level 1:colcon.colcon_core.environment:create_file_with_runtime_dependencies(/home/doanh/atlas_c1/install/c1_driver/share/colcon-core/packages/c1_driver)
[4.808s] Level 1:colcon.colcon_core.environment:create_environment_scripts_only(c1_driver)
[4.808s] Level 1:colcon.colcon_core.environment:checking '/home/doanh/atlas_c1/install/c1_driver' for CMake module files
[4.808s] Level 1:colcon.colcon_core.environment:checking '/home/doanh/atlas_c1/install/c1_driver' for CMake config files
[4.809s] Level 1:colcon.colcon_core.shell:create_environment_hook('c1_driver', 'cmake_prefix_path')
[4.809s] INFO:colcon.colcon_core.shell:Creating environment hook '/home/doanh/atlas_c1/install/c1_driver/share/c1_driver/hook/cmake_prefix_path.ps1'
[4.809s] INFO:colcon.colcon_core.shell:Creating environment descriptor '/home/doanh/atlas_c1/install/c1_driver/share/c1_driver/hook/cmake_prefix_path.dsv'
[4.810s] INFO:colcon.colcon_core.shell:Creating environment hook '/home/doanh/atlas_c1/install/c1_driver/share/c1_driver/hook/cmake_prefix_path.sh'
[4.810s] Level 1:colcon.colcon_core.environment:checking '/home/doanh/atlas_c1/install/c1_driver/lib'
[4.810s] Level 1:colcon.colcon_core.shell:create_environment_hook('c1_driver', 'ld_library_path_lib')
[4.810s] INFO:colcon.colcon_core.shell:Creating environment hook '/home/doanh/atlas_c1/install/c1_driver/share/c1_driver/hook/ld_library_path_lib.ps1'
[4.811s] INFO:colcon.colcon_core.shell:Creating environment descriptor '/home/doanh/atlas_c1/install/c1_driver/share/c1_driver/hook/ld_library_path_lib.dsv'
[4.811s] INFO:colcon.colcon_core.shell:Creating environment hook '/home/doanh/atlas_c1/install/c1_driver/share/c1_driver/hook/ld_library_path_lib.sh'
[4.811s] Level 1:colcon.colcon_core.environment:checking '/home/doanh/atlas_c1/install/c1_driver/bin'
[4.811s] Level 1:colcon.colcon_core.environment:checking '/home/doanh/atlas_c1/install/c1_driver/lib/pkgconfig/c1_driver.pc'
[4.811s] Level 1:colcon.colcon_core.environment:checking '/home/doanh/atlas_c1/install/c1_driver/lib/python3.10/site-packages'
[4.812s] Level 1:colcon.colcon_core.environment:checking '/home/doanh/atlas_c1/install/c1_driver/bin'
[4.812s] INFO:colcon.colcon_core.shell:Creating package script '/home/doanh/atlas_c1/install/c1_driver/share/c1_driver/package.ps1'
[4.813s] INFO:colcon.colcon_core.shell:Creating package descriptor '/home/doanh/atlas_c1/install/c1_driver/share/c1_driver/package.dsv'
[4.814s] INFO:colcon.colcon_core.shell:Creating package script '/home/doanh/atlas_c1/install/c1_driver/share/c1_driver/package.sh'
[4.815s] INFO:colcon.colcon_core.shell:Creating package script '/home/doanh/atlas_c1/install/c1_driver/share/c1_driver/package.bash'
[4.815s] INFO:colcon.colcon_core.shell:Creating package script '/home/doanh/atlas_c1/install/c1_driver/share/c1_driver/package.zsh'
[4.816s] Level 1:colcon.colcon_core.environment:create_file_with_runtime_dependencies(/home/doanh/atlas_c1/install/c1_driver/share/colcon-core/packages/c1_driver)
[9.100s] DEBUG:colcon.colcon_core.event_handler.log_command:Invoked command in '/home/doanh/atlas_c1/build/ydlidar_ros2_driver' returned '0': CMAKE_PREFIX_PATH=${CMAKE_PREFIX_PATH}:/opt/ros/humble /home/doanh/.local/bin/cmake --build /home/doanh/atlas_c1/build/ydlidar_ros2_driver -- -j12 -l12
[9.101s] DEBUG:colcon.colcon_core.event_handler.log_command:Invoking command in '/home/doanh/atlas_c1/build/ydlidar_ros2_driver': CMAKE_PREFIX_PATH=${CMAKE_PREFIX_PATH}:/opt/ros/humble /home/doanh/.local/bin/cmake --install /home/doanh/atlas_c1/build/ydlidar_ros2_driver
[9.163s] Level 1:colcon.colcon_core.environment:create_environment_scripts_only(ydlidar_ros2_driver)
[9.163s] Level 1:colcon.colcon_core.environment:checking '/home/doanh/atlas_c1/install/ydlidar_ros2_driver' for CMake module files
[9.163s] DEBUG:colcon.colcon_core.event_handler.log_command:Invoked command in '/home/doanh/atlas_c1/build/ydlidar_ros2_driver' returned '0': CMAKE_PREFIX_PATH=${CMAKE_PREFIX_PATH}:/opt/ros/humble /home/doanh/.local/bin/cmake --install /home/doanh/atlas_c1/build/ydlidar_ros2_driver
[9.163s] Level 1:colcon.colcon_core.environment:checking '/home/doanh/atlas_c1/install/ydlidar_ros2_driver' for CMake config files
[9.164s] Level 1:colcon.colcon_core.shell:create_environment_hook('ydlidar_ros2_driver', 'cmake_prefix_path')
[9.164s] INFO:colcon.colcon_core.shell:Creating environment hook '/home/doanh/atlas_c1/install/ydlidar_ros2_driver/share/ydlidar_ros2_driver/hook/cmake_prefix_path.ps1'
[9.164s] INFO:colcon.colcon_core.shell:Creating environment descriptor '/home/doanh/atlas_c1/install/ydlidar_ros2_driver/share/ydlidar_ros2_driver/hook/cmake_prefix_path.dsv'
[9.164s] INFO:colcon.colcon_core.shell:Creating environment hook '/home/doanh/atlas_c1/install/ydlidar_ros2_driver/share/ydlidar_ros2_driver/hook/cmake_prefix_path.sh'
[9.165s] Level 1:colcon.colcon_core.environment:checking '/home/doanh/atlas_c1/install/ydlidar_ros2_driver/lib'
[9.165s] Level 1:colcon.colcon_core.environment:checking '/home/doanh/atlas_c1/install/ydlidar_ros2_driver/bin'
[9.165s] Level 1:colcon.colcon_core.environment:checking '/home/doanh/atlas_c1/install/ydlidar_ros2_driver/lib/pkgconfig/ydlidar_ros2_driver.pc'
[9.165s] Level 1:colcon.colcon_core.environment:checking '/home/doanh/atlas_c1/install/ydlidar_ros2_driver/lib/python3.10/site-packages'
[9.165s] Level 1:colcon.colcon_core.environment:checking '/home/doanh/atlas_c1/install/ydlidar_ros2_driver/bin'
[9.165s] INFO:colcon.colcon_core.shell:Creating package script '/home/doanh/atlas_c1/install/ydlidar_ros2_driver/share/ydlidar_ros2_driver/package.ps1'
[9.166s] INFO:colcon.colcon_core.shell:Creating package descriptor '/home/doanh/atlas_c1/install/ydlidar_ros2_driver/share/ydlidar_ros2_driver/package.dsv'
[9.166s] INFO:colcon.colcon_core.shell:Creating package script '/home/doanh/atlas_c1/install/ydlidar_ros2_driver/share/ydlidar_ros2_driver/package.sh'
[9.166s] INFO:colcon.colcon_core.shell:Creating package script '/home/doanh/atlas_c1/install/ydlidar_ros2_driver/share/ydlidar_ros2_driver/package.bash'
[9.166s] INFO:colcon.colcon_core.shell:Creating package script '/home/doanh/atlas_c1/install/ydlidar_ros2_driver/share/ydlidar_ros2_driver/package.zsh'
[9.167s] Level 1:colcon.colcon_core.environment:create_file_with_runtime_dependencies(/home/doanh/atlas_c1/install/ydlidar_ros2_driver/share/colcon-core/packages/ydlidar_ros2_driver)
[9.167s] Level 1:colcon.colcon_core.environment:create_environment_scripts_only(ydlidar_ros2_driver)
[9.167s] Level 1:colcon.colcon_core.environment:checking '/home/doanh/atlas_c1/install/ydlidar_ros2_driver' for CMake module files
[9.168s] Level 1:colcon.colcon_core.environment:checking '/home/doanh/atlas_c1/install/ydlidar_ros2_driver' for CMake config files
[9.168s] Level 1:colcon.colcon_core.shell:create_environment_hook('ydlidar_ros2_driver', 'cmake_prefix_path')
[9.168s] INFO:colcon.colcon_core.shell:Creating environment hook '/home/doanh/atlas_c1/install/ydlidar_ros2_driver/share/ydlidar_ros2_driver/hook/cmake_prefix_path.ps1'
[9.168s] INFO:colcon.colcon_core.shell:Creating environment descriptor '/home/doanh/atlas_c1/install/ydlidar_ros2_driver/share/ydlidar_ros2_driver/hook/cmake_prefix_path.dsv'
[9.168s] INFO:colcon.colcon_core.shell:Creating environment hook '/home/doanh/atlas_c1/install/ydlidar_ros2_driver/share/ydlidar_ros2_driver/hook/cmake_prefix_path.sh'
[9.169s] Level 1:colcon.colcon_core.environment:checking '/home/doanh/atlas_c1/install/ydlidar_ros2_driver/lib'
[9.169s] Level 1:colcon.colcon_core.environment:checking '/home/doanh/atlas_c1/install/ydlidar_ros2_driver/bin'
[9.169s] Level 1:colcon.colcon_core.environment:checking '/home/doanh/atlas_c1/install/ydlidar_ros2_driver/lib/pkgconfig/ydlidar_ros2_driver.pc'
[9.169s] Level 1:colcon.colcon_core.environment:checking '/home/doanh/atlas_c1/install/ydlidar_ros2_driver/lib/python3.10/site-packages'
[9.169s] Level 1:colcon.colcon_core.environment:checking '/home/doanh/atlas_c1/install/ydlidar_ros2_driver/bin'
[9.169s] INFO:colcon.colcon_core.shell:Creating package script '/home/doanh/atlas_c1/install/ydlidar_ros2_driver/share/ydlidar_ros2_driver/package.ps1'
[9.170s] INFO:colcon.colcon_core.shell:Creating package descriptor '/home/doanh/atlas_c1/install/ydlidar_ros2_driver/share/ydlidar_ros2_driver/package.dsv'
[9.170s] INFO:colcon.colcon_core.shell:Creating package script '/home/doanh/atlas_c1/install/ydlidar_ros2_driver/share/ydlidar_ros2_driver/package.sh'
[9.170s] INFO:colcon.colcon_core.shell:Creating package script '/home/doanh/atlas_c1/install/ydlidar_ros2_driver/share/ydlidar_ros2_driver/package.bash'
[9.170s] INFO:colcon.colcon_core.shell:Creating package script '/home/doanh/atlas_c1/install/ydlidar_ros2_driver/share/ydlidar_ros2_driver/package.zsh'
[9.171s] Level 1:colcon.colcon_core.environment:create_file_with_runtime_dependencies(/home/doanh/atlas_c1/install/ydlidar_ros2_driver/share/colcon-core/packages/ydlidar_ros2_driver)
[19.587s] DEBUG:colcon.colcon_core.event_handler.log_command:Invoked command in '/home/doanh/atlas_c1/build/rf2o_laser_odometry' returned '0': CMAKE_PREFIX_PATH=${CMAKE_PREFIX_PATH}:/opt/ros/humble /home/doanh/.local/bin/cmake --build /home/doanh/atlas_c1/build/rf2o_laser_odometry -- -j12 -l12
[19.588s] DEBUG:colcon.colcon_core.event_handler.log_command:Invoking command in '/home/doanh/atlas_c1/build/rf2o_laser_odometry': CMAKE_PREFIX_PATH=${CMAKE_PREFIX_PATH}:/opt/ros/humble /home/doanh/.local/bin/cmake --install /home/doanh/atlas_c1/build/rf2o_laser_odometry
[19.647s] Level 1:colcon.colcon_core.environment:create_environment_scripts_only(rf2o_laser_odometry)
[19.647s] Level 1:colcon.colcon_core.environment:checking '/home/doanh/atlas_c1/install/rf2o_laser_odometry' for CMake module files
[19.648s] DEBUG:colcon.colcon_core.event_handler.log_command:Invoked command in '/home/doanh/atlas_c1/build/rf2o_laser_odometry' returned '0': CMAKE_PREFIX_PATH=${CMAKE_PREFIX_PATH}:/opt/ros/humble /home/doanh/.local/bin/cmake --install /home/doanh/atlas_c1/build/rf2o_laser_odometry
[19.648s] Level 1:colcon.colcon_core.environment:checking '/home/doanh/atlas_c1/install/rf2o_laser_odometry' for CMake config files
[19.648s] Level 1:colcon.colcon_core.shell:create_environment_hook('rf2o_laser_odometry', 'cmake_prefix_path')
[19.648s] INFO:colcon.colcon_core.shell:Creating environment hook '/home/doanh/atlas_c1/install/rf2o_laser_odometry/share/rf2o_laser_odometry/hook/cmake_prefix_path.ps1'
[19.648s] INFO:colcon.colcon_core.shell:Creating environment descriptor '/home/doanh/atlas_c1/install/rf2o_laser_odometry/share/rf2o_laser_odometry/hook/cmake_prefix_path.dsv'
[19.648s] INFO:colcon.colcon_core.shell:Creating environment hook '/home/doanh/atlas_c1/install/rf2o_laser_odometry/share/rf2o_laser_odometry/hook/cmake_prefix_path.sh'
[19.649s] Level 1:colcon.colcon_core.environment:checking '/home/doanh/atlas_c1/install/rf2o_laser_odometry/lib'
[19.649s] Level 1:colcon.colcon_core.environment:checking '/home/doanh/atlas_c1/install/rf2o_laser_odometry/bin'
[19.649s] Level 1:colcon.colcon_core.environment:checking '/home/doanh/atlas_c1/install/rf2o_laser_odometry/lib/pkgconfig/rf2o_laser_odometry.pc'
[19.649s] Level 1:colcon.colcon_core.environment:checking '/home/doanh/atlas_c1/install/rf2o_laser_odometry/lib/python3.10/site-packages'
[19.649s] Level 1:colcon.colcon_core.environment:checking '/home/doanh/atlas_c1/install/rf2o_laser_odometry/bin'
[19.649s] INFO:colcon.colcon_core.shell:Creating package script '/home/doanh/atlas_c1/install/rf2o_laser_odometry/share/rf2o_laser_odometry/package.ps1'
[19.650s] INFO:colcon.colcon_core.shell:Creating package descriptor '/home/doanh/atlas_c1/install/rf2o_laser_odometry/share/rf2o_laser_odometry/package.dsv'
[19.650s] INFO:colcon.colcon_core.shell:Creating package script '/home/doanh/atlas_c1/install/rf2o_laser_odometry/share/rf2o_laser_odometry/package.sh'
[19.650s] INFO:colcon.colcon_core.shell:Creating package script '/home/doanh/atlas_c1/install/rf2o_laser_odometry/share/rf2o_laser_odometry/package.bash'
[19.650s] INFO:colcon.colcon_core.shell:Creating package script '/home/doanh/atlas_c1/install/rf2o_laser_odometry/share/rf2o_laser_odometry/package.zsh'
[19.651s] Level 1:colcon.colcon_core.environment:create_file_with_runtime_dependencies(/home/doanh/atlas_c1/install/rf2o_laser_odometry/share/colcon-core/packages/rf2o_laser_odometry)
[19.651s] Level 1:colcon.colcon_core.environment:create_environment_scripts_only(rf2o_laser_odometry)
[19.651s] Level 1:colcon.colcon_core.environment:checking '/home/doanh/atlas_c1/install/rf2o_laser_odometry' for CMake module files
[19.651s] Level 1:colcon.colcon_core.environment:checking '/home/doanh/atlas_c1/install/rf2o_laser_odometry' for CMake config files
[19.651s] Level 1:colcon.colcon_core.shell:create_environment_hook('rf2o_laser_odometry', 'cmake_prefix_path')
[19.652s] INFO:colcon.colcon_core.shell:Creating environment hook '/home/doanh/atlas_c1/install/rf2o_laser_odometry/share/rf2o_laser_odometry/hook/cmake_prefix_path.ps1'
[19.652s] INFO:colcon.colcon_core.shell:Creating environment descriptor '/home/doanh/atlas_c1/install/rf2o_laser_odometry/share/rf2o_laser_odometry/hook/cmake_prefix_path.dsv'
[19.652s] INFO:colcon.colcon_core.shell:Creating environment hook '/home/doanh/atlas_c1/install/rf2o_laser_odometry/share/rf2o_laser_odometry/hook/cmake_prefix_path.sh'
[19.652s] Level 1:colcon.colcon_core.environment:checking '/home/doanh/atlas_c1/install/rf2o_laser_odometry/lib'
[19.652s] Level 1:colcon.colcon_core.environment:checking '/home/doanh/atlas_c1/install/rf2o_laser_odometry/bin'
[19.652s] Level 1:colcon.colcon_core.environment:checking '/home/doanh/atlas_c1/install/rf2o_laser_odometry/lib/pkgconfig/rf2o_laser_odometry.pc'
[19.652s] Level 1:colcon.colcon_core.environment:checking '/home/doanh/atlas_c1/install/rf2o_laser_odometry/lib/python3.10/site-packages'
[19.653s] Level 1:colcon.colcon_core.environment:checking '/home/doanh/atlas_c1/install/rf2o_laser_odometry/bin'
[19.653s] INFO:colcon.colcon_core.shell:Creating package script '/home/doanh/atlas_c1/install/rf2o_laser_odometry/share/rf2o_laser_odometry/package.ps1'
[19.653s] INFO:colcon.colcon_core.shell:Creating package descriptor '/home/doanh/atlas_c1/install/rf2o_laser_odometry/share/rf2o_laser_odometry/package.dsv'
[19.653s] INFO:colcon.colcon_core.shell:Creating package script '/home/doanh/atlas_c1/install/rf2o_laser_odometry/share/rf2o_laser_odometry/package.sh'
[19.654s] INFO:colcon.colcon_core.shell:Creating package script '/home/doanh/atlas_c1/install/rf2o_laser_odometry/share/rf2o_laser_odometry/package.bash'
[19.654s] INFO:colcon.colcon_core.shell:Creating package script '/home/doanh/atlas_c1/install/rf2o_laser_odometry/share/rf2o_laser_odometry/package.zsh'
[19.654s] Level 1:colcon.colcon_core.environment:create_file_with_runtime_dependencies(/home/doanh/atlas_c1/install/rf2o_laser_odometry/share/colcon-core/packages/rf2o_laser_odometry)
[19.654s] DEBUG:colcon.colcon_parallel_executor.executor.parallel:closing loop
[19.654s] DEBUG:colcon.colcon_parallel_executor.executor.parallel:loop closed
[19.654s] DEBUG:colcon.colcon_parallel_executor.executor.parallel:run_until_complete finished with '0'
[19.654s] DEBUG:colcon.colcon_core.event_reactor:joining thread
[19.658s] INFO:colcon.colcon_core.plugin_system:Skipping extension 'colcon_notification.desktop_notification.terminal_notifier': Not used on non-Darwin systems
[19.658s] INFO:colcon.colcon_core.plugin_system:Skipping extension 'colcon_notification.desktop_notification.win32': Not used on non-Windows systems
[19.658s] INFO:colcon.colcon_notification.desktop_notification:Sending desktop notification using 'notify2'
[19.666s] DEBUG:colcon.colcon_core.event_reactor:joined thread
[19.666s] INFO:colcon.colcon_core.shell:Creating prefix script '/home/doanh/atlas_c1/install/local_setup.ps1'
[19.667s] INFO:colcon.colcon_core.shell:Creating prefix util module '/home/doanh/atlas_c1/install/_local_setup_util_ps1.py'
[19.668s] INFO:colcon.colcon_core.shell:Creating prefix chain script '/home/doanh/atlas_c1/install/setup.ps1'
[19.669s] INFO:colcon.colcon_core.shell:Creating prefix script '/home/doanh/atlas_c1/install/local_setup.sh'
[19.669s] INFO:colcon.colcon_core.shell:Creating prefix util module '/home/doanh/atlas_c1/install/_local_setup_util_sh.py'
[19.669s] INFO:colcon.colcon_core.shell:Creating prefix chain script '/home/doanh/atlas_c1/install/setup.sh'
[19.670s] INFO:colcon.colcon_core.shell:Creating prefix script '/home/doanh/atlas_c1/install/local_setup.bash'
[19.670s] INFO:colcon.colcon_core.shell:Creating prefix chain script '/home/doanh/atlas_c1/install/setup.bash'
[19.671s] INFO:colcon.colcon_core.shell:Creating prefix script '/home/doanh/atlas_c1/install/local_setup.zsh'
[19.671s] INFO:colcon.colcon_core.shell:Creating prefix chain script '/home/doanh/atlas_c1/install/setup.zsh'
