[0.745s] Invoking command in '/home/doanh/atlas_c1/build/c1_description': CMAKE_PREFIX_PATH=${CMAKE_PREFIX_PATH}:/home/doanh/atlas_c1/install/atlas_web:/home/doanh/atlas_c1/install/atlas_app:/home/doanh/atlas_c1/install/atlas_app_robot:/home/doanh/atlas_c1/install/atlas_api:/opt/ros/humble /home/doanh/.local/bin/cmake --build /home/doanh/atlas_c1/build/c1_description -- -j12 -l12
[0.854s] Invoked command in '/home/doanh/atlas_c1/build/c1_description' returned '0': CMAKE_PREFIX_PATH=${CMAKE_PREFIX_PATH}:/home/doanh/atlas_c1/install/atlas_web:/home/doanh/atlas_c1/install/atlas_app:/home/doanh/atlas_c1/install/atlas_app_robot:/home/doanh/atlas_c1/install/atlas_api:/opt/ros/humble /home/doanh/.local/bin/cmake --build /home/doanh/atlas_c1/build/c1_description -- -j12 -l12
[0.855s] Invoking command in '/home/doanh/atlas_c1/build/c1_description': CMAKE_PREFIX_PATH=${CMAKE_PREFIX_PATH}:/home/doanh/atlas_c1/install/atlas_web:/home/doanh/atlas_c1/install/atlas_app:/home/doanh/atlas_c1/install/atlas_app_robot:/home/doanh/atlas_c1/install/atlas_api:/opt/ros/humble /home/doanh/.local/bin/cmake --install /home/doanh/atlas_c1/build/c1_description
[1.016s] -- Install configuration: ""
[1.016s] -- Up-to-date: /home/doanh/atlas_c1/install/c1_description/share/c1_description//urdf
[1.016s] -- Up-to-date: /home/doanh/atlas_c1/install/c1_description/share/c1_description//urdf/c1_robot.urdf
[1.016s] -- Up-to-date: /home/doanh/atlas_c1/install/c1_description/share/c1_description//launch
[1.017s] -- Up-to-date: /home/doanh/atlas_c1/install/c1_description/share/c1_description//launch/display.launch.py
[1.017s] -- Up-to-date: /home/doanh/atlas_c1/install/c1_description/share/c1_description//rviz
[1.017s] -- Up-to-date: /home/doanh/atlas_c1/install/c1_description/share/c1_description//rviz/display.rviz
[1.017s] -- Up-to-date: /home/doanh/atlas_c1/install/c1_description/lib/c1_description/mecanum_joint_publisher.py
[1.017s] -- Up-to-date: /home/doanh/atlas_c1/install/c1_description/share/ament_index/resource_index/package_run_dependencies/c1_description
[1.017s] -- Up-to-date: /home/doanh/atlas_c1/install/c1_description/share/ament_index/resource_index/parent_prefix_path/c1_description
[1.017s] -- Up-to-date: /home/doanh/atlas_c1/install/c1_description/share/c1_description/environment/ament_prefix_path.sh
[1.017s] -- Up-to-date: /home/doanh/atlas_c1/install/c1_description/share/c1_description/environment/ament_prefix_path.dsv
[1.017s] -- Up-to-date: /home/doanh/atlas_c1/install/c1_description/share/c1_description/environment/path.sh
[1.017s] -- Up-to-date: /home/doanh/atlas_c1/install/c1_description/share/c1_description/environment/path.dsv
[1.017s] -- Up-to-date: /home/doanh/atlas_c1/install/c1_description/share/c1_description/local_setup.bash
[1.019s] -- Up-to-date: /home/doanh/atlas_c1/install/c1_description/share/c1_description/local_setup.sh
[1.019s] -- Up-to-date: /home/doanh/atlas_c1/install/c1_description/share/c1_description/local_setup.zsh
[1.019s] -- Up-to-date: /home/doanh/atlas_c1/install/c1_description/share/c1_description/local_setup.dsv
[1.019s] -- Installing: /home/doanh/atlas_c1/install/c1_description/share/c1_description/package.dsv
[1.019s] -- Up-to-date: /home/doanh/atlas_c1/install/c1_description/share/ament_index/resource_index/packages/c1_description
[1.019s] -- Up-to-date: /home/doanh/atlas_c1/install/c1_description/share/c1_description/cmake/c1_descriptionConfig.cmake
[1.019s] -- Up-to-date: /home/doanh/atlas_c1/install/c1_description/share/c1_description/cmake/c1_descriptionConfig-version.cmake
[1.019s] -- Up-to-date: /home/doanh/atlas_c1/install/c1_description/share/c1_description/package.xml
[1.061s] Invoked command in '/home/doanh/atlas_c1/build/c1_description' returned '0': CMAKE_PREFIX_PATH=${CMAKE_PREFIX_PATH}:/home/doanh/atlas_c1/install/atlas_web:/home/doanh/atlas_c1/install/atlas_app:/home/doanh/atlas_c1/install/atlas_app_robot:/home/doanh/atlas_c1/install/atlas_api:/opt/ros/humble /home/doanh/.local/bin/cmake --install /home/doanh/atlas_c1/build/c1_description
