[0.747s] Invoking command in '/home/doanh/atlas_c1/build/c1_bringup': CMAKE_PREFIX_PATH=${CMAKE_PREFIX_PATH}:/home/doanh/atlas_c1/install/atlas_web:/home/doanh/atlas_c1/install/atlas_app:/home/doanh/atlas_c1/install/atlas_app_robot:/home/doanh/atlas_c1/install/atlas_api:/opt/ros/humble /home/doanh/.local/bin/cmake --build /home/doanh/atlas_c1/build/c1_bringup -- -j12 -l12
[0.884s] Invoked command in '/home/doanh/atlas_c1/build/c1_bringup' returned '0': CMAKE_PREFIX_PATH=${CMAKE_PREFIX_PATH}:/home/doanh/atlas_c1/install/atlas_web:/home/doanh/atlas_c1/install/atlas_app:/home/doanh/atlas_c1/install/atlas_app_robot:/home/doanh/atlas_c1/install/atlas_api:/opt/ros/humble /home/doanh/.local/bin/cmake --build /home/doanh/atlas_c1/build/c1_bringup -- -j12 -l12
[0.885s] Invoking command in '/home/doanh/atlas_c1/build/c1_bringup': CMAKE_PREFIX_PATH=${CMAKE_PREFIX_PATH}:/home/doanh/atlas_c1/install/atlas_web:/home/doanh/atlas_c1/install/atlas_app:/home/doanh/atlas_c1/install/atlas_app_robot:/home/doanh/atlas_c1/install/atlas_api:/opt/ros/humble /home/doanh/.local/bin/cmake --install /home/doanh/atlas_c1/build/c1_bringup
[1.027s] -- Install configuration: ""
[1.027s] -- Up-to-date: /home/doanh/atlas_c1/install/c1_bringup/share/c1_bringup//launch
[1.027s] -- Installing: /home/doanh/atlas_c1/install/c1_bringup/share/c1_bringup//launch/driver.launch.py
[1.028s] -- Up-to-date: /home/doanh/atlas_c1/install/c1_bringup/share/c1_bringup//launch/joystick.launch.py
[1.028s] -- Up-to-date: /home/doanh/atlas_c1/install/c1_bringup/share/c1_bringup//launch/c1_bringup_pc.launch.py
[1.028s] -- Up-to-date: /home/doanh/atlas_c1/install/c1_bringup/share/c1_bringup//config
[1.028s] -- Up-to-date: /home/doanh/atlas_c1/install/c1_bringup/share/c1_bringup//config/joystick.yaml
[1.028s] -- Up-to-date: /home/doanh/atlas_c1/install/c1_bringup/share/c1_bringup//config/devices.yaml
[1.028s] -- Up-to-date: /home/doanh/atlas_c1/install/c1_bringup/share/ament_index/resource_index/package_run_dependencies/c1_bringup
[1.028s] -- Up-to-date: /home/doanh/atlas_c1/install/c1_bringup/share/ament_index/resource_index/parent_prefix_path/c1_bringup
[1.028s] -- Up-to-date: /home/doanh/atlas_c1/install/c1_bringup/share/c1_bringup/environment/ament_prefix_path.sh
[1.028s] -- Up-to-date: /home/doanh/atlas_c1/install/c1_bringup/share/c1_bringup/environment/ament_prefix_path.dsv
[1.028s] -- Up-to-date: /home/doanh/atlas_c1/install/c1_bringup/share/c1_bringup/environment/path.sh
[1.029s] -- Up-to-date: /home/doanh/atlas_c1/install/c1_bringup/share/c1_bringup/environment/path.dsv
[1.029s] -- Up-to-date: /home/doanh/atlas_c1/install/c1_bringup/share/c1_bringup/local_setup.bash
[1.029s] -- Up-to-date: /home/doanh/atlas_c1/install/c1_bringup/share/c1_bringup/local_setup.sh
[1.029s] -- Up-to-date: /home/doanh/atlas_c1/install/c1_bringup/share/c1_bringup/local_setup.zsh
[1.030s] -- Up-to-date: /home/doanh/atlas_c1/install/c1_bringup/share/c1_bringup/local_setup.dsv
[1.030s] -- Installing: /home/doanh/atlas_c1/install/c1_bringup/share/c1_bringup/package.dsv
[1.030s] -- Up-to-date: /home/doanh/atlas_c1/install/c1_bringup/share/ament_index/resource_index/packages/c1_bringup
[1.030s] -- Up-to-date: /home/doanh/atlas_c1/install/c1_bringup/share/c1_bringup/cmake/c1_bringupConfig.cmake
[1.030s] -- Up-to-date: /home/doanh/atlas_c1/install/c1_bringup/share/c1_bringup/cmake/c1_bringupConfig-version.cmake
[1.030s] -- Up-to-date: /home/doanh/atlas_c1/install/c1_bringup/share/c1_bringup/package.xml
[1.084s] Invoked command in '/home/doanh/atlas_c1/build/c1_bringup' returned '0': CMAKE_PREFIX_PATH=${CMAKE_PREFIX_PATH}:/home/doanh/atlas_c1/install/atlas_web:/home/doanh/atlas_c1/install/atlas_app:/home/doanh/atlas_c1/install/atlas_app_robot:/home/doanh/atlas_c1/install/atlas_api:/opt/ros/humble /home/doanh/.local/bin/cmake --install /home/doanh/atlas_c1/build/c1_bringup
