[0.630s] Invoking command in '/home/doanh/atlas_c1/build/c1_description': CMAKE_PREFIX_PATH=${CMAKE_PREFIX_PATH}:/home/doanh/atlas_c1/install/atlas_web:/home/doanh/atlas_c1/install/atlas_app:/home/doanh/atlas_c1/install/atlas_app_robot:/home/doanh/atlas_c1/install/atlas_api:/opt/ros/humble /home/doanh/.local/bin/cmake --build /home/doanh/atlas_c1/build/c1_description -- -j12 -l12
[0.699s] -- Found ament_cmake: 1.3.14 (/opt/ros/humble/share/ament_cmake/cmake)
[1.029s] -- Configuring done (0.3s)
[1.034s] -- Generating done (0.0s)
[1.036s] -- Build files have been written to: /home/doanh/atlas_c1/build/c1_description
[1.271s] Invoked command in '/home/doanh/atlas_c1/build/c1_description' returned '0': CMAKE_PREFIX_PATH=${CMAKE_PREFIX_PATH}:/home/doanh/atlas_c1/install/atlas_web:/home/doanh/atlas_c1/install/atlas_app:/home/doanh/atlas_c1/install/atlas_app_robot:/home/doanh/atlas_c1/install/atlas_api:/opt/ros/humble /home/doanh/.local/bin/cmake --build /home/doanh/atlas_c1/build/c1_description -- -j12 -l12
[1.273s] Invoking command in '/home/doanh/atlas_c1/build/c1_description': CMAKE_PREFIX_PATH=${CMAKE_PREFIX_PATH}:/home/doanh/atlas_c1/install/atlas_web:/home/doanh/atlas_c1/install/atlas_app:/home/doanh/atlas_c1/install/atlas_app_robot:/home/doanh/atlas_c1/install/atlas_api:/opt/ros/humble /home/doanh/.local/bin/cmake --install /home/doanh/atlas_c1/build/c1_description
[1.349s] -- Install configuration: ""
[1.349s] -- Up-to-date: /home/doanh/atlas_c1/install/c1_description/share/c1_description//urdf
[1.350s] -- Up-to-date: /home/doanh/atlas_c1/install/c1_description/share/c1_description//urdf/c1_robot.urdf
[1.350s] -- Up-to-date: /home/doanh/atlas_c1/install/c1_description/share/c1_description//launch
[1.350s] -- Up-to-date: /home/doanh/atlas_c1/install/c1_description/share/c1_description//launch/display.launch.py
[1.350s] -- Up-to-date: /home/doanh/atlas_c1/install/c1_description/share/c1_description//rviz
[1.350s] -- Up-to-date: /home/doanh/atlas_c1/install/c1_description/share/c1_description//rviz/display.rviz
[1.350s] -- Up-to-date: /home/doanh/atlas_c1/install/c1_description/lib/c1_description/mecanum_joint_publisher.py
[1.350s] -- Up-to-date: /home/doanh/atlas_c1/install/c1_description/share/ament_index/resource_index/package_run_dependencies/c1_description
[1.350s] -- Installing: /home/doanh/atlas_c1/install/c1_description/share/ament_index/resource_index/parent_prefix_path/c1_description
[1.350s] -- Up-to-date: /home/doanh/atlas_c1/install/c1_description/share/c1_description/environment/ament_prefix_path.sh
[1.350s] -- Installing: /home/doanh/atlas_c1/install/c1_description/share/c1_description/environment/ament_prefix_path.dsv
[1.350s] -- Up-to-date: /home/doanh/atlas_c1/install/c1_description/share/c1_description/environment/path.sh
[1.350s] -- Installing: /home/doanh/atlas_c1/install/c1_description/share/c1_description/environment/path.dsv
[1.351s] -- Up-to-date: /home/doanh/atlas_c1/install/c1_description/share/c1_description/local_setup.bash
[1.351s] -- Up-to-date: /home/doanh/atlas_c1/install/c1_description/share/c1_description/local_setup.sh
[1.351s] -- Up-to-date: /home/doanh/atlas_c1/install/c1_description/share/c1_description/local_setup.zsh
[1.351s] -- Installing: /home/doanh/atlas_c1/install/c1_description/share/c1_description/local_setup.dsv
[1.351s] -- Installing: /home/doanh/atlas_c1/install/c1_description/share/c1_description/package.dsv
[1.351s] -- Up-to-date: /home/doanh/atlas_c1/install/c1_description/share/ament_index/resource_index/packages/c1_description
[1.351s] -- Up-to-date: /home/doanh/atlas_c1/install/c1_description/share/c1_description/cmake/c1_descriptionConfig.cmake
[1.351s] -- Up-to-date: /home/doanh/atlas_c1/install/c1_description/share/c1_description/cmake/c1_descriptionConfig-version.cmake
[1.351s] -- Up-to-date: /home/doanh/atlas_c1/install/c1_description/share/c1_description/package.xml
[1.353s] Invoked command in '/home/doanh/atlas_c1/build/c1_description' returned '0': CMAKE_PREFIX_PATH=${CMAKE_PREFIX_PATH}:/home/doanh/atlas_c1/install/atlas_web:/home/doanh/atlas_c1/install/atlas_app:/home/doanh/atlas_c1/install/atlas_app_robot:/home/doanh/atlas_c1/install/atlas_api:/opt/ros/humble /home/doanh/.local/bin/cmake --install /home/doanh/atlas_c1/build/c1_description
