[0.037s] Invoking command in '/home/doanh/atlas_c1/build/atlas_slam': CMAKE_PREFIX_PATH=${CMAKE_PREFIX_PATH}:/home/doanh/atlas_c1/install/atlas_web:/home/doanh/atlas_c1/install/atlas_app:/home/doanh/atlas_c1/install/atlas_app_robot:/home/doanh/atlas_c1/install/atlas_api:/opt/ros/humble /home/doanh/.local/bin/cmake --build /home/doanh/atlas_c1/build/atlas_slam -- -j12 -l12
[0.650s] Invoked command in '/home/doanh/atlas_c1/build/atlas_slam' returned '0': CMAKE_PREFIX_PATH=${CMAKE_PREFIX_PATH}:/home/doanh/atlas_c1/install/atlas_web:/home/doanh/atlas_c1/install/atlas_app:/home/doanh/atlas_c1/install/atlas_app_robot:/home/doanh/atlas_c1/install/atlas_api:/opt/ros/humble /home/doanh/.local/bin/cmake --build /home/doanh/atlas_c1/build/atlas_slam -- -j12 -l12
[0.739s] Invoking command in '/home/doanh/atlas_c1/build/atlas_slam': CMAKE_PREFIX_PATH=${CMAKE_PREFIX_PATH}:/home/doanh/atlas_c1/install/atlas_web:/home/doanh/atlas_c1/install/atlas_app:/home/doanh/atlas_c1/install/atlas_app_robot:/home/doanh/atlas_c1/install/atlas_api:/opt/ros/humble /home/doanh/.local/bin/cmake --install /home/doanh/atlas_c1/build/atlas_slam
[0.848s] -- Install configuration: ""
[0.848s] -- Up-to-date: /home/doanh/atlas_c1/install/atlas_slam/share/atlas_slam//launch
[0.849s] -- Up-to-date: /home/doanh/atlas_c1/install/atlas_slam/share/atlas_slam//launch/atlas_map_server_real.launch.py
[0.849s] -- Up-to-date: /home/doanh/atlas_c1/install/atlas_slam/share/atlas_slam//launch/atlas_navigation_sim.launch.py
[0.849s] -- Up-to-date: /home/doanh/atlas_c1/install/atlas_slam/share/atlas_slam//launch/atlas_slam_toolbox_real.launch.py
[0.849s] -- Up-to-date: /home/doanh/atlas_c1/install/atlas_slam/share/atlas_slam//launch/atlas_navigation_real.launch.py
[0.849s] -- Up-to-date: /home/doanh/atlas_c1/install/atlas_slam/share/atlas_slam//launch/atlas_map_server_sim.launch.py
[0.849s] -- Up-to-date: /home/doanh/atlas_c1/install/atlas_slam/share/atlas_slam//launch/atlas_slam_toolbox_sim.launch.py
[0.849s] -- Up-to-date: /home/doanh/atlas_c1/install/atlas_slam/share/atlas_slam//launch/atlas_cartographer_sim.launch.py
[0.849s] -- Up-to-date: /home/doanh/atlas_c1/install/atlas_slam/share/atlas_slam//launch/atlas_cartographer_real.launch.py
[0.849s] -- Up-to-date: /home/doanh/atlas_c1/install/atlas_slam/share/atlas_slam//rviz
[0.849s] -- Up-to-date: /home/doanh/atlas_c1/install/atlas_slam/share/atlas_slam//rviz/slam_toolbox_default.rviz
[0.849s] -- Up-to-date: /home/doanh/atlas_c1/install/atlas_slam/share/atlas_slam//rviz/nav2_default_view.rviz
[0.849s] -- Up-to-date: /home/doanh/atlas_c1/install/atlas_slam/share/atlas_slam//rviz/cartographer_mapping.rviz
[0.849s] -- Up-to-date: /home/doanh/atlas_c1/install/atlas_slam/share/atlas_slam//config
[0.850s] -- Up-to-date: /home/doanh/atlas_c1/install/atlas_slam/share/atlas_slam//config/atlas_slam_toolbox.yaml
[0.850s] -- Up-to-date: /home/doanh/atlas_c1/install/atlas_slam/share/atlas_slam//config/atlas_localization.yaml
[0.850s] -- Up-to-date: /home/doanh/atlas_c1/install/atlas_slam/share/atlas_slam//config/lds_2d.lua
[0.850s] -- Up-to-date: /home/doanh/atlas_c1/install/atlas_slam/share/atlas_slam//config/atlas_nav2_dwb.yaml
[0.854s] -- Up-to-date: /home/doanh/atlas_c1/install/atlas_slam/share/atlas_slam//config/atlas_collision_monitor.yaml
[0.854s] -- Up-to-date: /home/doanh/atlas_c1/install/atlas_slam/share/atlas_slam//config/atlas_nav2_mppi.yaml
[0.854s] -- Up-to-date: /home/doanh/atlas_c1/install/atlas_slam/lib/atlas_slam/route_manager.py
[0.854s] -- Up-to-date: /home/doanh/atlas_c1/install/atlas_slam/lib/atlas_slam/route_tool.py
[0.854s] -- Up-to-date: /home/doanh/atlas_c1/install/atlas_slam/share/ament_index/resource_index/package_run_dependencies/atlas_slam
[0.854s] -- Up-to-date: /home/doanh/atlas_c1/install/atlas_slam/share/ament_index/resource_index/parent_prefix_path/atlas_slam
[0.855s] -- Up-to-date: /home/doanh/atlas_c1/install/atlas_slam/share/atlas_slam/environment/ament_prefix_path.sh
[0.855s] -- Up-to-date: /home/doanh/atlas_c1/install/atlas_slam/share/atlas_slam/environment/ament_prefix_path.dsv
[0.855s] -- Up-to-date: /home/doanh/atlas_c1/install/atlas_slam/share/atlas_slam/environment/path.sh
[0.855s] -- Up-to-date: /home/doanh/atlas_c1/install/atlas_slam/share/atlas_slam/environment/path.dsv
[0.855s] -- Up-to-date: /home/doanh/atlas_c1/install/atlas_slam/share/atlas_slam/local_setup.bash
[0.855s] -- Up-to-date: /home/doanh/atlas_c1/install/atlas_slam/share/atlas_slam/local_setup.sh
[0.855s] -- Up-to-date: /home/doanh/atlas_c1/install/atlas_slam/share/atlas_slam/local_setup.zsh
[0.855s] -- Up-to-date: /home/doanh/atlas_c1/install/atlas_slam/share/atlas_slam/local_setup.dsv
[0.855s] -- Installing: /home/doanh/atlas_c1/install/atlas_slam/share/atlas_slam/package.dsv
[0.855s] -- Up-to-date: /home/doanh/atlas_c1/install/atlas_slam/share/ament_index/resource_index/packages/atlas_slam
[0.855s] -- Up-to-date: /home/doanh/atlas_c1/install/atlas_slam/share/atlas_slam/cmake/atlas_slamConfig.cmake
[0.855s] -- Up-to-date: /home/doanh/atlas_c1/install/atlas_slam/share/atlas_slam/cmake/atlas_slamConfig-version.cmake
[0.856s] -- Up-to-date: /home/doanh/atlas_c1/install/atlas_slam/share/atlas_slam/package.xml
[0.856s] Invoked command in '/home/doanh/atlas_c1/build/atlas_slam' returned '0': CMAKE_PREFIX_PATH=${CMAKE_PREFIX_PATH}:/home/doanh/atlas_c1/install/atlas_web:/home/doanh/atlas_c1/install/atlas_app:/home/doanh/atlas_c1/install/atlas_app_robot:/home/doanh/atlas_c1/install/atlas_api:/opt/ros/humble /home/doanh/.local/bin/cmake --install /home/doanh/atlas_c1/build/atlas_slam
