[0.015s] Invoking command in '/home/doanh/atlas_c1/build/c1_description': CMAKE_PREFIX_PATH=${CMAKE_PREFIX_PATH}:/opt/ros/humble /home/doanh/.local/bin/cmake /home/doanh/atlas_c1/src/c1_description -DCMAKE_INSTALL_PREFIX=/home/doanh/atlas_c1/install/c1_description
[0.108s] -- The C compiler identification is GNU 12.3.0
[0.162s] -- The CXX compiler identification is GNU 11.4.0
[0.171s] -- Detecting C compiler ABI info
[0.217s] -- Detecting C compiler ABI info - done
[0.229s] -- Check for working C compiler: /usr/bin/cc - skipped
[0.229s] -- Detecting C compile features
[0.229s] -- Detecting C compile features - done
[0.238s] -- Detecting CXX compiler ABI info
[0.289s] -- Detecting CXX compiler ABI info - done
[0.305s] -- Check for working CXX compiler: /usr/bin/c++ - skipped
[0.306s] -- Detecting CXX compile features
[0.306s] -- Detecting CXX compile features - done
[0.314s] -- Found ament_cmake: 1.3.14 (/opt/ros/humble/share/ament_cmake/cmake)
[0.437s] -- Found Python3: /usr/bin/python3 (found version "3.10.12") found components: Interpreter
[0.612s] -- Configuring done (0.5s)
[0.615s] -- Generating done (0.0s)
[0.616s] -- Build files have been written to: /home/doanh/atlas_c1/build/c1_description
[0.621s] Invoked command in '/home/doanh/atlas_c1/build/c1_description' returned '0': CMAKE_PREFIX_PATH=${CMAKE_PREFIX_PATH}:/opt/ros/humble /home/doanh/.local/bin/cmake /home/doanh/atlas_c1/src/c1_description -DCMAKE_INSTALL_PREFIX=/home/doanh/atlas_c1/install/c1_description
[0.622s] Invoking command in '/home/doanh/atlas_c1/build/c1_description': CMAKE_PREFIX_PATH=${CMAKE_PREFIX_PATH}:/opt/ros/humble /home/doanh/.local/bin/cmake --build /home/doanh/atlas_c1/build/c1_description -- -j12 -l12
[0.755s] Invoked command in '/home/doanh/atlas_c1/build/c1_description' returned '0': CMAKE_PREFIX_PATH=${CMAKE_PREFIX_PATH}:/opt/ros/humble /home/doanh/.local/bin/cmake --build /home/doanh/atlas_c1/build/c1_description -- -j12 -l12
[0.756s] Invoking command in '/home/doanh/atlas_c1/build/c1_description': CMAKE_PREFIX_PATH=${CMAKE_PREFIX_PATH}:/opt/ros/humble /home/doanh/.local/bin/cmake --install /home/doanh/atlas_c1/build/c1_description
[0.820s] -- Install configuration: ""
[0.820s] -- Installing: /home/doanh/atlas_c1/install/c1_description/share/c1_description//urdf
[0.820s] -- Installing: /home/doanh/atlas_c1/install/c1_description/share/c1_description//urdf/c1_robot.urdf
[0.820s] -- Installing: /home/doanh/atlas_c1/install/c1_description/share/c1_description//launch
[0.820s] -- Installing: /home/doanh/atlas_c1/install/c1_description/share/c1_description//launch/display.launch.py
[0.820s] -- Installing: /home/doanh/atlas_c1/install/c1_description/share/c1_description//rviz
[0.820s] -- Installing: /home/doanh/atlas_c1/install/c1_description/share/c1_description//rviz/display.rviz
[0.820s] -- Installing: /home/doanh/atlas_c1/install/c1_description/share/ament_index/resource_index/package_run_dependencies/c1_description
[0.820s] -- Installing: /home/doanh/atlas_c1/install/c1_description/share/ament_index/resource_index/parent_prefix_path/c1_description
[0.821s] -- Installing: /home/doanh/atlas_c1/install/c1_description/share/c1_description/environment/ament_prefix_path.sh
[0.821s] -- Installing: /home/doanh/atlas_c1/install/c1_description/share/c1_description/environment/ament_prefix_path.dsv
[0.821s] -- Installing: /home/doanh/atlas_c1/install/c1_description/share/c1_description/environment/path.sh
[0.821s] -- Installing: /home/doanh/atlas_c1/install/c1_description/share/c1_description/environment/path.dsv
[0.821s] -- Installing: /home/doanh/atlas_c1/install/c1_description/share/c1_description/local_setup.bash
[0.821s] -- Installing: /home/doanh/atlas_c1/install/c1_description/share/c1_description/local_setup.sh
[0.821s] -- Installing: /home/doanh/atlas_c1/install/c1_description/share/c1_description/local_setup.zsh
[0.821s] -- Installing: /home/doanh/atlas_c1/install/c1_description/share/c1_description/local_setup.dsv
[0.821s] -- Installing: /home/doanh/atlas_c1/install/c1_description/share/c1_description/package.dsv
[0.821s] -- Installing: /home/doanh/atlas_c1/install/c1_description/share/ament_index/resource_index/packages/c1_description
[0.821s] -- Installing: /home/doanh/atlas_c1/install/c1_description/share/c1_description/cmake/c1_descriptionConfig.cmake
[0.821s] -- Installing: /home/doanh/atlas_c1/install/c1_description/share/c1_description/cmake/c1_descriptionConfig-version.cmake
[0.821s] -- Installing: /home/doanh/atlas_c1/install/c1_description/share/c1_description/package.xml
[0.835s] Invoked command in '/home/doanh/atlas_c1/build/c1_description' returned '0': CMAKE_PREFIX_PATH=${CMAKE_PREFIX_PATH}:/opt/ros/humble /home/doanh/.local/bin/cmake --install /home/doanh/atlas_c1/build/c1_description
