[0.009s] Invoking command in '/home/doanh/atlas_c1/build/c1_description': CMAKE_PREFIX_PATH=/opt/ros/humble /home/doanh/.local/bin/cmake --build /home/doanh/atlas_c1/build/c1_description -- -j12 -l12
[0.091s] -- Found ament_cmake: 1.3.14 (/opt/ros/humble/share/ament_cmake/cmake)
[0.286s] -- Configuring done (0.2s)
[0.289s] -- Generating done (0.0s)
[0.291s] -- Build files have been written to: /home/doanh/atlas_c1/build/c1_description
[0.298s] Invoked command in '/home/doanh/atlas_c1/build/c1_description' returned '0': CMAKE_PREFIX_PATH=/opt/ros/humble /home/doanh/.local/bin/cmake --build /home/doanh/atlas_c1/build/c1_description -- -j12 -l12
[0.357s] Invoking command in '/home/doanh/atlas_c1/build/c1_description': CMAKE_PREFIX_PATH=/opt/ros/humble /home/doanh/.local/bin/cmake --install /home/doanh/atlas_c1/build/c1_description
[0.409s] -- Install configuration: ""
[0.409s] -- Up-to-date: /home/doanh/atlas_c1/install/c1_description/share/c1_description//urdf
[0.409s] -- Up-to-date: /home/doanh/atlas_c1/install/c1_description/share/c1_description//urdf/c1_robot.urdf
[0.409s] -- Up-to-date: /home/doanh/atlas_c1/install/c1_description/share/c1_description//launch
[0.410s] -- Installing: /home/doanh/atlas_c1/install/c1_description/share/c1_description//launch/display.launch.py
[0.417s] -- Up-to-date: /home/doanh/atlas_c1/install/c1_description/share/c1_description//rviz
[0.417s] -- Up-to-date: /home/doanh/atlas_c1/install/c1_description/share/c1_description//rviz/display.rviz
[0.418s] -- Installing: /home/doanh/atlas_c1/install/c1_description/lib/c1_description/mecanum_joint_publisher.py
[0.418s] -- Installing: /home/doanh/atlas_c1/install/c1_description/share/ament_index/resource_index/package_run_dependencies/c1_description
[0.418s] -- Installing: /home/doanh/atlas_c1/install/c1_description/share/ament_index/resource_index/parent_prefix_path/c1_description
[0.418s] -- Up-to-date: /home/doanh/atlas_c1/install/c1_description/share/c1_description/environment/ament_prefix_path.sh
[0.418s] -- Installing: /home/doanh/atlas_c1/install/c1_description/share/c1_description/environment/ament_prefix_path.dsv
[0.418s] -- Up-to-date: /home/doanh/atlas_c1/install/c1_description/share/c1_description/environment/path.sh
[0.418s] -- Installing: /home/doanh/atlas_c1/install/c1_description/share/c1_description/environment/path.dsv
[0.418s] -- Up-to-date: /home/doanh/atlas_c1/install/c1_description/share/c1_description/local_setup.bash
[0.418s] -- Up-to-date: /home/doanh/atlas_c1/install/c1_description/share/c1_description/local_setup.sh
[0.418s] -- Up-to-date: /home/doanh/atlas_c1/install/c1_description/share/c1_description/local_setup.zsh
[0.418s] -- Installing: /home/doanh/atlas_c1/install/c1_description/share/c1_description/local_setup.dsv
[0.418s] -- Installing: /home/doanh/atlas_c1/install/c1_description/share/c1_description/package.dsv
[0.418s] -- Up-to-date: /home/doanh/atlas_c1/install/c1_description/share/ament_index/resource_index/packages/c1_description
[0.418s] -- Up-to-date: /home/doanh/atlas_c1/install/c1_description/share/c1_description/cmake/c1_descriptionConfig.cmake
[0.418s] -- Up-to-date: /home/doanh/atlas_c1/install/c1_description/share/c1_description/cmake/c1_descriptionConfig-version.cmake
[0.418s] -- Installing: /home/doanh/atlas_c1/install/c1_description/share/c1_description/package.xml
[0.419s] Invoked command in '/home/doanh/atlas_c1/build/c1_description' returned '0': CMAKE_PREFIX_PATH=/opt/ros/humble /home/doanh/.local/bin/cmake --install /home/doanh/atlas_c1/build/c1_description
