/home/doanh/atlas_c1/install/atlas_web/lib/python3.10/site-packages/atlas_web/__init__.py
/home/doanh/atlas_c1/install/atlas_web/lib/python3.10/site-packages/atlas_web/server.py
/home/doanh/atlas_c1/install/atlas_web/lib/python3.10/site-packages/atlas_web/static/index.html
/home/doanh/atlas_c1/install/atlas_web/lib/python3.10/site-packages/atlas_web/static/css/style.css
/home/doanh/atlas_c1/install/atlas_web/lib/python3.10/site-packages/atlas_web/static/js/api.js
/home/doanh/atlas_c1/install/atlas_web/lib/python3.10/site-packages/atlas_web/static/js/map.js
/home/doanh/atlas_c1/install/atlas_web/lib/python3.10/site-packages/atlas_web/static/js/panels.js
/home/doanh/atlas_c1/install/atlas_web/lib/python3.10/site-packages/atlas_web/static/js/main.js
/home/doanh/atlas_c1/install/atlas_web/lib/python3.10/site-packages/atlas_web/static/js/joystick.js
/home/doanh/atlas_c1/install/atlas_web/lib/python3.10/site-packages/atlas_web/__pycache__/__init__.cpython-310.pyc
/home/doanh/atlas_c1/install/atlas_web/lib/python3.10/site-packages/atlas_web/__pycache__/server.cpython-310.pyc
/home/doanh/atlas_c1/install/atlas_web/share/ament_index/resource_index/packages/atlas_web
/home/doanh/atlas_c1/install/atlas_web/share/atlas_web/package.xml
/home/doanh/atlas_c1/install/atlas_web/share/atlas_web/launch/atlas_web.launch.py
/home/doanh/atlas_c1/install/atlas_web/lib/python3.10/site-packages/atlas_web-1.0.0-py3.10.egg-info/top_level.txt
/home/doanh/atlas_c1/install/atlas_web/lib/python3.10/site-packages/atlas_web-1.0.0-py3.10.egg-info/zip-safe
/home/doanh/atlas_c1/install/atlas_web/lib/python3.10/site-packages/atlas_web-1.0.0-py3.10.egg-info/entry_points.txt
/home/doanh/atlas_c1/install/atlas_web/lib/python3.10/site-packages/atlas_web-1.0.0-py3.10.egg-info/requires.txt
/home/doanh/atlas_c1/install/atlas_web/lib/python3.10/site-packages/atlas_web-1.0.0-py3.10.egg-info/PKG-INFO
/home/doanh/atlas_c1/install/atlas_web/lib/python3.10/site-packages/atlas_web-1.0.0-py3.10.egg-info/dependency_links.txt
/home/doanh/atlas_c1/install/atlas_web/lib/python3.10/site-packages/atlas_web-1.0.0-py3.10.egg-info/SOURCES.txt
/home/doanh/atlas_c1/install/atlas_web/lib/atlas_web/atlas_web_node
