-- Install configuration: ""
-- Up-to-date: /home/doanh/atlas_c1/install/c1_bringup/share/c1_bringup//launch
-- Installing: /home/doanh/atlas_c1/install/c1_bringup/share/c1_bringup//launch/driver.launch.py
-- Up-to-date: /home/doanh/atlas_c1/install/c1_bringup/share/c1_bringup//launch/joystick.launch.py
-- Up-to-date: /home/doanh/atlas_c1/install/c1_bringup/share/c1_bringup//launch/c1_bringup_pc.launch.py
-- Up-to-date: /home/doanh/atlas_c1/install/c1_bringup/share/c1_bringup//config
-- Up-to-date: /home/doanh/atlas_c1/install/c1_bringup/share/c1_bringup//config/joystick.yaml
-- Up-to-date: /home/doanh/atlas_c1/install/c1_bringup/share/c1_bringup//config/devices.yaml
-- Up-to-date: /home/doanh/atlas_c1/install/c1_bringup/share/ament_index/resource_index/package_run_dependencies/c1_bringup
-- Up-to-date: /home/doanh/atlas_c1/install/c1_bringup/share/ament_index/resource_index/parent_prefix_path/c1_bringup
-- Up-to-date: /home/doanh/atlas_c1/install/c1_bringup/share/c1_bringup/environment/ament_prefix_path.sh
-- Up-to-date: /home/doanh/atlas_c1/install/c1_bringup/share/c1_bringup/environment/ament_prefix_path.dsv
-- Up-to-date: /home/doanh/atlas_c1/install/c1_bringup/share/c1_bringup/environment/path.sh
-- Up-to-date: /home/doanh/atlas_c1/install/c1_bringup/share/c1_bringup/environment/path.dsv
-- Up-to-date: /home/doanh/atlas_c1/install/c1_bringup/share/c1_bringup/local_setup.bash
-- Up-to-date: /home/doanh/atlas_c1/install/c1_bringup/share/c1_bringup/local_setup.sh
-- Up-to-date: /home/doanh/atlas_c1/install/c1_bringup/share/c1_bringup/local_setup.zsh
-- Up-to-date: /home/doanh/atlas_c1/install/c1_bringup/share/c1_bringup/local_setup.dsv
-- Installing: /home/doanh/atlas_c1/install/c1_bringup/share/c1_bringup/package.dsv
-- Up-to-date: /home/doanh/atlas_c1/install/c1_bringup/share/ament_index/resource_index/packages/c1_bringup
-- Up-to-date: /home/doanh/atlas_c1/install/c1_bringup/share/c1_bringup/cmake/c1_bringupConfig.cmake
-- Up-to-date: /home/doanh/atlas_c1/install/c1_bringup/share/c1_bringup/cmake/c1_bringupConfig-version.cmake
-- Up-to-date: /home/doanh/atlas_c1/install/c1_bringup/share/c1_bringup/package.xml
