[0.642s] Invoking command in '/home/doanh/atlas_c1/build/c1_driver': CMAKE_PREFIX_PATH=${CMAKE_PREFIX_PATH}:/home/doanh/atlas_c1/install/atlas_web:/home/doanh/atlas_c1/install/atlas_app:/home/doanh/atlas_c1/install/atlas_app_robot:/home/doanh/atlas_c1/install/atlas_api:/opt/ros/humble /home/doanh/.local/bin/cmake --build /home/doanh/atlas_c1/build/c1_driver -- -j12 -l12
[0.720s] [  2%] [0mBuilt target c1_driver__cpp[0m
[0.720s] [  5%] [0mBuilt target c1_driver__rs[0m
[0.720s] [ 15%] [0mBuilt target c1_driver__rosidl_generator_c[0m
[0.724s] [ 15%] [0mBuilt target ament_cmake_python_copy_c1_driver[0m
[0.729s] [ 25%] [0mBuilt target c1_driver__rosidl_typesupport_introspection_cpp[0m
[0.729s] [ 35%] [0mBuilt target c1_driver__rosidl_typesupport_cpp[0m
[0.729s] [ 45%] [0mBuilt target c1_driver__rosidl_typesupport_introspection_c[0m
[0.730s] [ 55%] [0mBuilt target c1_driver__rosidl_typesupport_c[0m
[0.730s] [ 65%] [0mBuilt target c1_driver__rosidl_typesupport_fastrtps_cpp[0m
[0.730s] [ 75%] [0mBuilt target c1_driver__rosidl_typesupport_fastrtps_c[0m
[0.737s] [ 75%] [0mBuilt target c1_driver[0m
[0.743s] [ 77%] [0mBuilt target c1_driver__py[0m
[0.751s] [ 85%] [0mBuilt target c1_driver__rosidl_generator_py[0m
[0.767s] [ 90%] [0mBuilt target c1_driver__rosidl_typesupport_c__pyext[0m
[0.768s] [ 95%] [0mBuilt target c1_driver__rosidl_typesupport_fastrtps_c__pyext[0m
[0.768s] [100%] [0mBuilt target c1_driver__rosidl_typesupport_introspection_c__pyext[0m
[0.989s] running egg_info
[0.990s] writing c1_driver.egg-info/PKG-INFO
[0.990s] writing dependency_links to c1_driver.egg-info/dependency_links.txt
[0.991s] writing top-level names to c1_driver.egg-info/top_level.txt
[0.994s] reading manifest file 'c1_driver.egg-info/SOURCES.txt'
[0.994s] writing manifest file 'c1_driver.egg-info/SOURCES.txt'
[1.022s] [100%] [0mBuilt target ament_cmake_python_build_c1_driver_egg[0m
[1.223s] Invoked command in '/home/doanh/atlas_c1/build/c1_driver' returned '0': CMAKE_PREFIX_PATH=${CMAKE_PREFIX_PATH}:/home/doanh/atlas_c1/install/atlas_web:/home/doanh/atlas_c1/install/atlas_app:/home/doanh/atlas_c1/install/atlas_app_robot:/home/doanh/atlas_c1/install/atlas_api:/opt/ros/humble /home/doanh/.local/bin/cmake --build /home/doanh/atlas_c1/build/c1_driver -- -j12 -l12
[1.224s] Invoking command in '/home/doanh/atlas_c1/build/c1_driver': CMAKE_PREFIX_PATH=${CMAKE_PREFIX_PATH}:/home/doanh/atlas_c1/install/atlas_web:/home/doanh/atlas_c1/install/atlas_app:/home/doanh/atlas_c1/install/atlas_app_robot:/home/doanh/atlas_c1/install/atlas_api:/opt/ros/humble /home/doanh/.local/bin/cmake --install /home/doanh/atlas_c1/build/c1_driver
[1.309s] -- Install configuration: ""
[1.309s] -- Up-to-date: /home/doanh/atlas_c1/install/c1_driver/share/ament_index/resource_index/rosidl_interfaces/c1_driver
[1.309s] -- Up-to-date: /home/doanh/atlas_c1/install/c1_driver/include/c1_driver/c1_driver
[1.309s] -- Up-to-date: /home/doanh/atlas_c1/install/c1_driver/include/c1_driver/c1_driver/msg
[1.309s] -- Up-to-date: /home/doanh/atlas_c1/install/c1_driver/include/c1_driver/c1_driver/msg/velquery.h
[1.309s] -- Up-to-date: /home/doanh/atlas_c1/install/c1_driver/include/c1_driver/c1_driver/msg/rosidl_generator_c__visibility_control.h
[1.309s] -- Up-to-date: /home/doanh/atlas_c1/install/c1_driver/include/c1_driver/c1_driver/msg/velinfo.h
[1.309s] -- Up-to-date: /home/doanh/atlas_c1/install/c1_driver/include/c1_driver/c1_driver/msg/detail
[1.310s] -- Up-to-date: /home/doanh/atlas_c1/install/c1_driver/include/c1_driver/c1_driver/msg/detail/velinfo__functions.h
[1.310s] -- Up-to-date: /home/doanh/atlas_c1/install/c1_driver/include/c1_driver/c1_driver/msg/detail/velquery__struct.h
[1.310s] -- Up-to-date: /home/doanh/atlas_c1/install/c1_driver/include/c1_driver/c1_driver/msg/detail/velinfo__functions.c
[1.310s] -- Up-to-date: /home/doanh/atlas_c1/install/c1_driver/include/c1_driver/c1_driver/msg/detail/velinfo__struct.h
[1.310s] -- Up-to-date: /home/doanh/atlas_c1/install/c1_driver/include/c1_driver/c1_driver/msg/detail/velinfo__type_support.h
[1.310s] -- Up-to-date: /home/doanh/atlas_c1/install/c1_driver/include/c1_driver/c1_driver/msg/detail/velquery__type_support.h
[1.310s] -- Up-to-date: /home/doanh/atlas_c1/install/c1_driver/include/c1_driver/c1_driver/msg/detail/velquery__functions.c
[1.311s] -- Up-to-date: /home/doanh/atlas_c1/install/c1_driver/include/c1_driver/c1_driver/msg/detail/velquery__functions.h
[1.311s] -- Up-to-date: /home/doanh/atlas_c1/install/c1_driver/share/c1_driver/environment/library_path.sh
[1.311s] -- Up-to-date: /home/doanh/atlas_c1/install/c1_driver/share/c1_driver/environment/library_path.dsv
[1.311s] -- Up-to-date: /home/doanh/atlas_c1/install/c1_driver/lib/libc1_driver__rosidl_generator_c.so
[1.311s] -- Up-to-date: /home/doanh/atlas_c1/install/c1_driver/include/c1_driver/c1_driver
[1.311s] -- Up-to-date: /home/doanh/atlas_c1/install/c1_driver/include/c1_driver/c1_driver/msg
[1.311s] -- Up-to-date: /home/doanh/atlas_c1/install/c1_driver/include/c1_driver/c1_driver/msg/detail
[1.311s] -- Up-to-date: /home/doanh/atlas_c1/install/c1_driver/include/c1_driver/c1_driver/msg/detail/velquery__rosidl_typesupport_fastrtps_c.h
[1.311s] -- Up-to-date: /home/doanh/atlas_c1/install/c1_driver/include/c1_driver/c1_driver/msg/detail/velinfo__rosidl_typesupport_fastrtps_c.h
[1.311s] -- Up-to-date: /home/doanh/atlas_c1/install/c1_driver/include/c1_driver/c1_driver/msg/rosidl_typesupport_fastrtps_c__visibility_control.h
[1.312s] -- Up-to-date: /home/doanh/atlas_c1/install/c1_driver/lib/libc1_driver__rosidl_typesupport_fastrtps_c.so
[1.312s] -- Up-to-date: /home/doanh/atlas_c1/install/c1_driver/include/c1_driver/c1_driver
[1.312s] -- Up-to-date: /home/doanh/atlas_c1/install/c1_driver/include/c1_driver/c1_driver/msg
[1.312s] -- Up-to-date: /home/doanh/atlas_c1/install/c1_driver/include/c1_driver/c1_driver/msg/detail
[1.312s] -- Up-to-date: /home/doanh/atlas_c1/install/c1_driver/include/c1_driver/c1_driver/msg/detail/velinfo__rosidl_typesupport_introspection_c.h
[1.312s] -- Up-to-date: /home/doanh/atlas_c1/install/c1_driver/include/c1_driver/c1_driver/msg/detail/velquery__type_support.c
[1.312s] -- Up-to-date: /home/doanh/atlas_c1/install/c1_driver/include/c1_driver/c1_driver/msg/detail/velinfo__type_support.c
[1.312s] -- Up-to-date: /home/doanh/atlas_c1/install/c1_driver/include/c1_driver/c1_driver/msg/detail/velquery__rosidl_typesupport_introspection_c.h
[1.312s] -- Up-to-date: /home/doanh/atlas_c1/install/c1_driver/include/c1_driver/c1_driver/msg/rosidl_typesupport_introspection_c__visibility_control.h
[1.312s] -- Up-to-date: /home/doanh/atlas_c1/install/c1_driver/lib/libc1_driver__rosidl_typesupport_introspection_c.so
[1.312s] -- Up-to-date: /home/doanh/atlas_c1/install/c1_driver/lib/libc1_driver__rosidl_typesupport_c.so
[1.313s] -- Up-to-date: /home/doanh/atlas_c1/install/c1_driver/include/c1_driver/c1_driver
[1.313s] -- Up-to-date: /home/doanh/atlas_c1/install/c1_driver/include/c1_driver/c1_driver/msg
[1.313s] -- Up-to-date: /home/doanh/atlas_c1/install/c1_driver/include/c1_driver/c1_driver/msg/velquery.hpp
[1.313s] -- Up-to-date: /home/doanh/atlas_c1/install/c1_driver/include/c1_driver/c1_driver/msg/detail
[1.313s] -- Up-to-date: /home/doanh/atlas_c1/install/c1_driver/include/c1_driver/c1_driver/msg/detail/velinfo__traits.hpp
[1.313s] -- Up-to-date: /home/doanh/atlas_c1/install/c1_driver/include/c1_driver/c1_driver/msg/detail/velquery__struct.hpp
[1.313s] -- Up-to-date: /home/doanh/atlas_c1/install/c1_driver/include/c1_driver/c1_driver/msg/detail/velinfo__builder.hpp
[1.313s] -- Up-to-date: /home/doanh/atlas_c1/install/c1_driver/include/c1_driver/c1_driver/msg/detail/velinfo__type_support.hpp
[1.313s] -- Up-to-date: /home/doanh/atlas_c1/install/c1_driver/include/c1_driver/c1_driver/msg/detail/velinfo__struct.hpp
[1.313s] -- Up-to-date: /home/doanh/atlas_c1/install/c1_driver/include/c1_driver/c1_driver/msg/detail/velquery__builder.hpp
[1.313s] -- Up-to-date: /home/doanh/atlas_c1/install/c1_driver/include/c1_driver/c1_driver/msg/detail/velquery__traits.hpp
[1.313s] -- Up-to-date: /home/doanh/atlas_c1/install/c1_driver/include/c1_driver/c1_driver/msg/detail/velquery__type_support.hpp
[1.314s] -- Up-to-date: /home/doanh/atlas_c1/install/c1_driver/include/c1_driver/c1_driver/msg/rosidl_generator_cpp__visibility_control.hpp
[1.314s] -- Up-to-date: /home/doanh/atlas_c1/install/c1_driver/include/c1_driver/c1_driver/msg/velinfo.hpp
[1.314s] -- Up-to-date: /home/doanh/atlas_c1/install/c1_driver/include/c1_driver/c1_driver
[1.314s] -- Up-to-date: /home/doanh/atlas_c1/install/c1_driver/include/c1_driver/c1_driver/msg
[1.314s] -- Up-to-date: /home/doanh/atlas_c1/install/c1_driver/include/c1_driver/c1_driver/msg/detail
[1.314s] -- Up-to-date: /home/doanh/atlas_c1/install/c1_driver/include/c1_driver/c1_driver/msg/detail/velinfo__rosidl_typesupport_fastrtps_cpp.hpp
[1.314s] -- Up-to-date: /home/doanh/atlas_c1/install/c1_driver/include/c1_driver/c1_driver/msg/detail/velquery__rosidl_typesupport_fastrtps_cpp.hpp
[1.314s] -- Up-to-date: /home/doanh/atlas_c1/install/c1_driver/include/c1_driver/c1_driver/msg/detail/dds_fastrtps
[1.314s] -- Up-to-date: /home/doanh/atlas_c1/install/c1_driver/include/c1_driver/c1_driver/msg/rosidl_typesupport_fastrtps_cpp__visibility_control.h
[1.314s] -- Up-to-date: /home/doanh/atlas_c1/install/c1_driver/lib/libc1_driver__rosidl_typesupport_fastrtps_cpp.so
[1.314s] -- Up-to-date: /home/doanh/atlas_c1/install/c1_driver/include/c1_driver/c1_driver
[1.314s] -- Up-to-date: /home/doanh/atlas_c1/install/c1_driver/include/c1_driver/c1_driver/msg
[1.315s] -- Up-to-date: /home/doanh/atlas_c1/install/c1_driver/include/c1_driver/c1_driver/msg/detail
[1.315s] -- Up-to-date: /home/doanh/atlas_c1/install/c1_driver/include/c1_driver/c1_driver/msg/detail/velquery__type_support.cpp
[1.315s] -- Up-to-date: /home/doanh/atlas_c1/install/c1_driver/include/c1_driver/c1_driver/msg/detail/velquery__rosidl_typesupport_introspection_cpp.hpp
[1.315s] -- Up-to-date: /home/doanh/atlas_c1/install/c1_driver/include/c1_driver/c1_driver/msg/detail/velinfo__type_support.cpp
[1.315s] -- Up-to-date: /home/doanh/atlas_c1/install/c1_driver/include/c1_driver/c1_driver/msg/detail/velinfo__rosidl_typesupport_introspection_cpp.hpp
[1.315s] -- Up-to-date: /home/doanh/atlas_c1/install/c1_driver/lib/libc1_driver__rosidl_typesupport_introspection_cpp.so
[1.315s] -- Up-to-date: /home/doanh/atlas_c1/install/c1_driver/lib/libc1_driver__rosidl_typesupport_cpp.so
[1.315s] -- Up-to-date: /home/doanh/atlas_c1/install/c1_driver/share/c1_driver/environment/pythonpath.sh
[1.315s] -- Up-to-date: /home/doanh/atlas_c1/install/c1_driver/share/c1_driver/environment/pythonpath.dsv
[1.315s] -- Up-to-date: /home/doanh/atlas_c1/install/c1_driver/local/lib/python3.10/dist-packages/c1_driver-0.0.0-py3.10.egg-info
[1.315s] -- Installing: /home/doanh/atlas_c1/install/c1_driver/local/lib/python3.10/dist-packages/c1_driver-0.0.0-py3.10.egg-info/top_level.txt
[1.315s] -- Installing: /home/doanh/atlas_c1/install/c1_driver/local/lib/python3.10/dist-packages/c1_driver-0.0.0-py3.10.egg-info/PKG-INFO
[1.315s] -- Installing: /home/doanh/atlas_c1/install/c1_driver/local/lib/python3.10/dist-packages/c1_driver-0.0.0-py3.10.egg-info/dependency_links.txt
[1.316s] -- Installing: /home/doanh/atlas_c1/install/c1_driver/local/lib/python3.10/dist-packages/c1_driver-0.0.0-py3.10.egg-info/SOURCES.txt
[1.316s] -- Up-to-date: /home/doanh/atlas_c1/install/c1_driver/local/lib/python3.10/dist-packages/c1_driver
[1.316s] -- Up-to-date: /home/doanh/atlas_c1/install/c1_driver/local/lib/python3.10/dist-packages/c1_driver/__init__.py
[1.316s] -- Up-to-date: /home/doanh/atlas_c1/install/c1_driver/local/lib/python3.10/dist-packages/c1_driver/_c1_driver_s.ep.rosidl_typesupport_fastrtps_c.c
[1.316s] -- Up-to-date: /home/doanh/atlas_c1/install/c1_driver/local/lib/python3.10/dist-packages/c1_driver/c1_driver_s__rosidl_typesupport_c.cpython-310-x86_64-linux-gnu.so
[1.316s] -- Up-to-date: /home/doanh/atlas_c1/install/c1_driver/local/lib/python3.10/dist-packages/c1_driver/_c1_driver_s.ep.rosidl_typesupport_introspection_c.c
[1.316s] -- Up-to-date: /home/doanh/atlas_c1/install/c1_driver/local/lib/python3.10/dist-packages/c1_driver/msg
[1.316s] -- Up-to-date: /home/doanh/atlas_c1/install/c1_driver/local/lib/python3.10/dist-packages/c1_driver/msg/__init__.py
[1.316s] -- Up-to-date: /home/doanh/atlas_c1/install/c1_driver/local/lib/python3.10/dist-packages/c1_driver/msg/_velquery_s.c
[1.316s] -- Up-to-date: /home/doanh/atlas_c1/install/c1_driver/local/lib/python3.10/dist-packages/c1_driver/msg/_velinfo_s.c
[1.316s] -- Up-to-date: /home/doanh/atlas_c1/install/c1_driver/local/lib/python3.10/dist-packages/c1_driver/msg/_velquery.py
[1.317s] -- Up-to-date: /home/doanh/atlas_c1/install/c1_driver/local/lib/python3.10/dist-packages/c1_driver/msg/_velinfo.py
[1.317s] -- Up-to-date: /home/doanh/atlas_c1/install/c1_driver/local/lib/python3.10/dist-packages/c1_driver/_c1_driver_s.ep.rosidl_typesupport_c.c
[1.317s] -- Up-to-date: /home/doanh/atlas_c1/install/c1_driver/local/lib/python3.10/dist-packages/c1_driver/c1_driver_s__rosidl_typesupport_introspection_c.cpython-310-x86_64-linux-gnu.so
[1.317s] -- Up-to-date: /home/doanh/atlas_c1/install/c1_driver/local/lib/python3.10/dist-packages/c1_driver/libc1_driver__rosidl_generator_py.so
[1.317s] -- Up-to-date: /home/doanh/atlas_c1/install/c1_driver/local/lib/python3.10/dist-packages/c1_driver/c1_driver_s__rosidl_typesupport_fastrtps_c.cpython-310-x86_64-linux-gnu.so
[1.339s] Listing '/home/doanh/atlas_c1/install/c1_driver/local/lib/python3.10/dist-packages/c1_driver'...
[1.339s] Listing '/home/doanh/atlas_c1/install/c1_driver/local/lib/python3.10/dist-packages/c1_driver/msg'...
[1.344s] -- Up-to-date: /home/doanh/atlas_c1/install/c1_driver/local/lib/python3.10/dist-packages/c1_driver/c1_driver_s__rosidl_typesupport_fastrtps_c.cpython-310-x86_64-linux-gnu.so
[1.344s] -- Up-to-date: /home/doanh/atlas_c1/install/c1_driver/local/lib/python3.10/dist-packages/c1_driver/c1_driver_s__rosidl_typesupport_introspection_c.cpython-310-x86_64-linux-gnu.so
[1.344s] -- Up-to-date: /home/doanh/atlas_c1/install/c1_driver/local/lib/python3.10/dist-packages/c1_driver/c1_driver_s__rosidl_typesupport_c.cpython-310-x86_64-linux-gnu.so
[1.344s] -- Up-to-date: /home/doanh/atlas_c1/install/c1_driver/lib/libc1_driver__rosidl_generator_py.so
[1.344s] -- Up-to-date: /home/doanh/atlas_c1/install/c1_driver/share/ament_index/resource_index/rust_packages/c1_driver
[1.344s] -- Up-to-date: /home/doanh/atlas_c1/install/c1_driver/share/c1_driver/rust
[1.344s] -- Up-to-date: /home/doanh/atlas_c1/install/c1_driver/share/c1_driver/rust/src
[1.344s] -- Up-to-date: /home/doanh/atlas_c1/install/c1_driver/share/c1_driver/rust/src/lib.rs
[1.344s] -- Up-to-date: /home/doanh/atlas_c1/install/c1_driver/share/c1_driver/rust/src/msg
[1.345s] -- Up-to-date: /home/doanh/atlas_c1/install/c1_driver/share/c1_driver/rust/src/msg/rmw.rs
[1.345s] -- Up-to-date: /home/doanh/atlas_c1/install/c1_driver/share/c1_driver/rust/src/msg.rs
[1.345s] -- Up-to-date: /home/doanh/atlas_c1/install/c1_driver/share/c1_driver/rust/build.rs
[1.345s] -- Up-to-date: /home/doanh/atlas_c1/install/c1_driver/share/c1_driver/rust/Cargo.toml
[1.345s] -- Up-to-date: /home/doanh/atlas_c1/install/c1_driver/share/c1_driver/msg/Velinfo.idl
[1.345s] -- Up-to-date: /home/doanh/atlas_c1/install/c1_driver/share/c1_driver/msg/Velquery.idl
[1.345s] -- Up-to-date: /home/doanh/atlas_c1/install/c1_driver/share/c1_driver/msg/Velinfo.msg
[1.345s] -- Up-to-date: /home/doanh/atlas_c1/install/c1_driver/share/c1_driver/msg/Velquery.msg
[1.345s] -- Up-to-date: /home/doanh/atlas_c1/install/c1_driver/share/c1_driver//launch
[1.345s] -- Up-to-date: /home/doanh/atlas_c1/install/c1_driver/share/c1_driver//scripts
[1.345s] -- Up-to-date: /home/doanh/atlas_c1/install/c1_driver/share/c1_driver//scripts/kinematic.py
[1.345s] -- Up-to-date: /home/doanh/atlas_c1/install/c1_driver/share/c1_driver//scripts/ros_serial_bridge.py
[1.346s] -- Up-to-date: /home/doanh/atlas_c1/install/c1_driver/lib/c1_driver/ros_serial_bridge.py
[1.346s] -- Up-to-date: /home/doanh/atlas_c1/install/c1_driver/lib/c1_driver/kinematic.py
[1.346s] -- Up-to-date: /home/doanh/atlas_c1/install/c1_driver/share/ament_index/resource_index/package_run_dependencies/c1_driver
[1.346s] -- Up-to-date: /home/doanh/atlas_c1/install/c1_driver/share/ament_index/resource_index/parent_prefix_path/c1_driver
[1.346s] -- Up-to-date: /home/doanh/atlas_c1/install/c1_driver/share/c1_driver/environment/ament_prefix_path.sh
[1.346s] -- Up-to-date: /home/doanh/atlas_c1/install/c1_driver/share/c1_driver/environment/ament_prefix_path.dsv
[1.346s] -- Up-to-date: /home/doanh/atlas_c1/install/c1_driver/share/c1_driver/environment/path.sh
[1.346s] -- Up-to-date: /home/doanh/atlas_c1/install/c1_driver/share/c1_driver/environment/path.dsv
[1.346s] -- Up-to-date: /home/doanh/atlas_c1/install/c1_driver/share/c1_driver/local_setup.bash
[1.346s] -- Up-to-date: /home/doanh/atlas_c1/install/c1_driver/share/c1_driver/local_setup.sh
[1.346s] -- Up-to-date: /home/doanh/atlas_c1/install/c1_driver/share/c1_driver/local_setup.zsh
[1.346s] -- Up-to-date: /home/doanh/atlas_c1/install/c1_driver/share/c1_driver/local_setup.dsv
[1.347s] -- Installing: /home/doanh/atlas_c1/install/c1_driver/share/c1_driver/package.dsv
[1.347s] -- Up-to-date: /home/doanh/atlas_c1/install/c1_driver/share/ament_index/resource_index/packages/c1_driver
[1.347s] -- Up-to-date: /home/doanh/atlas_c1/install/c1_driver/share/c1_driver/cmake/export_c1_driver__rosidl_generator_cExport.cmake
[1.347s] -- Up-to-date: /home/doanh/atlas_c1/install/c1_driver/share/c1_driver/cmake/export_c1_driver__rosidl_generator_cExport-noconfig.cmake
[1.347s] -- Up-to-date: /home/doanh/atlas_c1/install/c1_driver/share/c1_driver/cmake/export_c1_driver__rosidl_typesupport_fastrtps_cExport.cmake
[1.347s] -- Up-to-date: /home/doanh/atlas_c1/install/c1_driver/share/c1_driver/cmake/export_c1_driver__rosidl_typesupport_fastrtps_cExport-noconfig.cmake
[1.347s] -- Up-to-date: /home/doanh/atlas_c1/install/c1_driver/share/c1_driver/cmake/c1_driver__rosidl_typesupport_introspection_cExport.cmake
[1.347s] -- Up-to-date: /home/doanh/atlas_c1/install/c1_driver/share/c1_driver/cmake/c1_driver__rosidl_typesupport_introspection_cExport-noconfig.cmake
[1.347s] -- Up-to-date: /home/doanh/atlas_c1/install/c1_driver/share/c1_driver/cmake/c1_driver__rosidl_typesupport_cExport.cmake
[1.347s] -- Up-to-date: /home/doanh/atlas_c1/install/c1_driver/share/c1_driver/cmake/c1_driver__rosidl_typesupport_cExport-noconfig.cmake
[1.348s] -- Up-to-date: /home/doanh/atlas_c1/install/c1_driver/share/c1_driver/cmake/export_c1_driver__rosidl_generator_cppExport.cmake
[1.348s] -- Up-to-date: /home/doanh/atlas_c1/install/c1_driver/share/c1_driver/cmake/export_c1_driver__rosidl_typesupport_fastrtps_cppExport.cmake
[1.348s] -- Up-to-date: /home/doanh/atlas_c1/install/c1_driver/share/c1_driver/cmake/export_c1_driver__rosidl_typesupport_fastrtps_cppExport-noconfig.cmake
[1.349s] -- Up-to-date: /home/doanh/atlas_c1/install/c1_driver/share/c1_driver/cmake/c1_driver__rosidl_typesupport_introspection_cppExport.cmake
[1.349s] -- Up-to-date: /home/doanh/atlas_c1/install/c1_driver/share/c1_driver/cmake/c1_driver__rosidl_typesupport_introspection_cppExport-noconfig.cmake
[1.349s] -- Up-to-date: /home/doanh/atlas_c1/install/c1_driver/share/c1_driver/cmake/c1_driver__rosidl_typesupport_cppExport.cmake
[1.349s] -- Up-to-date: /home/doanh/atlas_c1/install/c1_driver/share/c1_driver/cmake/c1_driver__rosidl_typesupport_cppExport-noconfig.cmake
[1.349s] -- Up-to-date: /home/doanh/atlas_c1/install/c1_driver/share/c1_driver/cmake/export_c1_driver__rosidl_generator_pyExport.cmake
[1.349s] -- Up-to-date: /home/doanh/atlas_c1/install/c1_driver/share/c1_driver/cmake/export_c1_driver__rosidl_generator_pyExport-noconfig.cmake
[1.349s] -- Up-to-date: /home/doanh/atlas_c1/install/c1_driver/share/c1_driver/cmake/rosidl_cmake-extras.cmake
[1.349s] -- Up-to-date: /home/doanh/atlas_c1/install/c1_driver/share/c1_driver/cmake/ament_cmake_export_include_directories-extras.cmake
[1.350s] -- Up-to-date: /home/doanh/atlas_c1/install/c1_driver/share/c1_driver/cmake/ament_cmake_export_libraries-extras.cmake
[1.350s] -- Up-to-date: /home/doanh/atlas_c1/install/c1_driver/share/c1_driver/cmake/ament_cmake_export_targets-extras.cmake
[1.350s] -- Up-to-date: /home/doanh/atlas_c1/install/c1_driver/share/c1_driver/cmake/rosidl_cmake_export_typesupport_targets-extras.cmake
[1.350s] -- Up-to-date: /home/doanh/atlas_c1/install/c1_driver/share/c1_driver/cmake/ament_cmake_export_dependencies-extras.cmake
[1.350s] -- Up-to-date: /home/doanh/atlas_c1/install/c1_driver/share/c1_driver/cmake/rosidl_cmake_export_typesupport_libraries-extras.cmake
[1.350s] -- Up-to-date: /home/doanh/atlas_c1/install/c1_driver/share/c1_driver/cmake/c1_driverConfig.cmake
[1.350s] -- Up-to-date: /home/doanh/atlas_c1/install/c1_driver/share/c1_driver/cmake/c1_driverConfig-version.cmake
[1.351s] -- Up-to-date: /home/doanh/atlas_c1/install/c1_driver/share/c1_driver/package.xml
[1.351s] Invoked command in '/home/doanh/atlas_c1/build/c1_driver' returned '0': CMAKE_PREFIX_PATH=${CMAKE_PREFIX_PATH}:/home/doanh/atlas_c1/install/atlas_web:/home/doanh/atlas_c1/install/atlas_app:/home/doanh/atlas_c1/install/atlas_app_robot:/home/doanh/atlas_c1/install/atlas_api:/opt/ros/humble /home/doanh/.local/bin/cmake --install /home/doanh/atlas_c1/build/c1_driver
