[  5%] [0mBuilt target c1_driver__cpp[0m
[  5%] [0mBuilt target c1_driver__rs[0m
[ 15%] [0mBuilt target c1_driver__rosidl_generator_c[0m
[ 15%] [0mBuilt target ament_cmake_python_copy_c1_driver[0m
[ 37%] [0mBuilt target c1_driver__rosidl_typesupport_cpp[0m
[ 37%] [0mBuilt target c1_driver__rosidl_typesupport_c[0m
[ 45%] [0mBuilt target c1_driver__rosidl_typesupport_introspection_cpp[0m
[ 55%] [0mBuilt target c1_driver__rosidl_typesupport_fastrtps_cpp[0m
[ 75%] [0mBuilt target c1_driver__rosidl_typesupport_introspection_c[0m
[ 75%] [0mBuilt target c1_driver__rosidl_typesupport_fastrtps_c[0m
[ 75%] [0mBuilt target c1_driver[0m
[ 77%] [0mBuilt target c1_driver__py[0m
[ 85%] [0mBuilt target c1_driver__rosidl_generator_py[0m
[ 90%] [0mBuilt target c1_driver__rosidl_typesupport_fastrtps_c__pyext[0m
[ 95%] [0mBuilt target c1_driver__rosidl_typesupport_introspection_c__pyext[0m
[100%] [0mBuilt target c1_driver__rosidl_typesupport_c__pyext[0m
running egg_info
writing c1_driver.egg-info/PKG-INFO
writing dependency_links to c1_driver.egg-info/dependency_links.txt
writing top-level names to c1_driver.egg-info/top_level.txt
reading manifest file 'c1_driver.egg-info/SOURCES.txt'
writing manifest file 'c1_driver.egg-info/SOURCES.txt'
[100%] [0mBuilt target ament_cmake_python_build_c1_driver_egg[0m
-- Install configuration: ""
-- Up-to-date: /home/doanh/atlas_c1/install/c1_driver/share/ament_index/resource_index/rosidl_interfaces/c1_driver
-- Up-to-date: /home/doanh/atlas_c1/install/c1_driver/include/c1_driver/c1_driver
-- Up-to-date: /home/doanh/atlas_c1/install/c1_driver/include/c1_driver/c1_driver/msg
-- Up-to-date: /home/doanh/atlas_c1/install/c1_driver/include/c1_driver/c1_driver/msg/velquery.h
-- Up-to-date: /home/doanh/atlas_c1/install/c1_driver/include/c1_driver/c1_driver/msg/rosidl_generator_c__visibility_control.h
-- Up-to-date: /home/doanh/atlas_c1/install/c1_driver/include/c1_driver/c1_driver/msg/velinfo.h
-- Up-to-date: /home/doanh/atlas_c1/install/c1_driver/include/c1_driver/c1_driver/msg/detail
-- Up-to-date: /home/doanh/atlas_c1/install/c1_driver/include/c1_driver/c1_driver/msg/detail/velinfo__functions.h
-- Up-to-date: /home/doanh/atlas_c1/install/c1_driver/include/c1_driver/c1_driver/msg/detail/velquery__struct.h
-- Up-to-date: /home/doanh/atlas_c1/install/c1_driver/include/c1_driver/c1_driver/msg/detail/velinfo__functions.c
-- Up-to-date: /home/doanh/atlas_c1/install/c1_driver/include/c1_driver/c1_driver/msg/detail/velinfo__struct.h
-- Up-to-date: /home/doanh/atlas_c1/install/c1_driver/include/c1_driver/c1_driver/msg/detail/velinfo__type_support.h
-- Up-to-date: /home/doanh/atlas_c1/install/c1_driver/include/c1_driver/c1_driver/msg/detail/velquery__type_support.h
-- Up-to-date: /home/doanh/atlas_c1/install/c1_driver/include/c1_driver/c1_driver/msg/detail/velquery__functions.c
-- Up-to-date: /home/doanh/atlas_c1/install/c1_driver/include/c1_driver/c1_driver/msg/detail/velquery__functions.h
-- Up-to-date: /home/doanh/atlas_c1/install/c1_driver/share/c1_driver/environment/library_path.sh
-- Up-to-date: /home/doanh/atlas_c1/install/c1_driver/share/c1_driver/environment/library_path.dsv
-- Up-to-date: /home/doanh/atlas_c1/install/c1_driver/lib/libc1_driver__rosidl_generator_c.so
-- Up-to-date: /home/doanh/atlas_c1/install/c1_driver/include/c1_driver/c1_driver
-- Up-to-date: /home/doanh/atlas_c1/install/c1_driver/include/c1_driver/c1_driver/msg
-- Up-to-date: /home/doanh/atlas_c1/install/c1_driver/include/c1_driver/c1_driver/msg/detail
-- Up-to-date: /home/doanh/atlas_c1/install/c1_driver/include/c1_driver/c1_driver/msg/detail/velquery__rosidl_typesupport_fastrtps_c.h
-- Up-to-date: /home/doanh/atlas_c1/install/c1_driver/include/c1_driver/c1_driver/msg/detail/velinfo__rosidl_typesupport_fastrtps_c.h
-- Up-to-date: /home/doanh/atlas_c1/install/c1_driver/include/c1_driver/c1_driver/msg/rosidl_typesupport_fastrtps_c__visibility_control.h
-- Up-to-date: /home/doanh/atlas_c1/install/c1_driver/lib/libc1_driver__rosidl_typesupport_fastrtps_c.so
-- Up-to-date: /home/doanh/atlas_c1/install/c1_driver/include/c1_driver/c1_driver
-- Up-to-date: /home/doanh/atlas_c1/install/c1_driver/include/c1_driver/c1_driver/msg
-- Up-to-date: /home/doanh/atlas_c1/install/c1_driver/include/c1_driver/c1_driver/msg/detail
-- Up-to-date: /home/doanh/atlas_c1/install/c1_driver/include/c1_driver/c1_driver/msg/detail/velinfo__rosidl_typesupport_introspection_c.h
-- Up-to-date: /home/doanh/atlas_c1/install/c1_driver/include/c1_driver/c1_driver/msg/detail/velquery__type_support.c
-- Up-to-date: /home/doanh/atlas_c1/install/c1_driver/include/c1_driver/c1_driver/msg/detail/velinfo__type_support.c
-- Up-to-date: /home/doanh/atlas_c1/install/c1_driver/include/c1_driver/c1_driver/msg/detail/velquery__rosidl_typesupport_introspection_c.h
-- Up-to-date: /home/doanh/atlas_c1/install/c1_driver/include/c1_driver/c1_driver/msg/rosidl_typesupport_introspection_c__visibility_control.h
-- Up-to-date: /home/doanh/atlas_c1/install/c1_driver/lib/libc1_driver__rosidl_typesupport_introspection_c.so
-- Up-to-date: /home/doanh/atlas_c1/install/c1_driver/lib/libc1_driver__rosidl_typesupport_c.so
-- Up-to-date: /home/doanh/atlas_c1/install/c1_driver/include/c1_driver/c1_driver
-- Up-to-date: /home/doanh/atlas_c1/install/c1_driver/include/c1_driver/c1_driver/msg
-- Up-to-date: /home/doanh/atlas_c1/install/c1_driver/include/c1_driver/c1_driver/msg/velquery.hpp
-- Up-to-date: /home/doanh/atlas_c1/install/c1_driver/include/c1_driver/c1_driver/msg/detail
-- Up-to-date: /home/doanh/atlas_c1/install/c1_driver/include/c1_driver/c1_driver/msg/detail/velinfo__traits.hpp
-- Up-to-date: /home/doanh/atlas_c1/install/c1_driver/include/c1_driver/c1_driver/msg/detail/velquery__struct.hpp
-- Up-to-date: /home/doanh/atlas_c1/install/c1_driver/include/c1_driver/c1_driver/msg/detail/velinfo__builder.hpp
-- Up-to-date: /home/doanh/atlas_c1/install/c1_driver/include/c1_driver/c1_driver/msg/detail/velinfo__type_support.hpp
-- Up-to-date: /home/doanh/atlas_c1/install/c1_driver/include/c1_driver/c1_driver/msg/detail/velinfo__struct.hpp
-- Up-to-date: /home/doanh/atlas_c1/install/c1_driver/include/c1_driver/c1_driver/msg/detail/velquery__builder.hpp
-- Up-to-date: /home/doanh/atlas_c1/install/c1_driver/include/c1_driver/c1_driver/msg/detail/velquery__traits.hpp
-- Up-to-date: /home/doanh/atlas_c1/install/c1_driver/include/c1_driver/c1_driver/msg/detail/velquery__type_support.hpp
-- Up-to-date: /home/doanh/atlas_c1/install/c1_driver/include/c1_driver/c1_driver/msg/rosidl_generator_cpp__visibility_control.hpp
-- Up-to-date: /home/doanh/atlas_c1/install/c1_driver/include/c1_driver/c1_driver/msg/velinfo.hpp
-- Up-to-date: /home/doanh/atlas_c1/install/c1_driver/include/c1_driver/c1_driver
-- Up-to-date: /home/doanh/atlas_c1/install/c1_driver/include/c1_driver/c1_driver/msg
-- Up-to-date: /home/doanh/atlas_c1/install/c1_driver/include/c1_driver/c1_driver/msg/detail
-- Up-to-date: /home/doanh/atlas_c1/install/c1_driver/include/c1_driver/c1_driver/msg/detail/velinfo__rosidl_typesupport_fastrtps_cpp.hpp
-- Up-to-date: /home/doanh/atlas_c1/install/c1_driver/include/c1_driver/c1_driver/msg/detail/velquery__rosidl_typesupport_fastrtps_cpp.hpp
-- Up-to-date: /home/doanh/atlas_c1/install/c1_driver/include/c1_driver/c1_driver/msg/detail/dds_fastrtps
-- Up-to-date: /home/doanh/atlas_c1/install/c1_driver/include/c1_driver/c1_driver/msg/rosidl_typesupport_fastrtps_cpp__visibility_control.h
-- Up-to-date: /home/doanh/atlas_c1/install/c1_driver/lib/libc1_driver__rosidl_typesupport_fastrtps_cpp.so
-- Up-to-date: /home/doanh/atlas_c1/install/c1_driver/include/c1_driver/c1_driver
-- Up-to-date: /home/doanh/atlas_c1/install/c1_driver/include/c1_driver/c1_driver/msg
-- Up-to-date: /home/doanh/atlas_c1/install/c1_driver/include/c1_driver/c1_driver/msg/detail
-- Up-to-date: /home/doanh/atlas_c1/install/c1_driver/include/c1_driver/c1_driver/msg/detail/velquery__type_support.cpp
-- Up-to-date: /home/doanh/atlas_c1/install/c1_driver/include/c1_driver/c1_driver/msg/detail/velquery__rosidl_typesupport_introspection_cpp.hpp
-- Up-to-date: /home/doanh/atlas_c1/install/c1_driver/include/c1_driver/c1_driver/msg/detail/velinfo__type_support.cpp
-- Up-to-date: /home/doanh/atlas_c1/install/c1_driver/include/c1_driver/c1_driver/msg/detail/velinfo__rosidl_typesupport_introspection_cpp.hpp
-- Up-to-date: /home/doanh/atlas_c1/install/c1_driver/lib/libc1_driver__rosidl_typesupport_introspection_cpp.so
-- Up-to-date: /home/doanh/atlas_c1/install/c1_driver/lib/libc1_driver__rosidl_typesupport_cpp.so
-- Up-to-date: /home/doanh/atlas_c1/install/c1_driver/share/c1_driver/environment/pythonpath.sh
-- Up-to-date: /home/doanh/atlas_c1/install/c1_driver/share/c1_driver/environment/pythonpath.dsv
-- Up-to-date: /home/doanh/atlas_c1/install/c1_driver/local/lib/python3.10/dist-packages/c1_driver-0.0.0-py3.10.egg-info
-- Installing: /home/doanh/atlas_c1/install/c1_driver/local/lib/python3.10/dist-packages/c1_driver-0.0.0-py3.10.egg-info/top_level.txt
-- Installing: /home/doanh/atlas_c1/install/c1_driver/local/lib/python3.10/dist-packages/c1_driver-0.0.0-py3.10.egg-info/PKG-INFO
-- Installing: /home/doanh/atlas_c1/install/c1_driver/local/lib/python3.10/dist-packages/c1_driver-0.0.0-py3.10.egg-info/dependency_links.txt
-- Installing: /home/doanh/atlas_c1/install/c1_driver/local/lib/python3.10/dist-packages/c1_driver-0.0.0-py3.10.egg-info/SOURCES.txt
-- Up-to-date: /home/doanh/atlas_c1/install/c1_driver/local/lib/python3.10/dist-packages/c1_driver
-- Up-to-date: /home/doanh/atlas_c1/install/c1_driver/local/lib/python3.10/dist-packages/c1_driver/__init__.py
-- Up-to-date: /home/doanh/atlas_c1/install/c1_driver/local/lib/python3.10/dist-packages/c1_driver/_c1_driver_s.ep.rosidl_typesupport_fastrtps_c.c
-- Up-to-date: /home/doanh/atlas_c1/install/c1_driver/local/lib/python3.10/dist-packages/c1_driver/c1_driver_s__rosidl_typesupport_c.cpython-310-x86_64-linux-gnu.so
-- Up-to-date: /home/doanh/atlas_c1/install/c1_driver/local/lib/python3.10/dist-packages/c1_driver/_c1_driver_s.ep.rosidl_typesupport_introspection_c.c
-- Up-to-date: /home/doanh/atlas_c1/install/c1_driver/local/lib/python3.10/dist-packages/c1_driver/msg
-- Up-to-date: /home/doanh/atlas_c1/install/c1_driver/local/lib/python3.10/dist-packages/c1_driver/msg/__init__.py
-- Up-to-date: /home/doanh/atlas_c1/install/c1_driver/local/lib/python3.10/dist-packages/c1_driver/msg/_velquery_s.c
-- Up-to-date: /home/doanh/atlas_c1/install/c1_driver/local/lib/python3.10/dist-packages/c1_driver/msg/_velinfo_s.c
-- Up-to-date: /home/doanh/atlas_c1/install/c1_driver/local/lib/python3.10/dist-packages/c1_driver/msg/_velquery.py
-- Up-to-date: /home/doanh/atlas_c1/install/c1_driver/local/lib/python3.10/dist-packages/c1_driver/msg/_velinfo.py
-- Up-to-date: /home/doanh/atlas_c1/install/c1_driver/local/lib/python3.10/dist-packages/c1_driver/_c1_driver_s.ep.rosidl_typesupport_c.c
-- Up-to-date: /home/doanh/atlas_c1/install/c1_driver/local/lib/python3.10/dist-packages/c1_driver/c1_driver_s__rosidl_typesupport_introspection_c.cpython-310-x86_64-linux-gnu.so
-- Up-to-date: /home/doanh/atlas_c1/install/c1_driver/local/lib/python3.10/dist-packages/c1_driver/libc1_driver__rosidl_generator_py.so
-- Up-to-date: /home/doanh/atlas_c1/install/c1_driver/local/lib/python3.10/dist-packages/c1_driver/c1_driver_s__rosidl_typesupport_fastrtps_c.cpython-310-x86_64-linux-gnu.so
Listing '/home/doanh/atlas_c1/install/c1_driver/local/lib/python3.10/dist-packages/c1_driver'...
Listing '/home/doanh/atlas_c1/install/c1_driver/local/lib/python3.10/dist-packages/c1_driver/msg'...
-- Up-to-date: /home/doanh/atlas_c1/install/c1_driver/local/lib/python3.10/dist-packages/c1_driver/c1_driver_s__rosidl_typesupport_fastrtps_c.cpython-310-x86_64-linux-gnu.so
-- Up-to-date: /home/doanh/atlas_c1/install/c1_driver/local/lib/python3.10/dist-packages/c1_driver/c1_driver_s__rosidl_typesupport_introspection_c.cpython-310-x86_64-linux-gnu.so
-- Up-to-date: /home/doanh/atlas_c1/install/c1_driver/local/lib/python3.10/dist-packages/c1_driver/c1_driver_s__rosidl_typesupport_c.cpython-310-x86_64-linux-gnu.so
-- Up-to-date: /home/doanh/atlas_c1/install/c1_driver/lib/libc1_driver__rosidl_generator_py.so
-- Up-to-date: /home/doanh/atlas_c1/install/c1_driver/share/ament_index/resource_index/rust_packages/c1_driver
-- Up-to-date: /home/doanh/atlas_c1/install/c1_driver/share/c1_driver/rust
-- Up-to-date: /home/doanh/atlas_c1/install/c1_driver/share/c1_driver/rust/src
-- Up-to-date: /home/doanh/atlas_c1/install/c1_driver/share/c1_driver/rust/src/lib.rs
-- Up-to-date: /home/doanh/atlas_c1/install/c1_driver/share/c1_driver/rust/src/msg
-- Up-to-date: /home/doanh/atlas_c1/install/c1_driver/share/c1_driver/rust/src/msg/rmw.rs
-- Up-to-date: /home/doanh/atlas_c1/install/c1_driver/share/c1_driver/rust/src/msg.rs
-- Up-to-date: /home/doanh/atlas_c1/install/c1_driver/share/c1_driver/rust/build.rs
-- Up-to-date: /home/doanh/atlas_c1/install/c1_driver/share/c1_driver/rust/Cargo.toml
-- Up-to-date: /home/doanh/atlas_c1/install/c1_driver/share/c1_driver/msg/Velinfo.idl
-- Up-to-date: /home/doanh/atlas_c1/install/c1_driver/share/c1_driver/msg/Velquery.idl
-- Up-to-date: /home/doanh/atlas_c1/install/c1_driver/share/c1_driver/msg/Velinfo.msg
-- Up-to-date: /home/doanh/atlas_c1/install/c1_driver/share/c1_driver/msg/Velquery.msg
-- Up-to-date: /home/doanh/atlas_c1/install/c1_driver/share/c1_driver//launch
-- Up-to-date: /home/doanh/atlas_c1/install/c1_driver/share/c1_driver//scripts
-- Up-to-date: /home/doanh/atlas_c1/install/c1_driver/share/c1_driver//scripts/kinematic.py
-- Installing: /home/doanh/atlas_c1/install/c1_driver/share/c1_driver//scripts/ros_serial_bridge.py
-- Installing: /home/doanh/atlas_c1/install/c1_driver/lib/c1_driver/ros_serial_bridge.py
-- Up-to-date: /home/doanh/atlas_c1/install/c1_driver/lib/c1_driver/kinematic.py
-- Up-to-date: /home/doanh/atlas_c1/install/c1_driver/share/ament_index/resource_index/package_run_dependencies/c1_driver
-- Up-to-date: /home/doanh/atlas_c1/install/c1_driver/share/ament_index/resource_index/parent_prefix_path/c1_driver
-- Up-to-date: /home/doanh/atlas_c1/install/c1_driver/share/c1_driver/environment/ament_prefix_path.sh
-- Up-to-date: /home/doanh/atlas_c1/install/c1_driver/share/c1_driver/environment/ament_prefix_path.dsv
-- Up-to-date: /home/doanh/atlas_c1/install/c1_driver/share/c1_driver/environment/path.sh
-- Up-to-date: /home/doanh/atlas_c1/install/c1_driver/share/c1_driver/environment/path.dsv
-- Up-to-date: /home/doanh/atlas_c1/install/c1_driver/share/c1_driver/local_setup.bash
-- Up-to-date: /home/doanh/atlas_c1/install/c1_driver/share/c1_driver/local_setup.sh
-- Up-to-date: /home/doanh/atlas_c1/install/c1_driver/share/c1_driver/local_setup.zsh
-- Up-to-date: /home/doanh/atlas_c1/install/c1_driver/share/c1_driver/local_setup.dsv
-- Installing: /home/doanh/atlas_c1/install/c1_driver/share/c1_driver/package.dsv
-- Up-to-date: /home/doanh/atlas_c1/install/c1_driver/share/ament_index/resource_index/packages/c1_driver
-- Up-to-date: /home/doanh/atlas_c1/install/c1_driver/share/c1_driver/cmake/export_c1_driver__rosidl_generator_cExport.cmake
-- Up-to-date: /home/doanh/atlas_c1/install/c1_driver/share/c1_driver/cmake/export_c1_driver__rosidl_generator_cExport-noconfig.cmake
-- Up-to-date: /home/doanh/atlas_c1/install/c1_driver/share/c1_driver/cmake/export_c1_driver__rosidl_typesupport_fastrtps_cExport.cmake
-- Up-to-date: /home/doanh/atlas_c1/install/c1_driver/share/c1_driver/cmake/export_c1_driver__rosidl_typesupport_fastrtps_cExport-noconfig.cmake
-- Up-to-date: /home/doanh/atlas_c1/install/c1_driver/share/c1_driver/cmake/c1_driver__rosidl_typesupport_introspection_cExport.cmake
-- Up-to-date: /home/doanh/atlas_c1/install/c1_driver/share/c1_driver/cmake/c1_driver__rosidl_typesupport_introspection_cExport-noconfig.cmake
-- Up-to-date: /home/doanh/atlas_c1/install/c1_driver/share/c1_driver/cmake/c1_driver__rosidl_typesupport_cExport.cmake
-- Up-to-date: /home/doanh/atlas_c1/install/c1_driver/share/c1_driver/cmake/c1_driver__rosidl_typesupport_cExport-noconfig.cmake
-- Up-to-date: /home/doanh/atlas_c1/install/c1_driver/share/c1_driver/cmake/export_c1_driver__rosidl_generator_cppExport.cmake
-- Up-to-date: /home/doanh/atlas_c1/install/c1_driver/share/c1_driver/cmake/export_c1_driver__rosidl_typesupport_fastrtps_cppExport.cmake
-- Up-to-date: /home/doanh/atlas_c1/install/c1_driver/share/c1_driver/cmake/export_c1_driver__rosidl_typesupport_fastrtps_cppExport-noconfig.cmake
-- Up-to-date: /home/doanh/atlas_c1/install/c1_driver/share/c1_driver/cmake/c1_driver__rosidl_typesupport_introspection_cppExport.cmake
-- Up-to-date: /home/doanh/atlas_c1/install/c1_driver/share/c1_driver/cmake/c1_driver__rosidl_typesupport_introspection_cppExport-noconfig.cmake
-- Up-to-date: /home/doanh/atlas_c1/install/c1_driver/share/c1_driver/cmake/c1_driver__rosidl_typesupport_cppExport.cmake
-- Up-to-date: /home/doanh/atlas_c1/install/c1_driver/share/c1_driver/cmake/c1_driver__rosidl_typesupport_cppExport-noconfig.cmake
-- Up-to-date: /home/doanh/atlas_c1/install/c1_driver/share/c1_driver/cmake/export_c1_driver__rosidl_generator_pyExport.cmake
-- Up-to-date: /home/doanh/atlas_c1/install/c1_driver/share/c1_driver/cmake/export_c1_driver__rosidl_generator_pyExport-noconfig.cmake
-- Up-to-date: /home/doanh/atlas_c1/install/c1_driver/share/c1_driver/cmake/rosidl_cmake-extras.cmake
-- Up-to-date: /home/doanh/atlas_c1/install/c1_driver/share/c1_driver/cmake/ament_cmake_export_include_directories-extras.cmake
-- Up-to-date: /home/doanh/atlas_c1/install/c1_driver/share/c1_driver/cmake/ament_cmake_export_libraries-extras.cmake
-- Up-to-date: /home/doanh/atlas_c1/install/c1_driver/share/c1_driver/cmake/ament_cmake_export_targets-extras.cmake
-- Up-to-date: /home/doanh/atlas_c1/install/c1_driver/share/c1_driver/cmake/rosidl_cmake_export_typesupport_targets-extras.cmake
-- Up-to-date: /home/doanh/atlas_c1/install/c1_driver/share/c1_driver/cmake/ament_cmake_export_dependencies-extras.cmake
-- Up-to-date: /home/doanh/atlas_c1/install/c1_driver/share/c1_driver/cmake/rosidl_cmake_export_typesupport_libraries-extras.cmake
-- Up-to-date: /home/doanh/atlas_c1/install/c1_driver/share/c1_driver/cmake/c1_driverConfig.cmake
-- Up-to-date: /home/doanh/atlas_c1/install/c1_driver/share/c1_driver/cmake/c1_driverConfig-version.cmake
-- Up-to-date: /home/doanh/atlas_c1/install/c1_driver/share/c1_driver/package.xml
