[0.685s] Invoking command in '/home/doanh/atlas_c1/src/atlas_base/atlas_app': AMENT_PREFIX_PATH=/home/doanh/atlas_c1/install/atlas_slam:${AMENT_PREFIX_PATH} CMAKE_PREFIX_PATH=/home/doanh/atlas_c1/install/atlas_slam:${CMAKE_PREFIX_PATH} PYTHONPATH=/home/doanh/atlas_c1/build/atlas_app/prefix_override:/usr/lib/python3/dist-packages/colcon_core/task/python/colcon_distutils_commands:/home/doanh/atlas_c1/install/atlas_app/lib/python3.10/site-packages:${PYTHONPATH} /usr/bin/python3 -W ignore:setup.py install is deprecated -W ignore:easy_install command is deprecated setup.py egg_info --egg-base ../../../build/atlas_app build --build-base /home/doanh/atlas_c1/build/atlas_app/build install --record /home/doanh/atlas_c1/build/atlas_app/install.log --single-version-externally-managed install_data
[0.871s] running egg_info
[0.871s] creating ../../../build/atlas_app/atlas_app.egg-info
[0.871s] writing ../../../build/atlas_app/atlas_app.egg-info/PKG-INFO
[0.871s] writing dependency_links to ../../../build/atlas_app/atlas_app.egg-info/dependency_links.txt
[0.871s] writing entry points to ../../../build/atlas_app/atlas_app.egg-info/entry_points.txt
[0.871s] writing requirements to ../../../build/atlas_app/atlas_app.egg-info/requires.txt
[0.871s] writing top-level names to ../../../build/atlas_app/atlas_app.egg-info/top_level.txt
[0.871s] writing manifest file '../../../build/atlas_app/atlas_app.egg-info/SOURCES.txt'
[0.873s] reading manifest file '../../../build/atlas_app/atlas_app.egg-info/SOURCES.txt'
[0.873s] writing manifest file '../../../build/atlas_app/atlas_app.egg-info/SOURCES.txt'
[0.873s] running build
[0.873s] running build_py
[0.873s] creating /home/doanh/atlas_c1/build/atlas_app/build
[0.873s] creating /home/doanh/atlas_c1/build/atlas_app/build/lib
[0.873s] creating /home/doanh/atlas_c1/build/atlas_app/build/lib/atlas_app
[0.873s] copying atlas_app/__init__.py -> /home/doanh/atlas_c1/build/atlas_app/build/lib/atlas_app
[0.874s] copying atlas_app/node.py -> /home/doanh/atlas_c1/build/atlas_app/build/lib/atlas_app
[0.874s] copying atlas_app/server.py -> /home/doanh/atlas_c1/build/atlas_app/build/lib/atlas_app
[0.874s] copying atlas_app/panels.py -> /home/doanh/atlas_c1/build/atlas_app/build/lib/atlas_app
[0.874s] copying atlas_app/main_window.py -> /home/doanh/atlas_c1/build/atlas_app/build/lib/atlas_app
[0.874s] copying atlas_app/main.py -> /home/doanh/atlas_c1/build/atlas_app/build/lib/atlas_app
[0.874s] copying atlas_app/map_widget.py -> /home/doanh/atlas_c1/build/atlas_app/build/lib/atlas_app
[0.874s] copying atlas_app/api_client.py -> /home/doanh/atlas_c1/build/atlas_app/build/lib/atlas_app
[0.874s] running install
[0.874s] running install_lib
[0.875s] creating /home/doanh/atlas_c1/install/atlas_app/lib/python3.10/site-packages/atlas_app
[0.875s] copying /home/doanh/atlas_c1/build/atlas_app/build/lib/atlas_app/__init__.py -> /home/doanh/atlas_c1/install/atlas_app/lib/python3.10/site-packages/atlas_app
[0.875s] copying /home/doanh/atlas_c1/build/atlas_app/build/lib/atlas_app/node.py -> /home/doanh/atlas_c1/install/atlas_app/lib/python3.10/site-packages/atlas_app
[0.875s] copying /home/doanh/atlas_c1/build/atlas_app/build/lib/atlas_app/server.py -> /home/doanh/atlas_c1/install/atlas_app/lib/python3.10/site-packages/atlas_app
[0.875s] copying /home/doanh/atlas_c1/build/atlas_app/build/lib/atlas_app/panels.py -> /home/doanh/atlas_c1/install/atlas_app/lib/python3.10/site-packages/atlas_app
[0.875s] copying /home/doanh/atlas_c1/build/atlas_app/build/lib/atlas_app/main_window.py -> /home/doanh/atlas_c1/install/atlas_app/lib/python3.10/site-packages/atlas_app
[0.875s] copying /home/doanh/atlas_c1/build/atlas_app/build/lib/atlas_app/main.py -> /home/doanh/atlas_c1/install/atlas_app/lib/python3.10/site-packages/atlas_app
[0.875s] copying /home/doanh/atlas_c1/build/atlas_app/build/lib/atlas_app/map_widget.py -> /home/doanh/atlas_c1/install/atlas_app/lib/python3.10/site-packages/atlas_app
[0.875s] copying /home/doanh/atlas_c1/build/atlas_app/build/lib/atlas_app/api_client.py -> /home/doanh/atlas_c1/install/atlas_app/lib/python3.10/site-packages/atlas_app
[0.876s] byte-compiling /home/doanh/atlas_c1/install/atlas_app/lib/python3.10/site-packages/atlas_app/__init__.py to __init__.cpython-310.pyc
[0.876s] byte-compiling /home/doanh/atlas_c1/install/atlas_app/lib/python3.10/site-packages/atlas_app/node.py to node.cpython-310.pyc
[0.879s] byte-compiling /home/doanh/atlas_c1/install/atlas_app/lib/python3.10/site-packages/atlas_app/server.py to server.cpython-310.pyc
[0.879s] byte-compiling /home/doanh/atlas_c1/install/atlas_app/lib/python3.10/site-packages/atlas_app/panels.py to panels.cpython-310.pyc
[0.889s] byte-compiling /home/doanh/atlas_c1/install/atlas_app/lib/python3.10/site-packages/atlas_app/main_window.py to main_window.cpython-310.pyc
[0.891s] byte-compiling /home/doanh/atlas_c1/install/atlas_app/lib/python3.10/site-packages/atlas_app/main.py to main.cpython-310.pyc
[0.892s] byte-compiling /home/doanh/atlas_c1/install/atlas_app/lib/python3.10/site-packages/atlas_app/map_widget.py to map_widget.cpython-310.pyc
[0.896s] byte-compiling /home/doanh/atlas_c1/install/atlas_app/lib/python3.10/site-packages/atlas_app/api_client.py to api_client.cpython-310.pyc
[0.897s] running install_data
[0.897s] creating /home/doanh/atlas_c1/install/atlas_app/share/ament_index
[0.897s] creating /home/doanh/atlas_c1/install/atlas_app/share/ament_index/resource_index
[0.897s] creating /home/doanh/atlas_c1/install/atlas_app/share/ament_index/resource_index/packages
[0.897s] copying resource/atlas_app -> /home/doanh/atlas_c1/install/atlas_app/share/ament_index/resource_index/packages
[0.897s] copying package.xml -> /home/doanh/atlas_c1/install/atlas_app/share/atlas_app
[0.897s] creating /home/doanh/atlas_c1/install/atlas_app/share/atlas_app/launch
[0.897s] copying launch/atlas_app.launch.py -> /home/doanh/atlas_c1/install/atlas_app/share/atlas_app/launch
[0.897s] running install_egg_info
[0.899s] Copying ../../../build/atlas_app/atlas_app.egg-info to /home/doanh/atlas_c1/install/atlas_app/lib/python3.10/site-packages/atlas_app-1.0.0-py3.10.egg-info
[0.900s] running install_scripts
[0.914s] Installing atlas_app script to /home/doanh/atlas_c1/install/atlas_app/lib/atlas_app
[0.914s] writing list of installed files to '/home/doanh/atlas_c1/build/atlas_app/install.log'
[0.933s] Invoked command in '/home/doanh/atlas_c1/src/atlas_base/atlas_app' returned '0': AMENT_PREFIX_PATH=/home/doanh/atlas_c1/install/atlas_slam:${AMENT_PREFIX_PATH} CMAKE_PREFIX_PATH=/home/doanh/atlas_c1/install/atlas_slam:${CMAKE_PREFIX_PATH} PYTHONPATH=/home/doanh/atlas_c1/build/atlas_app/prefix_override:/usr/lib/python3/dist-packages/colcon_core/task/python/colcon_distutils_commands:/home/doanh/atlas_c1/install/atlas_app/lib/python3.10/site-packages:${PYTHONPATH} /usr/bin/python3 -W ignore:setup.py install is deprecated -W ignore:easy_install command is deprecated setup.py egg_info --egg-base ../../../build/atlas_app build --build-base /home/doanh/atlas_c1/build/atlas_app/build install --record /home/doanh/atlas_c1/build/atlas_app/install.log --single-version-externally-managed install_data
