[0.017s] Invoking command in '/home/doanh/atlas_c1/build/c1_bringup': CMAKE_PREFIX_PATH=${CMAKE_PREFIX_PATH}:/opt/ros/humble /home/doanh/.local/bin/cmake /home/doanh/atlas_c1/src/c1_bringup -DCMAKE_INSTALL_PREFIX=/home/doanh/atlas_c1/install/c1_bringup
[0.110s] -- The C compiler identification is GNU 12.3.0
[0.162s] -- The CXX compiler identification is GNU 11.4.0
[0.169s] -- Detecting C compiler ABI info
[0.211s] -- Detecting C compiler ABI info - done
[0.227s] -- Check for working C compiler: /usr/bin/cc - skipped
[0.227s] -- Detecting C compile features
[0.228s] -- Detecting C compile features - done
[0.236s] -- Detecting CXX compiler ABI info
[0.288s] -- Detecting CXX compiler ABI info - done
[0.301s] -- Check for working CXX compiler: /usr/bin/c++ - skipped
[0.301s] -- Detecting CXX compile features
[0.302s] -- Detecting CXX compile features - done
[0.308s] -- Found ament_cmake: 1.3.14 (/opt/ros/humble/share/ament_cmake/cmake)
[0.422s] -- Found Python3: /usr/bin/python3 (found version "3.10.12") found components: Interpreter
[0.525s] -- Found ament_lint_auto: 0.12.15 (/opt/ros/humble/share/ament_lint_auto/cmake)
[0.609s] -- Added test 'flake8' to check Python code syntax and style conventions
[0.609s] -- Added test 'lint_cmake' to check CMake code style
[0.610s] -- Added test 'pep257' to check Python code against some of the docstring style conventions in PEP 257
[0.611s] -- Added test 'xmllint' to check XML markup files
[0.613s] -- Configuring done (0.5s)
[0.616s] -- Generating done (0.0s)
[0.617s] -- Build files have been written to: /home/doanh/atlas_c1/build/c1_bringup
[0.622s] Invoked command in '/home/doanh/atlas_c1/build/c1_bringup' returned '0': CMAKE_PREFIX_PATH=${CMAKE_PREFIX_PATH}:/opt/ros/humble /home/doanh/.local/bin/cmake /home/doanh/atlas_c1/src/c1_bringup -DCMAKE_INSTALL_PREFIX=/home/doanh/atlas_c1/install/c1_bringup
[0.624s] Invoking command in '/home/doanh/atlas_c1/build/c1_bringup': CMAKE_PREFIX_PATH=${CMAKE_PREFIX_PATH}:/opt/ros/humble /home/doanh/.local/bin/cmake --build /home/doanh/atlas_c1/build/c1_bringup -- -j12 -l12
[0.694s] Invoked command in '/home/doanh/atlas_c1/build/c1_bringup' returned '0': CMAKE_PREFIX_PATH=${CMAKE_PREFIX_PATH}:/opt/ros/humble /home/doanh/.local/bin/cmake --build /home/doanh/atlas_c1/build/c1_bringup -- -j12 -l12
[0.758s] Invoking command in '/home/doanh/atlas_c1/build/c1_bringup': CMAKE_PREFIX_PATH=${CMAKE_PREFIX_PATH}:/opt/ros/humble /home/doanh/.local/bin/cmake --install /home/doanh/atlas_c1/build/c1_bringup
[0.820s] -- Install configuration: ""
[0.820s] -- Installing: /home/doanh/atlas_c1/install/c1_bringup/share/c1_bringup//launch
[0.820s] -- Installing: /home/doanh/atlas_c1/install/c1_bringup/share/c1_bringup//launch/joystick.launch.py
[0.820s] -- Installing: /home/doanh/atlas_c1/install/c1_bringup/share/c1_bringup//launch/c1_bringup_pc.launch.py
[0.821s] -- Installing: /home/doanh/atlas_c1/install/c1_bringup/share/c1_bringup//config
[0.821s] -- Installing: /home/doanh/atlas_c1/install/c1_bringup/share/c1_bringup//config/joystick.yaml
[0.821s] -- Installing: /home/doanh/atlas_c1/install/c1_bringup/share/c1_bringup//urdf
[0.821s] -- Installing: /home/doanh/atlas_c1/install/c1_bringup/share/ament_index/resource_index/package_run_dependencies/c1_bringup
[0.821s] -- Installing: /home/doanh/atlas_c1/install/c1_bringup/share/ament_index/resource_index/parent_prefix_path/c1_bringup
[0.821s] -- Installing: /home/doanh/atlas_c1/install/c1_bringup/share/c1_bringup/environment/ament_prefix_path.sh
[0.821s] -- Installing: /home/doanh/atlas_c1/install/c1_bringup/share/c1_bringup/environment/ament_prefix_path.dsv
[0.821s] -- Installing: /home/doanh/atlas_c1/install/c1_bringup/share/c1_bringup/environment/path.sh
[0.821s] -- Installing: /home/doanh/atlas_c1/install/c1_bringup/share/c1_bringup/environment/path.dsv
[0.821s] -- Installing: /home/doanh/atlas_c1/install/c1_bringup/share/c1_bringup/local_setup.bash
[0.821s] -- Installing: /home/doanh/atlas_c1/install/c1_bringup/share/c1_bringup/local_setup.sh
[0.821s] -- Installing: /home/doanh/atlas_c1/install/c1_bringup/share/c1_bringup/local_setup.zsh
[0.821s] -- Installing: /home/doanh/atlas_c1/install/c1_bringup/share/c1_bringup/local_setup.dsv
[0.821s] -- Installing: /home/doanh/atlas_c1/install/c1_bringup/share/c1_bringup/package.dsv
[0.822s] -- Installing: /home/doanh/atlas_c1/install/c1_bringup/share/ament_index/resource_index/packages/c1_bringup
[0.822s] -- Installing: /home/doanh/atlas_c1/install/c1_bringup/share/c1_bringup/cmake/c1_bringupConfig.cmake
[0.822s] -- Installing: /home/doanh/atlas_c1/install/c1_bringup/share/c1_bringup/cmake/c1_bringupConfig-version.cmake
[0.822s] -- Installing: /home/doanh/atlas_c1/install/c1_bringup/share/c1_bringup/package.xml
[0.823s] Invoked command in '/home/doanh/atlas_c1/build/c1_bringup' returned '0': CMAKE_PREFIX_PATH=${CMAKE_PREFIX_PATH}:/opt/ros/humble /home/doanh/.local/bin/cmake --install /home/doanh/atlas_c1/build/c1_bringup
