[0.007s] Invoking command in '/home/doanh/atlas_c1/build/c1_bringup': CMAKE_PREFIX_PATH=/opt/ros/humble /home/doanh/.local/bin/cmake --build /home/doanh/atlas_c1/build/c1_bringup -- -j12 -l12
[0.070s] Invoked command in '/home/doanh/atlas_c1/build/c1_bringup' returned '0': CMAKE_PREFIX_PATH=/opt/ros/humble /home/doanh/.local/bin/cmake --build /home/doanh/atlas_c1/build/c1_bringup -- -j12 -l12
[0.127s] Invoking command in '/home/doanh/atlas_c1/build/c1_bringup': CMAKE_PREFIX_PATH=/opt/ros/humble /home/doanh/.local/bin/cmake --install /home/doanh/atlas_c1/build/c1_bringup
[0.183s] -- Install configuration: ""
[0.183s] -- Up-to-date: /home/doanh/atlas_c1/install/c1_bringup/share/c1_bringup//launch
[0.183s] -- Up-to-date: /home/doanh/atlas_c1/install/c1_bringup/share/c1_bringup//launch/joystick.launch.py
[0.183s] -- Installing: /home/doanh/atlas_c1/install/c1_bringup/share/c1_bringup//launch/c1_bringup_pc.launch.py
[0.183s] -- Up-to-date: /home/doanh/atlas_c1/install/c1_bringup/share/c1_bringup//config
[0.183s] -- Up-to-date: /home/doanh/atlas_c1/install/c1_bringup/share/c1_bringup//config/joystick.yaml
[0.183s] -- Installing: /home/doanh/atlas_c1/install/c1_bringup/share/c1_bringup//config/devices.yaml
[0.183s] -- Up-to-date: /home/doanh/atlas_c1/install/c1_bringup/share/ament_index/resource_index/package_run_dependencies/c1_bringup
[0.183s] -- Up-to-date: /home/doanh/atlas_c1/install/c1_bringup/share/ament_index/resource_index/parent_prefix_path/c1_bringup
[0.184s] -- Up-to-date: /home/doanh/atlas_c1/install/c1_bringup/share/c1_bringup/environment/ament_prefix_path.sh
[0.184s] -- Up-to-date: /home/doanh/atlas_c1/install/c1_bringup/share/c1_bringup/environment/ament_prefix_path.dsv
[0.184s] -- Up-to-date: /home/doanh/atlas_c1/install/c1_bringup/share/c1_bringup/environment/path.sh
[0.184s] -- Up-to-date: /home/doanh/atlas_c1/install/c1_bringup/share/c1_bringup/environment/path.dsv
[0.184s] -- Up-to-date: /home/doanh/atlas_c1/install/c1_bringup/share/c1_bringup/local_setup.bash
[0.184s] -- Up-to-date: /home/doanh/atlas_c1/install/c1_bringup/share/c1_bringup/local_setup.sh
[0.184s] -- Up-to-date: /home/doanh/atlas_c1/install/c1_bringup/share/c1_bringup/local_setup.zsh
[0.184s] -- Up-to-date: /home/doanh/atlas_c1/install/c1_bringup/share/c1_bringup/local_setup.dsv
[0.184s] -- Up-to-date: /home/doanh/atlas_c1/install/c1_bringup/share/c1_bringup/package.dsv
[0.184s] -- Up-to-date: /home/doanh/atlas_c1/install/c1_bringup/share/ament_index/resource_index/packages/c1_bringup
[0.184s] -- Up-to-date: /home/doanh/atlas_c1/install/c1_bringup/share/c1_bringup/cmake/c1_bringupConfig.cmake
[0.184s] -- Up-to-date: /home/doanh/atlas_c1/install/c1_bringup/share/c1_bringup/cmake/c1_bringupConfig-version.cmake
[0.184s] -- Up-to-date: /home/doanh/atlas_c1/install/c1_bringup/share/c1_bringup/package.xml
[0.185s] Invoked command in '/home/doanh/atlas_c1/build/c1_bringup' returned '0': CMAKE_PREFIX_PATH=/opt/ros/humble /home/doanh/.local/bin/cmake --install /home/doanh/atlas_c1/build/c1_bringup
