[0.013s] Invoking command in '/home/doanh/atlas_c1/build/rf2o_laser_odometry': CMAKE_PREFIX_PATH=${CMAKE_PREFIX_PATH}:/opt/ros/humble /home/doanh/.local/bin/cmake /home/doanh/atlas_c1/src/c1_sdk/rf2o_laser_odometry -DCMAKE_INSTALL_PREFIX=/home/doanh/atlas_c1/install/rf2o_laser_odometry
[0.068s] [0mCMake Deprecation Warning at CMakeLists.txt:1 (cmake_minimum_required):
[0.069s]   Compatibility with CMake < 3.10 will be removed from a future version of
[0.069s]   CMake.
[0.069s] 
[0.069s]   Update the VERSION argument <min> value.  Or, use the <min>...<max> syntax
[0.069s]   to tell CMake that the project requires at least <min> but has been updated
[0.069s]   to work with policies introduced by <max> or earlier.
[0.069s] 
[0.069s] [0m
[0.105s] -- The C compiler identification is GNU 12.3.0
[0.162s] -- The CXX compiler identification is GNU 11.4.0
[0.168s] -- Detecting C compiler ABI info
[0.211s] -- Detecting C compiler ABI info - done
[0.231s] -- Check for working C compiler: /usr/bin/cc - skipped
[0.232s] -- Detecting C compile features
[0.232s] -- Detecting C compile features - done
[0.242s] -- Detecting CXX compiler ABI info
[0.293s] -- Detecting CXX compiler ABI info - done
[0.313s] -- Check for working CXX compiler: /usr/bin/c++ - skipped
[0.314s] -- Detecting CXX compile features
[0.314s] -- Detecting CXX compile features - done
[0.321s] -- Found ament_cmake: 1.3.14 (/opt/ros/humble/share/ament_cmake/cmake)
[0.432s] -- Found Python3: /usr/bin/python3 (found version "3.10.12") found components: Interpreter
[0.522s] -- Found rclcpp: 16.0.19 (/opt/ros/humble/share/rclcpp/cmake)
[0.574s] -- Found rosidl_generator_c: 3.1.8 (/opt/ros/humble/share/rosidl_generator_c/cmake)
[0.579s] -- Found rosidl_adapter: 3.1.8 (/opt/ros/humble/share/rosidl_adapter/cmake)
[0.589s] -- Found rosidl_generator_cpp: 3.1.8 (/opt/ros/humble/share/rosidl_generator_cpp/cmake)
[0.603s] -- Using all available rosidl_typesupport_c: rosidl_typesupport_fastrtps_c;rosidl_typesupport_introspection_c
[0.621s] -- Using all available rosidl_typesupport_cpp: rosidl_typesupport_fastrtps_cpp;rosidl_typesupport_introspection_cpp
[0.669s] -- Found rmw_implementation_cmake: 6.1.2 (/opt/ros/humble/share/rmw_implementation_cmake/cmake)
[0.672s] -- Found rmw_cyclonedds_cpp: 1.3.4 (/opt/ros/humble/share/rmw_cyclonedds_cpp/cmake)
[0.697s] -- Using RMW implementation 'rmw_cyclonedds_cpp' as default
[0.705s] -- Performing Test CMAKE_HAVE_LIBC_PTHREAD
[0.753s] -- Performing Test CMAKE_HAVE_LIBC_PTHREAD - Success
[0.754s] -- Found Threads: TRUE
[0.816s] -- Found geometry_msgs: 4.9.1 (/opt/ros/humble/share/geometry_msgs/cmake)
[0.833s] -- Found tf2_geometry_msgs: 0.25.20 (/opt/ros/humble/share/tf2_geometry_msgs/cmake)
[0.849s] -- Found eigen3_cmake_module: 0.1.1 (/opt/ros/humble/share/eigen3_cmake_module/cmake)
[0.850s] -- Found Eigen3: TRUE (found version "3.4.0")
[0.850s] -- Ensuring Eigen3 include directory is part of orocos-kdl CMake target
[0.981s] -- Found sensor_msgs: 4.9.1 (/opt/ros/humble/share/sensor_msgs/cmake)
[1.005s] -- Found nav_msgs: 4.9.1 (/opt/ros/humble/share/nav_msgs/cmake)
[1.024s] [33mCMake Warning (dev) at CMakeLists.txt:24 (find_package):
[1.024s]   Policy CMP0167 is not set: The FindBoost module is removed.  Run "cmake
[1.024s]   --help-policy CMP0167" for policy details.  Use the cmake_policy command to
[1.024s]   set the policy and suppress this warning.
[1.024s] 
[1.024s] This warning is for project developers.  Use -Wno-dev to suppress it.
[1.024s] [0m
[1.031s] -- Found Boost: /usr/lib/x86_64-linux-gnu/cmake/Boost-1.74.0/BoostConfig.cmake (found version "1.74.0")
[1.086s] -- Configuring done (1.0s)
[1.101s] -- Generating done (0.0s)
[1.103s] -- Build files have been written to: /home/doanh/atlas_c1/build/rf2o_laser_odometry
[1.114s] Invoked command in '/home/doanh/atlas_c1/build/rf2o_laser_odometry' returned '0': CMAKE_PREFIX_PATH=${CMAKE_PREFIX_PATH}:/opt/ros/humble /home/doanh/.local/bin/cmake /home/doanh/atlas_c1/src/c1_sdk/rf2o_laser_odometry -DCMAKE_INSTALL_PREFIX=/home/doanh/atlas_c1/install/rf2o_laser_odometry
[1.115s] Invoking command in '/home/doanh/atlas_c1/build/rf2o_laser_odometry': CMAKE_PREFIX_PATH=${CMAKE_PREFIX_PATH}:/opt/ros/humble /home/doanh/.local/bin/cmake --build /home/doanh/atlas_c1/build/rf2o_laser_odometry -- -j12 -l12
[1.187s] [ 20%] [32mBuilding CXX object CMakeFiles/rf2o_laser_odometry.dir/src/CLaserOdometry2D.cpp.o[0m
[1.187s] [ 40%] [32mBuilding CXX object CMakeFiles/rf2o_laser_odometry_node.dir/src/CLaserOdometry2DNode.cpp.o[0m
[1.187s] [ 60%] [32mBuilding CXX object CMakeFiles/rf2o_laser_odometry_node.dir/src/CLaserOdometry2D.cpp.o[0m
[18.337s] [ 80%] [1m[32mLinking CXX executable rf2o_laser_odometry_node[0m
[18.797s] [100%] [1m[32mLinking CXX static library librf2o_laser_odometry.a[0m
[18.953s] [100%] [0mBuilt target rf2o_laser_odometry[0m
[19.306s] [100%] [0mBuilt target rf2o_laser_odometry_node[0m
[19.310s] Invoked command in '/home/doanh/atlas_c1/build/rf2o_laser_odometry' returned '0': CMAKE_PREFIX_PATH=${CMAKE_PREFIX_PATH}:/opt/ros/humble /home/doanh/.local/bin/cmake --build /home/doanh/atlas_c1/build/rf2o_laser_odometry -- -j12 -l12
[19.311s] Invoking command in '/home/doanh/atlas_c1/build/rf2o_laser_odometry': CMAKE_PREFIX_PATH=${CMAKE_PREFIX_PATH}:/opt/ros/humble /home/doanh/.local/bin/cmake --install /home/doanh/atlas_c1/build/rf2o_laser_odometry
[19.362s] -- Install configuration: ""
[19.363s] -- Installing: /home/doanh/atlas_c1/install/rf2o_laser_odometry/lib/rf2o_laser_odometry/rf2o_laser_odometry_node
[19.367s] -- Set non-toolchain portion of runtime path of "/home/doanh/atlas_c1/install/rf2o_laser_odometry/lib/rf2o_laser_odometry/rf2o_laser_odometry_node" to ""
[19.367s] -- Installing: /home/doanh/atlas_c1/install/rf2o_laser_odometry/share/rf2o_laser_odometry/launch
[19.367s] -- Installing: /home/doanh/atlas_c1/install/rf2o_laser_odometry/share/rf2o_laser_odometry/launch/rf2o_laser_odometry.launch.py
[19.367s] -- Installing: /home/doanh/atlas_c1/install/rf2o_laser_odometry/share/ament_index/resource_index/package_run_dependencies/rf2o_laser_odometry
[19.368s] -- Installing: /home/doanh/atlas_c1/install/rf2o_laser_odometry/share/ament_index/resource_index/parent_prefix_path/rf2o_laser_odometry
[19.368s] -- Installing: /home/doanh/atlas_c1/install/rf2o_laser_odometry/share/rf2o_laser_odometry/environment/ament_prefix_path.sh
[19.368s] -- Installing: /home/doanh/atlas_c1/install/rf2o_laser_odometry/share/rf2o_laser_odometry/environment/ament_prefix_path.dsv
[19.368s] -- Installing: /home/doanh/atlas_c1/install/rf2o_laser_odometry/share/rf2o_laser_odometry/environment/path.sh
[19.368s] -- Installing: /home/doanh/atlas_c1/install/rf2o_laser_odometry/share/rf2o_laser_odometry/environment/path.dsv
[19.368s] -- Installing: /home/doanh/atlas_c1/install/rf2o_laser_odometry/share/rf2o_laser_odometry/local_setup.bash
[19.368s] -- Installing: /home/doanh/atlas_c1/install/rf2o_laser_odometry/share/rf2o_laser_odometry/local_setup.sh
[19.368s] -- Installing: /home/doanh/atlas_c1/install/rf2o_laser_odometry/share/rf2o_laser_odometry/local_setup.zsh
[19.368s] -- Installing: /home/doanh/atlas_c1/install/rf2o_laser_odometry/share/rf2o_laser_odometry/local_setup.dsv
[19.368s] -- Installing: /home/doanh/atlas_c1/install/rf2o_laser_odometry/share/rf2o_laser_odometry/package.dsv
[19.368s] -- Installing: /home/doanh/atlas_c1/install/rf2o_laser_odometry/share/ament_index/resource_index/packages/rf2o_laser_odometry
[19.368s] -- Installing: /home/doanh/atlas_c1/install/rf2o_laser_odometry/share/rf2o_laser_odometry/cmake/rf2o_laser_odometryConfig.cmake
[19.368s] -- Installing: /home/doanh/atlas_c1/install/rf2o_laser_odometry/share/rf2o_laser_odometry/cmake/rf2o_laser_odometryConfig-version.cmake
[19.368s] -- Installing: /home/doanh/atlas_c1/install/rf2o_laser_odometry/share/rf2o_laser_odometry/package.xml
[19.370s] Invoked command in '/home/doanh/atlas_c1/build/rf2o_laser_odometry' returned '0': CMAKE_PREFIX_PATH=${CMAKE_PREFIX_PATH}:/opt/ros/humble /home/doanh/.local/bin/cmake --install /home/doanh/atlas_c1/build/rf2o_laser_odometry
