-- The C compiler identification is GNU 12.3.0
-- The CXX compiler identification is GNU 11.4.0
-- Detecting C compiler ABI info
-- Detecting C compiler ABI info - done
-- Check for working C compiler: /usr/bin/cc - skipped
-- Detecting C compile features
-- Detecting C compile features - done
-- Detecting CXX compiler ABI info
-- Detecting CXX compiler ABI info - done
-- Check for working CXX compiler: /usr/bin/c++ - skipped
-- Detecting CXX compile features
-- Detecting CXX compile features - done
-- Found ament_cmake: 1.3.14 (/opt/ros/humble/share/ament_cmake/cmake)
-- Found Python3: /usr/bin/python3 (found version "3.10.12") found components: Interpreter
-- Found rosidl_default_generators: 1.2.1 (/opt/ros/humble/share/rosidl_default_generators/cmake)
-- Using all available rosidl_typesupport_c: rosidl_typesupport_fastrtps_c;rosidl_typesupport_introspection_c
-- Found rosidl_adapter: 3.1.8 (/opt/ros/humble/share/rosidl_adapter/cmake)
-- Using all available rosidl_typesupport_cpp: rosidl_typesupport_fastrtps_cpp;rosidl_typesupport_introspection_cpp
-- Found ament_cmake_ros: 0.10.0 (/opt/ros/humble/share/ament_cmake_ros/cmake)
-- Using all available rosidl_typesupport_c: rosidl_typesupport_fastrtps_c;rosidl_typesupport_introspection_c
-- Using all available rosidl_typesupport_cpp: rosidl_typesupport_fastrtps_cpp;rosidl_typesupport_introspection_cpp
[33mCMake Warning (dev) at /opt/ros/humble/share/rosidl_generator_py/cmake/rosidl_generator_py_generate_interfaces.cmake:20 (find_package):
  Policy CMP0148 is not set: The FindPythonInterp and FindPythonLibs modules
  are removed.  Run "cmake --help-policy CMP0148" for policy details.  Use
  the cmake_policy command to set the policy and suppress this warning.

Call Stack (most recent call first):
  /opt/ros/humble/share/ament_cmake_core/cmake/core/ament_execute_extensions.cmake:48 (include)
  /opt/ros/humble/share/rosidl_cmake/cmake/rosidl_generate_interfaces.cmake:286 (ament_execute_extensions)
  CMakeLists.txt:12 (rosidl_generate_interfaces)
This warning is for project developers.  Use -Wno-dev to suppress it.
[0m
-- Found PythonInterp: /usr/bin/python3 (found suitable version "3.10.12", minimum required is "3.6")
-- Found python_cmake_module: 0.10.0 (/opt/ros/humble/share/python_cmake_module/cmake)
[33mCMake Warning (dev) at /opt/ros/humble/share/python_cmake_module/cmake/Modules/FindPythonExtra.cmake:52 (find_package):
  Policy CMP0148 is not set: The FindPythonInterp and FindPythonLibs modules
  are removed.  Run "cmake --help-policy CMP0148" for policy details.  Use
  the cmake_policy command to set the policy and suppress this warning.

Call Stack (most recent call first):
  /opt/ros/humble/share/rosidl_generator_py/cmake/rosidl_generator_py_generate_interfaces.cmake:23 (find_package)
  /opt/ros/humble/share/ament_cmake_core/cmake/core/ament_execute_extensions.cmake:48 (include)
  /opt/ros/humble/share/rosidl_cmake/cmake/rosidl_generate_interfaces.cmake:286 (ament_execute_extensions)
  CMakeLists.txt:12 (rosidl_generate_interfaces)
This warning is for project developers.  Use -Wno-dev to suppress it.
[0m
[33mCMake Warning (dev) at /opt/ros/humble/share/python_cmake_module/cmake/Modules/FindPythonExtra.cmake:140 (find_package):
  Policy CMP0148 is not set: The FindPythonInterp and FindPythonLibs modules
  are removed.  Run "cmake --help-policy CMP0148" for policy details.  Use
  the cmake_policy command to set the policy and suppress this warning.

Call Stack (most recent call first):
  /opt/ros/humble/share/rosidl_generator_py/cmake/rosidl_generator_py_generate_interfaces.cmake:23 (find_package)
  /opt/ros/humble/share/ament_cmake_core/cmake/core/ament_execute_extensions.cmake:48 (include)
  /opt/ros/humble/share/rosidl_cmake/cmake/rosidl_generate_interfaces.cmake:286 (ament_execute_extensions)
  CMakeLists.txt:12 (rosidl_generate_interfaces)
This warning is for project developers.  Use -Wno-dev to suppress it.
[0m
-- Found PythonLibs: /usr/lib/x86_64-linux-gnu/libpython3.10.so (found suitable version "3.10.12", minimum required is "3.5")
-- Using PYTHON_EXECUTABLE: /usr/bin/python3
-- Using PYTHON_INCLUDE_DIRS: /usr/include/python3.10
-- Using PYTHON_LIBRARIES: /usr/lib/x86_64-linux-gnu/libpython3.10.so
-- Found PythonExtra: .so
-- Found ament_lint_auto: 0.12.15 (/opt/ros/humble/share/ament_lint_auto/cmake)
-- Added test 'flake8' to check Python code syntax and style conventions
-- Added test 'lint_cmake' to check CMake code style
-- Added test 'pep257' to check Python code against some of the docstring style conventions in PEP 257
-- Added test 'xmllint' to check XML markup files
-- Configuring done (2.0s)
-- Generating done (0.0s)
-- Build files have been written to: /home/doanh/atlas_c1/build/c1_driver
[  2%] [1m[34mGenerating C code for ROS interfaces[0m
[  5%] [1m[34mGenerating Rust code for ROS interfaces[0m
[  7%] [1m[34mGenerating C++ code for ROS interfaces[0m
[  7%] [0mBuilt target ament_cmake_python_copy_c1_driver[0m
[  7%] [0mBuilt target c1_driver__rs[0m
running egg_info
creating c1_driver.egg-info
writing c1_driver.egg-info/PKG-INFO
writing dependency_links to c1_driver.egg-info/dependency_links.txt
writing top-level names to c1_driver.egg-info/top_level.txt
writing manifest file 'c1_driver.egg-info/SOURCES.txt'
reading manifest file 'c1_driver.egg-info/SOURCES.txt'
writing manifest file 'c1_driver.egg-info/SOURCES.txt'
[  7%] [0mBuilt target ament_cmake_python_build_c1_driver_egg[0m
[  7%] [0mBuilt target c1_driver__cpp[0m
[ 10%] [1m[34mGenerating C++ type support dispatch for ROS interfaces[0m
[ 12%] [1m[34mGenerating C++ introspection for ROS interfaces[0m
[ 15%] [1m[34mGenerating C++ type support for eProsima Fast-RTPS[0m
[ 20%] [32mBuilding C object CMakeFiles/c1_driver__rosidl_generator_c.dir/rosidl_generator_c/c1_driver/msg/detail/velquery__functions.c.o[0m
[ 20%] [32mBuilding C object CMakeFiles/c1_driver__rosidl_generator_c.dir/rosidl_generator_c/c1_driver/msg/detail/velinfo__functions.c.o[0m
[ 22%] [1m[32mLinking C shared library libc1_driver__rosidl_generator_c.so[0m
[ 22%] [0mBuilt target c1_driver__rosidl_generator_c[0m
[ 25%] [1m[34mGenerating C introspection for ROS interfaces[0m
[ 27%] [1m[34mGenerating C type support dispatch for ROS interfaces[0m
[ 30%] [1m[34mGenerating C type support for eProsima Fast-RTPS[0m
[ 35%] [32mBuilding CXX object CMakeFiles/c1_driver__rosidl_typesupport_cpp.dir/rosidl_typesupport_cpp/c1_driver/msg/velquery__type_support.cpp.o[0m
[ 35%] [32mBuilding CXX object CMakeFiles/c1_driver__rosidl_typesupport_cpp.dir/rosidl_typesupport_cpp/c1_driver/msg/velinfo__type_support.cpp.o[0m
[ 37%] [32mBuilding CXX object CMakeFiles/c1_driver__rosidl_typesupport_introspection_cpp.dir/rosidl_typesupport_introspection_cpp/c1_driver/msg/detail/velinfo__type_support.cpp.o[0m
[ 40%] [32mBuilding CXX object CMakeFiles/c1_driver__rosidl_typesupport_introspection_cpp.dir/rosidl_typesupport_introspection_cpp/c1_driver/msg/detail/velquery__type_support.cpp.o[0m
[ 42%] [32mBuilding CXX object CMakeFiles/c1_driver__rosidl_typesupport_fastrtps_cpp.dir/rosidl_typesupport_fastrtps_cpp/c1_driver/msg/detail/dds_fastrtps/velinfo__type_support.cpp.o[0m
[ 45%] [32mBuilding CXX object CMakeFiles/c1_driver__rosidl_typesupport_fastrtps_cpp.dir/rosidl_typesupport_fastrtps_cpp/c1_driver/msg/detail/dds_fastrtps/velquery__type_support.cpp.o[0m
[ 47%] [32mBuilding CXX object CMakeFiles/c1_driver__rosidl_typesupport_c.dir/rosidl_typesupport_c/c1_driver/msg/velinfo__type_support.cpp.o[0m
[ 50%] [32mBuilding CXX object CMakeFiles/c1_driver__rosidl_typesupport_c.dir/rosidl_typesupport_c/c1_driver/msg/velquery__type_support.cpp.o[0m
[ 52%] [1m[32mLinking CXX shared library libc1_driver__rosidl_typesupport_c.so[0m
[ 55%] [32mBuilding C object CMakeFiles/c1_driver__rosidl_typesupport_introspection_c.dir/rosidl_typesupport_introspection_c/c1_driver/msg/detail/velinfo__type_support.c.o[0m
[ 57%] [32mBuilding C object CMakeFiles/c1_driver__rosidl_typesupport_introspection_c.dir/rosidl_typesupport_introspection_c/c1_driver/msg/detail/velquery__type_support.c.o[0m
[ 60%] [32mBuilding CXX object CMakeFiles/c1_driver__rosidl_typesupport_fastrtps_c.dir/rosidl_typesupport_fastrtps_c/c1_driver/msg/detail/velinfo__type_support_c.cpp.o[0m
[ 62%] [32mBuilding CXX object CMakeFiles/c1_driver__rosidl_typesupport_fastrtps_c.dir/rosidl_typesupport_fastrtps_c/c1_driver/msg/detail/velquery__type_support_c.cpp.o[0m
[ 62%] [0mBuilt target c1_driver__rosidl_typesupport_c[0m
[ 65%] [1m[32mLinking C shared library libc1_driver__rosidl_typesupport_introspection_c.so[0m
[ 65%] [0mBuilt target c1_driver__rosidl_typesupport_introspection_c[0m
[ 67%] [1m[32mLinking CXX shared library libc1_driver__rosidl_typesupport_cpp.so[0m
[ 67%] [0mBuilt target c1_driver__rosidl_typesupport_cpp[0m
[ 70%] [1m[32mLinking CXX shared library libc1_driver__rosidl_typesupport_introspection_cpp.so[0m
[ 70%] [0mBuilt target c1_driver__rosidl_typesupport_introspection_cpp[0m
[ 72%] [1m[32mLinking CXX shared library libc1_driver__rosidl_typesupport_fastrtps_c.so[0m
[ 75%] [1m[32mLinking CXX shared library libc1_driver__rosidl_typesupport_fastrtps_cpp.so[0m
[ 75%] [0mBuilt target c1_driver__rosidl_typesupport_fastrtps_c[0m
[ 75%] [0mBuilt target c1_driver__rosidl_typesupport_fastrtps_cpp[0m
[ 75%] [0mBuilt target c1_driver[0m
[ 77%] [1m[34mGenerating Python code for ROS interfaces[0m
[ 77%] [0mBuilt target c1_driver__py[0m
[ 80%] [32mBuilding C object CMakeFiles/c1_driver__rosidl_generator_py.dir/rosidl_generator_py/c1_driver/msg/_velinfo_s.c.o[0m
[ 82%] [32mBuilding C object CMakeFiles/c1_driver__rosidl_generator_py.dir/rosidl_generator_py/c1_driver/msg/_velquery_s.c.o[0m
[ 85%] [1m[32mLinking C shared library rosidl_generator_py/c1_driver/libc1_driver__rosidl_generator_py.so[0m
[ 85%] [0mBuilt target c1_driver__rosidl_generator_py[0m
[ 87%] [32mBuilding C object CMakeFiles/c1_driver__rosidl_typesupport_fastrtps_c__pyext.dir/rosidl_generator_py/c1_driver/_c1_driver_s.ep.rosidl_typesupport_fastrtps_c.c.o[0m
[ 90%] [32mBuilding C object CMakeFiles/c1_driver__rosidl_typesupport_introspection_c__pyext.dir/rosidl_generator_py/c1_driver/_c1_driver_s.ep.rosidl_typesupport_introspection_c.c.o[0m
[ 92%] [32mBuilding C object CMakeFiles/c1_driver__rosidl_typesupport_c__pyext.dir/rosidl_generator_py/c1_driver/_c1_driver_s.ep.rosidl_typesupport_c.c.o[0m
[ 95%] [1m[32mLinking C shared library rosidl_generator_py/c1_driver/c1_driver_s__rosidl_typesupport_fastrtps_c.cpython-310-x86_64-linux-gnu.so[0m
[ 95%] [0mBuilt target c1_driver__rosidl_typesupport_fastrtps_c__pyext[0m
[ 97%] [1m[32mLinking C shared library rosidl_generator_py/c1_driver/c1_driver_s__rosidl_typesupport_introspection_c.cpython-310-x86_64-linux-gnu.so[0m
[100%] [1m[32mLinking C shared library rosidl_generator_py/c1_driver/c1_driver_s__rosidl_typesupport_c.cpython-310-x86_64-linux-gnu.so[0m
[100%] [0mBuilt target c1_driver__rosidl_typesupport_c__pyext[0m
[100%] [0mBuilt target c1_driver__rosidl_typesupport_introspection_c__pyext[0m
-- Install configuration: ""
-- Installing: /home/doanh/atlas_c1/install/c1_driver/share/ament_index/resource_index/rosidl_interfaces/c1_driver
-- Installing: /home/doanh/atlas_c1/install/c1_driver/include/c1_driver/c1_driver
-- Installing: /home/doanh/atlas_c1/install/c1_driver/include/c1_driver/c1_driver/msg
-- Installing: /home/doanh/atlas_c1/install/c1_driver/include/c1_driver/c1_driver/msg/velquery.h
-- Installing: /home/doanh/atlas_c1/install/c1_driver/include/c1_driver/c1_driver/msg/rosidl_generator_c__visibility_control.h
-- Installing: /home/doanh/atlas_c1/install/c1_driver/include/c1_driver/c1_driver/msg/velinfo.h
-- Installing: /home/doanh/atlas_c1/install/c1_driver/include/c1_driver/c1_driver/msg/detail
-- Installing: /home/doanh/atlas_c1/install/c1_driver/include/c1_driver/c1_driver/msg/detail/velinfo__functions.h
-- Installing: /home/doanh/atlas_c1/install/c1_driver/include/c1_driver/c1_driver/msg/detail/velquery__struct.h
-- Installing: /home/doanh/atlas_c1/install/c1_driver/include/c1_driver/c1_driver/msg/detail/velinfo__functions.c
-- Installing: /home/doanh/atlas_c1/install/c1_driver/include/c1_driver/c1_driver/msg/detail/velinfo__struct.h
-- Installing: /home/doanh/atlas_c1/install/c1_driver/include/c1_driver/c1_driver/msg/detail/velinfo__type_support.h
-- Installing: /home/doanh/atlas_c1/install/c1_driver/include/c1_driver/c1_driver/msg/detail/velquery__type_support.h
-- Installing: /home/doanh/atlas_c1/install/c1_driver/include/c1_driver/c1_driver/msg/detail/velquery__functions.c
-- Installing: /home/doanh/atlas_c1/install/c1_driver/include/c1_driver/c1_driver/msg/detail/velquery__functions.h
-- Installing: /home/doanh/atlas_c1/install/c1_driver/share/c1_driver/environment/library_path.sh
-- Installing: /home/doanh/atlas_c1/install/c1_driver/share/c1_driver/environment/library_path.dsv
-- Installing: /home/doanh/atlas_c1/install/c1_driver/lib/libc1_driver__rosidl_generator_c.so
-- Set non-toolchain portion of runtime path of "/home/doanh/atlas_c1/install/c1_driver/lib/libc1_driver__rosidl_generator_c.so" to ""
-- Up-to-date: /home/doanh/atlas_c1/install/c1_driver/include/c1_driver/c1_driver
-- Up-to-date: /home/doanh/atlas_c1/install/c1_driver/include/c1_driver/c1_driver/msg
-- Up-to-date: /home/doanh/atlas_c1/install/c1_driver/include/c1_driver/c1_driver/msg/detail
-- Installing: /home/doanh/atlas_c1/install/c1_driver/include/c1_driver/c1_driver/msg/detail/velquery__rosidl_typesupport_fastrtps_c.h
-- Installing: /home/doanh/atlas_c1/install/c1_driver/include/c1_driver/c1_driver/msg/detail/velinfo__rosidl_typesupport_fastrtps_c.h
-- Installing: /home/doanh/atlas_c1/install/c1_driver/include/c1_driver/c1_driver/msg/rosidl_typesupport_fastrtps_c__visibility_control.h
-- Installing: /home/doanh/atlas_c1/install/c1_driver/lib/libc1_driver__rosidl_typesupport_fastrtps_c.so
-- Set non-toolchain portion of runtime path of "/home/doanh/atlas_c1/install/c1_driver/lib/libc1_driver__rosidl_typesupport_fastrtps_c.so" to ""
-- Up-to-date: /home/doanh/atlas_c1/install/c1_driver/include/c1_driver/c1_driver
-- Up-to-date: /home/doanh/atlas_c1/install/c1_driver/include/c1_driver/c1_driver/msg
-- Up-to-date: /home/doanh/atlas_c1/install/c1_driver/include/c1_driver/c1_driver/msg/detail
-- Installing: /home/doanh/atlas_c1/install/c1_driver/include/c1_driver/c1_driver/msg/detail/velinfo__rosidl_typesupport_introspection_c.h
-- Installing: /home/doanh/atlas_c1/install/c1_driver/include/c1_driver/c1_driver/msg/detail/velquery__type_support.c
-- Installing: /home/doanh/atlas_c1/install/c1_driver/include/c1_driver/c1_driver/msg/detail/velinfo__type_support.c
-- Installing: /home/doanh/atlas_c1/install/c1_driver/include/c1_driver/c1_driver/msg/detail/velquery__rosidl_typesupport_introspection_c.h
-- Installing: /home/doanh/atlas_c1/install/c1_driver/include/c1_driver/c1_driver/msg/rosidl_typesupport_introspection_c__visibility_control.h
-- Installing: /home/doanh/atlas_c1/install/c1_driver/lib/libc1_driver__rosidl_typesupport_introspection_c.so
-- Set non-toolchain portion of runtime path of "/home/doanh/atlas_c1/install/c1_driver/lib/libc1_driver__rosidl_typesupport_introspection_c.so" to ""
-- Installing: /home/doanh/atlas_c1/install/c1_driver/lib/libc1_driver__rosidl_typesupport_c.so
-- Set non-toolchain portion of runtime path of "/home/doanh/atlas_c1/install/c1_driver/lib/libc1_driver__rosidl_typesupport_c.so" to ""
-- Up-to-date: /home/doanh/atlas_c1/install/c1_driver/include/c1_driver/c1_driver
-- Up-to-date: /home/doanh/atlas_c1/install/c1_driver/include/c1_driver/c1_driver/msg
-- Installing: /home/doanh/atlas_c1/install/c1_driver/include/c1_driver/c1_driver/msg/velquery.hpp
-- Up-to-date: /home/doanh/atlas_c1/install/c1_driver/include/c1_driver/c1_driver/msg/detail
-- Installing: /home/doanh/atlas_c1/install/c1_driver/include/c1_driver/c1_driver/msg/detail/velinfo__traits.hpp
-- Installing: /home/doanh/atlas_c1/install/c1_driver/include/c1_driver/c1_driver/msg/detail/velquery__struct.hpp
-- Installing: /home/doanh/atlas_c1/install/c1_driver/include/c1_driver/c1_driver/msg/detail/velinfo__builder.hpp
-- Installing: /home/doanh/atlas_c1/install/c1_driver/include/c1_driver/c1_driver/msg/detail/velinfo__type_support.hpp
-- Installing: /home/doanh/atlas_c1/install/c1_driver/include/c1_driver/c1_driver/msg/detail/velinfo__struct.hpp
-- Installing: /home/doanh/atlas_c1/install/c1_driver/include/c1_driver/c1_driver/msg/detail/velquery__builder.hpp
-- Installing: /home/doanh/atlas_c1/install/c1_driver/include/c1_driver/c1_driver/msg/detail/velquery__traits.hpp
-- Installing: /home/doanh/atlas_c1/install/c1_driver/include/c1_driver/c1_driver/msg/detail/velquery__type_support.hpp
-- Installing: /home/doanh/atlas_c1/install/c1_driver/include/c1_driver/c1_driver/msg/rosidl_generator_cpp__visibility_control.hpp
-- Installing: /home/doanh/atlas_c1/install/c1_driver/include/c1_driver/c1_driver/msg/velinfo.hpp
-- Up-to-date: /home/doanh/atlas_c1/install/c1_driver/include/c1_driver/c1_driver
-- Up-to-date: /home/doanh/atlas_c1/install/c1_driver/include/c1_driver/c1_driver/msg
-- Up-to-date: /home/doanh/atlas_c1/install/c1_driver/include/c1_driver/c1_driver/msg/detail
-- Installing: /home/doanh/atlas_c1/install/c1_driver/include/c1_driver/c1_driver/msg/detail/velinfo__rosidl_typesupport_fastrtps_cpp.hpp
-- Installing: /home/doanh/atlas_c1/install/c1_driver/include/c1_driver/c1_driver/msg/detail/velquery__rosidl_typesupport_fastrtps_cpp.hpp
-- Installing: /home/doanh/atlas_c1/install/c1_driver/include/c1_driver/c1_driver/msg/detail/dds_fastrtps
-- Installing: /home/doanh/atlas_c1/install/c1_driver/include/c1_driver/c1_driver/msg/rosidl_typesupport_fastrtps_cpp__visibility_control.h
-- Installing: /home/doanh/atlas_c1/install/c1_driver/lib/libc1_driver__rosidl_typesupport_fastrtps_cpp.so
-- Set non-toolchain portion of runtime path of "/home/doanh/atlas_c1/install/c1_driver/lib/libc1_driver__rosidl_typesupport_fastrtps_cpp.so" to ""
-- Up-to-date: /home/doanh/atlas_c1/install/c1_driver/include/c1_driver/c1_driver
-- Up-to-date: /home/doanh/atlas_c1/install/c1_driver/include/c1_driver/c1_driver/msg
-- Up-to-date: /home/doanh/atlas_c1/install/c1_driver/include/c1_driver/c1_driver/msg/detail
-- Installing: /home/doanh/atlas_c1/install/c1_driver/include/c1_driver/c1_driver/msg/detail/velquery__type_support.cpp
-- Installing: /home/doanh/atlas_c1/install/c1_driver/include/c1_driver/c1_driver/msg/detail/velquery__rosidl_typesupport_introspection_cpp.hpp
-- Installing: /home/doanh/atlas_c1/install/c1_driver/include/c1_driver/c1_driver/msg/detail/velinfo__type_support.cpp
-- Installing: /home/doanh/atlas_c1/install/c1_driver/include/c1_driver/c1_driver/msg/detail/velinfo__rosidl_typesupport_introspection_cpp.hpp
-- Installing: /home/doanh/atlas_c1/install/c1_driver/lib/libc1_driver__rosidl_typesupport_introspection_cpp.so
-- Set non-toolchain portion of runtime path of "/home/doanh/atlas_c1/install/c1_driver/lib/libc1_driver__rosidl_typesupport_introspection_cpp.so" to ""
-- Installing: /home/doanh/atlas_c1/install/c1_driver/lib/libc1_driver__rosidl_typesupport_cpp.so
-- Set non-toolchain portion of runtime path of "/home/doanh/atlas_c1/install/c1_driver/lib/libc1_driver__rosidl_typesupport_cpp.so" to ""
-- Installing: /home/doanh/atlas_c1/install/c1_driver/share/c1_driver/environment/pythonpath.sh
-- Installing: /home/doanh/atlas_c1/install/c1_driver/share/c1_driver/environment/pythonpath.dsv
-- Installing: /home/doanh/atlas_c1/install/c1_driver/local/lib/python3.10/dist-packages/c1_driver-0.0.0-py3.10.egg-info
-- Installing: /home/doanh/atlas_c1/install/c1_driver/local/lib/python3.10/dist-packages/c1_driver-0.0.0-py3.10.egg-info/top_level.txt
-- Installing: /home/doanh/atlas_c1/install/c1_driver/local/lib/python3.10/dist-packages/c1_driver-0.0.0-py3.10.egg-info/PKG-INFO
-- Installing: /home/doanh/atlas_c1/install/c1_driver/local/lib/python3.10/dist-packages/c1_driver-0.0.0-py3.10.egg-info/dependency_links.txt
-- Installing: /home/doanh/atlas_c1/install/c1_driver/local/lib/python3.10/dist-packages/c1_driver-0.0.0-py3.10.egg-info/SOURCES.txt
-- Installing: /home/doanh/atlas_c1/install/c1_driver/local/lib/python3.10/dist-packages/c1_driver
-- Installing: /home/doanh/atlas_c1/install/c1_driver/local/lib/python3.10/dist-packages/c1_driver/__init__.py
-- Installing: /home/doanh/atlas_c1/install/c1_driver/local/lib/python3.10/dist-packages/c1_driver/_c1_driver_s.ep.rosidl_typesupport_fastrtps_c.c
-- Installing: /home/doanh/atlas_c1/install/c1_driver/local/lib/python3.10/dist-packages/c1_driver/c1_driver_s__rosidl_typesupport_c.cpython-310-x86_64-linux-gnu.so
-- Installing: /home/doanh/atlas_c1/install/c1_driver/local/lib/python3.10/dist-packages/c1_driver/_c1_driver_s.ep.rosidl_typesupport_introspection_c.c
-- Installing: /home/doanh/atlas_c1/install/c1_driver/local/lib/python3.10/dist-packages/c1_driver/msg
-- Installing: /home/doanh/atlas_c1/install/c1_driver/local/lib/python3.10/dist-packages/c1_driver/msg/__init__.py
-- Installing: /home/doanh/atlas_c1/install/c1_driver/local/lib/python3.10/dist-packages/c1_driver/msg/_velquery_s.c
-- Installing: /home/doanh/atlas_c1/install/c1_driver/local/lib/python3.10/dist-packages/c1_driver/msg/_velinfo_s.c
-- Installing: /home/doanh/atlas_c1/install/c1_driver/local/lib/python3.10/dist-packages/c1_driver/msg/_velquery.py
-- Installing: /home/doanh/atlas_c1/install/c1_driver/local/lib/python3.10/dist-packages/c1_driver/msg/_velinfo.py
-- Installing: /home/doanh/atlas_c1/install/c1_driver/local/lib/python3.10/dist-packages/c1_driver/_c1_driver_s.ep.rosidl_typesupport_c.c
-- Installing: /home/doanh/atlas_c1/install/c1_driver/local/lib/python3.10/dist-packages/c1_driver/c1_driver_s__rosidl_typesupport_introspection_c.cpython-310-x86_64-linux-gnu.so
-- Installing: /home/doanh/atlas_c1/install/c1_driver/local/lib/python3.10/dist-packages/c1_driver/libc1_driver__rosidl_generator_py.so
-- Installing: /home/doanh/atlas_c1/install/c1_driver/local/lib/python3.10/dist-packages/c1_driver/c1_driver_s__rosidl_typesupport_fastrtps_c.cpython-310-x86_64-linux-gnu.so
Listing '/home/doanh/atlas_c1/install/c1_driver/local/lib/python3.10/dist-packages/c1_driver'...
Compiling '/home/doanh/atlas_c1/install/c1_driver/local/lib/python3.10/dist-packages/c1_driver/__init__.py'...
Listing '/home/doanh/atlas_c1/install/c1_driver/local/lib/python3.10/dist-packages/c1_driver/msg'...
Compiling '/home/doanh/atlas_c1/install/c1_driver/local/lib/python3.10/dist-packages/c1_driver/msg/__init__.py'...
Compiling '/home/doanh/atlas_c1/install/c1_driver/local/lib/python3.10/dist-packages/c1_driver/msg/_velinfo.py'...
Compiling '/home/doanh/atlas_c1/install/c1_driver/local/lib/python3.10/dist-packages/c1_driver/msg/_velquery.py'...
-- Installing: /home/doanh/atlas_c1/install/c1_driver/local/lib/python3.10/dist-packages/c1_driver/c1_driver_s__rosidl_typesupport_fastrtps_c.cpython-310-x86_64-linux-gnu.so
-- Set non-toolchain portion of runtime path of "/home/doanh/atlas_c1/install/c1_driver/local/lib/python3.10/dist-packages/c1_driver/c1_driver_s__rosidl_typesupport_fastrtps_c.cpython-310-x86_64-linux-gnu.so" to ""
-- Installing: /home/doanh/atlas_c1/install/c1_driver/local/lib/python3.10/dist-packages/c1_driver/c1_driver_s__rosidl_typesupport_introspection_c.cpython-310-x86_64-linux-gnu.so
-- Set non-toolchain portion of runtime path of "/home/doanh/atlas_c1/install/c1_driver/local/lib/python3.10/dist-packages/c1_driver/c1_driver_s__rosidl_typesupport_introspection_c.cpython-310-x86_64-linux-gnu.so" to ""
-- Installing: /home/doanh/atlas_c1/install/c1_driver/local/lib/python3.10/dist-packages/c1_driver/c1_driver_s__rosidl_typesupport_c.cpython-310-x86_64-linux-gnu.so
-- Set non-toolchain portion of runtime path of "/home/doanh/atlas_c1/install/c1_driver/local/lib/python3.10/dist-packages/c1_driver/c1_driver_s__rosidl_typesupport_c.cpython-310-x86_64-linux-gnu.so" to ""
-- Installing: /home/doanh/atlas_c1/install/c1_driver/lib/libc1_driver__rosidl_generator_py.so
-- Set non-toolchain portion of runtime path of "/home/doanh/atlas_c1/install/c1_driver/lib/libc1_driver__rosidl_generator_py.so" to ""
-- Installing: /home/doanh/atlas_c1/install/c1_driver/share/ament_index/resource_index/rust_packages/c1_driver
-- Installing: /home/doanh/atlas_c1/install/c1_driver/share/c1_driver/rust
-- Installing: /home/doanh/atlas_c1/install/c1_driver/share/c1_driver/rust/src
-- Installing: /home/doanh/atlas_c1/install/c1_driver/share/c1_driver/rust/src/lib.rs
-- Installing: /home/doanh/atlas_c1/install/c1_driver/share/c1_driver/rust/src/msg
-- Installing: /home/doanh/atlas_c1/install/c1_driver/share/c1_driver/rust/src/msg/rmw.rs
-- Installing: /home/doanh/atlas_c1/install/c1_driver/share/c1_driver/rust/src/msg.rs
-- Installing: /home/doanh/atlas_c1/install/c1_driver/share/c1_driver/rust/build.rs
-- Installing: /home/doanh/atlas_c1/install/c1_driver/share/c1_driver/rust/Cargo.toml
-- Installing: /home/doanh/atlas_c1/install/c1_driver/share/c1_driver/msg/Velinfo.idl
-- Installing: /home/doanh/atlas_c1/install/c1_driver/share/c1_driver/msg/Velquery.idl
-- Installing: /home/doanh/atlas_c1/install/c1_driver/share/c1_driver/msg/Velinfo.msg
-- Installing: /home/doanh/atlas_c1/install/c1_driver/share/c1_driver/msg/Velquery.msg
-- Installing: /home/doanh/atlas_c1/install/c1_driver/share/c1_driver//launch
-- Installing: /home/doanh/atlas_c1/install/c1_driver/share/c1_driver//scripts
-- Installing: /home/doanh/atlas_c1/install/c1_driver/share/c1_driver//scripts/kinematic.py
-- Installing: /home/doanh/atlas_c1/install/c1_driver/share/c1_driver//scripts/ros_serial_bridge.py
-- Installing: /home/doanh/atlas_c1/install/c1_driver/lib/c1_driver/ros_serial_bridge.py
-- Installing: /home/doanh/atlas_c1/install/c1_driver/lib/c1_driver/kinematic.py
-- Installing: /home/doanh/atlas_c1/install/c1_driver/share/ament_index/resource_index/package_run_dependencies/c1_driver
-- Installing: /home/doanh/atlas_c1/install/c1_driver/share/ament_index/resource_index/parent_prefix_path/c1_driver
-- Installing: /home/doanh/atlas_c1/install/c1_driver/share/c1_driver/environment/ament_prefix_path.sh
-- Installing: /home/doanh/atlas_c1/install/c1_driver/share/c1_driver/environment/ament_prefix_path.dsv
-- Installing: /home/doanh/atlas_c1/install/c1_driver/share/c1_driver/environment/path.sh
-- Installing: /home/doanh/atlas_c1/install/c1_driver/share/c1_driver/environment/path.dsv
-- Installing: /home/doanh/atlas_c1/install/c1_driver/share/c1_driver/local_setup.bash
-- Installing: /home/doanh/atlas_c1/install/c1_driver/share/c1_driver/local_setup.sh
-- Installing: /home/doanh/atlas_c1/install/c1_driver/share/c1_driver/local_setup.zsh
-- Installing: /home/doanh/atlas_c1/install/c1_driver/share/c1_driver/local_setup.dsv
-- Installing: /home/doanh/atlas_c1/install/c1_driver/share/c1_driver/package.dsv
-- Installing: /home/doanh/atlas_c1/install/c1_driver/share/ament_index/resource_index/packages/c1_driver
-- Installing: /home/doanh/atlas_c1/install/c1_driver/share/c1_driver/cmake/export_c1_driver__rosidl_generator_cExport.cmake
-- Installing: /home/doanh/atlas_c1/install/c1_driver/share/c1_driver/cmake/export_c1_driver__rosidl_generator_cExport-noconfig.cmake
-- Installing: /home/doanh/atlas_c1/install/c1_driver/share/c1_driver/cmake/export_c1_driver__rosidl_typesupport_fastrtps_cExport.cmake
-- Installing: /home/doanh/atlas_c1/install/c1_driver/share/c1_driver/cmake/export_c1_driver__rosidl_typesupport_fastrtps_cExport-noconfig.cmake
-- Installing: /home/doanh/atlas_c1/install/c1_driver/share/c1_driver/cmake/c1_driver__rosidl_typesupport_introspection_cExport.cmake
-- Installing: /home/doanh/atlas_c1/install/c1_driver/share/c1_driver/cmake/c1_driver__rosidl_typesupport_introspection_cExport-noconfig.cmake
-- Installing: /home/doanh/atlas_c1/install/c1_driver/share/c1_driver/cmake/c1_driver__rosidl_typesupport_cExport.cmake
-- Installing: /home/doanh/atlas_c1/install/c1_driver/share/c1_driver/cmake/c1_driver__rosidl_typesupport_cExport-noconfig.cmake
-- Installing: /home/doanh/atlas_c1/install/c1_driver/share/c1_driver/cmake/export_c1_driver__rosidl_generator_cppExport.cmake
-- Installing: /home/doanh/atlas_c1/install/c1_driver/share/c1_driver/cmake/export_c1_driver__rosidl_typesupport_fastrtps_cppExport.cmake
-- Installing: /home/doanh/atlas_c1/install/c1_driver/share/c1_driver/cmake/export_c1_driver__rosidl_typesupport_fastrtps_cppExport-noconfig.cmake
-- Installing: /home/doanh/atlas_c1/install/c1_driver/share/c1_driver/cmake/c1_driver__rosidl_typesupport_introspection_cppExport.cmake
-- Installing: /home/doanh/atlas_c1/install/c1_driver/share/c1_driver/cmake/c1_driver__rosidl_typesupport_introspection_cppExport-noconfig.cmake
-- Installing: /home/doanh/atlas_c1/install/c1_driver/share/c1_driver/cmake/c1_driver__rosidl_typesupport_cppExport.cmake
-- Installing: /home/doanh/atlas_c1/install/c1_driver/share/c1_driver/cmake/c1_driver__rosidl_typesupport_cppExport-noconfig.cmake
-- Installing: /home/doanh/atlas_c1/install/c1_driver/share/c1_driver/cmake/export_c1_driver__rosidl_generator_pyExport.cmake
-- Installing: /home/doanh/atlas_c1/install/c1_driver/share/c1_driver/cmake/export_c1_driver__rosidl_generator_pyExport-noconfig.cmake
-- Installing: /home/doanh/atlas_c1/install/c1_driver/share/c1_driver/cmake/rosidl_cmake-extras.cmake
-- Installing: /home/doanh/atlas_c1/install/c1_driver/share/c1_driver/cmake/ament_cmake_export_include_directories-extras.cmake
-- Installing: /home/doanh/atlas_c1/install/c1_driver/share/c1_driver/cmake/ament_cmake_export_libraries-extras.cmake
-- Installing: /home/doanh/atlas_c1/install/c1_driver/share/c1_driver/cmake/ament_cmake_export_targets-extras.cmake
-- Installing: /home/doanh/atlas_c1/install/c1_driver/share/c1_driver/cmake/rosidl_cmake_export_typesupport_targets-extras.cmake
-- Installing: /home/doanh/atlas_c1/install/c1_driver/share/c1_driver/cmake/ament_cmake_export_dependencies-extras.cmake
-- Installing: /home/doanh/atlas_c1/install/c1_driver/share/c1_driver/cmake/rosidl_cmake_export_typesupport_libraries-extras.cmake
-- Installing: /home/doanh/atlas_c1/install/c1_driver/share/c1_driver/cmake/c1_driverConfig.cmake
-- Installing: /home/doanh/atlas_c1/install/c1_driver/share/c1_driver/cmake/c1_driverConfig-version.cmake
-- Installing: /home/doanh/atlas_c1/install/c1_driver/share/c1_driver/package.xml
