[0.014s] Invoking command in '/home/doanh/atlas_c1/build/c1_driver': CMAKE_PREFIX_PATH=${CMAKE_PREFIX_PATH}:/opt/ros/humble /home/doanh/.local/bin/cmake /home/doanh/atlas_c1/src/c1_driver -DCMAKE_INSTALL_PREFIX=/home/doanh/atlas_c1/install/c1_driver
[0.105s] -- The C compiler identification is GNU 12.3.0
[0.160s] -- The CXX compiler identification is GNU 11.4.0
[0.169s] -- Detecting C compiler ABI info
[0.215s] -- Detecting C compiler ABI info - done
[0.235s] -- Check for working C compiler: /usr/bin/cc - skipped
[0.236s] -- Detecting C compile features
[0.236s] -- Detecting C compile features - done
[0.246s] -- Detecting CXX compiler ABI info
[0.295s] -- Detecting CXX compiler ABI info - done
[0.307s] -- Check for working CXX compiler: /usr/bin/c++ - skipped
[0.308s] -- Detecting CXX compile features
[0.308s] -- Detecting CXX compile features - done
[0.315s] -- Found ament_cmake: 1.3.14 (/opt/ros/humble/share/ament_cmake/cmake)
[0.436s] -- Found Python3: /usr/bin/python3 (found version "3.10.12") found components: Interpreter
[0.527s] -- Found rosidl_default_generators: 1.2.1 (/opt/ros/humble/share/rosidl_default_generators/cmake)
[0.530s] -- Using all available rosidl_typesupport_c: rosidl_typesupport_fastrtps_c;rosidl_typesupport_introspection_c
[0.537s] -- Found rosidl_adapter: 3.1.8 (/opt/ros/humble/share/rosidl_adapter/cmake)
[0.589s] -- Using all available rosidl_typesupport_cpp: rosidl_typesupport_fastrtps_cpp;rosidl_typesupport_introspection_cpp
[0.950s] -- Found ament_cmake_ros: 0.10.0 (/opt/ros/humble/share/ament_cmake_ros/cmake)
[1.286s] -- Using all available rosidl_typesupport_c: rosidl_typesupport_fastrtps_c;rosidl_typesupport_introspection_c
[1.775s] -- Using all available rosidl_typesupport_cpp: rosidl_typesupport_fastrtps_cpp;rosidl_typesupport_introspection_cpp
[1.778s] [33mCMake Warning (dev) at /opt/ros/humble/share/rosidl_generator_py/cmake/rosidl_generator_py_generate_interfaces.cmake:20 (find_package):
[1.778s]   Policy CMP0148 is not set: The FindPythonInterp and FindPythonLibs modules
[1.778s]   are removed.  Run "cmake --help-policy CMP0148" for policy details.  Use
[1.778s]   the cmake_policy command to set the policy and suppress this warning.
[1.778s] 
[1.778s] Call Stack (most recent call first):
[1.779s]   /opt/ros/humble/share/ament_cmake_core/cmake/core/ament_execute_extensions.cmake:48 (include)
[1.779s]   /opt/ros/humble/share/rosidl_cmake/cmake/rosidl_generate_interfaces.cmake:286 (ament_execute_extensions)
[1.779s]   CMakeLists.txt:12 (rosidl_generate_interfaces)
[1.779s] This warning is for project developers.  Use -Wno-dev to suppress it.
[1.779s] [0m
[1.798s] -- Found PythonInterp: /usr/bin/python3 (found suitable version "3.10.12", minimum required is "3.6")
[1.800s] -- Found python_cmake_module: 0.10.0 (/opt/ros/humble/share/python_cmake_module/cmake)
[1.801s] [33mCMake Warning (dev) at /opt/ros/humble/share/python_cmake_module/cmake/Modules/FindPythonExtra.cmake:52 (find_package):
[1.801s]   Policy CMP0148 is not set: The FindPythonInterp and FindPythonLibs modules
[1.801s]   are removed.  Run "cmake --help-policy CMP0148" for policy details.  Use
[1.801s]   the cmake_policy command to set the policy and suppress this warning.
[1.801s] 
[1.801s] Call Stack (most recent call first):
[1.801s]   /opt/ros/humble/share/rosidl_generator_py/cmake/rosidl_generator_py_generate_interfaces.cmake:23 (find_package)
[1.802s]   /opt/ros/humble/share/ament_cmake_core/cmake/core/ament_execute_extensions.cmake:48 (include)
[1.802s]   /opt/ros/humble/share/rosidl_cmake/cmake/rosidl_generate_interfaces.cmake:286 (ament_execute_extensions)
[1.802s]   CMakeLists.txt:12 (rosidl_generate_interfaces)
[1.802s] This warning is for project developers.  Use -Wno-dev to suppress it.
[1.802s] [0m
[1.820s] [33mCMake Warning (dev) at /opt/ros/humble/share/python_cmake_module/cmake/Modules/FindPythonExtra.cmake:140 (find_package):
[1.820s]   Policy CMP0148 is not set: The FindPythonInterp and FindPythonLibs modules
[1.820s]   are removed.  Run "cmake --help-policy CMP0148" for policy details.  Use
[1.820s]   the cmake_policy command to set the policy and suppress this warning.
[1.820s] 
[1.820s] Call Stack (most recent call first):
[1.820s]   /opt/ros/humble/share/rosidl_generator_py/cmake/rosidl_generator_py_generate_interfaces.cmake:23 (find_package)
[1.820s]   /opt/ros/humble/share/ament_cmake_core/cmake/core/ament_execute_extensions.cmake:48 (include)
[1.820s]   /opt/ros/humble/share/rosidl_cmake/cmake/rosidl_generate_interfaces.cmake:286 (ament_execute_extensions)
[1.820s]   CMakeLists.txt:12 (rosidl_generate_interfaces)
[1.820s] This warning is for project developers.  Use -Wno-dev to suppress it.
[1.820s] [0m
[1.834s] -- Found PythonLibs: /usr/lib/x86_64-linux-gnu/libpython3.10.so (found suitable version "3.10.12", minimum required is "3.5")
[1.834s] -- Using PYTHON_EXECUTABLE: /usr/bin/python3
[1.834s] -- Using PYTHON_INCLUDE_DIRS: /usr/include/python3.10
[1.834s] -- Using PYTHON_LIBRARIES: /usr/lib/x86_64-linux-gnu/libpython3.10.so
[1.852s] -- Found PythonExtra: .so
[1.998s] -- Found ament_lint_auto: 0.12.15 (/opt/ros/humble/share/ament_lint_auto/cmake)
[2.017s] -- Added test 'flake8' to check Python code syntax and style conventions
[2.018s] -- Added test 'lint_cmake' to check CMake code style
[2.019s] -- Added test 'pep257' to check Python code against some of the docstring style conventions in PEP 257
[2.020s] -- Added test 'xmllint' to check XML markup files
[2.023s] -- Configuring done (2.0s)
[2.061s] -- Generating done (0.0s)
[2.069s] -- Build files have been written to: /home/doanh/atlas_c1/build/c1_driver
[2.083s] Invoked command in '/home/doanh/atlas_c1/build/c1_driver' returned '0': CMAKE_PREFIX_PATH=${CMAKE_PREFIX_PATH}:/opt/ros/humble /home/doanh/.local/bin/cmake /home/doanh/atlas_c1/src/c1_driver -DCMAKE_INSTALL_PREFIX=/home/doanh/atlas_c1/install/c1_driver
[2.085s] Invoking command in '/home/doanh/atlas_c1/build/c1_driver': CMAKE_PREFIX_PATH=${CMAKE_PREFIX_PATH}:/opt/ros/humble /home/doanh/.local/bin/cmake --build /home/doanh/atlas_c1/build/c1_driver -- -j12 -l12
[2.159s] [  2%] [1m[34mGenerating C code for ROS interfaces[0m
[2.164s] [  5%] [1m[34mGenerating Rust code for ROS interfaces[0m
[2.165s] [  7%] [1m[34mGenerating C++ code for ROS interfaces[0m
[2.168s] [  7%] [0mBuilt target ament_cmake_python_copy_c1_driver[0m
[2.498s] [  7%] [0mBuilt target c1_driver__rs[0m
[2.536s] running egg_info
[2.536s] creating c1_driver.egg-info
[2.537s] writing c1_driver.egg-info/PKG-INFO
[2.537s] writing dependency_links to c1_driver.egg-info/dependency_links.txt
[2.537s] writing top-level names to c1_driver.egg-info/top_level.txt
[2.537s] writing manifest file 'c1_driver.egg-info/SOURCES.txt'
[2.541s] reading manifest file 'c1_driver.egg-info/SOURCES.txt'
[2.541s] writing manifest file 'c1_driver.egg-info/SOURCES.txt'
[2.575s] [  7%] [0mBuilt target ament_cmake_python_build_c1_driver_egg[0m
[2.578s] [  7%] [0mBuilt target c1_driver__cpp[0m
[2.584s] [ 10%] [1m[34mGenerating C++ type support dispatch for ROS interfaces[0m
[2.584s] [ 12%] [1m[34mGenerating C++ introspection for ROS interfaces[0m
[2.586s] [ 15%] [1m[34mGenerating C++ type support for eProsima Fast-RTPS[0m
[2.614s] [ 20%] [32mBuilding C object CMakeFiles/c1_driver__rosidl_generator_c.dir/rosidl_generator_c/c1_driver/msg/detail/velquery__functions.c.o[0m
[2.614s] [ 20%] [32mBuilding C object CMakeFiles/c1_driver__rosidl_generator_c.dir/rosidl_generator_c/c1_driver/msg/detail/velinfo__functions.c.o[0m
[2.680s] [ 22%] [1m[32mLinking C shared library libc1_driver__rosidl_generator_c.so[0m
[2.710s] [ 22%] [0mBuilt target c1_driver__rosidl_generator_c[0m
[2.717s] [ 25%] [1m[34mGenerating C introspection for ROS interfaces[0m
[2.717s] [ 27%] [1m[34mGenerating C type support dispatch for ROS interfaces[0m
[2.724s] [ 30%] [1m[34mGenerating C type support for eProsima Fast-RTPS[0m
[2.969s] [ 35%] [32mBuilding CXX object CMakeFiles/c1_driver__rosidl_typesupport_cpp.dir/rosidl_typesupport_cpp/c1_driver/msg/velquery__type_support.cpp.o[0m
[2.969s] [ 35%] [32mBuilding CXX object CMakeFiles/c1_driver__rosidl_typesupport_cpp.dir/rosidl_typesupport_cpp/c1_driver/msg/velinfo__type_support.cpp.o[0m
[2.995s] [ 37%] [32mBuilding CXX object CMakeFiles/c1_driver__rosidl_typesupport_introspection_cpp.dir/rosidl_typesupport_introspection_cpp/c1_driver/msg/detail/velinfo__type_support.cpp.o[0m
[2.996s] [ 40%] [32mBuilding CXX object CMakeFiles/c1_driver__rosidl_typesupport_introspection_cpp.dir/rosidl_typesupport_introspection_cpp/c1_driver/msg/detail/velquery__type_support.cpp.o[0m
[3.033s] [ 42%] [32mBuilding CXX object CMakeFiles/c1_driver__rosidl_typesupport_fastrtps_cpp.dir/rosidl_typesupport_fastrtps_cpp/c1_driver/msg/detail/dds_fastrtps/velinfo__type_support.cpp.o[0m
[3.033s] [ 45%] [32mBuilding CXX object CMakeFiles/c1_driver__rosidl_typesupport_fastrtps_cpp.dir/rosidl_typesupport_fastrtps_cpp/c1_driver/msg/detail/dds_fastrtps/velquery__type_support.cpp.o[0m
[3.077s] [ 47%] [32mBuilding CXX object CMakeFiles/c1_driver__rosidl_typesupport_c.dir/rosidl_typesupport_c/c1_driver/msg/velinfo__type_support.cpp.o[0m
[3.085s] [ 50%] [32mBuilding CXX object CMakeFiles/c1_driver__rosidl_typesupport_c.dir/rosidl_typesupport_c/c1_driver/msg/velquery__type_support.cpp.o[0m
[3.153s] [ 52%] [1m[32mLinking CXX shared library libc1_driver__rosidl_typesupport_c.so[0m
[3.153s] [ 55%] [32mBuilding C object CMakeFiles/c1_driver__rosidl_typesupport_introspection_c.dir/rosidl_typesupport_introspection_c/c1_driver/msg/detail/velinfo__type_support.c.o[0m
[3.159s] [ 57%] [32mBuilding C object CMakeFiles/c1_driver__rosidl_typesupport_introspection_c.dir/rosidl_typesupport_introspection_c/c1_driver/msg/detail/velquery__type_support.c.o[0m
[3.159s] [ 60%] [32mBuilding CXX object CMakeFiles/c1_driver__rosidl_typesupport_fastrtps_c.dir/rosidl_typesupport_fastrtps_c/c1_driver/msg/detail/velinfo__type_support_c.cpp.o[0m
[3.163s] [ 62%] [32mBuilding CXX object CMakeFiles/c1_driver__rosidl_typesupport_fastrtps_c.dir/rosidl_typesupport_fastrtps_c/c1_driver/msg/detail/velquery__type_support_c.cpp.o[0m
[3.234s] [ 62%] [0mBuilt target c1_driver__rosidl_typesupport_c[0m
[3.243s] [ 65%] [1m[32mLinking C shared library libc1_driver__rosidl_typesupport_introspection_c.so[0m
[3.303s] [ 65%] [0mBuilt target c1_driver__rosidl_typesupport_introspection_c[0m
[3.341s] [ 67%] [1m[32mLinking CXX shared library libc1_driver__rosidl_typesupport_cpp.so[0m
[3.385s] [ 67%] [0mBuilt target c1_driver__rosidl_typesupport_cpp[0m
[3.510s] [ 70%] [1m[32mLinking CXX shared library libc1_driver__rosidl_typesupport_introspection_cpp.so[0m
[3.560s] [ 70%] [0mBuilt target c1_driver__rosidl_typesupport_introspection_cpp[0m
[3.599s] [ 72%] [1m[32mLinking CXX shared library libc1_driver__rosidl_typesupport_fastrtps_c.so[0m
[3.641s] [ 75%] [1m[32mLinking CXX shared library libc1_driver__rosidl_typesupport_fastrtps_cpp.so[0m
[3.663s] [ 75%] [0mBuilt target c1_driver__rosidl_typesupport_fastrtps_c[0m
[3.700s] [ 75%] [0mBuilt target c1_driver__rosidl_typesupport_fastrtps_cpp[0m
[3.708s] [ 75%] [0mBuilt target c1_driver[0m
[3.716s] [ 77%] [1m[34mGenerating Python code for ROS interfaces[0m
[4.060s] [ 77%] [0mBuilt target c1_driver__py[0m
[4.068s] [ 80%] [32mBuilding C object CMakeFiles/c1_driver__rosidl_generator_py.dir/rosidl_generator_py/c1_driver/msg/_velinfo_s.c.o[0m
[4.069s] [ 82%] [32mBuilding C object CMakeFiles/c1_driver__rosidl_generator_py.dir/rosidl_generator_py/c1_driver/msg/_velquery_s.c.o[0m
[4.213s] [ 85%] [1m[32mLinking C shared library rosidl_generator_py/c1_driver/libc1_driver__rosidl_generator_py.so[0m
[4.237s] [ 85%] [0mBuilt target c1_driver__rosidl_generator_py[0m
[4.247s] [ 87%] [32mBuilding C object CMakeFiles/c1_driver__rosidl_typesupport_fastrtps_c__pyext.dir/rosidl_generator_py/c1_driver/_c1_driver_s.ep.rosidl_typesupport_fastrtps_c.c.o[0m
[4.248s] [ 90%] [32mBuilding C object CMakeFiles/c1_driver__rosidl_typesupport_introspection_c__pyext.dir/rosidl_generator_py/c1_driver/_c1_driver_s.ep.rosidl_typesupport_introspection_c.c.o[0m
[4.248s] [ 92%] [32mBuilding C object CMakeFiles/c1_driver__rosidl_typesupport_c__pyext.dir/rosidl_generator_py/c1_driver/_c1_driver_s.ep.rosidl_typesupport_c.c.o[0m
[4.329s] [ 95%] [1m[32mLinking C shared library rosidl_generator_py/c1_driver/c1_driver_s__rosidl_typesupport_fastrtps_c.cpython-310-x86_64-linux-gnu.so[0m
[4.348s] [ 95%] [0mBuilt target c1_driver__rosidl_typesupport_fastrtps_c__pyext[0m
[4.381s] [ 97%] [1m[32mLinking C shared library rosidl_generator_py/c1_driver/c1_driver_s__rosidl_typesupport_introspection_c.cpython-310-x86_64-linux-gnu.so[0m
[4.381s] [100%] [1m[32mLinking C shared library rosidl_generator_py/c1_driver/c1_driver_s__rosidl_typesupport_c.cpython-310-x86_64-linux-gnu.so[0m
[4.400s] [100%] [0mBuilt target c1_driver__rosidl_typesupport_c__pyext[0m
[4.404s] [100%] [0mBuilt target c1_driver__rosidl_typesupport_introspection_c__pyext[0m
[4.409s] Invoked command in '/home/doanh/atlas_c1/build/c1_driver' returned '0': CMAKE_PREFIX_PATH=${CMAKE_PREFIX_PATH}:/opt/ros/humble /home/doanh/.local/bin/cmake --build /home/doanh/atlas_c1/build/c1_driver -- -j12 -l12
[4.411s] Invoking command in '/home/doanh/atlas_c1/build/c1_driver': CMAKE_PREFIX_PATH=${CMAKE_PREFIX_PATH}:/opt/ros/humble /home/doanh/.local/bin/cmake --install /home/doanh/atlas_c1/build/c1_driver
[4.479s] -- Install configuration: ""
[4.479s] -- Installing: /home/doanh/atlas_c1/install/c1_driver/share/ament_index/resource_index/rosidl_interfaces/c1_driver
[4.479s] -- Installing: /home/doanh/atlas_c1/install/c1_driver/include/c1_driver/c1_driver
[4.479s] -- Installing: /home/doanh/atlas_c1/install/c1_driver/include/c1_driver/c1_driver/msg
[4.479s] -- Installing: /home/doanh/atlas_c1/install/c1_driver/include/c1_driver/c1_driver/msg/velquery.h
[4.479s] -- Installing: /home/doanh/atlas_c1/install/c1_driver/include/c1_driver/c1_driver/msg/rosidl_generator_c__visibility_control.h
[4.479s] -- Installing: /home/doanh/atlas_c1/install/c1_driver/include/c1_driver/c1_driver/msg/velinfo.h
[4.479s] -- Installing: /home/doanh/atlas_c1/install/c1_driver/include/c1_driver/c1_driver/msg/detail
[4.479s] -- Installing: /home/doanh/atlas_c1/install/c1_driver/include/c1_driver/c1_driver/msg/detail/velinfo__functions.h
[4.479s] -- Installing: /home/doanh/atlas_c1/install/c1_driver/include/c1_driver/c1_driver/msg/detail/velquery__struct.h
[4.480s] -- Installing: /home/doanh/atlas_c1/install/c1_driver/include/c1_driver/c1_driver/msg/detail/velinfo__functions.c
[4.480s] -- Installing: /home/doanh/atlas_c1/install/c1_driver/include/c1_driver/c1_driver/msg/detail/velinfo__struct.h
[4.480s] -- Installing: /home/doanh/atlas_c1/install/c1_driver/include/c1_driver/c1_driver/msg/detail/velinfo__type_support.h
[4.480s] -- Installing: /home/doanh/atlas_c1/install/c1_driver/include/c1_driver/c1_driver/msg/detail/velquery__type_support.h
[4.480s] -- Installing: /home/doanh/atlas_c1/install/c1_driver/include/c1_driver/c1_driver/msg/detail/velquery__functions.c
[4.480s] -- Installing: /home/doanh/atlas_c1/install/c1_driver/include/c1_driver/c1_driver/msg/detail/velquery__functions.h
[4.480s] -- Installing: /home/doanh/atlas_c1/install/c1_driver/share/c1_driver/environment/library_path.sh
[4.480s] -- Installing: /home/doanh/atlas_c1/install/c1_driver/share/c1_driver/environment/library_path.dsv
[4.480s] -- Installing: /home/doanh/atlas_c1/install/c1_driver/lib/libc1_driver__rosidl_generator_c.so
[4.480s] -- Set non-toolchain portion of runtime path of "/home/doanh/atlas_c1/install/c1_driver/lib/libc1_driver__rosidl_generator_c.so" to ""
[4.480s] -- Up-to-date: /home/doanh/atlas_c1/install/c1_driver/include/c1_driver/c1_driver
[4.481s] -- Up-to-date: /home/doanh/atlas_c1/install/c1_driver/include/c1_driver/c1_driver/msg
[4.481s] -- Up-to-date: /home/doanh/atlas_c1/install/c1_driver/include/c1_driver/c1_driver/msg/detail
[4.481s] -- Installing: /home/doanh/atlas_c1/install/c1_driver/include/c1_driver/c1_driver/msg/detail/velquery__rosidl_typesupport_fastrtps_c.h
[4.481s] -- Installing: /home/doanh/atlas_c1/install/c1_driver/include/c1_driver/c1_driver/msg/detail/velinfo__rosidl_typesupport_fastrtps_c.h
[4.481s] -- Installing: /home/doanh/atlas_c1/install/c1_driver/include/c1_driver/c1_driver/msg/rosidl_typesupport_fastrtps_c__visibility_control.h
[4.481s] -- Installing: /home/doanh/atlas_c1/install/c1_driver/lib/libc1_driver__rosidl_typesupport_fastrtps_c.so
[4.481s] -- Set non-toolchain portion of runtime path of "/home/doanh/atlas_c1/install/c1_driver/lib/libc1_driver__rosidl_typesupport_fastrtps_c.so" to ""
[4.481s] -- Up-to-date: /home/doanh/atlas_c1/install/c1_driver/include/c1_driver/c1_driver
[4.481s] -- Up-to-date: /home/doanh/atlas_c1/install/c1_driver/include/c1_driver/c1_driver/msg
[4.481s] -- Up-to-date: /home/doanh/atlas_c1/install/c1_driver/include/c1_driver/c1_driver/msg/detail
[4.481s] -- Installing: /home/doanh/atlas_c1/install/c1_driver/include/c1_driver/c1_driver/msg/detail/velinfo__rosidl_typesupport_introspection_c.h
[4.481s] -- Installing: /home/doanh/atlas_c1/install/c1_driver/include/c1_driver/c1_driver/msg/detail/velquery__type_support.c
[4.482s] -- Installing: /home/doanh/atlas_c1/install/c1_driver/include/c1_driver/c1_driver/msg/detail/velinfo__type_support.c
[4.482s] -- Installing: /home/doanh/atlas_c1/install/c1_driver/include/c1_driver/c1_driver/msg/detail/velquery__rosidl_typesupport_introspection_c.h
[4.482s] -- Installing: /home/doanh/atlas_c1/install/c1_driver/include/c1_driver/c1_driver/msg/rosidl_typesupport_introspection_c__visibility_control.h
[4.482s] -- Installing: /home/doanh/atlas_c1/install/c1_driver/lib/libc1_driver__rosidl_typesupport_introspection_c.so
[4.482s] -- Set non-toolchain portion of runtime path of "/home/doanh/atlas_c1/install/c1_driver/lib/libc1_driver__rosidl_typesupport_introspection_c.so" to ""
[4.482s] -- Installing: /home/doanh/atlas_c1/install/c1_driver/lib/libc1_driver__rosidl_typesupport_c.so
[4.482s] -- Set non-toolchain portion of runtime path of "/home/doanh/atlas_c1/install/c1_driver/lib/libc1_driver__rosidl_typesupport_c.so" to ""
[4.482s] -- Up-to-date: /home/doanh/atlas_c1/install/c1_driver/include/c1_driver/c1_driver
[4.482s] -- Up-to-date: /home/doanh/atlas_c1/install/c1_driver/include/c1_driver/c1_driver/msg
[4.482s] -- Installing: /home/doanh/atlas_c1/install/c1_driver/include/c1_driver/c1_driver/msg/velquery.hpp
[4.482s] -- Up-to-date: /home/doanh/atlas_c1/install/c1_driver/include/c1_driver/c1_driver/msg/detail
[4.483s] -- Installing: /home/doanh/atlas_c1/install/c1_driver/include/c1_driver/c1_driver/msg/detail/velinfo__traits.hpp
[4.483s] -- Installing: /home/doanh/atlas_c1/install/c1_driver/include/c1_driver/c1_driver/msg/detail/velquery__struct.hpp
[4.483s] -- Installing: /home/doanh/atlas_c1/install/c1_driver/include/c1_driver/c1_driver/msg/detail/velinfo__builder.hpp
[4.483s] -- Installing: /home/doanh/atlas_c1/install/c1_driver/include/c1_driver/c1_driver/msg/detail/velinfo__type_support.hpp
[4.483s] -- Installing: /home/doanh/atlas_c1/install/c1_driver/include/c1_driver/c1_driver/msg/detail/velinfo__struct.hpp
[4.483s] -- Installing: /home/doanh/atlas_c1/install/c1_driver/include/c1_driver/c1_driver/msg/detail/velquery__builder.hpp
[4.483s] -- Installing: /home/doanh/atlas_c1/install/c1_driver/include/c1_driver/c1_driver/msg/detail/velquery__traits.hpp
[4.483s] -- Installing: /home/doanh/atlas_c1/install/c1_driver/include/c1_driver/c1_driver/msg/detail/velquery__type_support.hpp
[4.483s] -- Installing: /home/doanh/atlas_c1/install/c1_driver/include/c1_driver/c1_driver/msg/rosidl_generator_cpp__visibility_control.hpp
[4.483s] -- Installing: /home/doanh/atlas_c1/install/c1_driver/include/c1_driver/c1_driver/msg/velinfo.hpp
[4.483s] -- Up-to-date: /home/doanh/atlas_c1/install/c1_driver/include/c1_driver/c1_driver
[4.483s] -- Up-to-date: /home/doanh/atlas_c1/install/c1_driver/include/c1_driver/c1_driver/msg
[4.484s] -- Up-to-date: /home/doanh/atlas_c1/install/c1_driver/include/c1_driver/c1_driver/msg/detail
[4.484s] -- Installing: /home/doanh/atlas_c1/install/c1_driver/include/c1_driver/c1_driver/msg/detail/velinfo__rosidl_typesupport_fastrtps_cpp.hpp
[4.484s] -- Installing: /home/doanh/atlas_c1/install/c1_driver/include/c1_driver/c1_driver/msg/detail/velquery__rosidl_typesupport_fastrtps_cpp.hpp
[4.484s] -- Installing: /home/doanh/atlas_c1/install/c1_driver/include/c1_driver/c1_driver/msg/detail/dds_fastrtps
[4.484s] -- Installing: /home/doanh/atlas_c1/install/c1_driver/include/c1_driver/c1_driver/msg/rosidl_typesupport_fastrtps_cpp__visibility_control.h
[4.484s] -- Installing: /home/doanh/atlas_c1/install/c1_driver/lib/libc1_driver__rosidl_typesupport_fastrtps_cpp.so
[4.484s] -- Set non-toolchain portion of runtime path of "/home/doanh/atlas_c1/install/c1_driver/lib/libc1_driver__rosidl_typesupport_fastrtps_cpp.so" to ""
[4.484s] -- Up-to-date: /home/doanh/atlas_c1/install/c1_driver/include/c1_driver/c1_driver
[4.484s] -- Up-to-date: /home/doanh/atlas_c1/install/c1_driver/include/c1_driver/c1_driver/msg
[4.484s] -- Up-to-date: /home/doanh/atlas_c1/install/c1_driver/include/c1_driver/c1_driver/msg/detail
[4.484s] -- Installing: /home/doanh/atlas_c1/install/c1_driver/include/c1_driver/c1_driver/msg/detail/velquery__type_support.cpp
[4.484s] -- Installing: /home/doanh/atlas_c1/install/c1_driver/include/c1_driver/c1_driver/msg/detail/velquery__rosidl_typesupport_introspection_cpp.hpp
[4.484s] -- Installing: /home/doanh/atlas_c1/install/c1_driver/include/c1_driver/c1_driver/msg/detail/velinfo__type_support.cpp
[4.485s] -- Installing: /home/doanh/atlas_c1/install/c1_driver/include/c1_driver/c1_driver/msg/detail/velinfo__rosidl_typesupport_introspection_cpp.hpp
[4.485s] -- Installing: /home/doanh/atlas_c1/install/c1_driver/lib/libc1_driver__rosidl_typesupport_introspection_cpp.so
[4.485s] -- Set non-toolchain portion of runtime path of "/home/doanh/atlas_c1/install/c1_driver/lib/libc1_driver__rosidl_typesupport_introspection_cpp.so" to ""
[4.485s] -- Installing: /home/doanh/atlas_c1/install/c1_driver/lib/libc1_driver__rosidl_typesupport_cpp.so
[4.485s] -- Set non-toolchain portion of runtime path of "/home/doanh/atlas_c1/install/c1_driver/lib/libc1_driver__rosidl_typesupport_cpp.so" to ""
[4.485s] -- Installing: /home/doanh/atlas_c1/install/c1_driver/share/c1_driver/environment/pythonpath.sh
[4.485s] -- Installing: /home/doanh/atlas_c1/install/c1_driver/share/c1_driver/environment/pythonpath.dsv
[4.485s] -- Installing: /home/doanh/atlas_c1/install/c1_driver/local/lib/python3.10/dist-packages/c1_driver-0.0.0-py3.10.egg-info
[4.485s] -- Installing: /home/doanh/atlas_c1/install/c1_driver/local/lib/python3.10/dist-packages/c1_driver-0.0.0-py3.10.egg-info/top_level.txt
[4.485s] -- Installing: /home/doanh/atlas_c1/install/c1_driver/local/lib/python3.10/dist-packages/c1_driver-0.0.0-py3.10.egg-info/PKG-INFO
[4.485s] -- Installing: /home/doanh/atlas_c1/install/c1_driver/local/lib/python3.10/dist-packages/c1_driver-0.0.0-py3.10.egg-info/dependency_links.txt
[4.485s] -- Installing: /home/doanh/atlas_c1/install/c1_driver/local/lib/python3.10/dist-packages/c1_driver-0.0.0-py3.10.egg-info/SOURCES.txt
[4.486s] -- Installing: /home/doanh/atlas_c1/install/c1_driver/local/lib/python3.10/dist-packages/c1_driver
[4.486s] -- Installing: /home/doanh/atlas_c1/install/c1_driver/local/lib/python3.10/dist-packages/c1_driver/__init__.py
[4.486s] -- Installing: /home/doanh/atlas_c1/install/c1_driver/local/lib/python3.10/dist-packages/c1_driver/_c1_driver_s.ep.rosidl_typesupport_fastrtps_c.c
[4.486s] -- Installing: /home/doanh/atlas_c1/install/c1_driver/local/lib/python3.10/dist-packages/c1_driver/c1_driver_s__rosidl_typesupport_c.cpython-310-x86_64-linux-gnu.so
[4.486s] -- Installing: /home/doanh/atlas_c1/install/c1_driver/local/lib/python3.10/dist-packages/c1_driver/_c1_driver_s.ep.rosidl_typesupport_introspection_c.c
[4.486s] -- Installing: /home/doanh/atlas_c1/install/c1_driver/local/lib/python3.10/dist-packages/c1_driver/msg
[4.486s] -- Installing: /home/doanh/atlas_c1/install/c1_driver/local/lib/python3.10/dist-packages/c1_driver/msg/__init__.py
[4.486s] -- Installing: /home/doanh/atlas_c1/install/c1_driver/local/lib/python3.10/dist-packages/c1_driver/msg/_velquery_s.c
[4.486s] -- Installing: /home/doanh/atlas_c1/install/c1_driver/local/lib/python3.10/dist-packages/c1_driver/msg/_velinfo_s.c
[4.486s] -- Installing: /home/doanh/atlas_c1/install/c1_driver/local/lib/python3.10/dist-packages/c1_driver/msg/_velquery.py
[4.486s] -- Installing: /home/doanh/atlas_c1/install/c1_driver/local/lib/python3.10/dist-packages/c1_driver/msg/_velinfo.py
[4.486s] -- Installing: /home/doanh/atlas_c1/install/c1_driver/local/lib/python3.10/dist-packages/c1_driver/_c1_driver_s.ep.rosidl_typesupport_c.c
[4.486s] -- Installing: /home/doanh/atlas_c1/install/c1_driver/local/lib/python3.10/dist-packages/c1_driver/c1_driver_s__rosidl_typesupport_introspection_c.cpython-310-x86_64-linux-gnu.so
[4.487s] -- Installing: /home/doanh/atlas_c1/install/c1_driver/local/lib/python3.10/dist-packages/c1_driver/libc1_driver__rosidl_generator_py.so
[4.487s] -- Installing: /home/doanh/atlas_c1/install/c1_driver/local/lib/python3.10/dist-packages/c1_driver/c1_driver_s__rosidl_typesupport_fastrtps_c.cpython-310-x86_64-linux-gnu.so
[4.515s] Listing '/home/doanh/atlas_c1/install/c1_driver/local/lib/python3.10/dist-packages/c1_driver'...
[4.516s] Compiling '/home/doanh/atlas_c1/install/c1_driver/local/lib/python3.10/dist-packages/c1_driver/__init__.py'...
[4.516s] Listing '/home/doanh/atlas_c1/install/c1_driver/local/lib/python3.10/dist-packages/c1_driver/msg'...
[4.516s] Compiling '/home/doanh/atlas_c1/install/c1_driver/local/lib/python3.10/dist-packages/c1_driver/msg/__init__.py'...
[4.516s] Compiling '/home/doanh/atlas_c1/install/c1_driver/local/lib/python3.10/dist-packages/c1_driver/msg/_velinfo.py'...
[4.516s] Compiling '/home/doanh/atlas_c1/install/c1_driver/local/lib/python3.10/dist-packages/c1_driver/msg/_velquery.py'...
[4.520s] -- Installing: /home/doanh/atlas_c1/install/c1_driver/local/lib/python3.10/dist-packages/c1_driver/c1_driver_s__rosidl_typesupport_fastrtps_c.cpython-310-x86_64-linux-gnu.so
[4.520s] -- Set non-toolchain portion of runtime path of "/home/doanh/atlas_c1/install/c1_driver/local/lib/python3.10/dist-packages/c1_driver/c1_driver_s__rosidl_typesupport_fastrtps_c.cpython-310-x86_64-linux-gnu.so" to ""
[4.520s] -- Installing: /home/doanh/atlas_c1/install/c1_driver/local/lib/python3.10/dist-packages/c1_driver/c1_driver_s__rosidl_typesupport_introspection_c.cpython-310-x86_64-linux-gnu.so
[4.521s] -- Set non-toolchain portion of runtime path of "/home/doanh/atlas_c1/install/c1_driver/local/lib/python3.10/dist-packages/c1_driver/c1_driver_s__rosidl_typesupport_introspection_c.cpython-310-x86_64-linux-gnu.so" to ""
[4.521s] -- Installing: /home/doanh/atlas_c1/install/c1_driver/local/lib/python3.10/dist-packages/c1_driver/c1_driver_s__rosidl_typesupport_c.cpython-310-x86_64-linux-gnu.so
[4.521s] -- Set non-toolchain portion of runtime path of "/home/doanh/atlas_c1/install/c1_driver/local/lib/python3.10/dist-packages/c1_driver/c1_driver_s__rosidl_typesupport_c.cpython-310-x86_64-linux-gnu.so" to ""
[4.521s] -- Installing: /home/doanh/atlas_c1/install/c1_driver/lib/libc1_driver__rosidl_generator_py.so
[4.521s] -- Set non-toolchain portion of runtime path of "/home/doanh/atlas_c1/install/c1_driver/lib/libc1_driver__rosidl_generator_py.so" to ""
[4.521s] -- Installing: /home/doanh/atlas_c1/install/c1_driver/share/ament_index/resource_index/rust_packages/c1_driver
[4.521s] -- Installing: /home/doanh/atlas_c1/install/c1_driver/share/c1_driver/rust
[4.521s] -- Installing: /home/doanh/atlas_c1/install/c1_driver/share/c1_driver/rust/src
[4.521s] -- Installing: /home/doanh/atlas_c1/install/c1_driver/share/c1_driver/rust/src/lib.rs
[4.522s] -- Installing: /home/doanh/atlas_c1/install/c1_driver/share/c1_driver/rust/src/msg
[4.522s] -- Installing: /home/doanh/atlas_c1/install/c1_driver/share/c1_driver/rust/src/msg/rmw.rs
[4.522s] -- Installing: /home/doanh/atlas_c1/install/c1_driver/share/c1_driver/rust/src/msg.rs
[4.522s] -- Installing: /home/doanh/atlas_c1/install/c1_driver/share/c1_driver/rust/build.rs
[4.522s] -- Installing: /home/doanh/atlas_c1/install/c1_driver/share/c1_driver/rust/Cargo.toml
[4.522s] -- Installing: /home/doanh/atlas_c1/install/c1_driver/share/c1_driver/msg/Velinfo.idl
[4.522s] -- Installing: /home/doanh/atlas_c1/install/c1_driver/share/c1_driver/msg/Velquery.idl
[4.522s] -- Installing: /home/doanh/atlas_c1/install/c1_driver/share/c1_driver/msg/Velinfo.msg
[4.522s] -- Installing: /home/doanh/atlas_c1/install/c1_driver/share/c1_driver/msg/Velquery.msg
[4.522s] -- Installing: /home/doanh/atlas_c1/install/c1_driver/share/c1_driver//launch
[4.522s] -- Installing: /home/doanh/atlas_c1/install/c1_driver/share/c1_driver//scripts
[4.522s] -- Installing: /home/doanh/atlas_c1/install/c1_driver/share/c1_driver//scripts/kinematic.py
[4.523s] -- Installing: /home/doanh/atlas_c1/install/c1_driver/share/c1_driver//scripts/ros_serial_bridge.py
[4.523s] -- Installing: /home/doanh/atlas_c1/install/c1_driver/lib/c1_driver/ros_serial_bridge.py
[4.523s] -- Installing: /home/doanh/atlas_c1/install/c1_driver/lib/c1_driver/kinematic.py
[4.523s] -- Installing: /home/doanh/atlas_c1/install/c1_driver/share/ament_index/resource_index/package_run_dependencies/c1_driver
[4.523s] -- Installing: /home/doanh/atlas_c1/install/c1_driver/share/ament_index/resource_index/parent_prefix_path/c1_driver
[4.523s] -- Installing: /home/doanh/atlas_c1/install/c1_driver/share/c1_driver/environment/ament_prefix_path.sh
[4.523s] -- Installing: /home/doanh/atlas_c1/install/c1_driver/share/c1_driver/environment/ament_prefix_path.dsv
[4.523s] -- Installing: /home/doanh/atlas_c1/install/c1_driver/share/c1_driver/environment/path.sh
[4.523s] -- Installing: /home/doanh/atlas_c1/install/c1_driver/share/c1_driver/environment/path.dsv
[4.523s] -- Installing: /home/doanh/atlas_c1/install/c1_driver/share/c1_driver/local_setup.bash
[4.523s] -- Installing: /home/doanh/atlas_c1/install/c1_driver/share/c1_driver/local_setup.sh
[4.524s] -- Installing: /home/doanh/atlas_c1/install/c1_driver/share/c1_driver/local_setup.zsh
[4.524s] -- Installing: /home/doanh/atlas_c1/install/c1_driver/share/c1_driver/local_setup.dsv
[4.524s] -- Installing: /home/doanh/atlas_c1/install/c1_driver/share/c1_driver/package.dsv
[4.524s] -- Installing: /home/doanh/atlas_c1/install/c1_driver/share/ament_index/resource_index/packages/c1_driver
[4.524s] -- Installing: /home/doanh/atlas_c1/install/c1_driver/share/c1_driver/cmake/export_c1_driver__rosidl_generator_cExport.cmake
[4.524s] -- Installing: /home/doanh/atlas_c1/install/c1_driver/share/c1_driver/cmake/export_c1_driver__rosidl_generator_cExport-noconfig.cmake
[4.524s] -- Installing: /home/doanh/atlas_c1/install/c1_driver/share/c1_driver/cmake/export_c1_driver__rosidl_typesupport_fastrtps_cExport.cmake
[4.524s] -- Installing: /home/doanh/atlas_c1/install/c1_driver/share/c1_driver/cmake/export_c1_driver__rosidl_typesupport_fastrtps_cExport-noconfig.cmake
[4.524s] -- Installing: /home/doanh/atlas_c1/install/c1_driver/share/c1_driver/cmake/c1_driver__rosidl_typesupport_introspection_cExport.cmake
[4.524s] -- Installing: /home/doanh/atlas_c1/install/c1_driver/share/c1_driver/cmake/c1_driver__rosidl_typesupport_introspection_cExport-noconfig.cmake
[4.525s] -- Installing: /home/doanh/atlas_c1/install/c1_driver/share/c1_driver/cmake/c1_driver__rosidl_typesupport_cExport.cmake
[4.525s] -- Installing: /home/doanh/atlas_c1/install/c1_driver/share/c1_driver/cmake/c1_driver__rosidl_typesupport_cExport-noconfig.cmake
[4.525s] -- Installing: /home/doanh/atlas_c1/install/c1_driver/share/c1_driver/cmake/export_c1_driver__rosidl_generator_cppExport.cmake
[4.525s] -- Installing: /home/doanh/atlas_c1/install/c1_driver/share/c1_driver/cmake/export_c1_driver__rosidl_typesupport_fastrtps_cppExport.cmake
[4.525s] -- Installing: /home/doanh/atlas_c1/install/c1_driver/share/c1_driver/cmake/export_c1_driver__rosidl_typesupport_fastrtps_cppExport-noconfig.cmake
[4.525s] -- Installing: /home/doanh/atlas_c1/install/c1_driver/share/c1_driver/cmake/c1_driver__rosidl_typesupport_introspection_cppExport.cmake
[4.525s] -- Installing: /home/doanh/atlas_c1/install/c1_driver/share/c1_driver/cmake/c1_driver__rosidl_typesupport_introspection_cppExport-noconfig.cmake
[4.525s] -- Installing: /home/doanh/atlas_c1/install/c1_driver/share/c1_driver/cmake/c1_driver__rosidl_typesupport_cppExport.cmake
[4.525s] -- Installing: /home/doanh/atlas_c1/install/c1_driver/share/c1_driver/cmake/c1_driver__rosidl_typesupport_cppExport-noconfig.cmake
[4.525s] -- Installing: /home/doanh/atlas_c1/install/c1_driver/share/c1_driver/cmake/export_c1_driver__rosidl_generator_pyExport.cmake
[4.525s] -- Installing: /home/doanh/atlas_c1/install/c1_driver/share/c1_driver/cmake/export_c1_driver__rosidl_generator_pyExport-noconfig.cmake
[4.525s] -- Installing: /home/doanh/atlas_c1/install/c1_driver/share/c1_driver/cmake/rosidl_cmake-extras.cmake
[4.525s] -- Installing: /home/doanh/atlas_c1/install/c1_driver/share/c1_driver/cmake/ament_cmake_export_include_directories-extras.cmake
[4.526s] -- Installing: /home/doanh/atlas_c1/install/c1_driver/share/c1_driver/cmake/ament_cmake_export_libraries-extras.cmake
[4.526s] -- Installing: /home/doanh/atlas_c1/install/c1_driver/share/c1_driver/cmake/ament_cmake_export_targets-extras.cmake
[4.526s] -- Installing: /home/doanh/atlas_c1/install/c1_driver/share/c1_driver/cmake/rosidl_cmake_export_typesupport_targets-extras.cmake
[4.526s] -- Installing: /home/doanh/atlas_c1/install/c1_driver/share/c1_driver/cmake/ament_cmake_export_dependencies-extras.cmake
[4.526s] -- Installing: /home/doanh/atlas_c1/install/c1_driver/share/c1_driver/cmake/rosidl_cmake_export_typesupport_libraries-extras.cmake
[4.526s] -- Installing: /home/doanh/atlas_c1/install/c1_driver/share/c1_driver/cmake/c1_driverConfig.cmake
[4.526s] -- Installing: /home/doanh/atlas_c1/install/c1_driver/share/c1_driver/cmake/c1_driverConfig-version.cmake
[4.526s] -- Installing: /home/doanh/atlas_c1/install/c1_driver/share/c1_driver/package.xml
[4.528s] Invoked command in '/home/doanh/atlas_c1/build/c1_driver' returned '0': CMAKE_PREFIX_PATH=${CMAKE_PREFIX_PATH}:/opt/ros/humble /home/doanh/.local/bin/cmake --install /home/doanh/atlas_c1/build/c1_driver
