running egg_info
creating ../../../build/atlas_app_robot/atlas_app_robot.egg-info
writing ../../../build/atlas_app_robot/atlas_app_robot.egg-info/PKG-INFO
writing dependency_links to ../../../build/atlas_app_robot/atlas_app_robot.egg-info/dependency_links.txt
writing entry points to ../../../build/atlas_app_robot/atlas_app_robot.egg-info/entry_points.txt
writing requirements to ../../../build/atlas_app_robot/atlas_app_robot.egg-info/requires.txt
writing top-level names to ../../../build/atlas_app_robot/atlas_app_robot.egg-info/top_level.txt
writing manifest file '../../../build/atlas_app_robot/atlas_app_robot.egg-info/SOURCES.txt'
reading manifest file '../../../build/atlas_app_robot/atlas_app_robot.egg-info/SOURCES.txt'
writing manifest file '../../../build/atlas_app_robot/atlas_app_robot.egg-info/SOURCES.txt'
running build
running build_py
creating /home/doanh/atlas_c1/build/atlas_app_robot/build
creating /home/doanh/atlas_c1/build/atlas_app_robot/build/lib
creating /home/doanh/atlas_c1/build/atlas_app_robot/build/lib/atlas_app_robot
copying atlas_app_robot/__init__.py -> /home/doanh/atlas_c1/build/atlas_app_robot/build/lib/atlas_app_robot
copying atlas_app_robot/robot_window.py -> /home/doanh/atlas_c1/build/atlas_app_robot/build/lib/atlas_app_robot
copying atlas_app_robot/main.py -> /home/doanh/atlas_c1/build/atlas_app_robot/build/lib/atlas_app_robot
copying atlas_app_robot/api_client.py -> /home/doanh/atlas_c1/build/atlas_app_robot/build/lib/atlas_app_robot
running install
running install_lib
creating /home/doanh/atlas_c1/install/atlas_app_robot/lib/python3.10/site-packages/atlas_app_robot
copying /home/doanh/atlas_c1/build/atlas_app_robot/build/lib/atlas_app_robot/__init__.py -> /home/doanh/atlas_c1/install/atlas_app_robot/lib/python3.10/site-packages/atlas_app_robot
copying /home/doanh/atlas_c1/build/atlas_app_robot/build/lib/atlas_app_robot/robot_window.py -> /home/doanh/atlas_c1/install/atlas_app_robot/lib/python3.10/site-packages/atlas_app_robot
copying /home/doanh/atlas_c1/build/atlas_app_robot/build/lib/atlas_app_robot/main.py -> /home/doanh/atlas_c1/install/atlas_app_robot/lib/python3.10/site-packages/atlas_app_robot
copying /home/doanh/atlas_c1/build/atlas_app_robot/build/lib/atlas_app_robot/api_client.py -> /home/doanh/atlas_c1/install/atlas_app_robot/lib/python3.10/site-packages/atlas_app_robot
byte-compiling /home/doanh/atlas_c1/install/atlas_app_robot/lib/python3.10/site-packages/atlas_app_robot/__init__.py to __init__.cpython-310.pyc
byte-compiling /home/doanh/atlas_c1/install/atlas_app_robot/lib/python3.10/site-packages/atlas_app_robot/robot_window.py to robot_window.cpython-310.pyc
byte-compiling /home/doanh/atlas_c1/install/atlas_app_robot/lib/python3.10/site-packages/atlas_app_robot/main.py to main.cpython-310.pyc
byte-compiling /home/doanh/atlas_c1/install/atlas_app_robot/lib/python3.10/site-packages/atlas_app_robot/api_client.py to api_client.cpython-310.pyc
running install_data
creating /home/doanh/atlas_c1/install/atlas_app_robot/share/ament_index
creating /home/doanh/atlas_c1/install/atlas_app_robot/share/ament_index/resource_index
creating /home/doanh/atlas_c1/install/atlas_app_robot/share/ament_index/resource_index/packages
copying resource/atlas_app_robot -> /home/doanh/atlas_c1/install/atlas_app_robot/share/ament_index/resource_index/packages
copying package.xml -> /home/doanh/atlas_c1/install/atlas_app_robot/share/atlas_app_robot
creating /home/doanh/atlas_c1/install/atlas_app_robot/share/atlas_app_robot/launch
copying launch/atlas_app_robot.launch.py -> /home/doanh/atlas_c1/install/atlas_app_robot/share/atlas_app_robot/launch
running install_egg_info
Copying ../../../build/atlas_app_robot/atlas_app_robot.egg-info to /home/doanh/atlas_c1/install/atlas_app_robot/lib/python3.10/site-packages/atlas_app_robot-1.0.0-py3.10.egg-info
running install_scripts
Installing atlas_app_robot script to /home/doanh/atlas_c1/install/atlas_app_robot/lib/atlas_app_robot
writing list of installed files to '/home/doanh/atlas_c1/build/atlas_app_robot/install.log'
