[1.361s] Invoking command in '/home/doanh/atlas_c1/src/atlas_base/atlas_app_robot': PYTHONPATH=/home/doanh/atlas_c1/build/atlas_app_robot/prefix_override:/usr/lib/python3/dist-packages/colcon_core/task/python/colcon_distutils_commands:/home/doanh/atlas_c1/install/atlas_app_robot/lib/python3.10/site-packages:${PYTHONPATH} /usr/bin/python3 -W ignore:setup.py install is deprecated -W ignore:easy_install command is deprecated setup.py egg_info --egg-base ../../../build/atlas_app_robot build --build-base /home/doanh/atlas_c1/build/atlas_app_robot/build install --record /home/doanh/atlas_c1/build/atlas_app_robot/install.log --single-version-externally-managed install_data
[1.616s] running egg_info
[1.616s] creating ../../../build/atlas_app_robot/atlas_app_robot.egg-info
[1.616s] writing ../../../build/atlas_app_robot/atlas_app_robot.egg-info/PKG-INFO
[1.616s] writing dependency_links to ../../../build/atlas_app_robot/atlas_app_robot.egg-info/dependency_links.txt
[1.616s] writing entry points to ../../../build/atlas_app_robot/atlas_app_robot.egg-info/entry_points.txt
[1.617s] writing requirements to ../../../build/atlas_app_robot/atlas_app_robot.egg-info/requires.txt
[1.617s] writing top-level names to ../../../build/atlas_app_robot/atlas_app_robot.egg-info/top_level.txt
[1.617s] writing manifest file '../../../build/atlas_app_robot/atlas_app_robot.egg-info/SOURCES.txt'
[1.618s] reading manifest file '../../../build/atlas_app_robot/atlas_app_robot.egg-info/SOURCES.txt'
[1.619s] writing manifest file '../../../build/atlas_app_robot/atlas_app_robot.egg-info/SOURCES.txt'
[1.619s] running build
[1.619s] running build_py
[1.619s] creating /home/doanh/atlas_c1/build/atlas_app_robot/build
[1.619s] creating /home/doanh/atlas_c1/build/atlas_app_robot/build/lib
[1.619s] creating /home/doanh/atlas_c1/build/atlas_app_robot/build/lib/atlas_app_robot
[1.619s] copying atlas_app_robot/__init__.py -> /home/doanh/atlas_c1/build/atlas_app_robot/build/lib/atlas_app_robot
[1.619s] copying atlas_app_robot/robot_window.py -> /home/doanh/atlas_c1/build/atlas_app_robot/build/lib/atlas_app_robot
[1.619s] copying atlas_app_robot/main.py -> /home/doanh/atlas_c1/build/atlas_app_robot/build/lib/atlas_app_robot
[1.619s] copying atlas_app_robot/api_client.py -> /home/doanh/atlas_c1/build/atlas_app_robot/build/lib/atlas_app_robot
[1.620s] running install
[1.620s] running install_lib
[1.621s] creating /home/doanh/atlas_c1/install/atlas_app_robot/lib/python3.10/site-packages/atlas_app_robot
[1.621s] copying /home/doanh/atlas_c1/build/atlas_app_robot/build/lib/atlas_app_robot/__init__.py -> /home/doanh/atlas_c1/install/atlas_app_robot/lib/python3.10/site-packages/atlas_app_robot
[1.621s] copying /home/doanh/atlas_c1/build/atlas_app_robot/build/lib/atlas_app_robot/robot_window.py -> /home/doanh/atlas_c1/install/atlas_app_robot/lib/python3.10/site-packages/atlas_app_robot
[1.621s] copying /home/doanh/atlas_c1/build/atlas_app_robot/build/lib/atlas_app_robot/main.py -> /home/doanh/atlas_c1/install/atlas_app_robot/lib/python3.10/site-packages/atlas_app_robot
[1.621s] copying /home/doanh/atlas_c1/build/atlas_app_robot/build/lib/atlas_app_robot/api_client.py -> /home/doanh/atlas_c1/install/atlas_app_robot/lib/python3.10/site-packages/atlas_app_robot
[1.622s] byte-compiling /home/doanh/atlas_c1/install/atlas_app_robot/lib/python3.10/site-packages/atlas_app_robot/__init__.py to __init__.cpython-310.pyc
[1.622s] byte-compiling /home/doanh/atlas_c1/install/atlas_app_robot/lib/python3.10/site-packages/atlas_app_robot/robot_window.py to robot_window.cpython-310.pyc
[1.625s] byte-compiling /home/doanh/atlas_c1/install/atlas_app_robot/lib/python3.10/site-packages/atlas_app_robot/main.py to main.cpython-310.pyc
[1.625s] byte-compiling /home/doanh/atlas_c1/install/atlas_app_robot/lib/python3.10/site-packages/atlas_app_robot/api_client.py to api_client.cpython-310.pyc
[1.625s] running install_data
[1.626s] creating /home/doanh/atlas_c1/install/atlas_app_robot/share/ament_index
[1.626s] creating /home/doanh/atlas_c1/install/atlas_app_robot/share/ament_index/resource_index
[1.626s] creating /home/doanh/atlas_c1/install/atlas_app_robot/share/ament_index/resource_index/packages
[1.626s] copying resource/atlas_app_robot -> /home/doanh/atlas_c1/install/atlas_app_robot/share/ament_index/resource_index/packages
[1.626s] copying package.xml -> /home/doanh/atlas_c1/install/atlas_app_robot/share/atlas_app_robot
[1.626s] creating /home/doanh/atlas_c1/install/atlas_app_robot/share/atlas_app_robot/launch
[1.626s] copying launch/atlas_app_robot.launch.py -> /home/doanh/atlas_c1/install/atlas_app_robot/share/atlas_app_robot/launch
[1.626s] running install_egg_info
[1.628s] Copying ../../../build/atlas_app_robot/atlas_app_robot.egg-info to /home/doanh/atlas_c1/install/atlas_app_robot/lib/python3.10/site-packages/atlas_app_robot-1.0.0-py3.10.egg-info
[1.629s] running install_scripts
[1.653s] Installing atlas_app_robot script to /home/doanh/atlas_c1/install/atlas_app_robot/lib/atlas_app_robot
[1.654s] writing list of installed files to '/home/doanh/atlas_c1/build/atlas_app_robot/install.log'
[1.690s] Invoked command in '/home/doanh/atlas_c1/src/atlas_base/atlas_app_robot' returned '0': PYTHONPATH=/home/doanh/atlas_c1/build/atlas_app_robot/prefix_override:/usr/lib/python3/dist-packages/colcon_core/task/python/colcon_distutils_commands:/home/doanh/atlas_c1/install/atlas_app_robot/lib/python3.10/site-packages:${PYTHONPATH} /usr/bin/python3 -W ignore:setup.py install is deprecated -W ignore:easy_install command is deprecated setup.py egg_info --egg-base ../../../build/atlas_app_robot build --build-base /home/doanh/atlas_c1/build/atlas_app_robot/build install --record /home/doanh/atlas_c1/build/atlas_app_robot/install.log --single-version-externally-managed install_data
